1. Running translator
Second argument is a file name: use two translator arguments.
Parsing... [0.030s CPU, 0.054s wall-clock]
Instantiating...
Normalizing task... [0.000s CPU, 0.002s wall-clock]
Generating Datalog program... [0.010s CPU, 0.006s wall-clock]
Normalizing Datalog program...
Normalizing Datalog program: [0.020s CPU, 0.024s wall-clock]
Preparing model... [0.020s CPU, 0.020s wall-clock]
Generated 350 rules.
Computing model... [0.130s CPU, 0.128s wall-clock]
2010 relevant atoms
2358 auxiliary atoms
4368 final queue length
7328 total queue pushes
Completing instantiation... [0.180s CPU, 0.187s wall-clock]
Instantiating: [0.360s CPU, 0.371s wall-clock]
Computing fact groups...
Finding invariants...
20 initial candidates
Finding invariants: [0.020s CPU, 0.018s wall-clock]
Checking invariant weight... [0.000s CPU, 0.002s wall-clock]
Instantiating groups... [0.010s CPU, 0.004s wall-clock]
Collecting mutex groups... [0.000s CPU, 0.001s wall-clock]
Choosing groups...
346 uncovered facts
Choosing groups: [0.000s CPU, 0.002s wall-clock]
Building translation key... [0.000s CPU, 0.002s wall-clock]
Computing fact groups: [0.040s CPU, 0.042s wall-clock]
Building STRIPS to SAS dictionary... [0.010s CPU, 0.002s wall-clock]
Building dictionary for full mutex groups... [0.000s CPU, 0.004s wall-clock]
Building mutex information...
Building mutex information: [0.030s CPU, 0.027s wall-clock]
Translating task...
Processing axioms...
Simplifying axioms... [0.000s CPU, 0.000s wall-clock]
Processing axioms: [0.010s CPU, 0.010s wall-clock]
Translating task: [0.140s CPU, 0.143s wall-clock]
1210 implied effects removed
0 effect conditions simplified
0 implied preconditions added
Detecting unreachable propositions...
0 operators removed
12 propositions removed
Detecting unreachable propositions: [0.040s CPU, 0.036s wall-clock]
Translator variables: 355
Translator derived variables: 0
Translator facts: 900
Translator mutex groups: 10
Translator total mutex groups size: 210
Translator operators: 1211
Translator task size: 10261
Translator peak memory: 146552 KB
Writing output... [0.030s CPU, 0.055s wall-clock]
Done! [0.690s CPU, 0.742s wall-clock]

2. Running preprocessor
Building causal graph...
The causal graph is not acyclic.
108 variables of 355 necessary
0 of 10 mutex groups necessary.
1211 of 1211 operators necessary.
0 of 0 axiom rules necessary.
Building domain transition graphs...
solveable in poly time 0
Building successor generator...
Preprocessor facts: 406
Preprocessor derived variables: 0
Preprocessor task size: 8512
Writing output...
done


3. Running search
Dispatcher selected state size 1.
This is a nonunit task.
Simplifying transitions... done!
Initializing Exploration...
Generating landmarks using the RPG/SAS+ approach
approx. reasonable orders
approx. obedient reasonable orders
Removed 0 reasonable or obedient reasonable orders
Landmarks generation time: 0.0696039s
Discovered 214 landmarks, of which 32 are disjunctive and 0 are conjunctive 
1398 edges
Initializing LAMA-FF Synergy Object
Initializing landmarks count heuristic...
106 initial landmarks, 60 goal landmarks
Initializing Exploration...
Generating landmarks using the RPG/SAS+ approach
Switch from bucket-based to heap-based queue at key = 901, num_pushes = 123
approx. reasonable orders
approx. obedient reasonable orders
Removed 0 reasonable or obedient reasonable orders
Landmarks generation time: 0.0751969s
Discovered 214 landmarks, of which 32 are disjunctive and 0 are conjunctive 
1398 edges
Initializing LAMA-FF Synergy Object
Initializing landmarks count heuristic...
106 initial landmarks, 60 goal landmarks
Starting search: lazy_greedy(list(hff1, hlm1), preferred = list(hff1, hlm1), cost_type = 1, reopen_closed = false)
Conducting lazy best first search, (real) bound = 2147483647
Best heuristic value: 108/100 [g=0, 1 evaluated, 0 expanded, t=0.19s]
Best heuristic value: 102/99 [g=1, 2 evaluated, 1 expanded, t=0.19s]
Best heuristic value: 100/98 [g=2, 3 evaluated, 2 expanded, t=0.19s]
Best heuristic value: 99/97 [g=3, 4 evaluated, 3 expanded, t=0.19s]
Best heuristic value: 99/95 [g=4, 6 evaluated, 5 expanded, t=0.19s]
Best heuristic value: 97/94 [g=5, 7 evaluated, 6 expanded, t=0.19s]
Best heuristic value: 96/93 [g=6, 8 evaluated, 7 expanded, t=0.19s]
Best heuristic value: 94/92 [g=7, 10 evaluated, 9 expanded, t=0.19s]
Best heuristic value: 93/91 [g=8, 12 evaluated, 11 expanded, t=0.19s]
Best heuristic value: 93/89 [g=9, 15 evaluated, 14 expanded, t=0.19s]
Best heuristic value: 91/89 [g=9, 17 evaluated, 16 expanded, t=0.19s]
Best heuristic value: 91/88 [g=10, 22 evaluated, 21 expanded, t=0.19s]
Best heuristic value: 90/87 [g=10, 24 evaluated, 23 expanded, t=0.19s]
Best heuristic value: 90/85 [g=11, 27 evaluated, 26 expanded, t=0.19s]
Best heuristic value: 88/85 [g=11, 29 evaluated, 28 expanded, t=0.19s]
Best heuristic value: 88/84 [g=12, 35 evaluated, 34 expanded, t=0.19s]
Best heuristic value: 86/84 [g=12, 38 evaluated, 36 expanded, t=0.2s]
Best heuristic value: 86/83 [g=13, 47 evaluated, 44 expanded, t=0.2s]
Best heuristic value: 85/83 [g=13, 48 evaluated, 45 expanded, t=0.2s]
Best heuristic value: 85/81 [g=14, 54 evaluated, 51 expanded, t=0.2s]
Best heuristic value: 83/81 [g=15, 57 evaluated, 53 expanded, t=0.2s]
Best heuristic value: 81/81 [g=16, 64 evaluated, 57 expanded, t=0.2s]
Best heuristic value: 81/80 [g=15, 65 evaluated, 58 expanded, t=0.2s]
Best heuristic value: 79/80 [g=17, 74 evaluated, 63 expanded, t=0.21s]
Best heuristic value: 79/79 [g=16, 79 evaluated, 67 expanded, t=0.21s]
Best heuristic value: 78/77 [g=18, 84 evaluated, 70 expanded, t=0.21s]
Best heuristic value: 76/77 [g=19, 89 evaluated, 72 expanded, t=0.21s]
Best heuristic value: 76/76 [g=19, 91 evaluated, 74 expanded, t=0.21s]
Best heuristic value: 74/76 [g=20, 100 evaluated, 76 expanded, t=0.21s]
Best heuristic value: 74/75 [g=20, 105 evaluated, 80 expanded, t=0.21s]
Best heuristic value: 73/75 [g=21, 112 evaluated, 82 expanded, t=0.22s]
Best heuristic value: 73/74 [g=21, 119 evaluated, 86 expanded, t=0.22s]
Best heuristic value: 73/73 [g=22, 126 evaluated, 89 expanded, t=0.22s]
Best heuristic value: 71/73 [g=22, 128 evaluated, 91 expanded, t=0.22s]
Best heuristic value: 71/72 [g=23, 141 evaluated, 96 expanded, t=0.22s]
Best heuristic value: 70/71 [g=23, 143 evaluated, 98 expanded, t=0.22s]
Best heuristic value: 70/69 [g=24, 150 evaluated, 101 expanded, t=0.23s]
Best heuristic value: 68/69 [g=24, 152 evaluated, 103 expanded, t=0.23s]
Best heuristic value: 68/68 [g=25, 166 evaluated, 109 expanded, t=0.23s]
Best heuristic value: 66/68 [g=25, 169 evaluated, 111 expanded, t=0.23s]
Best heuristic value: 66/67 [g=26, 186 evaluated, 119 expanded, t=0.24s]
Best heuristic value: 65/67 [g=26, 187 evaluated, 120 expanded, t=0.24s]
Best heuristic value: 65/66 [g=27, 206 evaluated, 130 expanded, t=0.24s]
Best heuristic value: 63/66 [g=27, 209 evaluated, 133 expanded, t=0.24s]
Best heuristic value: 63/64 [g=28, 228 evaluated, 143 expanded, t=0.25s]
Best heuristic value: 62/64 [g=28, 231 evaluated, 146 expanded, t=0.25s]
Best heuristic value: 62/63 [g=29, 245 evaluated, 152 expanded, t=0.25s]
Best heuristic value: 61/63 [g=29, 253 evaluated, 156 expanded, t=0.25s]
Best heuristic value: 60/63 [g=30, 256 evaluated, 158 expanded, t=0.26s]
Best heuristic value: 60/61 [g=30, 264 evaluated, 162 expanded, t=0.26s]
Best heuristic value: 59/61 [g=31, 275 evaluated, 166 expanded, t=0.26s]
Best heuristic value: 59/60 [g=31, 287 evaluated, 172 expanded, t=0.26s]
Best heuristic value: 57/60 [g=32, 296 evaluated, 176 expanded, t=0.27s]
Best heuristic value: 57/59 [g=32, 313 evaluated, 185 expanded, t=0.27s]
Best heuristic value: 56/59 [g=33, 318 evaluated, 188 expanded, t=0.27s]
Best heuristic value: 56/58 [g=34, 336 evaluated, 196 expanded, t=0.28s]
Best heuristic value: 55/58 [g=34, 340 evaluated, 198 expanded, t=0.28s]
Best heuristic value: 55/57 [g=35, 358 evaluated, 204 expanded, t=0.28s]
Best heuristic value: 54/57 [g=35, 365 evaluated, 208 expanded, t=0.29s]
Best heuristic value: 54/56 [g=36, 383 evaluated, 216 expanded, t=0.29s]
Best heuristic value: 53/56 [g=36, 391 evaluated, 220 expanded, t=0.29s]
Best heuristic value: 53/55 [g=37, 396 evaluated, 222 expanded, t=0.3s]
Best heuristic value: 53/54 [g=37, 409 evaluated, 227 expanded, t=0.3s]
Best heuristic value: 52/54 [g=37, 417 evaluated, 231 expanded, t=0.3s]
Best heuristic value: 52/53 [g=38, 422 evaluated, 234 expanded, t=0.3s]
Best heuristic value: 52/52 [g=38, 435 evaluated, 241 expanded, t=0.31s]
Best heuristic value: 51/52 [g=38, 443 evaluated, 245 expanded, t=0.31s]
Best heuristic value: 51/51 [g=39, 444 evaluated, 246 expanded, t=0.31s]
Best heuristic value: 51/50 [g=40, 454 evaluated, 251 expanded, t=0.31s]
Best heuristic value: 50/49 [g=41, 464 evaluated, 257 expanded, t=0.31s]
Best heuristic value: 50/48 [g=42, 470 evaluated, 260 expanded, t=0.32s]
Best heuristic value: 49/48 [g=42, 472 evaluated, 262 expanded, t=0.32s]
Best heuristic value: 49/47 [g=43, 481 evaluated, 265 expanded, t=0.32s]
Best heuristic value: 48/46 [g=44, 493 evaluated, 272 expanded, t=0.32s]
Best heuristic value: 47/46 [g=45, 499 evaluated, 275 expanded, t=0.32s]
Best heuristic value: 47/45 [g=45, 507 evaluated, 279 expanded, t=0.33s]
Best heuristic value: 46/44 [g=46, 519 evaluated, 286 expanded, t=0.33s]
Best heuristic value: 46/43 [g=47, 523 evaluated, 288 expanded, t=0.33s]
Best heuristic value: 45/42 [g=48, 530 evaluated, 291 expanded, t=0.33s]
Best heuristic value: 44/41 [g=49, 534 evaluated, 293 expanded, t=0.33s]
Best heuristic value: 44/40 [g=50, 542 evaluated, 297 expanded, t=0.34s]
Best heuristic value: 43/39 [g=50, 546 evaluated, 300 expanded, t=0.34s]
Best heuristic value: 43/38 [g=51, 549 evaluated, 302 expanded, t=0.34s]
Best heuristic value: 42/37 [g=52, 554 evaluated, 305 expanded, t=0.34s]
Best heuristic value: 41/36 [g=53, 557 evaluated, 307 expanded, t=0.34s]
Best heuristic value: 41/35 [g=54, 564 evaluated, 311 expanded, t=0.34s]
Best heuristic value: 40/34 [g=54, 568 evaluated, 314 expanded, t=0.34s]
Best heuristic value: 40/33 [g=55, 575 evaluated, 319 expanded, t=0.34s]
Best heuristic value: 40/31 [g=56, 584 evaluated, 326 expanded, t=0.35s]
Best heuristic value: 39/31 [g=57, 593 evaluated, 332 expanded, t=0.35s]
Best heuristic value: 39/29 [g=58, 610 evaluated, 346 expanded, t=0.35s]
Best heuristic value: 38/29 [g=60, 637 evaluated, 365 expanded, t=0.36s]
Best heuristic value: 38/27 [g=60, 641 evaluated, 368 expanded, t=0.36s]
Best heuristic value: 37/27 [g=61, 650 evaluated, 373 expanded, t=0.36s]
Best heuristic value: 36/26 [g=61, 652 evaluated, 375 expanded, t=0.36s]
Best heuristic value: 35/26 [g=62, 657 evaluated, 379 expanded, t=0.37s]
Best heuristic value: 35/25 [g=62, 659 evaluated, 381 expanded, t=0.37s]
Best heuristic value: 34/25 [g=63, 668 evaluated, 387 expanded, t=0.37s]
Best heuristic value: 33/23 [g=64, 684 evaluated, 399 expanded, t=0.37s]
Best heuristic value: 31/22 [g=65, 689 evaluated, 403 expanded, t=0.37s]
Best heuristic value: 30/21 [g=66, 694 evaluated, 407 expanded, t=0.37s]
Best heuristic value: 29/21 [g=68, 718 evaluated, 424 expanded, t=0.38s]
Best heuristic value: 28/21 [g=69, 726 evaluated, 431 expanded, t=0.38s]
Best heuristic value: 26/21 [g=70, 727 evaluated, 432 expanded, t=0.38s]
Best heuristic value: 25/21 [g=71, 730 evaluated, 435 expanded, t=0.38s]
Best heuristic value: 24/20 [g=72, 734 evaluated, 439 expanded, t=0.38s]
Best heuristic value: 22/19 [g=73, 735 evaluated, 440 expanded, t=0.38s]
Best heuristic value: 20/18 [g=74, 736 evaluated, 441 expanded, t=0.38s]
Best heuristic value: 18/17 [g=75, 737 evaluated, 442 expanded, t=0.38s]
Best heuristic value: 16/16 [g=76, 738 evaluated, 443 expanded, t=0.38s]
Best heuristic value: 15/16 [g=77, 740 evaluated, 445 expanded, t=0.39s]
Best heuristic value: 15/15 [g=77, 742 evaluated, 447 expanded, t=0.39s]
Best heuristic value: 14/14 [g=78, 744 evaluated, 449 expanded, t=0.39s]
Best heuristic value: 12/13 [g=79, 745 evaluated, 450 expanded, t=0.39s]
Best heuristic value: 10/12 [g=80, 746 evaluated, 451 expanded, t=0.39s]
Best heuristic value: 9/12 [g=81, 747 evaluated, 452 expanded, t=0.39s]
Best heuristic value: 9/11 [g=83, 753 evaluated, 456 expanded, t=0.39s]
Best heuristic value: 9/10 [g=84, 754 evaluated, 457 expanded, t=0.39s]
Best heuristic value: 9/9 [g=85, 755 evaluated, 458 expanded, t=0.39s]
Best heuristic value: 9/7 [g=86, 758 evaluated, 461 expanded, t=0.39s]
Best heuristic value: 8/5 [g=88, 767 evaluated, 467 expanded, t=0.39s]
Best heuristic value: 6/4 [g=89, 768 evaluated, 468 expanded, t=0.39s]
Best heuristic value: 5/3 [g=90, 769 evaluated, 469 expanded, t=0.39s]
Best heuristic value: 3/2 [g=91, 770 evaluated, 470 expanded, t=0.39s]
Best heuristic value: 1/1 [g=92, 771 evaluated, 471 expanded, t=0.39s]
Solution found!
Actual search time: 0.21s [t=0.39s]
initialize  (0)
fe1-feed-letter sheet1 (899)
im1-moveupper-letter sheet1 (8171)
uc1-fmove-letter sheet1 (10890)
uc2-divert-letter sheet1 back front (17452)
ure-simplex-letter sheet1 front image-1 (211849)
fe1-feed-letter sheet2 (899)
im1-moveupper-letter sheet2 (8171)
fe1-feed-letter sheet3 (899)
im1-moveupper-letter sheet3 (8171)
uc1-divert-letter sheet3 back front (11805)
fe1-feed-letter sheet4 (899)
im1-moveupper-letter sheet4 (8171)
uc1-fmove-letter sheet2 (10890)
uc2-divert-letter sheet2 back front (17452)
uc1-divert-letter sheet4 back front (11805)
fe1-feed-letter sheet5 (899)
im1-moveupper-letter sheet5 (8171)
uc1-divert-letter sheet5 back front (11805)
fe1-feed-letter sheet6 (899)
im1-moveupper-letter sheet6 (8171)
fe1-feed-letter sheet7 (899)
im1-moveupper-letter sheet7 (8171)
uc1-divert-letter sheet7 back front (11805)
fe1-feed-letter sheet8 (899)
im1-moveupper-letter sheet8 (8171)
fe1-feed-letter sheet9 (899)
im1-moveupper-letter sheet9 (8171)
uc1-fmove-letter sheet6 (10890)
uc2-divert-letter sheet6 back front (17452)
uc1-divert-letter sheet9 back front (11805)
fe1-feed-letter sheet10 (899)
im1-moveupper-letter sheet10 (8171)
uc1-divert-letter sheet10 back front (11805)
ube-simplex-letter sheet7 front image-7 (123749)
ure-simplex-letter sheet6 front image-6 (211849)
ube-simplex-letter sheet5 front image-5 (123749)
uc1-fmove-letter sheet8 (10890)
uc1-merge-letter sheet5 (27709)
uc2-fmove-letter sheet5 (11207)
om-upperout-letter sheet5 (8037)
uc1-merge-letter sheet7 (27709)
uc2-fmove-letter sheet7 (11207)
om-upperout-letter sheet7 (8037)
uc2-divert-letter sheet8 back front (17452)
ube-simplex-letter sheet4 front image-4 (123749)
uc1-merge-letter sheet4 (27709)
uc2-fmove-letter sheet4 (11207)
om-upperout-letter sheet4 (8037)
ube-simplex-letter sheet3 front image-3 (123749)
uc1-merge-letter sheet3 (27709)
uc2-fmove-letter sheet3 (11207)
om-upperout-letter sheet3 (8037)
ure-simplex-letter sheet2 front image-2 (211849)
ube-simplex-letter sheet9 front image-9 (123749)
uc1-merge-letter sheet9 (27709)
ube-simplex-letter sheet10 front image-10 (123749)
uc1-merge-letter sheet10 (27709)
uc2-divert-letter sheet10 front back (17452)
ure-simplexmono-letter sheet10 back image-10b (211849)
uc2-merge-letter sheet10 back front (78919)
om-upperout-letter sheet10 (8037)
uc2-divert-letter sheet9 front back (17452)
ure-simplexmono-letter sheet9 back image-9b (211849)
uc2-merge-letter sheet9 back front (78919)
om-upperout-letter sheet9 (8037)
ure-simplex-letter sheet8 front image-8 (211849)
uc2-mergeinvert-letter sheet1 (78919)
om-upperout-letter sheet1 (8037)
sys-stack-letter sheet1 dummy-sheet (1499)
uc2-mergeinvert-letter sheet2 (78919)
om-upperout-letter sheet2 (8037)
sys-stack-letter sheet2 sheet1 (1499)
sys-stack-letter sheet3 sheet2 (1499)
sys-stack-letter sheet4 sheet3 (1499)
sys-stack-letter sheet5 sheet4 (1499)
uc2-mergeinvert-letter sheet6 (78919)
om-upperout-letter sheet6 (8037)
sys-stack-letter sheet6 sheet5 (1499)
sys-stack-letter sheet7 sheet6 (1499)
uc2-mergeinvert-letter sheet8 (78919)
om-upperreturn-letter sheet8 (8343)
rh2-returnmove-letter sheet8 (10869)
rh1-returnmove-letter sheet8 (10869)
im1-loopupper-letter sheet8 (8164)
uc1-fmove-letter sheet8 (10890)
uc2-divert-letter sheet8 front back (17452)
ure-simplex-letter sheet8 back image-8b (211849)
uc2-merge-letter sheet8 back front (78919)
om-upperout-letter sheet8 (8037)
sys-stack-letter sheet8 sheet7 (1499)
sys-stack-letter sheet9 sheet8 (1499)
sys-stack-letter sheet10 sheet9 (1499)
Plan length: 93 step(s).
Plan cost: 3460701
Initial state h value: 108/100.
Expanded 472 state(s).
Reopened 0 state(s).
Evaluated 772 state(s).
Evaluations: 1544
Generated 18569 state(s).
Dead ends: 299 state(s).
Best solution cost so far: 3460701
Solution found - keep searching
Starting search: lazy_greedy(list(hff2, hlm2), preferred = list(hff2, hlm2), reopen_closed = false)
Conducting lazy best first search, (real) bound = 3460701
Best heuristic value: 2521974/2541533 [g=0, 1 evaluated, 0 expanded, t=0.39s]
Best heuristic value: 2521968/2541532 [g=0, 2 evaluated, 1 expanded, t=0.39s]
Best heuristic value: 2520966/2541031 [g=500, 3 evaluated, 2 expanded, t=0.4s]
Best heuristic value: 2517877/2537942 [g=3588, 4 evaluated, 3 expanded, t=0.4s]
Best heuristic value: 2509160/2537942 [g=15393, 5 evaluated, 4 expanded, t=0.4s]
Best heuristic value: 2509160/2515245 [g=14478, 7 evaluated, 5 expanded, t=0.4s]
Best heuristic value: 2508158/2515245 [g=15893, 8 evaluated, 6 expanded, t=0.4s]
Best heuristic value: 2488618/2515245 [g=31930, 9 evaluated, 7 expanded, t=0.4s]
Best heuristic value: 2487616/2515245 [g=32430, 12 evaluated, 9 expanded, t=0.4s]
Best heuristic value: 2487616/2514744 [g=14978, 13 evaluated, 10 expanded, t=0.4s]
Best heuristic value: 2484527/2514744 [g=35518, 15 evaluated, 11 expanded, t=0.4s]
Best heuristic value: 2484527/2511655 [g=18066, 18 evaluated, 13 expanded, t=0.4s]
Best heuristic value: 2475810/2511655 [g=47323, 19 evaluated, 14 expanded, t=0.4s]
Best heuristic value: 2474808/2511655 [g=47823, 24 evaluated, 17 expanded, t=0.4s]
Best heuristic value: 2474808/2488958 [g=28956, 25 evaluated, 18 expanded, t=0.4s]
Best heuristic value: 2471719/2488958 [g=50911, 30 evaluated, 21 expanded, t=0.4s]
Best heuristic value: 2471719/2488457 [g=29456, 35 evaluated, 24 expanded, t=0.4s]
Best heuristic value: 2448107/2488457 [g=62716, 36 evaluated, 25 expanded, t=0.41s]
Best heuristic value: 2447105/2488457 [g=63216, 44 evaluated, 30 expanded, t=0.41s]
Best heuristic value: 2447105/2485368 [g=32544, 45 evaluated, 31 expanded, t=0.41s]
Best heuristic value: 2444016/2485368 [g=66304, 52 evaluated, 35 expanded, t=0.41s]
Best heuristic value: 2444016/2484867 [g=33044, 59 evaluated, 39 expanded, t=0.41s]
Best heuristic value: 2420404/2484867 [g=78109, 60 evaluated, 40 expanded, t=0.41s]
Best heuristic value: 2419402/2484867 [g=78609, 70 evaluated, 46 expanded, t=0.42s]
Best heuristic value: 2419402/2481778 [g=36132, 73 evaluated, 48 expanded, t=0.42s]
Best heuristic value: 2416313/2481778 [g=81697, 80 evaluated, 52 expanded, t=0.42s]
Best heuristic value: 2392701/2481778 [g=93502, 90 evaluated, 58 expanded, t=0.42s]
Best heuristic value: 2392701/2481277 [g=36632, 91 evaluated, 59 expanded, t=0.42s]
Best heuristic value: 2391699/2481277 [g=94002, 102 evaluated, 65 expanded, t=0.42s]
Best heuristic value: 2391699/2478188 [g=39720, 109 evaluated, 69 expanded, t=0.43s]
Best heuristic value: 2388610/2478188 [g=97090, 114 evaluated, 72 expanded, t=0.43s]
Best heuristic value: 2379893/2478188 [g=108895, 126 evaluated, 79 expanded, t=0.43s]
Best heuristic value: 2379893/2477687 [g=40220, 131 evaluated, 82 expanded, t=0.43s]
Best heuristic value: 2378891/2477687 [g=109395, 140 evaluated, 87 expanded, t=0.44s]
Best heuristic value: 2378891/2474598 [g=43308, 153 evaluated, 94 expanded, t=0.44s]
Best heuristic value: 2375802/2474598 [g=112483, 154 evaluated, 95 expanded, t=0.44s]
Best heuristic value: 2352190/2474598 [g=124288, 168 evaluated, 103 expanded, t=0.44s]
Best heuristic value: 2352190/2451901 [g=54198, 177 evaluated, 108 expanded, t=0.45s]
Best heuristic value: 2351188/2451901 [g=124788, 184 evaluated, 112 expanded, t=0.45s]
Best heuristic value: 2348099/2451901 [g=127876, 200 evaluated, 121 expanded, t=0.45s]
Best heuristic value: 2348099/2451400 [g=54698, 203 evaluated, 123 expanded, t=0.45s]
Best heuristic value: 2339883/2451400 [g=139681, 216 evaluated, 130 expanded, t=0.46s]
Best heuristic value: 2339883/2448311 [g=57786, 229 evaluated, 137 expanded, t=0.46s]
Best heuristic value: 2338881/2448311 [g=140181, 234 evaluated, 140 expanded, t=0.46s]
Best heuristic value: 2335792/2448311 [g=143269, 252 evaluated, 150 expanded, t=0.47s]
Best heuristic value: 2335792/2447810 [g=58286, 259 evaluated, 154 expanded, t=0.47s]
Best heuristic value: 2312681/2447810 [g=155074, 270 evaluated, 160 expanded, t=0.47s]
Best heuristic value: 2312681/2444721 [g=61374, 289 evaluated, 170 expanded, t=0.48s]
Best heuristic value: 2311679/2444721 [g=155574, 290 evaluated, 171 expanded, t=0.48s]
Best heuristic value: 2099829/2444721 [g=367423, 292 evaluated, 173 expanded, t=0.48s]
Best heuristic value: 2096740/2444721 [g=370511, 312 evaluated, 185 expanded, t=0.49s]
Best heuristic value: 2096740/2422024 [g=72264, 321 evaluated, 191 expanded, t=0.49s]
Best heuristic value: 2073629/2422024 [g=382316, 332 evaluated, 197 expanded, t=0.49s]
Best heuristic value: 1961685/2422024 [g=506065, 352 evaluated, 209 expanded, t=0.5s]
Best heuristic value: 1961685/2421523 [g=72764, 355 evaluated, 212 expanded, t=0.5s]
Best heuristic value: 1849741/2421523 [g=629814, 376 evaluated, 225 expanded, t=0.51s]
Best heuristic value: 1849741/2418434 [g=75852, 389 evaluated, 233 expanded, t=0.51s]
Best heuristic value: 1725991/2418434 [g=753563, 402 evaluated, 244 expanded, t=0.52s]
Best heuristic value: 1725991/2417933 [g=76352, 427 evaluated, 263 expanded, t=0.52s]
Best heuristic value: 1602241/2417933 [g=877312, 428 evaluated, 264 expanded, t=0.52s]
Best heuristic value: 1478491/2407565 [g=1001061, 454 evaluated, 285 expanded, t=0.53s]
Best heuristic value: 1478491/2368892 [g=1079980, 455 evaluated, 286 expanded, t=0.53s]
Best heuristic value: 1478491/2341182 [g=1107689, 464 evaluated, 290 expanded, t=0.53s]
Best heuristic value: 1467881/2329974 [g=1118896, 474 evaluated, 295 expanded, t=0.54s]
Best heuristic value: 1464629/2326722 [g=1122147, 479 evaluated, 297 expanded, t=0.54s]
Best heuristic value: 1464629/2299012 [g=1149856, 484 evaluated, 299 expanded, t=0.54s]
Best heuristic value: 1464629/2288345 [g=1149856, 492 evaluated, 302 expanded, t=0.54s]
Best heuristic value: 1340879/2079222 [g=1245896, 500 evaluated, 307 expanded, t=0.54s]
Best heuristic value: 1340879/2051512 [g=1273605, 504 evaluated, 309 expanded, t=0.54s]
Best heuristic value: 1329671/2040304 [g=1284812, 511 evaluated, 313 expanded, t=0.55s]
Best heuristic value: 1326419/2037052 [g=1288063, 515 evaluated, 315 expanded, t=0.55s]
Best heuristic value: 1326419/2009342 [g=1315772, 519 evaluated, 317 expanded, t=0.55s]
Best heuristic value: 1315211/1998134 [g=1326979, 526 evaluated, 320 expanded, t=0.55s]
Best heuristic value: 1311959/1994882 [g=1330230, 530 evaluated, 322 expanded, t=0.55s]
Best heuristic value: 1311959/1967172 [g=1357939, 535 evaluated, 324 expanded, t=0.55s]
Best heuristic value: 1311959/1956505 [g=1357939, 539 evaluated, 326 expanded, t=0.55s]
Best heuristic value: 1311959/1928795 [g=1385648, 547 evaluated, 331 expanded, t=0.56s]
Best heuristic value: 1300751/1928795 [g=1369146, 553 evaluated, 333 expanded, t=0.56s]
Best heuristic value: 1300751/1917587 [g=1396855, 556 evaluated, 335 expanded, t=0.56s]
Best heuristic value: 1297499/1917587 [g=1372397, 563 evaluated, 337 expanded, t=0.56s]
Best heuristic value: 1297499/1914335 [g=1400106, 566 evaluated, 339 expanded, t=0.56s]
Best heuristic value: 1286291/1885674 [g=1411313, 577 evaluated, 342 expanded, t=0.56s]
Best heuristic value: 1286291/1847297 [g=1439022, 584 evaluated, 344 expanded, t=0.57s]
Best heuristic value: 1275083/1818636 [g=1450229, 593 evaluated, 348 expanded, t=0.57s]
Best heuristic value: 1275083/1815426 [g=1475535, 604 evaluated, 353 expanded, t=0.57s]
Best heuristic value: 1275083/1812294 [g=1478666, 605 evaluated, 354 expanded, t=0.57s]
Best heuristic value: 1274485/1812294 [g=1490471, 607 evaluated, 356 expanded, t=0.57s]
Best heuristic value: 1274485/1807050 [g=1489556, 609 evaluated, 357 expanded, t=0.57s]
Best heuristic value: 1274485/1803840 [g=1514862, 678 evaluated, 376 expanded, t=0.59s]
Best heuristic value: 1274485/1800708 [g=1517993, 691 evaluated, 380 expanded, t=0.59s]
Best heuristic value: 1274485/1797498 [g=1543299, 766 evaluated, 406 expanded, t=0.61s]
Best heuristic value: 1274485/1794366 [g=1546430, 778 evaluated, 410 expanded, t=0.62s]
Best heuristic value: 1161442/1794366 [g=1670999, 781 evaluated, 412 expanded, t=0.62s]
Best heuristic value: 1149636/1794366 [g=1699118, 793 evaluated, 416 expanded, t=0.62s]
Best heuristic value: 1138428/1794366 [g=1710325, 805 evaluated, 422 expanded, t=0.63s]
Best heuristic value: 1135176/1794366 [g=1713576, 817 evaluated, 426 expanded, t=0.63s]
Best heuristic value: 1022133/1794366 [g=1877567, 881 evaluated, 450 expanded, t=0.65s]
Best heuristic value: 1010327/1749121 [g=1905686, 891 evaluated, 453 expanded, t=0.65s]
Best heuristic value: 999119/1737913 [g=1916893, 896 evaluated, 454 expanded, t=0.65s]
Best heuristic value: 995867/1734661 [g=1920144, 901 evaluated, 455 expanded, t=0.65s]
Best heuristic value: 995867/1676849 [g=1861030, 4036 evaluated, 1270 expanded, t=1.55s]
Best heuristic value: 995867/1621019 [g=1889149, 4041 evaluated, 1271 expanded, t=1.55s]
Best heuristic value: 995867/1609811 [g=1900356, 4046 evaluated, 1272 expanded, t=1.55s]
Best heuristic value: 995867/1606559 [g=1903607, 4051 evaluated, 1273 expanded, t=1.56s]
Best heuristic value: 995867/1554428 [g=1965018, 7664 evaluated, 1997 expanded, t=2.62s]
Best heuristic value: 995867/1498598 [g=1993137, 7670 evaluated, 1999 expanded, t=2.62s]
Best heuristic value: 995867/1487390 [g=2004344, 7676 evaluated, 2001 expanded, t=2.62s]
Best heuristic value: 995867/1484138 [g=2007595, 7682 evaluated, 2003 expanded, t=2.63s]
Best heuristic value: 995867/1480928 [g=2032901, 7689 evaluated, 2006 expanded, t=2.63s]
Best heuristic value: 995867/1477796 [g=2036032, 7691 evaluated, 2007 expanded, t=2.63s]
Best heuristic value: 995867/1472552 [g=2046922, 7694 evaluated, 2008 expanded, t=2.63s]
terminate called after throwing an instance of 'std::bad_alloc'
  what():  std::bad_alloc
warning: could not determine peak memory
Peak memory: -1 KB
caught signal 6 -- exiting
../../downward/src/search/downward: line 184: 50586 Aborted                 "$PLANNER" --heuristic "hlm1,hff1=lm_ff_syn(lm_rhw(
                    reasonable_orders=true,lm_cost_type=1,cost_type=1))" --heuristic "hlm2,hff2=lm_ff_syn(lm_rhw(
                    reasonable_orders=true,lm_cost_type=2,cost_type=2))" --search "iterated([
                    lazy_greedy([hff1,hlm1],preferred=[hff1,hlm1],
                                cost_type=1,reopen_closed=false),
                    lazy_greedy([hff2,hlm2],preferred=[hff2,hlm2],
                                reopen_closed=false),
                    lazy_wastar([hff2,hlm2],preferred=[hff2,hlm2],w=5),
                    lazy_wastar([hff2,hlm2],preferred=[hff2,hlm2],w=3),
                    lazy_wastar([hff2,hlm2],preferred=[hff2,hlm2],w=2),
                    lazy_wastar([hff2,hlm2],preferred=[hff2,hlm2],w=1)],
                    repeat_last=true,continue_on_fail=true)" "$@" < $TEMPFILE
