1. Running translator
Second argument is a file name: use two translator arguments.
Parsing... [0.210s CPU, 0.225s wall-clock]
Instantiating...
Normalizing task... [0.010s CPU, 0.005s wall-clock]
Generating Datalog program... [0.080s CPU, 0.082s wall-clock]
Normalizing Datalog program...
Normalizing Datalog program: [0.010s CPU, 0.006s wall-clock]
Preparing model... [0.100s CPU, 0.105s wall-clock]
Generated 23 rules.
Computing model... [1.350s CPU, 1.354s wall-clock]
21039 relevant atoms
38215 auxiliary atoms
59254 final queue length
67201 total queue pushes
Completing instantiation... [0.670s CPU, 0.668s wall-clock]
Instantiating: [2.240s CPU, 2.249s wall-clock]
Computing fact groups...
Finding invariants...
9 initial candidates
Finding invariants: [0.020s CPU, 0.015s wall-clock]
Checking invariant weight... [0.020s CPU, 0.017s wall-clock]
Instantiating groups... [0.010s CPU, 0.017s wall-clock]
Collecting mutex groups... [0.000s CPU, 0.001s wall-clock]
Choosing groups...
0 uncovered facts
Choosing groups: [0.010s CPU, 0.002s wall-clock]
Building translation key... [0.000s CPU, 0.001s wall-clock]
Computing fact groups: [0.060s CPU, 0.056s wall-clock]
Building STRIPS to SAS dictionary... [0.000s CPU, 0.001s wall-clock]
Building dictionary for full mutex groups... [0.000s CPU, 0.001s wall-clock]
Building mutex information...
Building mutex information: [0.000s CPU, 0.001s wall-clock]
Translating task...
Processing axioms...
Simplifying axioms... [0.000s CPU, 0.000s wall-clock]
Processing axioms: [0.020s CPU, 0.022s wall-clock]
Translating task: [0.400s CPU, 0.395s wall-clock]
0 implied effects removed
0 effect conditions simplified
0 implied preconditions added
Detecting unreachable propositions...
0 operators removed
11 propositions removed
Detecting unreachable propositions: [0.050s CPU, 0.054s wall-clock]
Translator variables: 11
Translator derived variables: 0
Translator facts: 270
Translator mutex groups: 11
Translator total mutex groups size: 270
Translator operators: 4184
Translator task size: 21318
Translator peak memory: 190200 KB
Writing output... [0.060s CPU, 0.107s wall-clock]
Done! [3.050s CPU, 3.110s wall-clock]

2. Running preprocessor
Building causal graph...
The causal graph is not acyclic.
11 variables of 11 necessary
0 of 11 mutex groups necessary.
4184 of 4184 operators necessary.
0 of 0 axiom rules necessary.
Building domain transition graphs...
solveable in poly time 0
Building successor generator...
Preprocessor facts: 270
Preprocessor derived variables: 0
Preprocessor task size: 21048
Writing output...
done


3. Running search
Dispatcher selected state size 1.
This is a unit task.
Simplifying transitions... done!
Initializing Exploration...
Generating landmarks using the RPG/SAS+ approach
approx. reasonable orders
approx. obedient reasonable orders
Removed 0 reasonable or obedient reasonable orders
Landmarks generation time: 0.0414799s
Discovered 35 landmarks, of which 0 are disjunctive and 0 are conjunctive 
81 edges
Initializing LAMA-FF Synergy Object
Initializing landmarks count heuristic...
10 initial landmarks, 9 goal landmarks
Starting search: lazy_greedy(list(hff, hlm), preferred = list(hff, hlm))
Conducting lazy best first search, (real) bound = 2147483647
Best heuristic value: 25/26 [g=0, 1 evaluated, 0 expanded, t=0.23s]
Best heuristic value: 25/25 [g=2, 4 evaluated, 3 expanded, t=0.23s]
Best heuristic value: 24/25 [g=2, 8 evaluated, 7 expanded, t=0.23s]
Best heuristic value: 24/24 [g=3, 10 evaluated, 9 expanded, t=0.23s]
Best heuristic value: 23/24 [g=3, 16 evaluated, 15 expanded, t=0.23s]
Best heuristic value: 23/23 [g=4, 17 evaluated, 16 expanded, t=0.23s]
Best heuristic value: 22/23 [g=4, 24 evaluated, 23 expanded, t=0.23s]
Best heuristic value: 21/22 [g=5, 26 evaluated, 25 expanded, t=0.23s]
Best heuristic value: 20/21 [g=6, 30 evaluated, 29 expanded, t=0.24s]
Best heuristic value: 19/20 [g=8, 36 evaluated, 35 expanded, t=0.24s]
Best heuristic value: 18/19 [g=9, 40 evaluated, 39 expanded, t=0.24s]
Best heuristic value: 17/18 [g=10, 44 evaluated, 43 expanded, t=0.24s]
Best heuristic value: 16/17 [g=11, 48 evaluated, 47 expanded, t=0.24s]
Best heuristic value: 15/16 [g=12, 49 evaluated, 48 expanded, t=0.24s]
Best heuristic value: 14/15 [g=13, 50 evaluated, 49 expanded, t=0.24s]
Best heuristic value: 13/14 [g=14, 53 evaluated, 52 expanded, t=0.24s]
Best heuristic value: 12/13 [g=15, 56 evaluated, 55 expanded, t=0.24s]
Best heuristic value: 11/12 [g=16, 59 evaluated, 58 expanded, t=0.24s]
Best heuristic value: 10/12 [g=17, 60 evaluated, 59 expanded, t=0.24s]
Best heuristic value: 9/12 [g=18, 61 evaluated, 60 expanded, t=0.24s]
Best heuristic value: 9/11 [g=19, 63 evaluated, 62 expanded, t=0.24s]
Best heuristic value: 8/11 [g=19, 67 evaluated, 66 expanded, t=0.25s]
Best heuristic value: 8/9 [g=20, 69 evaluated, 68 expanded, t=0.25s]
Best heuristic value: 8/8 [g=21, 70 evaluated, 69 expanded, t=0.25s]
Best heuristic value: 7/8 [g=22, 72 evaluated, 71 expanded, t=0.25s]
Best heuristic value: 6/7 [g=23, 75 evaluated, 74 expanded, t=0.25s]
Best heuristic value: 5/7 [g=24, 76 evaluated, 75 expanded, t=0.25s]
Best heuristic value: 4/6 [g=25, 77 evaluated, 76 expanded, t=0.25s]
Best heuristic value: 3/4 [g=26, 79 evaluated, 78 expanded, t=0.25s]
Best heuristic value: 2/3 [g=27, 81 evaluated, 79 expanded, t=0.25s]
Best heuristic value: 2/2 [g=27, 224 evaluated, 151 expanded, t=0.26s]
Best heuristic value: 1/1 [g=28, 225 evaluated, 152 expanded, t=0.26s]
Solution found!
Actual search time: 0.03s [t=0.26s]
drive t0 l7 l5 level163 level14 level177 (1)
load p7 t0 l5 (1)
load p5 t0 l5 (1)
load p4 t0 l5 (1)
drive t0 l5 l0 level142 level21 level163 (1)
load p2 t0 l0 (1)
drive t0 l0 l6 level132 level10 level142 (1)
load p8 t0 l6 (1)
load p6 t0 l6 (1)
unload p4 t0 l6 (1)
load p3 t0 l6 (1)
drive t0 l6 l2 level126 level6 level132 (1)
unload p8 t0 l2 (1)
unload p3 t0 l2 (1)
unload p2 t0 l2 (1)
load p1 t0 l2 (1)
drive t0 l2 l3 level112 level14 level126 (1)
unload p7 t0 l3 (1)
load p0 t0 l3 (1)
drive t0 l3 l6 level88 level24 level112 (1)
drive t0 l6 l0 level78 level10 level88 (1)
unload p1 t0 l0 (1)
drive t0 l0 l5 level57 level21 level78 (1)
drive t0 l5 l7 level43 level14 level57 (1)
unload p5 t0 l7 (1)
drive t0 l7 l8 level24 level19 level43 (1)
unload p6 t0 l8 (1)
drive t0 l8 l4 level6 level18 level24 (1)
unload p0 t0 l4 (1)
Plan length: 29 step(s).
Plan cost: 29
Initial state h value: 25/26.
Expanded 153 state(s).
Reopened 0 state(s).
Evaluated 226 state(s).
Evaluations: 452
Generated 1016 state(s).
Dead ends: 72 state(s).
Best solution cost so far: 29
Solution found - keep searching
Starting search: lazy_wastar(list(hff, hlm), preferred = list(hff, hlm), w = 5)
Conducting lazy best first search, (real) bound = 29
Best heuristic value: 25/26 [g=0, 1 evaluated, 0 expanded, t=0.26s]
Best heuristic value: 25/25 [g=2, 4 evaluated, 3 expanded, t=0.26s]
Best heuristic value: 24/25 [g=2, 8 evaluated, 7 expanded, t=0.27s]
Best heuristic value: 24/24 [g=3, 10 evaluated, 9 expanded, t=0.27s]
Best heuristic value: 23/24 [g=3, 16 evaluated, 15 expanded, t=0.27s]
Best heuristic value: 23/23 [g=4, 17 evaluated, 16 expanded, t=0.27s]
Best heuristic value: 22/23 [g=4, 24 evaluated, 23 expanded, t=0.27s]
Best heuristic value: 21/22 [g=5, 26 evaluated, 25 expanded, t=0.27s]
Best heuristic value: 20/21 [g=6, 30 evaluated, 29 expanded, t=0.27s]
Best heuristic value: 19/20 [g=8, 36 evaluated, 35 expanded, t=0.27s]
Best heuristic value: 18/19 [g=9, 40 evaluated, 39 expanded, t=0.27s]
Best heuristic value: 17/18 [g=10, 44 evaluated, 43 expanded, t=0.27s]
Best heuristic value: 16/17 [g=11, 48 evaluated, 47 expanded, t=0.28s]
Best heuristic value: 15/16 [g=12, 49 evaluated, 48 expanded, t=0.28s]
Best heuristic value: 14/15 [g=13, 50 evaluated, 49 expanded, t=0.28s]
Best heuristic value: 13/14 [g=14, 53 evaluated, 52 expanded, t=0.28s]
Best heuristic value: 12/13 [g=15, 56 evaluated, 55 expanded, t=0.28s]
Best heuristic value: 11/12 [g=16, 59 evaluated, 58 expanded, t=0.28s]
Best heuristic value: 10/12 [g=17, 60 evaluated, 59 expanded, t=0.28s]
Best heuristic value: 9/12 [g=18, 61 evaluated, 60 expanded, t=0.28s]
Best heuristic value: 9/11 [g=19, 63 evaluated, 62 expanded, t=0.28s]
Best heuristic value: 8/11 [g=19, 67 evaluated, 66 expanded, t=0.28s]
Best heuristic value: 8/9 [g=20, 69 evaluated, 68 expanded, t=0.28s]
Best heuristic value: 8/8 [g=21, 70 evaluated, 69 expanded, t=0.28s]
Best heuristic value: 7/8 [g=22, 72 evaluated, 71 expanded, t=0.28s]
Best heuristic value: 6/7 [g=23, 75 evaluated, 74 expanded, t=0.28s]
Best heuristic value: 5/7 [g=24, 76 evaluated, 75 expanded, t=0.28s]
Best heuristic value: 4/6 [g=25, 77 evaluated, 76 expanded, t=0.28s]
Best heuristic value: 3/4 [g=26, 79 evaluated, 78 expanded, t=0.28s]
Best heuristic value: 2/3 [g=27, 81 evaluated, 79 expanded, t=0.28s]
Best heuristic value: 2/2 [g=27, 227 evaluated, 154 expanded, t=0.3s]
Best heuristic value: 1/1 [g=28, 228 evaluated, 155 expanded, t=0.3s]
terminate called after throwing an instance of 'St9bad_alloc'
  what():  std::bad_alloc
warning: could not determine peak memory
Peak memory: -1 KB
caught signal 6 -- exiting
../../downward/src/search/downward: line 184: 47259 Aborted                 "$PLANNER" --heuristic "hlm,hff=lm_ff_syn(lm_rhw(
                    reasonable_orders=true,lm_cost_type=2,cost_type=2))" --search "iterated([
                    lazy_greedy([hff,hlm],preferred=[hff,hlm]),
                    lazy_wastar([hff,hlm],preferred=[hff,hlm],w=5),
                    lazy_wastar([hff,hlm],preferred=[hff,hlm],w=3),
                    lazy_wastar([hff,hlm],preferred=[hff,hlm],w=2),
                    lazy_wastar([hff,hlm],preferred=[hff,hlm],w=1)],
                    repeat_last=true,continue_on_fail=true)" "$@" < $TEMPFILE
