1. Running translator
Second argument is a file name: use two translator arguments.
Parsing... [0.010s CPU, 0.101s wall-clock]
Instantiating...
Normalizing task... [0.000s CPU, 0.001s wall-clock]
Generating Datalog program... [0.000s CPU, 0.002s wall-clock]
Normalizing Datalog program...
Normalizing Datalog program: [0.010s CPU, 0.046s wall-clock]
Preparing model... [0.010s CPU, 0.020s wall-clock]
Generated 115 rules.
Computing model... [0.200s CPU, 0.331s wall-clock]
3094 relevant atoms
3221 auxiliary atoms
6315 final queue length
10878 total queue pushes
Completing instantiation... [0.390s CPU, 0.549s wall-clock]
Instantiating: [0.610s CPU, 0.951s wall-clock]
Computing fact groups...
Finding invariants...
24 initial candidates
Finding invariants: [0.040s CPU, 0.043s wall-clock]
Checking invariant weight... [0.000s CPU, 0.001s wall-clock]
Instantiating groups... [0.010s CPU, 0.004s wall-clock]
Collecting mutex groups... [0.000s CPU, 0.000s wall-clock]
Choosing groups...
328 uncovered facts
Choosing groups: [0.000s CPU, 0.001s wall-clock]
Building translation key... [0.000s CPU, 0.002s wall-clock]
Computing fact groups: [0.060s CPU, 0.058s wall-clock]
Building STRIPS to SAS dictionary... [0.000s CPU, 0.001s wall-clock]
Building dictionary for full mutex groups... [0.000s CPU, 0.001s wall-clock]
Building mutex information...
Building mutex information: [0.000s CPU, 0.001s wall-clock]
Translating task...
Processing axioms...
Simplifying axioms... [0.000s CPU, 0.000s wall-clock]
Processing axioms: [0.020s CPU, 0.022s wall-clock]
Translating task: [0.320s CPU, 0.421s wall-clock]
22 implied effects removed
0 effect conditions simplified
0 implied preconditions added
Detecting unreachable propositions...
0 operators removed
3 propositions removed
Detecting unreachable propositions: [0.070s CPU, 0.065s wall-clock]
Translator variables: 331
Translator derived variables: 0
Translator facts: 691
Translator mutex groups: 18
Translator total mutex groups size: 80
Translator operators: 2194
Translator task size: 21053
Translator peak memory: 154972 KB
Writing output... [0.060s CPU, 0.082s wall-clock]
Done! [1.140s CPU, 1.699s wall-clock]

2. Running preprocessor
Building causal graph...
The causal graph is not acyclic.
331 variables of 331 necessary
15 of 18 mutex groups necessary.
2194 of 2194 operators necessary.
0 of 0 axiom rules necessary.
Building domain transition graphs...
solveable in poly time 0
Building successor generator...
Preprocessor facts: 691
Preprocessor derived variables: 0
Preprocessor task size: 21018
Writing output...
done


3. Running search
Dispatcher selected state size 1.
This is a nonunit task.
Simplifying transitions... done!
Initializing Exploration...
Generating landmarks using the RPG/SAS+ approach
approx. reasonable orders
approx. obedient reasonable orders
Removed 0 reasonable or obedient reasonable orders
Landmarks generation time: 0.122844s
Discovered 92 landmarks, of which 2 are disjunctive and 0 are conjunctive 
217 edges
Initializing LAMA-FF Synergy Object
Initializing landmarks count heuristic...
60 initial landmarks, 13 goal landmarks
Initializing Exploration...
Generating landmarks using the RPG/SAS+ approach
approx. reasonable orders
approx. obedient reasonable orders
Removed 0 reasonable or obedient reasonable orders
Landmarks generation time: 0.119198s
Discovered 92 landmarks, of which 2 are disjunctive and 0 are conjunctive 
205 edges
Initializing LAMA-FF Synergy Object
Initializing landmarks count heuristic...
60 initial landmarks, 13 goal landmarks
Starting search: lazy_greedy(list(hff1, hlm1), preferred = list(hff1, hlm1), cost_type = 1, reopen_closed = false)
Conducting lazy best first search, (real) bound = 2147483647
Best heuristic value: 32/35 [g=0, 1 evaluated, 0 expanded, t=0.44s]
Best heuristic value: 31/35 [g=1, 2 evaluated, 1 expanded, t=0.44s]
Best heuristic value: 31/33 [g=1, 5 evaluated, 4 expanded, t=0.45s]
Best heuristic value: 30/33 [g=3, 11 evaluated, 10 expanded, t=0.45s]
Best heuristic value: 28/33 [g=4, 14 evaluated, 13 expanded, t=0.45s]
Best heuristic value: 28/32 [g=6, 23 evaluated, 22 expanded, t=0.46s]
Best heuristic value: 27/32 [g=8, 33 evaluated, 32 expanded, t=0.46s]
Best heuristic value: 27/31 [g=9, 34 evaluated, 33 expanded, t=0.46s]
Best heuristic value: 26/31 [g=13, 82 evaluated, 81 expanded, t=0.49s]
Best heuristic value: 26/30 [g=14, 83 evaluated, 82 expanded, t=0.49s]
Best heuristic value: 25/30 [g=24, 237 evaluated, 236 expanded, t=0.57s]
Best heuristic value: 25/29 [g=25, 238 evaluated, 237 expanded, t=0.57s]
Best heuristic value: 25/28 [g=30, 281 evaluated, 280 expanded, t=0.6s]
Best heuristic value: 24/28 [g=31, 283 evaluated, 282 expanded, t=0.6s]
Best heuristic value: 23/28 [g=42, 426 evaluated, 425 expanded, t=0.68s]
Best heuristic value: 23/27 [g=43, 427 evaluated, 426 expanded, t=0.68s]
Best heuristic value: 23/26 [g=48, 471 evaluated, 470 expanded, t=0.7s]
Best heuristic value: 22/26 [g=49, 473 evaluated, 472 expanded, t=0.7s]
Best heuristic value: 21/26 [g=59, 771 evaluated, 770 expanded, t=0.87s]
Best heuristic value: 21/25 [g=59, 780 evaluated, 779 expanded, t=0.88s]
Best heuristic value: 20/25 [g=61, 790 evaluated, 789 expanded, t=0.88s]
Best heuristic value: 20/24 [g=62, 791 evaluated, 790 expanded, t=0.88s]
Best heuristic value: 19/24 [g=66, 835 evaluated, 834 expanded, t=0.9s]
Best heuristic value: 19/23 [g=67, 836 evaluated, 835 expanded, t=0.91s]
Best heuristic value: 18/23 [g=79, 1194 evaluated, 1193 expanded, t=1.1s]
Best heuristic value: 18/22 [g=80, 1195 evaluated, 1194 expanded, t=1.1s]
Best heuristic value: 18/21 [g=85, 1230 evaluated, 1229 expanded, t=1.11s]
Best heuristic value: 17/21 [g=86, 1232 evaluated, 1231 expanded, t=1.11s]
Best heuristic value: 16/21 [g=97, 1542 evaluated, 1541 expanded, t=1.27s]
Best heuristic value: 16/20 [g=98, 1543 evaluated, 1542 expanded, t=1.27s]
Best heuristic value: 16/19 [g=103, 1586 evaluated, 1585 expanded, t=1.29s]
Best heuristic value: 15/19 [g=104, 1588 evaluated, 1587 expanded, t=1.29s]
Best heuristic value: 14/19 [g=117, 1840 evaluated, 1839 expanded, t=1.42s]
Best heuristic value: 13/19 [g=122, 1908 evaluated, 1907 expanded, t=1.46s]
Best heuristic value: 13/18 [g=123, 1909 evaluated, 1908 expanded, t=1.46s]
Best heuristic value: 12/18 [g=139, 2646 evaluated, 2645 expanded, t=1.85s]
Best heuristic value: 12/17 [g=140, 2647 evaluated, 2646 expanded, t=1.85s]
Best heuristic value: 12/16 [g=145, 2686 evaluated, 2685 expanded, t=1.87s]
Best heuristic value: 11/16 [g=146, 2688 evaluated, 2687 expanded, t=1.87s]
Best heuristic value: 10/16 [g=149, 3177 evaluated, 3176 expanded, t=2.09s]
Best heuristic value: 10/15 [g=164, 3358 evaluated, 3357 expanded, t=2.17s]
Best heuristic value: 10/14 [g=169, 3384 evaluated, 3383 expanded, t=2.18s]
Best heuristic value: 9/14 [g=170, 3386 evaluated, 3385 expanded, t=2.18s]
Best heuristic value: 9/13 [g=190, 15121 evaluated, 15120 expanded, t=7.79s]
Best heuristic value: 9/12 [g=191, 15122 evaluated, 15121 expanded, t=7.79s]
Best heuristic value: 9/11 [g=194, 15138 evaluated, 15137 expanded, t=7.8s]
Best heuristic value: 8/11 [g=195, 15140 evaluated, 15139 expanded, t=7.8s]
Best heuristic value: 8/9 [g=199, 16229 evaluated, 16228 expanded, t=8.34s]
Best heuristic value: 7/9 [g=211, 19243 evaluated, 19242 expanded, t=9.63s]
Best heuristic value: 6/9 [g=214, 19261 evaluated, 19260 expanded, t=9.63s]
Best heuristic value: 5/9 [g=217, 19269 evaluated, 19268 expanded, t=9.64s]
Best heuristic value: 5/8 [g=237, 19452 evaluated, 19451 expanded, t=9.71s]
Best heuristic value: 4/8 [g=238, 19453 evaluated, 19452 expanded, t=9.71s]
Best heuristic value: 4/6 [g=224, 19808 evaluated, 19807 expanded, t=9.88s]
Best heuristic value: 4/5 [g=226, 19817 evaluated, 19816 expanded, t=9.89s]
Best heuristic value: 4/4 [g=227, 19822 evaluated, 19821 expanded, t=9.89s]
Best heuristic value: 2/4 [g=229, 19823 evaluated, 19822 expanded, t=9.89s]
Best heuristic value: 2/3 [g=228, 19824 evaluated, 19823 expanded, t=9.89s]
Best heuristic value: 2/2 [g=229, 19826 evaluated, 19825 expanded, t=9.89s]
Best heuristic value: 1/1 [g=230, 19828 evaluated, 19827 expanded, t=9.89s]
Solution found!
Actual search time: 9.45s [t=9.89s]
grasp right shot12 (1)
fill-shot shot12 ingredient2 right left dispenser2 (10)
grasp left shaker1 (1)
pour-shot-to-clean-shaker shot12 ingredient2 shaker1 right l0 l1 (1)
leave left shaker1 (1)
clean-shot shot12 ingredient2 right left (1)
fill-shot shot12 ingredient1 right left dispenser1 (10)
grasp left shaker1 (1)
pour-shot-to-used-shaker shot12 ingredient1 shaker1 right l1 l2 (1)
leave left shaker1 (1)
clean-shot shot12 ingredient1 right left (1)
fill-shot shot12 ingredient2 right left dispenser2 (10)
grasp left shaker1 (1)
leave right shot12 (1)
shake cocktail4 ingredient2 ingredient1 shaker1 left right (1)
pour-shaker-to-shot cocktail4 shot1 left shaker1 l2 l1 (1)
empty-shaker left shaker1 cocktail4 l1 l0 (1)
clean-shaker left right shaker1 (1)
leave left shaker1 (1)
grasp right shot12 (1)
pour-shot-to-clean-shaker shot12 ingredient2 shaker1 right l0 l1 (1)
clean-shot shot12 ingredient2 right left (1)
fill-shot shot12 ingredient2 right left dispenser2 (10)
grasp left shaker1 (1)
leave right shot12 (1)
grasp right shot9 (1)
leave left shaker1 (1)
fill-shot shot9 ingredient1 right left dispenser1 (10)
pour-shot-to-used-shaker shot9 ingredient1 shaker1 right l1 l2 (1)
clean-shot shot9 ingredient1 right left (1)
grasp left shaker1 (1)
leave right shot9 (1)
shake cocktail3 ingredient2 ingredient1 shaker1 left right (1)
pour-shaker-to-shot cocktail3 shot2 left shaker1 l2 l1 (1)
empty-shaker left shaker1 cocktail3 l1 l0 (1)
clean-shaker left right shaker1 (1)
leave left shaker1 (1)
grasp right shot12 (1)
pour-shot-to-clean-shaker shot12 ingredient2 shaker1 right l0 l1 (1)
clean-shot shot12 ingredient2 right left (1)
fill-shot shot12 ingredient2 right left dispenser2 (10)
grasp left shaker1 (1)
leave right shot12 (1)
grasp right shot9 (1)
leave left shaker1 (1)
fill-shot shot9 ingredient3 right left dispenser3 (10)
pour-shot-to-used-shaker shot9 ingredient3 shaker1 right l1 l2 (1)
clean-shot shot9 ingredient3 right left (1)
grasp left shaker1 (1)
leave right shot9 (1)
shake cocktail5 ingredient3 ingredient2 shaker1 left right (1)
pour-shaker-to-shot cocktail5 shot13 left shaker1 l2 l1 (1)
pour-shaker-to-shot cocktail5 shot4 left shaker1 l1 l0 (1)
empty-shaker left shaker1 cocktail5 l0 l0 (1)
clean-shaker left right shaker1 (1)
leave left shaker1 (1)
grasp right shot12 (1)
pour-shot-to-clean-shaker shot12 ingredient2 shaker1 right l0 l1 (1)
clean-shot shot12 ingredient2 right left (1)
fill-shot shot12 ingredient2 right left dispenser2 (10)
grasp left shaker1 (1)
leave right shot12 (1)
grasp right shot9 (1)
leave left shaker1 (1)
fill-shot shot9 ingredient3 right left dispenser3 (10)
pour-shot-to-used-shaker shot9 ingredient3 shaker1 right l1 l2 (1)
clean-shot shot9 ingredient3 right left (1)
grasp left shaker1 (1)
leave right shot9 (1)
shake cocktail1 ingredient2 ingredient3 shaker1 left right (1)
pour-shaker-to-shot cocktail1 shot7 left shaker1 l2 l1 (1)
empty-shaker left shaker1 cocktail1 l1 l0 (1)
clean-shaker left right shaker1 (1)
leave left shaker1 (1)
grasp right shot12 (1)
pour-shot-to-clean-shaker shot12 ingredient2 shaker1 right l0 l1 (1)
clean-shot shot12 ingredient2 right left (1)
fill-shot shot12 ingredient2 right left dispenser2 (10)
grasp left shaker1 (1)
leave right shot12 (1)
grasp right shot9 (1)
leave left shaker1 (1)
fill-shot shot9 ingredient4 right left dispenser4 (10)
pour-shot-to-used-shaker shot9 ingredient4 shaker1 right l1 l2 (1)
clean-shot shot9 ingredient4 right left (1)
grasp left shaker1 (1)
leave right shot9 (1)
shake cocktail2 ingredient4 ingredient2 shaker1 left right (1)
pour-shaker-to-shot cocktail2 shot3 left shaker1 l2 l1 (1)
empty-shaker left shaker1 cocktail2 l1 l0 (1)
clean-shaker left right shaker1 (1)
leave left shaker1 (1)
grasp right shot12 (1)
pour-shot-to-clean-shaker shot12 ingredient2 shaker1 right l0 l1 (1)
clean-shot shot12 ingredient2 right left (1)
fill-shot shot12 ingredient2 right left dispenser2 (10)
grasp left shaker1 (1)
leave right shot12 (1)
grasp right shot9 (1)
leave left shaker1 (1)
fill-shot shot9 ingredient1 right left dispenser1 (10)
pour-shot-to-used-shaker shot9 ingredient1 shaker1 right l1 l2 (1)
clean-shot shot9 ingredient1 right left (1)
grasp left shaker1 (1)
leave right shot9 (1)
shake cocktail11 ingredient1 ingredient2 shaker1 left right (1)
pour-shaker-to-shot cocktail11 shot11 left shaker1 l2 l1 (1)
empty-shaker left shaker1 cocktail11 l1 l0 (1)
clean-shaker left right shaker1 (1)
grasp right shot9 (1)
leave left shaker1 (1)
grasp left shot12 (1)
pour-shot-to-clean-shaker shot12 ingredient2 shaker1 left l0 l1 (1)
leave right shot9 (1)
clean-shot shot12 ingredient2 left right (1)
fill-shot shot12 ingredient2 left right dispenser2 (10)
grasp right shaker1 (1)
leave left shot12 (1)
leave right shaker1 (1)
grasp left shaker1 (1)
grasp right shot9 (1)
leave left shaker1 (1)
fill-shot shot9 ingredient3 right left dispenser3 (10)
pour-shot-to-used-shaker shot9 ingredient3 shaker1 right l1 l2 (1)
clean-shot shot9 ingredient3 right left (1)
grasp left shaker1 (1)
leave right shot9 (1)
shake cocktail10 ingredient2 ingredient3 shaker1 left right (1)
pour-shaker-to-shot cocktail10 shot8 left shaker1 l2 l1 (1)
empty-shaker left shaker1 cocktail10 l1 l0 (1)
clean-shaker left right shaker1 (1)
grasp right shot9 (1)
leave left shaker1 (1)
leave right shot9 (1)
grasp right shot12 (1)
pour-shot-to-clean-shaker shot12 ingredient2 shaker1 right l0 l1 (1)
clean-shot shot12 ingredient2 right left (1)
fill-shot shot12 ingredient2 right left dispenser2 (10)
grasp left shaker1 (1)
leave right shot12 (1)
grasp right shot9 (1)
leave left shaker1 (1)
fill-shot shot9 ingredient3 right left dispenser3 (10)
pour-shot-to-used-shaker shot9 ingredient3 shaker1 right l1 l2 (1)
clean-shot shot9 ingredient3 right left (1)
grasp left shaker1 (1)
leave right shot9 (1)
shake cocktail6 ingredient3 ingredient2 shaker1 left right (1)
pour-shaker-to-shot cocktail6 shot9 left shaker1 l2 l1 (1)
empty-shaker left shaker1 cocktail6 l1 l0 (1)
clean-shaker left right shaker1 (1)
grasp right shot6 (1)
leave left shaker1 (1)
grasp left shot12 (1)
pour-shot-to-clean-shaker shot12 ingredient2 shaker1 left l0 l1 (1)
leave left shot12 (1)
grasp left shaker1 (1)
leave right shot6 (1)
grasp right shot12 (1)
leave left shaker1 (1)
clean-shot shot12 ingredient2 right left (1)
fill-shot shot12 ingredient2 right left dispenser2 (10)
grasp left shaker1 (1)
leave right shot12 (1)
grasp right shot6 (1)
leave left shaker1 (1)
fill-shot shot6 ingredient1 right left dispenser1 (10)
pour-shot-to-used-shaker shot6 ingredient1 shaker1 right l1 l2 (1)
clean-shot shot6 ingredient1 right left (1)
leave right shot6 (1)
grasp right shot10 (1)
fill-shot shot10 ingredient3 right left dispenser3 (10)
empty-shot right shot10 ingredient3 (1)
leave right shot10 (1)
grasp right shot14 (1)
fill-shot shot14 ingredient4 right left dispenser4 (10)
grasp left shaker1 (1)
leave right shot14 (1)
grasp right shot10 (1)
leave left shaker1 (1)
clean-shot shot10 ingredient3 right left (1)
grasp left shaker1 (1)
leave right shot10 (1)
shake cocktail11 ingredient1 ingredient2 shaker1 left right (1)
empty-shaker left shaker1 cocktail11 l2 l0 (1)
clean-shaker left right shaker1 (1)
grasp right shot6 (1)
leave left shaker1 (1)
grasp left shot14 (1)
pour-shot-to-clean-shaker shot14 ingredient4 shaker1 left l0 l1 (1)
leave left shot14 (1)
fill-shot shot6 ingredient1 right left dispenser1 (10)
pour-shot-to-used-shaker shot6 ingredient1 shaker1 right l1 l2 (1)
clean-shot shot6 ingredient1 right left (1)
grasp left shaker1 (1)
leave right shot6 (1)
shake cocktail8 ingredient4 ingredient1 shaker1 left right (1)
pour-shaker-to-shot cocktail8 shot5 left shaker1 l2 l1 (1)
grasp right shot14 (1)
leave left shaker1 (1)
refill-shot shot14 ingredient4 right left dispenser4 (10)
grasp left shaker1 (1)
leave right shot14 (1)
empty-shaker left shaker1 cocktail8 l1 l0 (1)
clean-shaker left right shaker1 (1)
grasp right shot6 (1)
leave left shaker1 (1)
grasp left shot14 (1)
pour-shot-to-clean-shaker shot14 ingredient4 shaker1 left l0 l1 (1)
leave left shot14 (1)
fill-shot shot6 ingredient3 right left dispenser3 (10)
pour-shot-to-used-shaker shot6 ingredient3 shaker1 right l1 l2 (1)
clean-shot shot6 ingredient3 right left (1)
grasp left shaker1 (1)
leave right shot6 (1)
shake cocktail9 ingredient3 ingredient4 shaker1 left right (1)
pour-shaker-to-shot cocktail9 shot6 left shaker1 l2 l1 (1)
empty-shaker left shaker1 cocktail9 l1 l0 (1)
clean-shaker left right shaker1 (1)
grasp right shot10 (1)
leave left shaker1 (1)
fill-shot shot10 ingredient1 right left dispenser1 (10)
pour-shot-to-clean-shaker shot10 ingredient1 shaker1 right l0 l1 (1)
clean-shot shot10 ingredient1 right left (1)
fill-shot shot10 ingredient3 right left dispenser3 (10)
pour-shot-to-used-shaker shot10 ingredient3 shaker1 right l1 l2 (1)
clean-shot shot10 ingredient3 right left (1)
grasp left shaker1 (1)
leave right shot10 (1)
shake cocktail7 ingredient1 ingredient3 shaker1 left right (1)
pour-shaker-to-shot cocktail7 shot10 left shaker1 l2 l1 (1)
Plan length: 231 step(s).
Plan cost: 465
Initial state h value: 32/35.
Expanded 19828 state(s).
Reopened 0 state(s).
Evaluated 19829 state(s).
Evaluations: 39658
Generated 236796 state(s).
Dead ends: 0 state(s).
Best solution cost so far: 465
Solution found - keep searching
Starting search: lazy_greedy(list(hff2, hlm2), preferred = list(hff2, hlm2), reopen_closed = false)
Conducting lazy best first search, (real) bound = 465
Best heuristic value: 64/115 [g=0, 1 evaluated, 0 expanded, t=9.9s]
Best heuristic value: 62/115 [g=1, 2 evaluated, 1 expanded, t=9.9s]
Best heuristic value: 62/102 [g=1, 5 evaluated, 4 expanded, t=9.91s]
Best heuristic value: 62/93 [g=11, 9 evaluated, 8 expanded, t=9.91s]
Best heuristic value: 60/93 [g=12, 10 evaluated, 9 expanded, t=9.91s]
Best heuristic value: 56/93 [g=13, 14 evaluated, 13 expanded, t=9.91s]
Best heuristic value: 56/91 [g=22, 26 evaluated, 25 expanded, t=9.92s]
Best heuristic value: 54/91 [g=23, 27 evaluated, 26 expanded, t=9.92s]
Best heuristic value: 54/89 [g=24, 28 evaluated, 27 expanded, t=9.92s]
Best heuristic value: 54/84 [g=36, 34 evaluated, 33 expanded, t=9.92s]
Best heuristic value: 54/80 [g=37, 37 evaluated, 36 expanded, t=9.92s]
Best heuristic value: 53/80 [g=38, 38 evaluated, 37 expanded, t=9.93s]
Best heuristic value: 53/78 [g=38, 41 evaluated, 40 expanded, t=9.93s]
Best heuristic value: 52/78 [g=39, 43 evaluated, 42 expanded, t=9.93s]
Best heuristic value: 52/73 [g=48, 46 evaluated, 45 expanded, t=9.93s]
Best heuristic value: 52/66 [g=62, 95 evaluated, 94 expanded, t=9.96s]
Best heuristic value: 50/66 [g=47, 5999 evaluated, 5998 expanded, t=13.21s]
Best heuristic value: 48/66 [g=59, 6015 evaluated, 6014 expanded, t=13.22s]
Best heuristic value: 47/66 [g=74, 6078 evaluated, 6077 expanded, t=13.26s]
Best heuristic value: 46/66 [g=77, 6086 evaluated, 6085 expanded, t=13.26s]
Best heuristic value: 46/60 [g=100, 6138 evaluated, 6137 expanded, t=13.29s]
Best heuristic value: 46/56 [g=104, 16927 evaluated, 16890 expanded, t=19.34s]
terminate called after throwing an instance of 'St9bad_alloc'
  what():  std::bad_alloc
warning: could not determine peak memory
Peak memory: -1 KB
caught signal 6 -- exiting
../../downward/src/search/downward: line 184: 51513 Aborted                 "$PLANNER" --heuristic "hlm1,hff1=lm_ff_syn(lm_rhw(
                    reasonable_orders=true,lm_cost_type=1,cost_type=1))" --heuristic "hlm2,hff2=lm_ff_syn(lm_rhw(
                    reasonable_orders=true,lm_cost_type=2,cost_type=2))" --search "iterated([
                    lazy_greedy([hff1,hlm1],preferred=[hff1,hlm1],
                                cost_type=1,reopen_closed=false),
                    lazy_greedy([hff2,hlm2],preferred=[hff2,hlm2],
                                reopen_closed=false),
                    lazy_wastar([hff2,hlm2],preferred=[hff2,hlm2],w=5),
                    lazy_wastar([hff2,hlm2],preferred=[hff2,hlm2],w=3),
                    lazy_wastar([hff2,hlm2],preferred=[hff2,hlm2],w=2),
                    lazy_wastar([hff2,hlm2],preferred=[hff2,hlm2],w=1)],
                    repeat_last=true,continue_on_fail=true)" "$@" < $TEMPFILE
