1. Running translator
Second argument is a file name: use two translator arguments.
Parsing... [0.020s CPU, 0.066s wall-clock]
Instantiating...
Normalizing task... [0.000s CPU, 0.001s wall-clock]
Generating Datalog program... [0.010s CPU, 0.005s wall-clock]
Normalizing Datalog program...
Normalizing Datalog program: [0.000s CPU, 0.075s wall-clock]
Preparing model... [0.020s CPU, 0.055s wall-clock]
Generated 46 rules.
Computing model... [1.980s CPU, 3.219s wall-clock]
43792 relevant atoms
18594 auxiliary atoms
62386 final queue length
139002 total queue pushes
Completing instantiation... [7.200s CPU, 10.059s wall-clock]
Instantiating: [9.230s CPU, 13.458s wall-clock]
Computing fact groups...
Finding invariants...
12 initial candidates
Finding invariants: [0.050s CPU, 0.075s wall-clock]
Checking invariant weight... [0.010s CPU, 0.003s wall-clock]
Instantiating groups... [0.050s CPU, 0.107s wall-clock]
Collecting mutex groups... [0.000s CPU, 0.007s wall-clock]
Choosing groups...
0 uncovered facts
Choosing groups: [0.020s CPU, 0.019s wall-clock]
Building translation key... [0.010s CPU, 0.009s wall-clock]
Computing fact groups: [0.200s CPU, 0.276s wall-clock]
Building STRIPS to SAS dictionary... [0.000s CPU, 0.006s wall-clock]
Building dictionary for full mutex groups... [0.010s CPU, 0.004s wall-clock]
Building mutex information...
Building mutex information: [0.000s CPU, 0.007s wall-clock]
Translating task...
Processing axioms...
Simplifying axioms... [0.000s CPU, 0.000s wall-clock]
Processing axioms: [0.300s CPU, 0.462s wall-clock]
Translating task: [4.700s CPU, 4.865s wall-clock]
0 implied effects removed
0 effect conditions simplified
0 implied preconditions added
Detecting unreachable propositions...
0 operators removed
66 propositions removed
Detecting unreachable propositions: [0.640s CPU, 0.639s wall-clock]
Translator variables: 66
Translator derived variables: 0
Translator facts: 2578
Translator mutex groups: 66
Translator total mutex groups size: 2578
Translator operators: 39928
Translator task size: 242656
Translator peak memory: 368012 KB
Writing output... [0.780s CPU, 0.841s wall-clock]
Done! [15.800s CPU, 20.389s wall-clock]

2. Running preprocessor
Building causal graph...
The causal graph is not acyclic.
66 variables of 66 necessary
0 of 66 mutex groups necessary.
39928 of 39928 operators necessary.
0 of 0 axiom rules necessary.
Building domain transition graphs...
solveable in poly time 0
Building successor generator...
Preprocessor facts: 2578
Preprocessor derived variables: 0
Preprocessor task size: 240078
Writing output...
done


3. Running search
Dispatcher selected state size 1.
This is a nonunit task.
Simplifying transitions... done!
Initializing Exploration...
Generating landmarks using the RPG/SAS+ approach
approx. reasonable orders
approx. obedient reasonable orders
Removed 0 reasonable or obedient reasonable orders
Landmarks generation time: 3.36174s
Discovered 239 landmarks, of which 35 are disjunctive and 0 are conjunctive 
638 edges
Initializing LAMA-FF Synergy Object
Initializing landmarks count heuristic...
58 initial landmarks, 50 goal landmarks
Initializing Exploration...
Generating landmarks using the RPG/SAS+ approach
Switch from bucket-based to heap-based queue at key = 122, num_pushes = 87
approx. reasonable orders
approx. obedient reasonable orders
Removed 0 reasonable or obedient reasonable orders
Landmarks generation time: 4.55801s
Discovered 239 landmarks, of which 35 are disjunctive and 0 are conjunctive 
635 edges
Initializing LAMA-FF Synergy Object
Initializing landmarks count heuristic...
58 initial landmarks, 50 goal landmarks
Starting search: lazy_greedy(list(hff1, hlm1), preferred = list(hff1, hlm1), cost_type = 1, reopen_closed = false)
Conducting lazy best first search, (real) bound = 2147483647
Best heuristic value: 181/244 [g=0, 1 evaluated, 0 expanded, t=9.34s]
Best heuristic value: 181/243 [g=1, 2 evaluated, 1 expanded, t=9.35s]
Best heuristic value: 179/242 [g=2, 3 evaluated, 2 expanded, t=9.36s]
Best heuristic value: 179/241 [g=3, 4 evaluated, 3 expanded, t=9.37s]
Best heuristic value: 179/237 [g=3, 7 evaluated, 6 expanded, t=9.4s]
Best heuristic value: 179/236 [g=4, 8 evaluated, 7 expanded, t=9.41s]
Best heuristic value: 178/236 [g=3, 16 evaluated, 15 expanded, t=9.49s]
Best heuristic value: 178/234 [g=5, 19 evaluated, 18 expanded, t=9.52s]
Best heuristic value: 177/234 [g=4, 32 evaluated, 31 expanded, t=9.65s]
Best heuristic value: 176/234 [g=5, 47 evaluated, 46 expanded, t=9.8s]
Best heuristic value: 176/233 [g=6, 48 evaluated, 47 expanded, t=9.81s]
Best heuristic value: 175/233 [g=6, 64 evaluated, 63 expanded, t=9.98s]
Best heuristic value: 175/232 [g=7, 74 evaluated, 73 expanded, t=10.08s]
Best heuristic value: 174/232 [g=7, 78 evaluated, 77 expanded, t=10.12s]
Best heuristic value: 174/231 [g=8, 109 evaluated, 108 expanded, t=10.44s]
Best heuristic value: 172/231 [g=8, 122 evaluated, 121 expanded, t=10.57s]
Best heuristic value: 172/230 [g=9, 143 evaluated, 142 expanded, t=10.79s]
Best heuristic value: 171/230 [g=9, 164 evaluated, 163 expanded, t=11.01s]
Best heuristic value: 171/229 [g=10, 219 evaluated, 218 expanded, t=11.58s]
Best heuristic value: 170/229 [g=10, 220 evaluated, 219 expanded, t=11.59s]
Best heuristic value: 170/228 [g=11, 261 evaluated, 260 expanded, t=12.01s]
Best heuristic value: 169/228 [g=11, 307 evaluated, 306 expanded, t=12.5s]
Best heuristic value: 169/227 [g=12, 342 evaluated, 341 expanded, t=12.85s]
Best heuristic value: 168/227 [g=12, 383 evaluated, 382 expanded, t=13.25s]
Best heuristic value: 168/226 [g=13, 426 evaluated, 425 expanded, t=13.67s]
Best heuristic value: 167/226 [g=13, 473 evaluated, 472 expanded, t=14.11s]
Best heuristic value: 167/225 [g=14, 509 evaluated, 508 expanded, t=14.4s]
Best heuristic value: 166/225 [g=14, 566 evaluated, 565 expanded, t=14.95s]
Best heuristic value: 166/224 [g=16, 669 evaluated, 668 expanded, t=16.02s]
Best heuristic value: 166/223 [g=17, 734 evaluated, 733 expanded, t=16.67s]
Best heuristic value: 166/222 [g=19, 927 evaluated, 926 expanded, t=18.71s]
Best heuristic value: 166/221 [g=20, 934 evaluated, 933 expanded, t=18.78s]
Best heuristic value: 164/221 [g=16, 992 evaluated, 991 expanded, t=19.4s]
Best heuristic value: 164/220 [g=21, 1003 evaluated, 1002 expanded, t=19.51s]
Best heuristic value: 164/219 [g=22, 1065 evaluated, 1064 expanded, t=20.15s]
Best heuristic value: 163/219 [g=17, 1080 evaluated, 1079 expanded, t=20.31s]
Best heuristic value: 163/218 [g=23, 1141 evaluated, 1140 expanded, t=20.94s]
Best heuristic value: 163/217 [g=25, 1292 evaluated, 1291 expanded, t=22.51s]
Best heuristic value: 163/216 [g=26, 1352 evaluated, 1351 expanded, t=23.13s]
Best heuristic value: 162/216 [g=27, 1362 evaluated, 1361 expanded, t=23.23s]
Best heuristic value: 161/216 [g=28, 1372 evaluated, 1371 expanded, t=23.34s]
Best heuristic value: 161/214 [g=29, 1382 evaluated, 1381 expanded, t=23.44s]
Best heuristic value: 160/214 [g=29, 1386 evaluated, 1385 expanded, t=23.48s]
Best heuristic value: 160/213 [g=30, 1391 evaluated, 1390 expanded, t=23.53s]
Best heuristic value: 159/213 [g=30, 1399 evaluated, 1398 expanded, t=23.61s]
Best heuristic value: 158/213 [g=31, 1455 evaluated, 1454 expanded, t=24.19s]
Best heuristic value: 158/212 [g=32, 1465 evaluated, 1464 expanded, t=24.29s]
Best heuristic value: 158/211 [g=33, 1474 evaluated, 1473 expanded, t=24.38s]
Best heuristic value: 157/211 [g=34, 1516 evaluated, 1515 expanded, t=24.81s]
Best heuristic value: 156/211 [g=36, 1619 evaluated, 1618 expanded, t=25.87s]
Best heuristic value: 156/210 [g=35, 1693 evaluated, 1692 expanded, t=26.63s]
Best heuristic value: 156/209 [g=36, 1701 evaluated, 1700 expanded, t=26.71s]
Best heuristic value: 156/208 [g=37, 1718 evaluated, 1717 expanded, t=26.89s]
Best heuristic value: 155/208 [g=38, 1762 evaluated, 1761 expanded, t=27.34s]
Best heuristic value: 155/207 [g=38, 1775 evaluated, 1774 expanded, t=27.48s]
Best heuristic value: 154/207 [g=40, 1846 evaluated, 1845 expanded, t=28.2s]
Best heuristic value: 154/206 [g=40, 1855 evaluated, 1854 expanded, t=28.3s]
Best heuristic value: 154/205 [g=41, 1859 evaluated, 1858 expanded, t=28.34s]
Best heuristic value: 153/205 [g=42, 1929 evaluated, 1928 expanded, t=29.07s]
Best heuristic value: 153/204 [g=43, 1938 evaluated, 1937 expanded, t=29.16s]
Best heuristic value: 153/203 [g=45, 2017 evaluated, 2016 expanded, t=29.97s]
Best heuristic value: 152/203 [g=46, 2037 evaluated, 2036 expanded, t=30.18s]
Best heuristic value: 151/203 [g=47, 2078 evaluated, 2077 expanded, t=30.61s]
Best heuristic value: 151/202 [g=48, 2108 evaluated, 2107 expanded, t=30.91s]
Best heuristic value: 150/202 [g=48, 2122 evaluated, 2121 expanded, t=31.05s]
Best heuristic value: 150/201 [g=49, 2162 evaluated, 2161 expanded, t=31.47s]
Best heuristic value: 150/200 [g=50, 2168 evaluated, 2167 expanded, t=31.54s]
Best heuristic value: 150/199 [g=51, 2239 evaluated, 2238 expanded, t=32.25s]
Best heuristic value: 150/198 [g=53, 2374 evaluated, 2373 expanded, t=33.64s]
Best heuristic value: 149/198 [g=50, 2404 evaluated, 2403 expanded, t=33.96s]
Best heuristic value: 149/197 [g=54, 2417 evaluated, 2416 expanded, t=34.09s]
Best heuristic value: 148/197 [g=51, 2488 evaluated, 2487 expanded, t=34.82s]
Best heuristic value: 148/196 [g=56, 2505 evaluated, 2504 expanded, t=34.99s]
Best heuristic value: 148/195 [g=57, 2511 evaluated, 2510 expanded, t=35.05s]
Best heuristic value: 147/195 [g=58, 2551 evaluated, 2550 expanded, t=35.47s]
Best heuristic value: 147/194 [g=59, 2647 evaluated, 2646 expanded, t=36.46s]
Best heuristic value: 146/194 [g=60, 2684 evaluated, 2683 expanded, t=36.84s]
Best heuristic value: 145/194 [g=61, 2762 evaluated, 2761 expanded, t=37.64s]
Best heuristic value: 145/193 [g=61, 2820 evaluated, 2819 expanded, t=38.26s]
Best heuristic value: 145/192 [g=62, 2856 evaluated, 2855 expanded, t=38.63s]
Best heuristic value: 145/191 [g=64, 2994 evaluated, 2993 expanded, t=40.08s]
Best heuristic value: 145/190 [g=65, 3052 evaluated, 3051 expanded, t=40.67s]
Best heuristic value: 144/190 [g=66, 3085 evaluated, 3084 expanded, t=41.02s]
Best heuristic value: 144/189 [g=66, 3115 evaluated, 3114 expanded, t=41.33s]
Best heuristic value: 144/188 [g=67, 3175 evaluated, 3174 expanded, t=41.95s]
Best heuristic value: 143/188 [g=68, 3199 evaluated, 3198 expanded, t=42.2s]
Best heuristic value: 143/187 [g=68, 3244 evaluated, 3243 expanded, t=42.66s]
Best heuristic value: 143/186 [g=69, 3314 evaluated, 3313 expanded, t=43.38s]
Best heuristic value: 143/185 [g=71, 3389 evaluated, 3388 expanded, t=44.16s]
Best heuristic value: 143/184 [g=72, 3427 evaluated, 3426 expanded, t=44.55s]
Best heuristic value: 143/183 [g=73, 3489 evaluated, 3488 expanded, t=45.22s]
Best heuristic value: 142/183 [g=74, 3524 evaluated, 3523 expanded, t=45.58s]
Best heuristic value: 142/182 [g=74, 3554 evaluated, 3553 expanded, t=45.89s]
Best heuristic value: 141/182 [g=75, 3588 evaluated, 3587 expanded, t=46.24s]
Best heuristic value: 140/182 [g=77, 3654 evaluated, 3653 expanded, t=46.92s]
Best heuristic value: 140/181 [g=76, 3781 evaluated, 3780 expanded, t=48.22s]
Best heuristic value: 140/180 [g=77, 3814 evaluated, 3813 expanded, t=48.56s]
Best heuristic value: 139/180 [g=78, 3851 evaluated, 3850 expanded, t=48.95s]
Best heuristic value: 139/179 [g=78, 3857 evaluated, 3856 expanded, t=49.01s]
Best heuristic value: 138/179 [g=79, 3893 evaluated, 3892 expanded, t=49.37s]
Best heuristic value: 137/179 [g=80, 3952 evaluated, 3951 expanded, t=49.98s]
Best heuristic value: 137/178 [g=81, 3987 evaluated, 3986 expanded, t=50.34s]
Best heuristic value: 136/177 [g=82, 3991 evaluated, 3990 expanded, t=50.38s]
Best heuristic value: 135/176 [g=83, 3993 evaluated, 3992 expanded, t=50.4s]
Best heuristic value: 134/176 [g=85, 4031 evaluated, 4030 expanded, t=50.79s]
Best heuristic value: 134/175 [g=85, 4102 evaluated, 4101 expanded, t=51.52s]
Best heuristic value: 134/174 [g=86, 4121 evaluated, 4120 expanded, t=51.71s]
Best heuristic value: 133/174 [g=88, 4259 evaluated, 4258 expanded, t=53.12s]
Best heuristic value: 133/173 [g=89, 4264 evaluated, 4263 expanded, t=53.17s]
Best heuristic value: 133/172 [g=90, 4267 evaluated, 4266 expanded, t=53.2s]
Best heuristic value: 133/171 [g=91, 4285 evaluated, 4284 expanded, t=53.38s]
Best heuristic value: 132/171 [g=90, 4330 evaluated, 4329 expanded, t=53.84s]
Best heuristic value: 132/170 [g=93, 4502 evaluated, 4501 expanded, t=55.61s]
Best heuristic value: 131/169 [g=94, 4536 evaluated, 4535 expanded, t=55.95s]
Best heuristic value: 130/169 [g=95, 4561 evaluated, 4560 expanded, t=56.21s]
Best heuristic value: 130/168 [g=95, 4571 evaluated, 4570 expanded, t=56.32s]
Best heuristic value: 129/167 [g=96, 4620 evaluated, 4619 expanded, t=56.82s]
Best heuristic value: 128/167 [g=97, 4651 evaluated, 4650 expanded, t=57.14s]
Best heuristic value: 128/166 [g=98, 4669 evaluated, 4668 expanded, t=57.33s]
Best heuristic value: 127/165 [g=99, 4687 evaluated, 4686 expanded, t=57.52s]
Best heuristic value: 127/164 [g=100, 4718 evaluated, 4717 expanded, t=57.84s]
Best heuristic value: 126/164 [g=101, 4730 evaluated, 4729 expanded, t=57.96s]
Best heuristic value: 126/163 [g=102, 4851 evaluated, 4850 expanded, t=59.2s]
Best heuristic value: 126/162 [g=103, 4868 evaluated, 4867 expanded, t=59.38s]
Best heuristic value: 126/161 [g=104, 4885 evaluated, 4884 expanded, t=59.55s]
Best heuristic value: 126/160 [g=105, 4924 evaluated, 4923 expanded, t=59.96s]
Best heuristic value: 125/160 [g=103, 4939 evaluated, 4938 expanded, t=60.12s]
Best heuristic value: 124/160 [g=104, 4958 evaluated, 4957 expanded, t=60.31s]
Best heuristic value: 124/159 [g=107, 5092 evaluated, 5091 expanded, t=61.68s]
Best heuristic value: 124/158 [g=109, 5212 evaluated, 5211 expanded, t=62.92s]
Best heuristic value: 124/157 [g=110, 5227 evaluated, 5226 expanded, t=63.07s]
Best heuristic value: 124/156 [g=111, 5247 evaluated, 5246 expanded, t=63.28s]
Best heuristic value: 123/156 [g=106, 5296 evaluated, 5295 expanded, t=63.79s]
Best heuristic value: 123/155 [g=112, 5303 evaluated, 5302 expanded, t=63.86s]
Best heuristic value: 122/155 [g=107, 5316 evaluated, 5315 expanded, t=63.99s]
Best heuristic value: 121/155 [g=108, 5346 evaluated, 5345 expanded, t=64.3s]
Best heuristic value: 121/154 [g=113, 5367 evaluated, 5366 expanded, t=64.52s]
Best heuristic value: 120/154 [g=109, 5406 evaluated, 5405 expanded, t=64.91s]
Best heuristic value: 119/154 [g=110, 5414 evaluated, 5413 expanded, t=65s]
Best heuristic value: 119/153 [g=114, 5431 evaluated, 5430 expanded, t=65.17s]
Best heuristic value: 118/153 [g=111, 5444 evaluated, 5443 expanded, t=65.3s]
Best heuristic value: 117/153 [g=112, 5472 evaluated, 5471 expanded, t=65.59s]
Best heuristic value: 117/152 [g=116, 5550 evaluated, 5549 expanded, t=66.39s]
Best heuristic value: 116/152 [g=114, 5691 evaluated, 5690 expanded, t=67.83s]
Best heuristic value: 116/151 [g=118, 5790 evaluated, 5789 expanded, t=68.86s]
Best heuristic value: 116/150 [g=119, 5804 evaluated, 5803 expanded, t=69s]
Best heuristic value: 115/150 [g=116, 6065 evaluated, 6064 expanded, t=71.64s]
Best heuristic value: 115/149 [g=121, 6147 evaluated, 6146 expanded, t=72.45s]
Best heuristic value: 114/149 [g=118, 6421 evaluated, 6420 expanded, t=75.22s]
Best heuristic value: 113/149 [g=119, 6426 evaluated, 6425 expanded, t=75.27s]
Best heuristic value: 113/148 [g=123, 6433 evaluated, 6432 expanded, t=75.34s]
Best heuristic value: 113/147 [g=125, 6569 evaluated, 6568 expanded, t=76.7s]
Best heuristic value: 113/146 [g=127, 6657 evaluated, 6656 expanded, t=77.58s]
Best heuristic value: 112/146 [g=121, 6986 evaluated, 6985 expanded, t=80.88s]
Best heuristic value: 111/146 [g=122, 7037 evaluated, 7036 expanded, t=81.41s]
Best heuristic value: 111/145 [g=129, 7161 evaluated, 7160 expanded, t=82.66s]
Best heuristic value: 110/145 [g=124, 7258 evaluated, 7257 expanded, t=83.64s]
Best heuristic value: 110/144 [g=131, 7301 evaluated, 7300 expanded, t=84.07s]
Best heuristic value: 109/144 [g=125, 7310 evaluated, 7309 expanded, t=84.16s]
Best heuristic value: 109/143 [g=133, 7778 evaluated, 7777 expanded, t=88.87s]
Best heuristic value: 109/142 [g=134, 7782 evaluated, 7781 expanded, t=88.91s]
Best heuristic value: 108/142 [g=127, 7910 evaluated, 7909 expanded, t=90.2s]
Best heuristic value: 107/142 [g=128, 7959 evaluated, 7958 expanded, t=90.69s]
Best heuristic value: 106/142 [g=129, 7966 evaluated, 7965 expanded, t=90.76s]
Best heuristic value: 105/142 [g=130, 7991 evaluated, 7990 expanded, t=91.01s]
Best heuristic value: 105/141 [g=136, 8148 evaluated, 8147 expanded, t=92.59s]
Best heuristic value: 105/140 [g=138, 8285 evaluated, 8284 expanded, t=93.95s]
Best heuristic value: 105/139 [g=139, 8313 evaluated, 8312 expanded, t=94.22s]
Best heuristic value: 104/139 [g=132, 8602 evaluated, 8601 expanded, t=97.11s]
Best heuristic value: 104/138 [g=141, 8659 evaluated, 8658 expanded, t=97.67s]
Best heuristic value: 104/137 [g=143, 8976 evaluated, 8975 expanded, t=100.81s]
Best heuristic value: 103/137 [g=134, 9207 evaluated, 9206 expanded, t=103.1s]
Best heuristic value: 103/136 [g=145, 9283 evaluated, 9282 expanded, t=103.85s]
Best heuristic value: 103/135 [g=146, 9320 evaluated, 9319 expanded, t=104.22s]
Best heuristic value: 103/134 [g=148, 9612 evaluated, 9611 expanded, t=107.12s]
Best heuristic value: 102/134 [g=136, 9846 evaluated, 9845 expanded, t=109.44s]
Best heuristic value: 102/133 [g=150, 9965 evaluated, 9964 expanded, t=110.66s]
Best heuristic value: 102/132 [g=151, 10001 evaluated, 10000 expanded, t=111.04s]
Best heuristic value: 102/131 [g=152, 10045 evaluated, 10044 expanded, t=111.49s]
Best heuristic value: 102/130 [g=154, 10397 evaluated, 10396 expanded, t=114.96s]
Best heuristic value: 101/130 [g=155, 10412 evaluated, 10411 expanded, t=115.1s]
Best heuristic value: 100/130 [g=156, 10439 evaluated, 10438 expanded, t=115.36s]
Best heuristic value: 99/129 [g=157, 10457 evaluated, 10456 expanded, t=115.53s]
Best heuristic value: 99/128 [g=158, 10466 evaluated, 10465 expanded, t=115.62s]
Best heuristic value: 99/127 [g=159, 10488 evaluated, 10487 expanded, t=115.84s]
Best heuristic value: 98/127 [g=159, 10507 evaluated, 10506 expanded, t=116.02s]
Best heuristic value: 97/127 [g=160, 10519 evaluated, 10518 expanded, t=116.14s]
Best heuristic value: 97/126 [g=162, 10648 evaluated, 10647 expanded, t=117.41s]
Best heuristic value: 97/125 [g=163, 10669 evaluated, 10668 expanded, t=117.61s]
Best heuristic value: 96/125 [g=162, 10748 evaluated, 10747 expanded, t=118.39s]
Best heuristic value: 95/125 [g=163, 10761 evaluated, 10760 expanded, t=118.51s]
Best heuristic value: 95/124 [g=164, 10766 evaluated, 10765 expanded, t=118.56s]
Best heuristic value: 94/124 [g=164, 10782 evaluated, 10781 expanded, t=118.72s]
Best heuristic value: 94/123 [g=165, 10785 evaluated, 10784 expanded, t=118.75s]
Best heuristic value: 93/123 [g=165, 10830 evaluated, 10829 expanded, t=119.19s]
Best heuristic value: 92/123 [g=166, 10837 evaluated, 10836 expanded, t=119.26s]
Best heuristic value: 92/122 [g=166, 10840 evaluated, 10839 expanded, t=119.28s]
Best heuristic value: 91/122 [g=167, 10859 evaluated, 10858 expanded, t=119.46s]
Best heuristic value: 91/120 [g=168, 10865 evaluated, 10864 expanded, t=119.52s]
Best heuristic value: 91/119 [g=169, 10907 evaluated, 10906 expanded, t=119.93s]
Best heuristic value: 91/118 [g=170, 10948 evaluated, 10947 expanded, t=120.34s]
Best heuristic value: 91/117 [g=171, 10962 evaluated, 10961 expanded, t=120.47s]
Best heuristic value: 91/116 [g=172, 11010 evaluated, 11009 expanded, t=120.93s]
Best heuristic value: 90/116 [g=169, 11040 evaluated, 11039 expanded, t=121.22s]
Best heuristic value: 90/115 [g=174, 11108 evaluated, 11107 expanded, t=121.9s]
Best heuristic value: 90/114 [g=176, 11161 evaluated, 11160 expanded, t=122.42s]
Best heuristic value: 90/113 [g=177, 11166 evaluated, 11165 expanded, t=122.47s]
Best heuristic value: 90/112 [g=179, 11219 evaluated, 11218 expanded, t=122.98s]
Best heuristic value: 89/111 [g=180, 11222 evaluated, 11221 expanded, t=123.01s]
Best heuristic value: 88/111 [g=181, 11241 evaluated, 11240 expanded, t=123.19s]
Best heuristic value: 88/110 [g=182, 11259 evaluated, 11258 expanded, t=123.37s]
Best heuristic value: 87/110 [g=182, 11281 evaluated, 11280 expanded, t=123.58s]
Best heuristic value: 87/109 [g=184, 11319 evaluated, 11318 expanded, t=123.95s]
Best heuristic value: 86/109 [g=183, 11327 evaluated, 11326 expanded, t=124.03s]
Best heuristic value: 86/108 [g=185, 11336 evaluated, 11335 expanded, t=124.12s]
Best heuristic value: 85/108 [g=185, 11391 evaluated, 11390 expanded, t=124.65s]
Best heuristic value: 84/108 [g=187, 11446 evaluated, 11445 expanded, t=125.19s]
Best heuristic value: 84/107 [g=187, 11449 evaluated, 11448 expanded, t=125.22s]
Best heuristic value: 83/107 [g=189, 11564 evaluated, 11563 expanded, t=126.33s]
Best heuristic value: 83/106 [g=189, 11690 evaluated, 11689 expanded, t=127.55s]
Best heuristic value: 82/106 [g=191, 11763 evaluated, 11762 expanded, t=128.26s]
Best heuristic value: 81/106 [g=192, 11806 evaluated, 11805 expanded, t=128.68s]
Best heuristic value: 81/105 [g=193, 11812 evaluated, 11811 expanded, t=128.74s]
Best heuristic value: 80/104 [g=194, 11816 evaluated, 11815 expanded, t=128.78s]
Best heuristic value: 79/104 [g=195, 11819 evaluated, 11818 expanded, t=128.81s]
Best heuristic value: 79/103 [g=195, 11830 evaluated, 11829 expanded, t=128.92s]
Best heuristic value: 79/102 [g=196, 11835 evaluated, 11834 expanded, t=128.97s]
Best heuristic value: 78/102 [g=196, 11863 evaluated, 11862 expanded, t=129.24s]
Best heuristic value: 78/101 [g=197, 11874 evaluated, 11873 expanded, t=129.35s]
Best heuristic value: 77/101 [g=198, 11913 evaluated, 11912 expanded, t=129.73s]
Best heuristic value: 77/100 [g=199, 11916 evaluated, 11915 expanded, t=129.76s]
Best heuristic value: 76/99 [g=200, 11919 evaluated, 11918 expanded, t=129.79s]
Best heuristic value: 75/98 [g=201, 11921 evaluated, 11920 expanded, t=129.81s]
Best heuristic value: 74/97 [g=202, 11923 evaluated, 11922 expanded, t=129.83s]
Best heuristic value: 73/97 [g=204, 12039 evaluated, 12038 expanded, t=130.96s]
Best heuristic value: 73/96 [g=205, 12046 evaluated, 12045 expanded, t=131.03s]
Best heuristic value: 72/95 [g=206, 12052 evaluated, 12051 expanded, t=131.09s]
Best heuristic value: 71/94 [g=208, 12122 evaluated, 12121 expanded, t=131.77s]
Best heuristic value: 70/93 [g=210, 12151 evaluated, 12150 expanded, t=132.05s]
Best heuristic value: 69/93 [g=212, 12289 evaluated, 12288 expanded, t=133.39s]
Best heuristic value: 69/92 [g=213, 12299 evaluated, 12298 expanded, t=133.49s]
Best heuristic value: 69/90 [g=214, 12311 evaluated, 12310 expanded, t=133.6s]
Best heuristic value: 69/89 [g=215, 12315 evaluated, 12314 expanded, t=133.64s]
Best heuristic value: 68/89 [g=213, 12324 evaluated, 12323 expanded, t=133.73s]
Best heuristic value: 67/89 [g=214, 12368 evaluated, 12367 expanded, t=134.16s]
Best heuristic value: 66/89 [g=215, 12379 evaluated, 12378 expanded, t=134.26s]
Best heuristic value: 66/87 [g=216, 12393 evaluated, 12392 expanded, t=134.4s]
Best heuristic value: 66/86 [g=217, 12396 evaluated, 12395 expanded, t=134.43s]
Best heuristic value: 65/85 [g=219, 12542 evaluated, 12541 expanded, t=135.85s]
Best heuristic value: 64/85 [g=221, 12647 evaluated, 12646 expanded, t=136.86s]
Best heuristic value: 64/84 [g=222, 12650 evaluated, 12649 expanded, t=136.89s]
Best heuristic value: 64/83 [g=223, 12742 evaluated, 12741 expanded, t=137.79s]
Best heuristic value: 64/82 [g=224, 12746 evaluated, 12745 expanded, t=137.83s]
Best heuristic value: 63/82 [g=225, 12748 evaluated, 12747 expanded, t=137.85s]
Best heuristic value: 62/82 [g=227, 12871 evaluated, 12870 expanded, t=139.05s]
Best heuristic value: 62/81 [g=228, 12879 evaluated, 12878 expanded, t=139.13s]
Best heuristic value: 61/80 [g=229, 12885 evaluated, 12884 expanded, t=139.19s]
Best heuristic value: 60/79 [g=231, 12948 evaluated, 12947 expanded, t=139.8s]
Best heuristic value: 60/78 [g=232, 12950 evaluated, 12949 expanded, t=139.82s]
Best heuristic value: 59/77 [g=233, 12953 evaluated, 12952 expanded, t=139.85s]
Best heuristic value: 58/76 [g=234, 12955 evaluated, 12954 expanded, t=139.87s]
Best heuristic value: 57/76 [g=236, 13069 evaluated, 13068 expanded, t=140.99s]
Best heuristic value: 57/75 [g=237, 13075 evaluated, 13074 expanded, t=141.05s]
Best heuristic value: 57/74 [g=237, 13085 evaluated, 13084 expanded, t=141.14s]
Best heuristic value: 56/73 [g=238, 13094 evaluated, 13093 expanded, t=141.23s]
Best heuristic value: 55/72 [g=239, 13098 evaluated, 13097 expanded, t=141.27s]
Best heuristic value: 54/72 [g=241, 13197 evaluated, 13196 expanded, t=142.23s]
Best heuristic value: 54/71 [g=242, 13220 evaluated, 13219 expanded, t=142.45s]
Best heuristic value: 53/70 [g=243, 13229 evaluated, 13228 expanded, t=142.54s]
Best heuristic value: 53/69 [g=244, 13233 evaluated, 13232 expanded, t=142.58s]
Best heuristic value: 52/68 [g=245, 13296 evaluated, 13295 expanded, t=143.2s]
Best heuristic value: 51/68 [g=247, 13426 evaluated, 13425 expanded, t=144.46s]
Best heuristic value: 51/67 [g=247, 13430 evaluated, 13429 expanded, t=144.5s]
Best heuristic value: 50/67 [g=248, 13441 evaluated, 13440 expanded, t=144.6s]
Best heuristic value: 49/67 [g=249, 13443 evaluated, 13442 expanded, t=144.62s]
Best heuristic value: 48/67 [g=250, 13445 evaluated, 13444 expanded, t=144.64s]
Best heuristic value: 48/66 [g=251, 13447 evaluated, 13446 expanded, t=144.66s]
Best heuristic value: 48/65 [g=251, 13448 evaluated, 13447 expanded, t=144.67s]
Best heuristic value: 47/65 [g=251, 13456 evaluated, 13455 expanded, t=144.75s]
Best heuristic value: 47/64 [g=252, 13459 evaluated, 13458 expanded, t=144.78s]
Best heuristic value: 47/63 [g=253, 13470 evaluated, 13469 expanded, t=144.88s]
Best heuristic value: 47/61 [g=254, 13482 evaluated, 13481 expanded, t=144.99s]
Best heuristic value: 47/60 [g=255, 13500 evaluated, 13499 expanded, t=145.17s]
Best heuristic value: 46/59 [g=256, 13502 evaluated, 13501 expanded, t=145.19s]
Best heuristic value: 45/59 [g=257, 13509 evaluated, 13508 expanded, t=145.25s]
Best heuristic value: 45/57 [g=258, 13514 evaluated, 13513 expanded, t=145.3s]
Best heuristic value: 44/57 [g=259, 13519 evaluated, 13518 expanded, t=145.35s]
Best heuristic value: 43/57 [g=260, 13523 evaluated, 13522 expanded, t=145.39s]
Best heuristic value: 43/56 [g=261, 13529 evaluated, 13528 expanded, t=145.45s]
Best heuristic value: 42/56 [g=262, 13564 evaluated, 13563 expanded, t=145.79s]
Best heuristic value: 41/56 [g=263, 13565 evaluated, 13564 expanded, t=145.8s]
Best heuristic value: 41/55 [g=263, 13566 evaluated, 13565 expanded, t=145.81s]
Best heuristic value: 40/55 [g=264, 13567 evaluated, 13566 expanded, t=145.82s]
Best heuristic value: 40/54 [g=264, 13569 evaluated, 13568 expanded, t=145.84s]
Best heuristic value: 40/53 [g=265, 13570 evaluated, 13569 expanded, t=145.85s]
Best heuristic value: 40/52 [g=266, 13590 evaluated, 13589 expanded, t=146.05s]
Best heuristic value: 39/52 [g=265, 13591 evaluated, 13590 expanded, t=146.06s]
Best heuristic value: 39/51 [g=267, 13610 evaluated, 13609 expanded, t=146.24s]
Best heuristic value: 38/51 [g=268, 13612 evaluated, 13611 expanded, t=146.26s]
Best heuristic value: 38/50 [g=269, 13644 evaluated, 13643 expanded, t=146.57s]
Best heuristic value: 37/50 [g=270, 13646 evaluated, 13645 expanded, t=146.59s]
Best heuristic value: 37/49 [g=271, 13788 evaluated, 13787 expanded, t=147.97s]
Best heuristic value: 36/49 [g=272, 13790 evaluated, 13789 expanded, t=147.99s]
Best heuristic value: 36/48 [g=272, 13807 evaluated, 13806 expanded, t=148.16s]
Best heuristic value: 35/47 [g=273, 13821 evaluated, 13820 expanded, t=148.29s]
Best heuristic value: 34/47 [g=274, 13822 evaluated, 13821 expanded, t=148.3s]
Best heuristic value: 34/46 [g=274, 13833 evaluated, 13832 expanded, t=148.41s]
Best heuristic value: 33/46 [g=275, 13835 evaluated, 13834 expanded, t=148.43s]
Best heuristic value: 33/45 [g=276, 13957 evaluated, 13956 expanded, t=149.61s]
Best heuristic value: 33/44 [g=277, 13972 evaluated, 13971 expanded, t=149.75s]
Best heuristic value: 32/44 [g=277, 13973 evaluated, 13972 expanded, t=149.76s]
Best heuristic value: 32/43 [g=278, 13990 evaluated, 13989 expanded, t=149.92s]
Best heuristic value: 32/42 [g=279, 13992 evaluated, 13991 expanded, t=149.94s]
Best heuristic value: 32/41 [g=281, 14098 evaluated, 14097 expanded, t=150.98s]
Best heuristic value: 31/41 [g=282, 14111 evaluated, 14110 expanded, t=151.11s]
Best heuristic value: 30/41 [g=284, 14182 evaluated, 14181 expanded, t=151.78s]
Best heuristic value: 29/41 [g=285, 14198 evaluated, 14197 expanded, t=151.93s]
Best heuristic value: 29/40 [g=286, 14207 evaluated, 14206 expanded, t=152.02s]
Best heuristic value: 29/39 [g=287, 14216 evaluated, 14215 expanded, t=152.11s]
Best heuristic value: 28/38 [g=289, 14355 evaluated, 14354 expanded, t=153.46s]
Best heuristic value: 27/37 [g=290, 14362 evaluated, 14361 expanded, t=153.53s]
Best heuristic value: 26/36 [g=291, 14373 evaluated, 14372 expanded, t=153.63s]
Best heuristic value: 25/36 [g=293, 14438 evaluated, 14437 expanded, t=154.26s]
Best heuristic value: 25/35 [g=293, 14443 evaluated, 14442 expanded, t=154.31s]
Best heuristic value: 24/35 [g=294, 14462 evaluated, 14461 expanded, t=154.5s]
Best heuristic value: 23/34 [g=295, 14475 evaluated, 14474 expanded, t=154.62s]
Best heuristic value: 22/33 [g=297, 14565 evaluated, 14564 expanded, t=155.49s]
Best heuristic value: 21/33 [g=299, 14669 evaluated, 14668 expanded, t=156.5s]
Best heuristic value: 20/31 [g=300, 14680 evaluated, 14679 expanded, t=156.61s]
Best heuristic value: 20/30 [g=301, 14687 evaluated, 14686 expanded, t=156.67s]
Best heuristic value: 19/30 [g=302, 14898 evaluated, 14897 expanded, t=158.7s]
Best heuristic value: 18/29 [g=303, 14911 evaluated, 14910 expanded, t=158.82s]
Best heuristic value: 18/28 [g=304, 14918 evaluated, 14917 expanded, t=158.89s]
Best heuristic value: 18/27 [g=305, 14932 evaluated, 14931 expanded, t=159.02s]
Best heuristic value: 18/25 [g=308, 15101 evaluated, 15100 expanded, t=160.62s]
Best heuristic value: 17/25 [g=305, 15112 evaluated, 15111 expanded, t=160.72s]
Best heuristic value: 16/25 [g=306, 15125 evaluated, 15124 expanded, t=160.84s]
Best heuristic value: 16/24 [g=311, 15272 evaluated, 15271 expanded, t=162.21s]
Best heuristic value: 16/23 [g=312, 15284 evaluated, 15283 expanded, t=162.32s]
Best heuristic value: 16/22 [g=313, 15300 evaluated, 15299 expanded, t=162.46s]
Best heuristic value: 16/21 [g=314, 15304 evaluated, 15303 expanded, t=162.5s]
Best heuristic value: 16/20 [g=315, 15313 evaluated, 15312 expanded, t=162.58s]
Best heuristic value: 16/18 [g=316, 15320 evaluated, 15319 expanded, t=162.64s]
Best heuristic value: 15/18 [g=317, 15326 evaluated, 15325 expanded, t=162.69s]
Best heuristic value: 15/17 [g=317, 15334 evaluated, 15333 expanded, t=162.75s]
Best heuristic value: 14/17 [g=318, 15336 evaluated, 15335 expanded, t=162.77s]
Best heuristic value: 14/16 [g=318, 15347 evaluated, 15346 expanded, t=162.86s]
Best heuristic value: 13/16 [g=319, 15351 evaluated, 15350 expanded, t=162.89s]
Best heuristic value: 13/15 [g=319, 15360 evaluated, 15359 expanded, t=162.96s]
Best heuristic value: 12/15 [g=320, 15364 evaluated, 15363 expanded, t=162.99s]
Best heuristic value: 12/14 [g=320, 15373 evaluated, 15372 expanded, t=163.06s]
Best heuristic value: 11/14 [g=321, 15377 evaluated, 15376 expanded, t=163.1s]
Best heuristic value: 11/13 [g=321, 15386 evaluated, 15385 expanded, t=163.17s]
Best heuristic value: 10/13 [g=322, 15390 evaluated, 15389 expanded, t=163.2s]
Best heuristic value: 9/13 [g=323, 15401 evaluated, 15400 expanded, t=163.29s]
Best heuristic value: 9/12 [g=323, 15410 evaluated, 15409 expanded, t=163.36s]
Best heuristic value: 9/11 [g=324, 15412 evaluated, 15411 expanded, t=163.38s]
Best heuristic value: 9/10 [g=325, 15416 evaluated, 15415 expanded, t=163.41s]
Best heuristic value: 9/9 [g=326, 15419 evaluated, 15418 expanded, t=163.43s]
Best heuristic value: 8/8 [g=327, 15420 evaluated, 15419 expanded, t=163.44s]
Best heuristic value: 7/7 [g=328, 15421 evaluated, 15420 expanded, t=163.45s]
Best heuristic value: 6/6 [g=329, 15422 evaluated, 15421 expanded, t=163.45s]
Best heuristic value: 5/5 [g=330, 15423 evaluated, 15422 expanded, t=163.46s]
Best heuristic value: 4/5 [g=331, 15424 evaluated, 15423 expanded, t=163.47s]
Best heuristic value: 4/4 [g=331, 15427 evaluated, 15426 expanded, t=163.49s]
Best heuristic value: 3/4 [g=332, 15428 evaluated, 15427 expanded, t=163.49s]
Best heuristic value: 2/2 [g=332, 15431 evaluated, 15430 expanded, t=163.51s]
Best heuristic value: 1/1 [g=333, 15432 evaluated, 15431 expanded, t=163.51s]
Solution found!
Actual search time: 154.18s [t=163.51s]
move-down-slow slow3-0 n39 n34 (10)
board p17 slow3-0 n34 n0 n1 (0)
board p0 fast1 n10 n0 n1 (0)
move-down-slow slow3-0 n34 n30 (9)
move-down-slow slow1-0 n15 n10 (10)
move-up-slow slow3-0 n30 n35 (10)
board p15 slow3-0 n35 n1 n2 (0)
board p35 slow2-0 n21 n0 n1 (0)
move-up-slow slow2-0 n21 n28 (12)
board p41 fast3 n40 n0 n1 (0)
move-down-slow slow3-0 n35 n30 (10)
board p8 fast3 n40 n1 n2 (0)
move-down-fast fast3 n40 n35 (16)
leave p8 fast3 n35 n2 n1 (0)
move-up-slow slow0-0 n1 n9 (13)
board p33 slow0-0 n9 n0 n1 (0)
board p43 slow0-0 n9 n1 n2 (0)
move-up-slow slow0-0 n9 n10 (6)
leave p33 slow0-0 n10 n2 n1 (0)
board p33 slow1-0 n10 n0 n1 (0)
board p47 slow2-0 n28 n1 n2 (0)
leave p35 slow2-0 n28 n2 n1 (0)
board p49 slow2-0 n28 n1 n2 (0)
move-down-slow slow0-0 n10 n4 (11)
board p14 slow0-0 n4 n1 n2 (0)
board p30 slow0-0 n4 n2 n3 (0)
move-up-slow slow1-0 n10 n11 (6)
board p1 slow1-0 n11 n1 n2 (0)
move-up-slow slow1-0 n11 n19 (13)
board p10 slow1-0 n19 n2 n3 (0)
leave p33 slow1-0 n19 n3 n2 (0)
move-down-slow slow1-0 n19 n10 (14)
leave p1 slow1-0 n10 n2 n1 (0)
move-up-slow slow0-0 n4 n10 (11)
leave p14 slow0-0 n10 n3 n2 (0)
board p1 slow0-0 n10 n2 n3 (0)
board p14 fast1 n10 n1 n2 (0)
leave p30 slow0-0 n10 n3 n2 (0)
move-up-fast fast1 n10 n30 (61)
leave p0 fast1 n30 n2 n1 (0)
board p0 slow3-0 n30 n2 n3 (0)
move-up-slow slow3-0 n30 n34 (9)
leave p0 slow3-0 n34 n3 n2 (0)
move-down-slow slow0-0 n10 n3 (12)
leave p1 slow0-0 n3 n2 n1 (0)
leave p14 fast1 n30 n1 n0 (0)
board p20 slow3-0 n34 n2 n3 (0)
move-down-slow slow2-0 n28 n25 (8)
board p30 slow1-0 n10 n1 n2 (0)
leave p10 slow1-0 n10 n2 n1 (0)
move-down-fast fast1 n30 n15 (46)
move-up-slow slow0-0 n3 n5 (7)
board p11 slow0-0 n5 n1 n2 (0)
board p24 slow0-0 n5 n2 n3 (0)
move-down-slow slow0-0 n5 n4 (6)
leave p11 slow0-0 n4 n3 n2 (0)
move-down-slow slow0-0 n4 n3 (6)
move-up-slow slow0-0 n3 n5 (7)
board p5 slow0-0 n5 n2 n3 (0)
move-up-slow slow3-0 n34 n35 (6)
leave p20 slow3-0 n35 n3 n2 (0)
board p20 fast3 n35 n1 n2 (0)
move-down-fast fast3 n35 n25 (31)
leave p41 fast3 n25 n2 n1 (0)
board p41 slow2-0 n25 n2 n3 (0)
leave p47 slow2-0 n25 n3 n2 (0)
board p47 fast3 n25 n1 n2 (0)
leave p49 slow2-0 n25 n2 n1 (0)
board p49 fast3 n25 n2 n3 (0)
move-down-fast fast3 n25 n10 (46)
board p10 fast3 n10 n3 n4 (0)
leave p20 fast3 n10 n4 n3 (0)
leave p47 fast3 n10 n3 n2 (0)
leave p49 fast3 n10 n2 n1 (0)
move-up-slow slow0-0 n5 n10 (10)
leave p24 slow0-0 n10 n3 n2 (0)
board p20 slow0-0 n10 n2 n3 (0)
board p24 slow1-0 n10 n1 n2 (0)
move-up-slow slow1-0 n10 n13 (8)
board p47 slow0-0 n10 n3 n4 (0)
move-down-slow slow0-0 n10 n1 (14)
leave p20 slow0-0 n1 n4 n3 (0)
move-up-slow slow0-0 n1 n3 (7)
move-down-slow slow3-0 n35 n30 (10)
board p14 slow3-0 n30 n2 n3 (0)
move-up-slow slow2-0 n25 n28 (8)
move-up-slow slow0-0 n3 n7 (9)
board p16 slow0-0 n7 n3 n4 (0)
move-up-slow slow0-0 n7 n10 (8)
leave p16 slow0-0 n10 n4 n3 (0)
board p16 fast3 n10 n1 n2 (0)
move-down-slow slow2-0 n28 n22 (11)
board p25 slow2-0 n22 n1 n2 (0)
board p26 slow2-0 n22 n2 n3 (0)
board p32 slow2-0 n22 n3 n4 (0)
leave p41 slow2-0 n22 n4 n3 (0)
board p46 slow2-0 n22 n3 n4 (0)
move-up-slow slow2-0 n22 n30 (13)
leave p25 slow2-0 n30 n4 n3 (0)
leave p46 slow2-0 n30 n3 n2 (0)
move-down-fast fast3 n10 n0 (31)
board p13 fast3 n0 n2 n3 (0)
move-up-fast fast3 n0 n5 (16)
board p18 fast3 n5 n3 n4 (0)
move-up-fast fast3 n5 n10 (16)
move-down-slow slow1-0 n13 n10 (8)
board p6 fast1 n15 n0 n1 (0)
move-up-fast fast3 n10 n30 (61)
leave p16 fast3 n30 n4 n3 (0)
leave p18 fast3 n30 n3 n2 (0)
board p18 slow2-0 n30 n2 n3 (0)
board p46 fast3 n30 n2 n3 (0)
move-up-fast fast1 n15 n30 (46)
leave p6 fast1 n30 n1 n0 (0)
move-down-fast fast3 n30 n10 (61)
leave p46 fast3 n10 n3 n2 (0)
move-down-slow slow2-0 n30 n28 (7)
leave p18 slow2-0 n28 n3 n2 (0)
move-down-slow slow2-0 n28 n22 (11)
move-up-slow slow2-0 n22 n23 (6)
board p23 slow2-0 n23 n2 n3 (0)
move-up-slow slow2-0 n23 n30 (12)
leave p23 slow2-0 n30 n3 n2 (0)
move-up-fast fast3 n10 n30 (61)
board p23 fast3 n30 n2 n3 (0)
move-down-fast fast3 n30 n10 (61)
leave p23 fast3 n10 n3 n2 (0)
move-down-slow slow0-0 n10 n2 (13)
leave p43 slow0-0 n2 n3 n2 (0)
move-up-slow slow0-0 n2 n10 (13)
board p23 slow0-0 n10 n2 n3 (0)
move-down-slow slow0-0 n10 n2 (13)
leave p23 slow0-0 n2 n3 n2 (0)
move-up-slow slow0-0 n2 n3 (6)
move-up-slow slow0-0 n3 n7 (9)
board p22 slow0-0 n7 n2 n3 (0)
move-up-slow slow0-0 n7 n10 (8)
leave p22 slow0-0 n10 n3 n2 (0)
board p22 slow1-0 n10 n2 n3 (0)
move-up-slow slow1-0 n10 n13 (8)
leave p22 slow1-0 n13 n3 n2 (0)
move-up-slow slow1-0 n13 n16 (8)
leave p24 slow1-0 n16 n2 n1 (0)
move-down-slow slow2-0 n30 n27 (8)
leave p26 slow2-0 n27 n2 n1 (0)
board p36 slow2-0 n27 n1 n2 (0)
move-up-slow slow2-0 n27 n29 (7)
leave p36 slow2-0 n29 n2 n1 (0)
move-down-slow slow2-0 n29 n26 (8)
board p27 slow2-0 n26 n1 n2 (0)
leave p32 slow2-0 n26 n2 n1 (0)
board p39 slow2-0 n26 n1 n2 (0)
move-up-slow slow2-0 n26 n27 (6)
leave p27 slow2-0 n27 n2 n1 (0)
board p16 slow3-0 n30 n3 n4 (0)
board p28 slow2-0 n27 n1 n2 (0)
move-down-slow slow2-0 n27 n22 (10)
move-up-fast fast3 n10 n25 (46)
leave p10 fast3 n25 n2 n1 (0)
leave p13 fast3 n25 n1 n0 (0)
move-up-slow slow3-0 n30 n36 (11)
leave p14 slow3-0 n36 n4 n3 (0)
leave p17 slow3-0 n36 n3 n2 (0)
board p2 slow3-0 n36 n2 n3 (0)
board p40 slow3-0 n36 n3 n4 (0)
move-down-slow slow3-0 n36 n30 (11)
leave p2 slow3-0 n30 n4 n3 (0)
board p2 fast1 n30 n0 n1 (0)
leave p40 slow3-0 n30 n3 n2 (0)
board p40 fast1 n30 n1 n2 (0)
leave p2 fast1 n30 n2 n1 (0)
move-down-slow slow1-0 n16 n10 (11)
move-up-slow slow3-0 n30 n37 (12)
board p12 slow3-0 n37 n2 n3 (0)
move-down-slow slow3-0 n37 n30 (12)
leave p12 slow3-0 n30 n3 n2 (0)
board p12 fast1 n30 n1 n2 (0)
move-down-fast fast1 n30 n10 (61)
leave p12 fast1 n10 n2 n1 (0)
board p12 slow0-0 n10 n2 n3 (0)
move-up-slow slow1-0 n10 n13 (8)
leave p40 fast1 n10 n1 n0 (0)
board p40 slow0-0 n10 n3 n4 (0)
move-down-slow slow0-0 n10 n3 (12)
leave p12 slow0-0 n3 n4 n3 (0)
move-up-slow slow3-0 n30 n38 (13)
leave p15 slow3-0 n38 n2 n1 (0)
move-up-slow slow2-0 n22 n30 (13)
board p2 slow2-0 n30 n2 n3 (0)
move-down-slow slow3-0 n38 n33 (10)
board p19 slow3-0 n33 n1 n2 (0)
board p42 slow3-0 n33 n2 n3 (0)
move-down-slow slow3-0 n33 n30 (8)
leave p19 slow3-0 n30 n3 n2 (0)
board p19 slow2-0 n30 n3 n4 (0)
leave p28 slow2-0 n30 n4 n3 (0)
leave p42 slow3-0 n30 n2 n1 (0)
board p42 slow2-0 n30 n3 n4 (0)
move-down-slow slow2-0 n30 n22 (13)
leave p19 slow2-0 n22 n4 n3 (0)
move-up-slow slow2-0 n22 n29 (12)
leave p2 slow2-0 n29 n3 n2 (0)
move-up-slow slow3-0 n30 n37 (12)
board p21 slow3-0 n37 n1 n2 (0)
move-down-slow slow3-0 n37 n30 (12)
leave p21 slow3-0 n30 n2 n1 (0)
move-up-slow slow2-0 n29 n30 (6)
board p21 slow2-0 n30 n2 n3 (0)
move-down-slow slow2-0 n30 n23 (12)
leave p21 slow2-0 n23 n3 n2 (0)
move-up-slow slow0-0 n3 n7 (9)
board p3 slow0-0 n7 n3 n4 (0)
leave p40 slow0-0 n7 n4 n3 (0)
board p45 slow0-0 n7 n3 n4 (0)
move-up-slow slow0-0 n7 n10 (8)
leave p3 slow0-0 n10 n4 n3 (0)
board p3 fast1 n10 n0 n1 (0)
move-down-slow slow2-0 n23 n20 (8)
leave p39 slow2-0 n20 n2 n1 (0)
move-up-fast fast1 n10 n35 (76)
leave p3 fast1 n35 n1 n0 (0)
move-up-fast fast0 n25 n30 (16)
board p28 fast0 n30 n0 n1 (0)
move-down-fast fast0 n30 n10 (61)
leave p28 fast0 n10 n1 n0 (0)
move-up-slow slow3-0 n30 n31 (6)
board p29 slow3-0 n31 n1 n2 (0)
move-down-slow slow3-0 n31 n30 (6)
leave p29 slow3-0 n30 n2 n1 (0)
move-up-slow slow2-0 n20 n30 (15)
board p29 slow2-0 n30 n1 n2 (0)
move-down-slow slow2-0 n30 n23 (12)
leave p29 slow2-0 n23 n2 n1 (0)
move-up-slow slow2-0 n23 n29 (11)
move-down-slow slow0-0 n10 n0 (15)
board p37 slow0-0 n0 n3 n4 (0)
move-up-slow slow0-0 n0 n9 (14)
leave p37 slow0-0 n9 n4 n3 (0)
move-down-slow slow0-0 n9 n3 (11)
move-up-slow slow0-0 n3 n6 (8)
board p7 slow0-0 n6 n3 n4 (0)
move-down-slow slow0-0 n6 n5 (6)
leave p45 slow0-0 n5 n4 n3 (0)
move-up-slow slow0-0 n5 n10 (10)
leave p7 slow0-0 n10 n3 n2 (0)
move-up-slow slow3-0 n30 n31 (6)
board p31 slow3-0 n31 n1 n2 (0)
board p34 slow3-0 n31 n2 n3 (0)
move-up-slow slow3-0 n31 n39 (13)
leave p16 slow3-0 n39 n3 n2 (0)
move-up-slow slow1-0 n13 n20 (12)
move-down-slow slow3-0 n39 n35 (9)
leave p31 slow3-0 n35 n2 n1 (0)
board p31 fast1 n35 n0 n1 (0)
board p39 slow1-0 n20 n1 n2 (0)
leave p30 slow1-0 n20 n2 n1 (0)
move-down-slow slow1-0 n20 n13 (12)
move-down-fast fast1 n35 n10 (76)
leave p31 fast1 n10 n1 n0 (0)
board p31 slow0-0 n10 n2 n3 (0)
move-down-slow slow2-0 n29 n20 (14)
board p30 slow2-0 n20 n1 n2 (0)
move-up-slow slow2-0 n20 n29 (14)
leave p30 slow2-0 n29 n2 n1 (0)
board p28 fast0 n10 n0 n1 (0)
move-down-slow slow2-0 n29 n26 (8)
leave p42 slow2-0 n26 n1 n0 (0)
move-down-slow slow0-0 n10 n3 (12)
leave p31 slow0-0 n3 n3 n2 (0)
leave p39 slow1-0 n13 n1 n0 (0)
move-up-slow slow1-0 n13 n16 (8)
move-up-slow slow1-0 n16 n17 (6)
board p44 slow1-0 n17 n0 n1 (0)
move-down-slow slow1-0 n17 n16 (6)
move-down-slow slow1-0 n16 n10 (11)
board p7 slow1-0 n10 n1 n2 (0)
leave p44 slow1-0 n10 n2 n1 (0)
board p44 fast0 n10 n1 n2 (0)
leave p28 fast0 n10 n2 n1 (0)
move-up-slow slow0-0 n3 n8 (10)
leave p47 slow0-0 n8 n2 n1 (0)
move-up-slow slow1-0 n10 n16 (11)
move-up-fast fast0 n10 n35 (76)
leave p44 fast0 n35 n1 n0 (0)
board p44 slow3-0 n35 n1 n2 (0)
move-down-fast fast0 n35 n20 (46)
leave p34 slow3-0 n35 n2 n1 (0)
move-up-slow slow1-0 n16 n19 (8)
board p48 slow1-0 n19 n1 n2 (0)
move-down-slow slow1-0 n19 n16 (8)
leave p7 slow1-0 n16 n2 n1 (0)
move-down-slow slow3-0 n35 n32 (8)
board p38 slow3-0 n32 n1 n2 (0)
leave p44 slow3-0 n32 n2 n1 (0)
move-down-slow slow3-0 n32 n30 (7)
leave p5 slow0-0 n8 n1 n0 (0)
move-down-slow slow0-0 n8 n3 (10)
move-up-slow slow3-0 n30 n37 (12)
board p4 slow3-0 n37 n1 n2 (0)
move-down-slow slow3-0 n37 n30 (12)
move-up-slow slow3-0 n30 n33 (8)
board p9 slow3-0 n33 n2 n3 (0)
move-down-slow slow3-0 n33 n30 (8)
leave p38 slow3-0 n30 n3 n2 (0)
leave p4 slow3-0 n30 n2 n1 (0)
move-down-slow slow1-0 n16 n10 (11)
leave p48 slow1-0 n10 n1 n0 (0)
board p48 fast1 n10 n0 n1 (0)
move-up-slow slow0-0 n3 n10 (12)
move-up-fast fast1 n10 n30 (61)
board p38 fast1 n30 n1 n2 (0)
board p4 fast1 n30 n2 n3 (0)
leave p48 fast1 n30 n3 n2 (0)
move-down-fast fast1 n30 n10 (61)
leave p38 fast1 n10 n2 n1 (0)
board p38 slow0-0 n10 n0 n1 (0)
board p48 slow3-0 n30 n1 n2 (0)
move-up-slow slow3-0 n30 n38 (13)
leave p48 slow3-0 n38 n2 n1 (0)
move-down-slow slow3-0 n38 n34 (9)
leave p9 slow3-0 n34 n1 n0 (0)
move-up-fast fast1 n10 n35 (76)
board p34 fast1 n35 n1 n2 (0)
move-down-fast fast1 n35 n10 (76)
leave p34 fast1 n10 n2 n1 (0)
board p34 slow0-0 n10 n1 n2 (0)
move-down-slow slow0-0 n10 n3 (12)
leave p34 slow0-0 n3 n2 n1 (0)
move-up-slow slow0-0 n3 n6 (8)
leave p38 slow0-0 n6 n1 n0 (0)
leave p4 fast1 n10 n1 n0 (0)
board p4 slow1-0 n10 n0 n1 (0)
move-up-slow slow1-0 n10 n16 (11)
leave p4 slow1-0 n16 n1 n0 (0)
Plan length: 334 step(s).
Plan cost: 2376
Initial state h value: 181/244.
Expanded 15432 state(s).
Reopened 0 state(s).
Evaluated 15433 state(s).
Evaluations: 30866
Generated 1396100 state(s).
Dead ends: 0 state(s).
Best solution cost so far: 2376
Solution found - keep searching
Starting search: lazy_greedy(list(hff2, hlm2), preferred = list(hff2, hlm2), reopen_closed = false)
Conducting lazy best first search, (real) bound = 2376
Best heuristic value: 349/707 [g=0, 1 evaluated, 0 expanded, t=163.52s]
Best heuristic value: 343/619 [g=10, 2 evaluated, 1 expanded, t=163.53s]
Best heuristic value: 341/618 [g=10, 3 evaluated, 2 expanded, t=163.54s]
Best heuristic value: 335/618 [g=24, 5 evaluated, 4 expanded, t=163.56s]
Best heuristic value: 335/617 [g=10, 7 evaluated, 6 expanded, t=163.58s]
Best heuristic value: 332/617 [g=24, 11 evaluated, 10 expanded, t=163.62s]
Best heuristic value: 332/616 [g=10, 16 evaluated, 15 expanded, t=163.66s]
Best heuristic value: 331/616 [g=24, 17 evaluated, 16 expanded, t=163.67s]
Best heuristic value: 331/612 [g=34, 21 evaluated, 20 expanded, t=163.71s]
Best heuristic value: 325/612 [g=31, 25 evaluated, 24 expanded, t=163.75s]
Best heuristic value: 325/600 [g=41, 27 evaluated, 26 expanded, t=163.77s]
Best heuristic value: 325/597 [g=47, 33 evaluated, 32 expanded, t=163.82s]
Best heuristic value: 318/597 [g=40, 36 evaluated, 35 expanded, t=163.85s]
Best heuristic value: 318/596 [g=47, 41 evaluated, 40 expanded, t=163.9s]
Best heuristic value: 317/596 [g=40, 47 evaluated, 46 expanded, t=163.95s]
Best heuristic value: 316/596 [g=61, 52 evaluated, 51 expanded, t=164s]
Best heuristic value: 316/581 [g=57, 54 evaluated, 53 expanded, t=164.02s]
Best heuristic value: 315/581 [g=61, 61 evaluated, 60 expanded, t=164.08s]
Best heuristic value: 315/578 [g=71, 64 evaluated, 63 expanded, t=164.11s]
Best heuristic value: 315/577 [g=71, 71 evaluated, 70 expanded, t=164.18s]
Best heuristic value: 308/577 [g=74, 73 evaluated, 72 expanded, t=164.2s]
Best heuristic value: 308/565 [g=85, 76 evaluated, 75 expanded, t=164.22s]
Best heuristic value: 308/561 [g=84, 82 evaluated, 81 expanded, t=164.28s]
Best heuristic value: 307/561 [g=74, 84 evaluated, 83 expanded, t=164.29s]
Best heuristic value: 307/560 [g=84, 93 evaluated, 92 expanded, t=164.38s]
Best heuristic value: 307/557 [g=120, 97 evaluated, 96 expanded, t=164.41s]
Best heuristic value: 307/542 [g=130, 110 evaluated, 109 expanded, t=164.53s]
Best heuristic value: 306/542 [g=74, 123 evaluated, 122 expanded, t=164.65s]
Best heuristic value: 306/541 [g=136, 124 evaluated, 123 expanded, t=164.66s]
Best heuristic value: 306/540 [g=136, 139 evaluated, 138 expanded, t=164.8s]
Best heuristic value: 306/525 [g=144, 157 evaluated, 156 expanded, t=164.97s]
Best heuristic value: 305/524 [g=144, 175 evaluated, 174 expanded, t=165.14s]
Best heuristic value: 305/521 [g=150, 186 evaluated, 185 expanded, t=165.25s]
Best heuristic value: 305/520 [g=151, 188 evaluated, 187 expanded, t=165.27s]
Best heuristic value: 304/520 [g=144, 206 evaluated, 205 expanded, t=165.45s]
Best heuristic value: 304/519 [g=151, 209 evaluated, 208 expanded, t=165.48s]
Best heuristic value: 304/518 [g=151, 241 evaluated, 240 expanded, t=165.79s]
Best heuristic value: 303/518 [g=144, 270 evaluated, 269 expanded, t=166.08s]
Best heuristic value: 296/518 [g=152, 272 evaluated, 271 expanded, t=166.1s]
Best heuristic value: 296/514 [g=159, 289 evaluated, 288 expanded, t=166.27s]
Best heuristic value: 296/512 [g=159, 294 evaluated, 293 expanded, t=166.32s]
Best heuristic value: 296/511 [g=158, 296 evaluated, 295 expanded, t=166.34s]
Best heuristic value: 296/510 [g=158, 324 evaluated, 323 expanded, t=166.6s]
Best heuristic value: 295/510 [g=152, 336 evaluated, 335 expanded, t=166.71s]
Best heuristic value: 295/506 [g=166, 370 evaluated, 369 expanded, t=167.05s]
Best heuristic value: 294/506 [g=152, 407 evaluated, 406 expanded, t=167.41s]
Best heuristic value: 294/505 [g=172, 419 evaluated, 418 expanded, t=167.53s]
Best heuristic value: 294/504 [g=172, 465 evaluated, 464 expanded, t=167.99s]
Best heuristic value: 293/504 [g=161, 520 evaluated, 519 expanded, t=168.53s]
Best heuristic value: 293/503 [g=172, 523 evaluated, 522 expanded, t=168.56s]
Best heuristic value: 292/503 [g=170, 637 evaluated, 636 expanded, t=169.68s]
Best heuristic value: 291/503 [g=180, 822 evaluated, 821 expanded, t=171.51s]
Best heuristic value: 291/502 [g=178, 1162 evaluated, 1161 expanded, t=174.85s]
Best heuristic value: 291/501 [g=184, 1216 evaluated, 1215 expanded, t=175.38s]
Best heuristic value: 290/501 [g=186, 1294 evaluated, 1293 expanded, t=176.16s]
Best heuristic value: 289/501 [g=186, 1348 evaluated, 1347 expanded, t=176.69s]
Best heuristic value: 282/501 [g=192, 1362 evaluated, 1361 expanded, t=176.82s]
Best heuristic value: 282/499 [g=198, 1638 evaluated, 1637 expanded, t=179.53s]
Best heuristic value: 282/498 [g=198, 1650 evaluated, 1649 expanded, t=179.65s]
Best heuristic value: 282/497 [g=198, 1668 evaluated, 1667 expanded, t=179.83s]
Best heuristic value: 282/494 [g=210, 1702 evaluated, 1701 expanded, t=180.16s]
Best heuristic value: 282/491 [g=218, 1740 evaluated, 1739 expanded, t=180.55s]
Best heuristic value: 281/491 [g=200, 1787 evaluated, 1786 expanded, t=181.01s]
Best heuristic value: 280/491 [g=207, 2317 evaluated, 2316 expanded, t=186.25s]
Best heuristic value: 279/491 [g=207, 2356 evaluated, 2355 expanded, t=186.63s]
Best heuristic value: 278/491 [g=218, 2487 evaluated, 2486 expanded, t=187.93s]
Best heuristic value: 277/491 [g=218, 2528 evaluated, 2527 expanded, t=188.33s]
Best heuristic value: 277/489 [g=230, 2695 evaluated, 2694 expanded, t=189.99s]
Best heuristic value: 276/489 [g=229, 3177 evaluated, 3176 expanded, t=194.51s]
Best heuristic value: 276/488 [g=236, 3337 evaluated, 3336 expanded, t=196.18s]
Best heuristic value: 276/487 [g=242, 3386 evaluated, 3385 expanded, t=196.68s]
Best heuristic value: 275/487 [g=236, 3936 evaluated, 3935 expanded, t=202.33s]
Best heuristic value: 274/487 [g=236, 3997 evaluated, 3996 expanded, t=202.95s]
Best heuristic value: 273/487 [g=236, 4052 evaluated, 4051 expanded, t=203.52s]
Best heuristic value: 272/487 [g=242, 4861 evaluated, 4860 expanded, t=211.85s]
Best heuristic value: 271/487 [g=254, 5661 evaluated, 5660 expanded, t=220.04s]
Best heuristic value: 270/487 [g=267, 5971 evaluated, 5970 expanded, t=223.2s]
Best heuristic value: 270/484 [g=254, 6553 evaluated, 6552 expanded, t=229.11s]
Best heuristic value: 270/482 [g=263, 6573 evaluated, 6572 expanded, t=229.31s]
Best heuristic value: 270/480 [g=269, 6617 evaluated, 6616 expanded, t=229.77s]
Best heuristic value: 269/480 [g=280, 6823 evaluated, 6822 expanded, t=231.86s]
Best heuristic value: 268/480 [g=286, 7759 evaluated, 7758 expanded, t=241.55s]
Best heuristic value: 267/480 [g=286, 7801 evaluated, 7800 expanded, t=241.97s]
Best heuristic value: 266/480 [g=295, 8968 evaluated, 8967 expanded, t=253.85s]
Best heuristic value: 265/480 [g=295, 9015 evaluated, 9014 expanded, t=254.33s]
Best heuristic value: 264/480 [g=295, 9436 evaluated, 9435 expanded, t=258.65s]
Best heuristic value: 263/480 [g=302, 10716 evaluated, 10715 expanded, t=271.74s]
Best heuristic value: 262/480 [g=314, 11573 evaluated, 11572 expanded, t=280.43s]
Best heuristic value: 261/480 [g=314, 11990 evaluated, 11989 expanded, t=284.71s]
Best heuristic value: 260/480 [g=323, 13079 evaluated, 13078 expanded, t=295.98s]
Best heuristic value: 259/480 [g=323, 13129 evaluated, 13128 expanded, t=296.5s]
Best heuristic value: 258/480 [g=323, 13533 evaluated, 13532 expanded, t=300.68s]
Best heuristic value: 257/480 [g=334, 13843 evaluated, 13842 expanded, t=303.9s]
Best heuristic value: 257/479 [g=354, 14407 evaluated, 14406 expanded, t=309.69s]
Best heuristic value: 257/477 [g=360, 14425 evaluated, 14424 expanded, t=309.88s]
Best heuristic value: 257/473 [g=368, 14453 evaluated, 14452 expanded, t=310.18s]
Best heuristic value: 257/472 [g=374, 14499 evaluated, 14498 expanded, t=310.67s]
Best heuristic value: 256/472 [g=374, 14571 evaluated, 14570 expanded, t=311.43s]
Best heuristic value: 255/472 [g=382, 15186 evaluated, 15185 expanded, t=317.89s]
Best heuristic value: 255/470 [g=390, 15221 evaluated, 15220 expanded, t=318.26s]
Best heuristic value: 254/470 [g=396, 15773 evaluated, 15772 expanded, t=324.06s]
Best heuristic value: 254/468 [g=404, 15781 evaluated, 15780 expanded, t=324.15s]
Best heuristic value: 254/467 [g=404, 15790 evaluated, 15789 expanded, t=324.24s]
Best heuristic value: 254/466 [g=404, 15810 evaluated, 15809 expanded, t=324.45s]
Best heuristic value: 247/466 [g=405, 15811 evaluated, 15810 expanded, t=324.46s]
Best heuristic value: 247/463 [g=416, 15846 evaluated, 15845 expanded, t=324.82s]
Best heuristic value: 247/460 [g=424, 15884 evaluated, 15883 expanded, t=325.21s]
Best heuristic value: 247/459 [g=424, 15940 evaluated, 15939 expanded, t=325.79s]
Best heuristic value: 246/459 [g=430, 16414 evaluated, 16413 expanded, t=330.72s]
Best heuristic value: 245/459 [g=439, 16784 evaluated, 16783 expanded, t=334.56s]
Best heuristic value: 245/457 [g=449, 16805 evaluated, 16804 expanded, t=334.78s]
Best heuristic value: 244/457 [g=447, 17383 evaluated, 17382 expanded, t=340.82s]
Best heuristic value: 243/457 [g=454, 18031 evaluated, 18030 expanded, t=347.56s]
Best heuristic value: 242/457 [g=462, 18140 evaluated, 18139 expanded, t=348.7s]
Best heuristic value: 241/457 [g=471, 18256 evaluated, 18255 expanded, t=349.9s]
Best heuristic value: 240/457 [g=471, 18597 evaluated, 18596 expanded, t=353.45s]
Best heuristic value: 239/457 [g=479, 18864 evaluated, 18863 expanded, t=356.23s]
Best heuristic value: 239/455 [g=479, 19332 evaluated, 19331 expanded, t=361.11s]
Best heuristic value: 238/455 [g=487, 19428 evaluated, 19427 expanded, t=362.1s]
Best heuristic value: 237/455 [g=500, 20076 evaluated, 20075 expanded, t=368.84s]
Best heuristic value: 236/455 [g=500, 20502 evaluated, 20501 expanded, t=373.25s]
Best heuristic value: 236/454 [g=518, 20941 evaluated, 20940 expanded, t=377.76s]
Best heuristic value: 236/452 [g=525, 20956 evaluated, 20955 expanded, t=377.91s]
Best heuristic value: 236/451 [g=531, 21001 evaluated, 21000 expanded, t=378.36s]
Best heuristic value: 235/449 [g=531, 21047 evaluated, 21046 expanded, t=378.83s]
Best heuristic value: 234/449 [g=537, 21836 evaluated, 21835 expanded, t=387.02s]
Best heuristic value: 227/449 [g=545, 21841 evaluated, 21840 expanded, t=387.07s]
Best heuristic value: 227/448 [g=554, 21891 evaluated, 21890 expanded, t=387.57s]
Best heuristic value: 227/447 [g=554, 21940 evaluated, 21939 expanded, t=388.08s]
Best heuristic value: 226/447 [g=554, 22751 evaluated, 22750 expanded, t=396.44s]
Best heuristic value: 225/447 [g=560, 22918 evaluated, 22917 expanded, t=398.15s]
Best heuristic value: 224/447 [g=560, 22961 evaluated, 22960 expanded, t=398.59s]
Best heuristic value: 224/446 [g=580, 23295 evaluated, 23294 expanded, t=402.02s]
Best heuristic value: 224/445 [g=586, 23336 evaluated, 23335 expanded, t=402.44s]
Best heuristic value: 223/445 [g=572, 23948 evaluated, 23947 expanded, t=408.74s]
Best heuristic value: 216/445 [g=584, 23952 evaluated, 23951 expanded, t=408.79s]
Best heuristic value: 216/439 [g=605, 24268 evaluated, 24267 expanded, t=412.03s]
Best heuristic value: 216/437 [g=604, 24277 evaluated, 24276 expanded, t=412.12s]
Best heuristic value: 216/435 [g=610, 24317 evaluated, 24316 expanded, t=412.53s]
Best heuristic value: 216/434 [g=610, 24371 evaluated, 24370 expanded, t=413.08s]
Best heuristic value: 215/434 [g=590, 24959 evaluated, 24958 expanded, t=419.15s]
Best heuristic value: 214/434 [g=590, 25184 evaluated, 25183 expanded, t=421.47s]
Best heuristic value: 207/434 [g=598, 25185 evaluated, 25184 expanded, t=421.48s]
Best heuristic value: 207/428 [g=623, 25323 evaluated, 25322 expanded, t=422.89s]
Best heuristic value: 207/427 [g=629, 25376 evaluated, 25375 expanded, t=423.44s]
Best heuristic value: 206/427 [g=607, 26191 evaluated, 26190 expanded, t=431.9s]
Best heuristic value: 205/427 [g=607, 26233 evaluated, 26232 expanded, t=432.33s]
Best heuristic value: 204/427 [g=607, 26280 evaluated, 26279 expanded, t=432.8s]
Best heuristic value: 197/427 [g=618, 26291 evaluated, 26290 expanded, t=432.91s]
Best heuristic value: 196/427 [g=630, 26552 evaluated, 26551 expanded, t=435.59s]
Best heuristic value: 195/427 [g=643, 27219 evaluated, 27218 expanded, t=442.48s]
Best heuristic value: 195/425 [g=658, 27843 evaluated, 27842 expanded, t=448.92s]
Best heuristic value: 195/422 [g=664, 27849 evaluated, 27848 expanded, t=448.98s]
Best heuristic value: 195/420 [g=671, 27861 evaluated, 27860 expanded, t=449.1s]
Best heuristic value: 195/419 [g=671, 27879 evaluated, 27878 expanded, t=449.28s]
Best heuristic value: 195/418 [g=671, 27921 evaluated, 27920 expanded, t=449.71s]
Best heuristic value: 194/418 [g=654, 28253 evaluated, 28252 expanded, t=453.13s]
Best heuristic value: 194/412 [g=684, 28505 evaluated, 28504 expanded, t=455.7s]
Best heuristic value: 194/411 [g=690, 28549 evaluated, 28548 expanded, t=456.16s]
Best heuristic value: 193/411 [g=661, 31121 evaluated, 31120 expanded, t=482.69s]
Best heuristic value: 193/405 [g=709, 32916 evaluated, 32915 expanded, t=501.95s]
Best heuristic value: 192/405 [g=667, 40792 evaluated, 40791 expanded, t=585.61s]
Best heuristic value: 191/405 [g=675, 40886 evaluated, 40885 expanded, t=586.6s]
Best heuristic value: 190/405 [g=675, 40931 evaluated, 40930 expanded, t=587.07s]
Best heuristic value: 189/405 [g=683, 41742 evaluated, 41741 expanded, t=595.63s]
Best heuristic value: 182/405 [g=689, 41743 evaluated, 41742 expanded, t=595.64s]
Best heuristic value: 181/405 [g=689, 41746 evaluated, 41745 expanded, t=595.67s]
Best heuristic value: 180/405 [g=698, 42501 evaluated, 42500 expanded, t=603.64s]
Best heuristic value: 173/405 [g=707, 42503 evaluated, 42502 expanded, t=603.66s]
Best heuristic value: 172/405 [g=723, 51832 evaluated, 51831 expanded, t=702.46s]
Best heuristic value: 171/405 [g=748, 63796 evaluated, 63795 expanded, t=829.93s]
Best heuristic value: 171/403 [g=769, 67337 evaluated, 67336 expanded, t=867.77s]
Best heuristic value: 171/399 [g=771, 67343 evaluated, 67342 expanded, t=867.84s]
Best heuristic value: 171/398 [g=771, 67358 evaluated, 67357 expanded, t=868s]
Best heuristic value: 171/394 [g=790, 70109 evaluated, 70108 expanded, t=898.01s]
Best heuristic value: 171/391 [g=798, 70118 evaluated, 70117 expanded, t=898.1s]
Best heuristic value: 170/391 [g=773, 83827 evaluated, 83826 expanded, t=1047.86s]
Best heuristic value: 169/391 [g=782, 83922 evaluated, 83921 expanded, t=1048.89s]
Best heuristic value: 168/391 [g=789, 84768 evaluated, 84767 expanded, t=1058.12s]
Best heuristic value: 161/391 [g=796, 84769 evaluated, 84768 expanded, t=1058.13s]
Best heuristic value: 160/391 [g=814, 113404 evaluated, 113403 expanded, t=1370.22s]
Best heuristic value: 160/384 [g=810, 146705 evaluated, 146704 expanded, t=1717s]
Best heuristic value: 160/383 [g=816, 146723 evaluated, 146722 expanded, t=1717.19s]
Best heuristic value: 159/383 [g=840, 150348 evaluated, 150347 expanded, t=1755.43s]
Best heuristic value: 158/383 [g=840, 150401 evaluated, 150400 expanded, t=1755.98s]
Best heuristic value: 157/383 [g=853, 151287 evaluated, 151286 expanded, t=1765.27s]
Best heuristic value: 150/383 [g=866, 151291 evaluated, 151290 expanded, t=1765.31s]
Best heuristic value: 150/381 [g=910, 158859 evaluated, 158858 expanded, t=1844.22s]
Best heuristic value: 150/380 [g=910, 158868 evaluated, 158867 expanded, t=1844.31s]
Best heuristic value: 150/379 [g=910, 158885 evaluated, 158884 expanded, t=1844.48s]
Best heuristic value: 150/373 [g=917, 158893 evaluated, 158892 expanded, t=1844.56s]
Best heuristic value: 150/366 [g=929, 166179 evaluated, 166178 expanded, t=1920.3s]
Best heuristic value: 150/365 [g=935, 166198 evaluated, 166197 expanded, t=1920.5s]
Best heuristic value: 150/364 [g=933, 1313579 evaluated, 1313578 expanded, t=12236.5s]
Best heuristic value: 150/362 [g=937, 1313588 evaluated, 1313587 expanded, t=12236.6s]
Best heuristic value: 150/361 [g=936, 1313601 evaluated, 1313600 expanded, t=12236.7s]
Best heuristic value: 150/359 [g=1094, 1473370 evaluated, 1473369 expanded, t=13416.7s]
Best heuristic value: 150/358 [g=1094, 1473397 evaluated, 1473396 expanded, t=13417s]
Best heuristic value: 150/353 [g=1100, 1473408 evaluated, 1473407 expanded, t=13417s]
Best heuristic value: 150/352 [g=1108, 1473425 evaluated, 1473424 expanded, t=13417.2s]
Best heuristic value: 150/351 [g=1114, 1473456 evaluated, 1473455 expanded, t=13417.4s]
Best heuristic value: 150/345 [g=1121, 1473584 evaluated, 1473583 expanded, t=13418.3s]
terminate called after throwing an instance of 'std::bad_alloc'
  what():  std::bad_alloc
warning: could not determine peak memory
Peak memory: -1 KB
caught signal 6 -- exiting
../../downward/src/search/downward: line 184: 52101 Aborted                 "$PLANNER" --heuristic "hlm1,hff1=lm_ff_syn(lm_rhw(
                    reasonable_orders=true,lm_cost_type=1,cost_type=1))" --heuristic "hlm2,hff2=lm_ff_syn(lm_rhw(
                    reasonable_orders=true,lm_cost_type=2,cost_type=2))" --search "iterated([
                    lazy_greedy([hff1,hlm1],preferred=[hff1,hlm1],
                                cost_type=1,reopen_closed=false),
                    lazy_greedy([hff2,hlm2],preferred=[hff2,hlm2],
                                reopen_closed=false),
                    lazy_wastar([hff2,hlm2],preferred=[hff2,hlm2],w=5),
                    lazy_wastar([hff2,hlm2],preferred=[hff2,hlm2],w=3),
                    lazy_wastar([hff2,hlm2],preferred=[hff2,hlm2],w=2),
                    lazy_wastar([hff2,hlm2],preferred=[hff2,hlm2],w=1)],
                    repeat_last=true,continue_on_fail=true)" "$@" < $TEMPFILE
