1. Running translator
Second argument is a file name: use two translator arguments.
Parsing... [0.000s CPU, 0.047s wall-clock]
Instantiating...
Normalizing task... [0.000s CPU, 0.001s wall-clock]
Generating Datalog program... [0.010s CPU, 0.002s wall-clock]
Normalizing Datalog program...
Normalizing Datalog program: [0.020s CPU, 0.090s wall-clock]
Preparing model... [0.020s CPU, 0.013s wall-clock]
Generated 115 rules.
Computing model... [0.270s CPU, 0.285s wall-clock]
3296 relevant atoms
3425 auxiliary atoms
6721 final queue length
11595 total queue pushes
Completing instantiation... [0.520s CPU, 0.521s wall-clock]
Instantiating: [0.850s CPU, 0.917s wall-clock]
Computing fact groups...
Finding invariants...
24 initial candidates
Finding invariants: [0.070s CPU, 0.066s wall-clock]
Checking invariant weight... [0.000s CPU, 0.000s wall-clock]
Instantiating groups... [0.000s CPU, 0.003s wall-clock]
Collecting mutex groups... [0.000s CPU, 0.000s wall-clock]
Choosing groups...
350 uncovered facts
Choosing groups: [0.000s CPU, 0.001s wall-clock]
Building translation key... [0.000s CPU, 0.001s wall-clock]
Computing fact groups: [0.080s CPU, 0.078s wall-clock]
Building STRIPS to SAS dictionary... [0.000s CPU, 0.001s wall-clock]
Building dictionary for full mutex groups... [0.000s CPU, 0.001s wall-clock]
Building mutex information...
Building mutex information: [0.010s CPU, 0.002s wall-clock]
Translating task...
Processing axioms...
Simplifying axioms... [0.000s CPU, 0.000s wall-clock]
Processing axioms: [0.010s CPU, 0.017s wall-clock]
Translating task: [0.240s CPU, 0.245s wall-clock]
22 implied effects removed
0 effect conditions simplified
0 implied preconditions added
Detecting unreachable propositions...
0 operators removed
3 propositions removed
Detecting unreachable propositions: [0.090s CPU, 0.090s wall-clock]
Translator variables: 353
Translator derived variables: 0
Translator facts: 737
Translator mutex groups: 19
Translator total mutex groups size: 85
Translator operators: 2344
Translator task size: 22491
Translator peak memory: 155996 KB
Writing output... [0.050s CPU, 0.075s wall-clock]
Done! [1.330s CPU, 1.469s wall-clock]

2. Running preprocessor
Building causal graph...
The causal graph is not acyclic.
353 variables of 353 necessary
16 of 19 mutex groups necessary.
2344 of 2344 operators necessary.
0 of 0 axiom rules necessary.
Building domain transition graphs...
solveable in poly time 0
Building successor generator...
Preprocessor facts: 737
Preprocessor derived variables: 0
Preprocessor task size: 22454
Writing output...
done


3. Running search
Dispatcher selected state size 1.
This is a nonunit task.
Simplifying transitions... done!
Initializing Exploration...
Generating landmarks using the RPG/SAS+ approach
approx. reasonable orders
approx. obedient reasonable orders
Removed 0 reasonable or obedient reasonable orders
Landmarks generation time: 0.137877s
Discovered 96 landmarks, of which 2 are disjunctive and 0 are conjunctive 
215 edges
Initializing LAMA-FF Synergy Object
Initializing landmarks count heuristic...
63 initial landmarks, 14 goal landmarks
Initializing Exploration...
Generating landmarks using the RPG/SAS+ approach
approx. reasonable orders
approx. obedient reasonable orders
Removed 0 reasonable or obedient reasonable orders
Landmarks generation time: 0.137341s
Discovered 96 landmarks, of which 2 are disjunctive and 0 are conjunctive 
215 edges
Initializing LAMA-FF Synergy Object
Initializing landmarks count heuristic...
63 initial landmarks, 14 goal landmarks
Starting search: lazy_greedy(list(hff1, hlm1), preferred = list(hff1, hlm1), cost_type = 1, reopen_closed = false)
Conducting lazy best first search, (real) bound = 2147483647
Best heuristic value: 33/36 [g=0, 1 evaluated, 0 expanded, t=0.5s]
Best heuristic value: 32/36 [g=1, 2 evaluated, 1 expanded, t=0.5s]
Best heuristic value: 32/34 [g=1, 5 evaluated, 4 expanded, t=0.5s]
Best heuristic value: 31/34 [g=3, 11 evaluated, 10 expanded, t=0.5s]
Best heuristic value: 29/34 [g=4, 14 evaluated, 13 expanded, t=0.5s]
Best heuristic value: 29/33 [g=6, 23 evaluated, 22 expanded, t=0.51s]
Best heuristic value: 28/33 [g=8, 33 evaluated, 32 expanded, t=0.52s]
Best heuristic value: 28/32 [g=9, 34 evaluated, 33 expanded, t=0.52s]
Best heuristic value: 27/32 [g=13, 82 evaluated, 81 expanded, t=0.55s]
Best heuristic value: 27/31 [g=14, 83 evaluated, 82 expanded, t=0.55s]
Best heuristic value: 26/31 [g=24, 237 evaluated, 236 expanded, t=0.65s]
Best heuristic value: 26/30 [g=25, 238 evaluated, 237 expanded, t=0.65s]
Best heuristic value: 26/29 [g=30, 281 evaluated, 280 expanded, t=0.68s]
Best heuristic value: 25/29 [g=31, 283 evaluated, 282 expanded, t=0.68s]
Best heuristic value: 24/29 [g=42, 441 evaluated, 440 expanded, t=0.79s]
Best heuristic value: 24/28 [g=43, 442 evaluated, 441 expanded, t=0.79s]
Best heuristic value: 24/27 [g=48, 484 evaluated, 483 expanded, t=0.82s]
Best heuristic value: 23/27 [g=49, 486 evaluated, 485 expanded, t=0.82s]
Best heuristic value: 22/27 [g=60, 628 evaluated, 627 expanded, t=0.91s]
Best heuristic value: 22/26 [g=61, 629 evaluated, 628 expanded, t=0.91s]
Best heuristic value: 22/25 [g=66, 673 evaluated, 672 expanded, t=0.94s]
Best heuristic value: 21/25 [g=67, 675 evaluated, 674 expanded, t=0.94s]
Best heuristic value: 20/25 [g=80, 924 evaluated, 923 expanded, t=1.1s]
Best heuristic value: 19/25 [g=85, 988 evaluated, 987 expanded, t=1.14s]
Best heuristic value: 19/24 [g=86, 989 evaluated, 988 expanded, t=1.14s]
Best heuristic value: 18/24 [g=96, 1156 evaluated, 1155 expanded, t=1.24s]
Best heuristic value: 18/23 [g=97, 1157 evaluated, 1156 expanded, t=1.24s]
Best heuristic value: 18/22 [g=102, 1203 evaluated, 1202 expanded, t=1.27s]
Best heuristic value: 17/22 [g=103, 1205 evaluated, 1204 expanded, t=1.27s]
Best heuristic value: 16/22 [g=120, 1353 evaluated, 1352 expanded, t=1.36s]
Best heuristic value: 16/21 [g=121, 1354 evaluated, 1353 expanded, t=1.36s]
Best heuristic value: 16/20 [g=126, 1389 evaluated, 1388 expanded, t=1.38s]
Best heuristic value: 15/20 [g=127, 1391 evaluated, 1390 expanded, t=1.38s]
Best heuristic value: 14/20 [g=130, 1576 evaluated, 1575 expanded, t=1.5s]
Best heuristic value: 14/19 [g=145, 1751 evaluated, 1750 expanded, t=1.6s]
Best heuristic value: 14/18 [g=150, 1793 evaluated, 1792 expanded, t=1.62s]
Best heuristic value: 13/18 [g=151, 1795 evaluated, 1794 expanded, t=1.63s]
Best heuristic value: 13/17 [g=159, 9684 evaluated, 9683 expanded, t=6.51s]
Best heuristic value: 13/16 [g=163, 9697 evaluated, 9696 expanded, t=6.52s]
Best heuristic value: 13/15 [g=169, 9729 evaluated, 9728 expanded, t=6.53s]
Best heuristic value: 12/15 [g=170, 9731 evaluated, 9730 expanded, t=6.54s]
Best heuristic value: 11/15 [g=188, 10282 evaluated, 10281 expanded, t=6.86s]
Best heuristic value: 10/15 [g=195, 10334 evaluated, 10333 expanded, t=6.89s]
Best heuristic value: 10/14 [g=212, 24160 evaluated, 24159 expanded, t=14.85s]
Best heuristic value: 10/13 [g=213, 24161 evaluated, 24160 expanded, t=14.86s]
Best heuristic value: 10/12 [g=216, 24178 evaluated, 24177 expanded, t=14.86s]
Best heuristic value: 9/12 [g=217, 24180 evaluated, 24179 expanded, t=14.87s]
Best heuristic value: 8/12 [g=235, 24828 evaluated, 24827 expanded, t=15.26s]
Best heuristic value: 7/12 [g=242, 24861 evaluated, 24860 expanded, t=15.28s]
Best heuristic value: 7/11 [g=233, 33166 evaluated, 33165 expanded, t=19.78s]
Best heuristic value: 7/10 [g=236, 33182 evaluated, 33181 expanded, t=19.79s]
Best heuristic value: 6/10 [g=237, 33184 evaluated, 33183 expanded, t=19.79s]
Best heuristic value: 5/10 [g=240, 33190 evaluated, 33189 expanded, t=19.79s]
Best heuristic value: 5/9 [g=249, 33384 evaluated, 33383 expanded, t=19.89s]
Best heuristic value: 5/8 [g=254, 33405 evaluated, 33404 expanded, t=19.91s]
Best heuristic value: 4/8 [g=255, 33407 evaluated, 33406 expanded, t=19.91s]
Best heuristic value: 4/7 [g=266, 33539 evaluated, 33538 expanded, t=19.98s]
Best heuristic value: 4/6 [g=267, 33541 evaluated, 33540 expanded, t=19.98s]
Best heuristic value: 4/5 [g=278, 35319 evaluated, 35318 expanded, t=20.9s]
Best heuristic value: 4/4 [g=279, 35324 evaluated, 35323 expanded, t=20.9s]
Best heuristic value: 3/3 [g=280, 35326 evaluated, 35325 expanded, t=20.9s]
Best heuristic value: 3/2 [g=281, 35327 evaluated, 35326 expanded, t=20.9s]
Best heuristic value: 1/1 [g=282, 35328 evaluated, 35327 expanded, t=20.9s]
Solution found!
Actual search time: 20.41s [t=20.91s]
grasp right shot14 (1)
fill-shot shot14 ingredient4 right left dispenser4 (10)
grasp left shaker1 (1)
pour-shot-to-clean-shaker shot14 ingredient4 shaker1 right l0 l1 (1)
leave left shaker1 (1)
clean-shot shot14 ingredient4 right left (1)
fill-shot shot14 ingredient3 right left dispenser3 (10)
grasp left shaker1 (1)
pour-shot-to-used-shaker shot14 ingredient3 shaker1 right l1 l2 (1)
leave left shaker1 (1)
clean-shot shot14 ingredient3 right left (1)
fill-shot shot14 ingredient4 right left dispenser4 (10)
grasp left shaker1 (1)
leave right shot14 (1)
shake cocktail5 ingredient4 ingredient3 shaker1 left right (1)
pour-shaker-to-shot cocktail5 shot1 left shaker1 l2 l1 (1)
empty-shaker left shaker1 cocktail5 l1 l0 (1)
clean-shaker left right shaker1 (1)
leave left shaker1 (1)
grasp right shot14 (1)
pour-shot-to-clean-shaker shot14 ingredient4 shaker1 right l0 l1 (1)
clean-shot shot14 ingredient4 right left (1)
fill-shot shot14 ingredient4 right left dispenser4 (10)
grasp left shaker1 (1)
leave right shot14 (1)
grasp right shot9 (1)
leave left shaker1 (1)
fill-shot shot9 ingredient2 right left dispenser2 (10)
pour-shot-to-used-shaker shot9 ingredient2 shaker1 right l1 l2 (1)
clean-shot shot9 ingredient2 right left (1)
grasp left shaker1 (1)
leave right shot9 (1)
shake cocktail1 ingredient2 ingredient4 shaker1 left right (1)
pour-shaker-to-shot cocktail1 shot9 left shaker1 l2 l1 (1)
empty-shaker left shaker1 cocktail1 l1 l0 (1)
clean-shaker left right shaker1 (1)
leave left shaker1 (1)
grasp right shot14 (1)
pour-shot-to-clean-shaker shot14 ingredient4 shaker1 right l0 l1 (1)
clean-shot shot14 ingredient4 right left (1)
fill-shot shot14 ingredient4 right left dispenser4 (10)
grasp left shaker1 (1)
leave right shot14 (1)
grasp right shot8 (1)
leave left shaker1 (1)
fill-shot shot8 ingredient3 right left dispenser3 (10)
pour-shot-to-used-shaker shot8 ingredient3 shaker1 right l1 l2 (1)
clean-shot shot8 ingredient3 right left (1)
grasp left shaker1 (1)
leave right shot8 (1)
shake cocktail11 ingredient4 ingredient3 shaker1 left right (1)
pour-shaker-to-shot cocktail11 shot5 left shaker1 l2 l1 (1)
empty-shaker left shaker1 cocktail11 l1 l0 (1)
clean-shaker left right shaker1 (1)
leave left shaker1 (1)
grasp right shot14 (1)
pour-shot-to-clean-shaker shot14 ingredient4 shaker1 right l0 l1 (1)
clean-shot shot14 ingredient4 right left (1)
fill-shot shot14 ingredient4 right left dispenser4 (10)
grasp left shaker1 (1)
leave right shot14 (1)
grasp right shot8 (1)
leave left shaker1 (1)
fill-shot shot8 ingredient1 right left dispenser1 (10)
pour-shot-to-used-shaker shot8 ingredient1 shaker1 right l1 l2 (1)
clean-shot shot8 ingredient1 right left (1)
grasp left shaker1 (1)
leave right shot8 (1)
shake cocktail10 ingredient4 ingredient1 shaker1 left right (1)
pour-shaker-to-shot cocktail10 shot7 left shaker1 l2 l1 (1)
empty-shaker left shaker1 cocktail10 l1 l0 (1)
clean-shaker left right shaker1 (1)
grasp right shot8 (1)
leave left shaker1 (1)
grasp left shot14 (1)
pour-shot-to-clean-shaker shot14 ingredient4 shaker1 left l0 l1 (1)
leave right shot8 (1)
clean-shot shot14 ingredient4 left right (1)
fill-shot shot14 ingredient2 left right dispenser2 (10)
grasp right shaker1 (1)
pour-shot-to-used-shaker shot14 ingredient2 shaker1 left l1 l2 (1)
leave right shaker1 (1)
clean-shot shot14 ingredient2 left right (1)
fill-shot shot14 ingredient4 left right dispenser4 (10)
grasp right shaker1 (1)
leave left shot14 (1)
shake cocktail8 ingredient2 ingredient4 shaker1 right left (1)
pour-shaker-to-shot cocktail8 shot4 right shaker1 l2 l1 (1)
empty-shaker right shaker1 cocktail8 l1 l0 (1)
clean-shaker right left shaker1 (1)
leave right shaker1 (1)
grasp right shot14 (1)
pour-shot-to-clean-shaker shot14 ingredient4 shaker1 right l0 l1 (1)
clean-shot shot14 ingredient4 right left (1)
fill-shot shot14 ingredient4 right left dispenser4 (10)
grasp left shaker1 (1)
leave right shot14 (1)
grasp right shot8 (1)
leave left shaker1 (1)
fill-shot shot8 ingredient2 right left dispenser2 (10)
pour-shot-to-used-shaker shot8 ingredient2 shaker1 right l1 l2 (1)
clean-shot shot8 ingredient2 right left (1)
grasp left shaker1 (1)
leave right shot8 (1)
shake cocktail2 ingredient2 ingredient4 shaker1 left right (1)
pour-shaker-to-shot cocktail2 shot8 left shaker1 l2 l1 (1)
empty-shaker left shaker1 cocktail2 l1 l0 (1)
clean-shaker left right shaker1 (1)
grasp right shot6 (1)
leave left shaker1 (1)
grasp left shot14 (1)
pour-shot-to-clean-shaker shot14 ingredient4 shaker1 left l0 l1 (1)
leave left shot14 (1)
grasp left shaker1 (1)
leave right shot6 (1)
grasp right shot14 (1)
leave left shaker1 (1)
clean-shot shot14 ingredient4 right left (1)
fill-shot shot14 ingredient4 right left dispenser4 (10)
grasp left shaker1 (1)
leave right shot14 (1)
grasp right shot6 (1)
leave left shaker1 (1)
fill-shot shot6 ingredient3 right left dispenser3 (10)
pour-shot-to-used-shaker shot6 ingredient3 shaker1 right l1 l2 (1)
clean-shot shot6 ingredient3 right left (1)
grasp left shaker1 (1)
leave right shot6 (1)
shake cocktail3 ingredient4 ingredient3 shaker1 left right (1)
pour-shaker-to-shot cocktail3 shot3 left shaker1 l2 l1 (1)
empty-shaker left shaker1 cocktail3 l1 l0 (1)
clean-shaker left right shaker1 (1)
grasp right shot6 (1)
leave left shaker1 (1)
grasp left shot14 (1)
pour-shot-to-clean-shaker shot14 ingredient4 shaker1 left l0 l1 (1)
leave left shot14 (1)
grasp left shaker1 (1)
leave right shot6 (1)
grasp right shot14 (1)
leave left shaker1 (1)
clean-shot shot14 ingredient4 right left (1)
fill-shot shot14 ingredient2 right left dispenser2 (10)
grasp left shaker1 (1)
pour-shot-to-used-shaker shot14 ingredient2 shaker1 right l1 l2 (1)
leave left shaker1 (1)
clean-shot shot14 ingredient2 right left (1)
fill-shot shot14 ingredient3 right left dispenser3 (10)
grasp left shaker1 (1)
leave right shot14 (1)
leave left shaker1 (1)
grasp right shaker1 (1)
shake cocktail1 ingredient2 ingredient4 shaker1 right left (1)
empty-shaker right shaker1 cocktail1 l2 l0 (1)
clean-shaker right left shaker1 (1)
grasp left shot14 (1)
pour-shot-to-clean-shaker shot14 ingredient3 shaker1 left l0 l1 (1)
leave right shaker1 (1)
clean-shot shot14 ingredient3 left right (1)
fill-shot shot14 ingredient4 left right dispenser4 (10)
grasp right shaker1 (1)
leave left shot14 (1)
leave right shaker1 (1)
grasp left shaker1 (1)
grasp right shot6 (1)
leave left shaker1 (1)
fill-shot shot6 ingredient2 right left dispenser2 (10)
pour-shot-to-used-shaker shot6 ingredient2 shaker1 right l1 l2 (1)
clean-shot shot6 ingredient2 right left (1)
grasp left shaker1 (1)
leave right shot6 (1)
shake cocktail4 ingredient2 ingredient3 shaker1 left right (1)
pour-shaker-to-shot cocktail4 shot12 left shaker1 l2 l1 (1)
pour-shaker-to-shot cocktail4 shot6 left shaker1 l1 l0 (1)
empty-shaker left shaker1 cocktail4 l0 l0 (1)
clean-shaker left right shaker1 (1)
grasp right shot2 (1)
leave left shaker1 (1)
grasp left shot14 (1)
pour-shot-to-clean-shaker shot14 ingredient4 shaker1 left l0 l1 (1)
leave left shot14 (1)
grasp left shaker1 (1)
leave right shot2 (1)
grasp right shot14 (1)
leave left shaker1 (1)
clean-shot shot14 ingredient4 right left (1)
fill-shot shot14 ingredient4 right left dispenser4 (10)
grasp left shaker1 (1)
leave right shot14 (1)
grasp right shot2 (1)
leave left shaker1 (1)
fill-shot shot2 ingredient2 right left dispenser2 (10)
pour-shot-to-used-shaker shot2 ingredient2 shaker1 right l1 l2 (1)
grasp left shaker1 (1)
leave right shot2 (1)
grasp right shot15 (1)
leave left shaker1 (1)
fill-shot shot15 ingredient3 right left dispenser3 (10)
grasp left shaker1 (1)
leave right shot15 (1)
grasp right shot2 (1)
leave left shaker1 (1)
clean-shot shot2 ingredient2 right left (1)
grasp left shaker1 (1)
leave right shot2 (1)
shake cocktail1 ingredient2 ingredient4 shaker1 left right (1)
empty-shaker left shaker1 cocktail1 l2 l0 (1)
clean-shaker left right shaker1 (1)
grasp right shot2 (1)
leave left shaker1 (1)
grasp left shot15 (1)
pour-shot-to-clean-shaker shot15 ingredient3 shaker1 left l0 l1 (1)
leave left shot15 (1)
fill-shot shot2 ingredient1 right left dispenser1 (10)
pour-shot-to-used-shaker shot2 ingredient1 shaker1 right l1 l2 (1)
clean-shot shot2 ingredient1 right left (1)
grasp left shaker1 (1)
leave right shot2 (1)
shake cocktail7 ingredient1 ingredient3 shaker1 left right (1)
pour-shaker-to-shot cocktail7 shot11 left shaker1 l2 l1 (1)
grasp right shot15 (1)
pour-shaker-to-shot cocktail7 shot13 left shaker1 l1 l0 (1)
leave left shaker1 (1)
refill-shot shot15 ingredient3 right left dispenser3 (10)
grasp left shaker1 (1)
leave right shot15 (1)
empty-shaker left shaker1 cocktail7 l0 l0 (1)
clean-shaker left right shaker1 (1)
grasp right shot2 (1)
leave left shaker1 (1)
grasp left shot15 (1)
pour-shot-to-clean-shaker shot15 ingredient3 shaker1 left l0 l1 (1)
leave left shot15 (1)
fill-shot shot2 ingredient2 right left dispenser2 (10)
pour-shot-to-used-shaker shot2 ingredient2 shaker1 right l1 l2 (1)
clean-shot shot2 ingredient2 right left (1)
grasp left shaker1 (1)
leave right shot2 (1)
shake cocktail9 ingredient3 ingredient2 shaker1 left right (1)
pour-shaker-to-shot cocktail9 shot10 left shaker1 l2 l1 (1)
empty-shaker left shaker1 cocktail9 l1 l0 (1)
clean-shaker left right shaker1 (1)
leave left shaker1 (1)
grasp right shot14 (1)
pour-shot-to-clean-shaker shot14 ingredient4 shaker1 right l0 l1 (1)
clean-shot shot14 ingredient4 right left (1)
fill-shot shot14 ingredient4 right left dispenser4 (10)
grasp left shaker1 (1)
leave right shot14 (1)
grasp right shot2 (1)
leave left shaker1 (1)
fill-shot shot2 ingredient1 right left dispenser1 (10)
pour-shot-to-used-shaker shot2 ingredient1 shaker1 right l1 l2 (1)
grasp left shaker1 (1)
leave right shot2 (1)
grasp right shot15 (1)
leave left shaker1 (1)
clean-shot shot15 ingredient3 right left (1)
grasp left shaker1 (1)
leave right shot15 (1)
grasp right shot2 (1)
leave left shaker1 (1)
clean-shot shot2 ingredient1 right left (1)
leave right shot2 (1)
grasp right shot15 (1)
fill-shot shot15 ingredient2 right left dispenser2 (10)
grasp left shaker1 (1)
leave right shot15 (1)
shake cocktail10 ingredient4 ingredient1 shaker1 left right (1)
empty-shaker left shaker1 cocktail10 l2 l0 (1)
clean-shaker left right shaker1 (1)
leave left shaker1 (1)
grasp right shot15 (1)
grasp left shot2 (1)
pour-shot-to-clean-shaker shot15 ingredient2 shaker1 right l0 l1 (1)
leave right shot15 (1)
fill-shot shot2 ingredient1 left right dispenser1 (10)
pour-shot-to-used-shaker shot2 ingredient1 shaker1 left l1 l2 (1)
clean-shot shot2 ingredient1 left right (1)
grasp right shaker1 (1)
leave left shot2 (1)
shake cocktail6 ingredient1 ingredient2 shaker1 right left (1)
pour-shaker-to-shot cocktail6 shot2 right shaker1 l2 l1 (1)
Plan length: 283 step(s).
Plan cost: 544
Initial state h value: 33/36.
Expanded 35328 state(s).
Reopened 0 state(s).
Evaluated 35329 state(s).
Evaluations: 70658
Generated 442522 state(s).
Dead ends: 0 state(s).
Best solution cost so far: 544
Solution found - keep searching
Starting search: lazy_greedy(list(hff2, hlm2), preferred = list(hff2, hlm2), reopen_closed = false)
Conducting lazy best first search, (real) bound = 544
Best heuristic value: 66/117 [g=0, 1 evaluated, 0 expanded, t=20.91s]
Best heuristic value: 64/117 [g=1, 2 evaluated, 1 expanded, t=20.91s]
Best heuristic value: 64/104 [g=1, 5 evaluated, 4 expanded, t=20.91s]
Best heuristic value: 64/95 [g=11, 9 evaluated, 8 expanded, t=20.91s]
Best heuristic value: 62/95 [g=12, 10 evaluated, 9 expanded, t=20.91s]
Best heuristic value: 58/95 [g=13, 14 evaluated, 13 expanded, t=20.91s]
Best heuristic value: 58/93 [g=22, 26 evaluated, 25 expanded, t=20.92s]
Best heuristic value: 56/93 [g=23, 27 evaluated, 26 expanded, t=20.92s]
Best heuristic value: 56/91 [g=24, 28 evaluated, 27 expanded, t=20.92s]
Best heuristic value: 56/86 [g=36, 34 evaluated, 33 expanded, t=20.93s]
Best heuristic value: 56/82 [g=37, 37 evaluated, 36 expanded, t=20.93s]
Best heuristic value: 55/82 [g=38, 38 evaluated, 37 expanded, t=20.93s]
Best heuristic value: 55/80 [g=38, 41 evaluated, 40 expanded, t=20.93s]
Best heuristic value: 54/80 [g=39, 43 evaluated, 42 expanded, t=20.93s]
Best heuristic value: 54/75 [g=48, 46 evaluated, 45 expanded, t=20.94s]
Best heuristic value: 54/68 [g=62, 95 evaluated, 94 expanded, t=20.97s]
Best heuristic value: 54/64 [g=66, 12837 evaluated, 12789 expanded, t=29.8s]
Best heuristic value: 52/64 [g=58, 2837156 evaluated, 2407844 expanded, t=1936.69s]
Best heuristic value: 51/64 [g=73, 2837301 evaluated, 2407989 expanded, t=1936.79s]
Best heuristic value: 50/64 [g=76, 2837323 evaluated, 2408011 expanded, t=1936.81s]
Best heuristic value: 50/60 [g=103, 2840376 evaluated, 2411016 expanded, t=1938.94s]
terminate called after throwing an instance of 'std::bad_alloc'
  what():  std::bad_alloc
warning: could not determine peak memory
Peak memory: -1 KB
caught signal 6 -- exiting
../../downward/src/search/downward: line 184: 51527 Aborted                 "$PLANNER" --heuristic "hlm1,hff1=lm_ff_syn(lm_rhw(
                    reasonable_orders=true,lm_cost_type=1,cost_type=1))" --heuristic "hlm2,hff2=lm_ff_syn(lm_rhw(
                    reasonable_orders=true,lm_cost_type=2,cost_type=2))" --search "iterated([
                    lazy_greedy([hff1,hlm1],preferred=[hff1,hlm1],
                                cost_type=1,reopen_closed=false),
                    lazy_greedy([hff2,hlm2],preferred=[hff2,hlm2],
                                reopen_closed=false),
                    lazy_wastar([hff2,hlm2],preferred=[hff2,hlm2],w=5),
                    lazy_wastar([hff2,hlm2],preferred=[hff2,hlm2],w=3),
                    lazy_wastar([hff2,hlm2],preferred=[hff2,hlm2],w=2),
                    lazy_wastar([hff2,hlm2],preferred=[hff2,hlm2],w=1)],
                    repeat_last=true,continue_on_fail=true)" "$@" < $TEMPFILE
