1. Running translator
Second argument is a file name: use two translator arguments.
Parsing... [0.020s CPU, 0.041s wall-clock]
Instantiating...
Normalizing task... [0.000s CPU, 0.001s wall-clock]
Generating Datalog program... [0.000s CPU, 0.004s wall-clock]
Normalizing Datalog program...
Normalizing Datalog program: [0.020s CPU, 0.018s wall-clock]
Preparing model... [0.010s CPU, 0.013s wall-clock]
Generated 198 rules.
Computing model... [0.810s CPU, 0.806s wall-clock]
11033 relevant atoms
16911 auxiliary atoms
27944 final queue length
67665 total queue pushes
Completing instantiation... [2.200s CPU, 2.197s wall-clock]
Instantiating: [3.050s CPU, 3.049s wall-clock]
Computing fact groups...
Finding invariants...
24 initial candidates
Finding invariants: [0.050s CPU, 0.045s wall-clock]
Checking invariant weight... [0.000s CPU, 0.003s wall-clock]
Instantiating groups... [0.050s CPU, 0.048s wall-clock]
Collecting mutex groups... [0.000s CPU, 0.001s wall-clock]
Choosing groups...
382 uncovered facts
Choosing groups: [0.010s CPU, 0.004s wall-clock]
Building translation key... [0.000s CPU, 0.002s wall-clock]
Computing fact groups: [0.120s CPU, 0.119s wall-clock]
Building STRIPS to SAS dictionary... [0.000s CPU, 0.002s wall-clock]
Building dictionary for full mutex groups... [0.000s CPU, 0.002s wall-clock]
Building mutex information...
Building mutex information: [0.010s CPU, 0.002s wall-clock]
Translating task...
Processing axioms...
Simplifying axioms... [0.000s CPU, 0.000s wall-clock]
Processing axioms: [0.070s CPU, 0.069s wall-clock]
Translating task: [1.240s CPU, 1.246s wall-clock]
3619 implied effects removed
990 effect conditions simplified
0 implied preconditions added
Detecting unreachable propositions...
66 operators removed
135 propositions removed
Detecting unreachable propositions: [0.260s CPU, 0.259s wall-clock]
Translator variables: 448
Translator derived variables: 0
Translator facts: 1233
Translator mutex groups: 136
Translator total mutex groups size: 609
Translator operators: 9723
Translator task size: 85989
Translator peak memory: 217192 KB
Writing output... [0.210s CPU, 0.275s wall-clock]
Done! [4.970s CPU, 5.053s wall-clock]

2. Running preprocessor
Building causal graph...
The causal graph is not acyclic.
437 variables of 448 necessary
98 of 136 mutex groups necessary.
9723 of 9723 operators necessary.
0 of 0 axiom rules necessary.
Building domain transition graphs...
solveable in poly time 0
Building successor generator...
Preprocessor facts: 1211
Preprocessor derived variables: 0
Preprocessor task size: 85050
Writing output...
done


3. Running search
Dispatcher selected state size 1.
This is a nonunit task.
Simplifying transitions... done!
Initializing Exploration...
Generating landmarks using the RPG/SAS+ approach
approx. reasonable orders
approx. obedient reasonable orders
Removed 0 reasonable or obedient reasonable orders
Landmarks generation time: 3.31194s
Discovered 293 landmarks, of which 6 are disjunctive and 0 are conjunctive 
373 edges
Initializing LAMA-FF Synergy Object
Initializing landmarks count heuristic...
138 initial landmarks, 110 goal landmarks
Initializing Exploration...
Generating landmarks using the RPG/SAS+ approach
approx. reasonable orders
approx. obedient reasonable orders
Removed 0 reasonable or obedient reasonable orders
Landmarks generation time: 3.31173s
Discovered 293 landmarks, of which 6 are disjunctive and 0 are conjunctive 
373 edges
Initializing LAMA-FF Synergy Object
Initializing landmarks count heuristic...
138 initial landmarks, 110 goal landmarks
Starting search: lazy_greedy(list(hff1, hlm1), preferred = list(hff1, hlm1), cost_type = 1, reopen_closed = false)
Conducting lazy best first search, (real) bound = 2147483647
Best heuristic value: 155/121 [g=0, 1 evaluated, 0 expanded, t=7.06s]
Best heuristic value: 154/120 [g=1, 2 evaluated, 1 expanded, t=7.06s]
Best heuristic value: 153/119 [g=2, 3 evaluated, 2 expanded, t=7.06s]
Best heuristic value: 152/118 [g=3, 4 evaluated, 3 expanded, t=7.06s]
Best heuristic value: 150/116 [g=4, 5 evaluated, 4 expanded, t=7.07s]
Best heuristic value: 148/115 [g=5, 6 evaluated, 5 expanded, t=7.07s]
Best heuristic value: 146/113 [g=6, 7 evaluated, 6 expanded, t=7.07s]
Best heuristic value: 145/112 [g=7, 8 evaluated, 7 expanded, t=7.07s]
Best heuristic value: 144/111 [g=8, 9 evaluated, 8 expanded, t=7.08s]
Best heuristic value: 140/108 [g=9, 10 evaluated, 9 expanded, t=7.08s]
Best heuristic value: 136/105 [g=10, 11 evaluated, 10 expanded, t=7.08s]
Best heuristic value: 133/104 [g=11, 12 evaluated, 11 expanded, t=7.08s]
Best heuristic value: 129/101 [g=12, 13 evaluated, 12 expanded, t=7.09s]
Best heuristic value: 126/99 [g=13, 14 evaluated, 13 expanded, t=7.09s]
Best heuristic value: 123/97 [g=14, 15 evaluated, 14 expanded, t=7.09s]
Best heuristic value: 120/95 [g=15, 16 evaluated, 15 expanded, t=7.09s]
Best heuristic value: 116/92 [g=16, 17 evaluated, 16 expanded, t=7.1s]
Best heuristic value: 112/89 [g=17, 18 evaluated, 17 expanded, t=7.1s]
Best heuristic value: 109/87 [g=18, 19 evaluated, 18 expanded, t=7.1s]
Best heuristic value: 106/85 [g=19, 20 evaluated, 19 expanded, t=7.1s]
Best heuristic value: 103/83 [g=20, 21 evaluated, 20 expanded, t=7.11s]
Best heuristic value: 99/80 [g=21, 22 evaluated, 21 expanded, t=7.11s]
Best heuristic value: 96/78 [g=22, 23 evaluated, 22 expanded, t=7.11s]
Best heuristic value: 93/77 [g=23, 24 evaluated, 23 expanded, t=7.11s]
Best heuristic value: 89/74 [g=24, 25 evaluated, 24 expanded, t=7.12s]
Best heuristic value: 87/72 [g=25, 26 evaluated, 25 expanded, t=7.12s]
Best heuristic value: 84/71 [g=26, 27 evaluated, 26 expanded, t=7.12s]
Best heuristic value: 83/70 [g=27, 28 evaluated, 27 expanded, t=7.12s]
Best heuristic value: 82/69 [g=28, 29 evaluated, 28 expanded, t=7.12s]
Best heuristic value: 81/68 [g=29, 30 evaluated, 29 expanded, t=7.13s]
Best heuristic value: 80/67 [g=30, 31 evaluated, 30 expanded, t=7.13s]
Best heuristic value: 79/66 [g=31, 32 evaluated, 31 expanded, t=7.13s]
Best heuristic value: 77/64 [g=32, 33 evaluated, 32 expanded, t=7.13s]
Best heuristic value: 76/63 [g=33, 34 evaluated, 33 expanded, t=7.14s]
Best heuristic value: 75/62 [g=34, 35 evaluated, 34 expanded, t=7.14s]
Best heuristic value: 74/61 [g=35, 36 evaluated, 35 expanded, t=7.14s]
Best heuristic value: 73/60 [g=36, 37 evaluated, 36 expanded, t=7.14s]
Best heuristic value: 72/59 [g=37, 38 evaluated, 37 expanded, t=7.14s]
Best heuristic value: 71/58 [g=38, 39 evaluated, 38 expanded, t=7.15s]
Best heuristic value: 71/57 [g=39, 40 evaluated, 39 expanded, t=7.15s]
Best heuristic value: 70/57 [g=40, 41 evaluated, 40 expanded, t=7.15s]
Best heuristic value: 69/56 [g=40, 43 evaluated, 42 expanded, t=7.16s]
Best heuristic value: 68/56 [g=41, 44 evaluated, 43 expanded, t=7.16s]
Best heuristic value: 68/55 [g=41, 46 evaluated, 45 expanded, t=7.16s]
Best heuristic value: 67/55 [g=42, 47 evaluated, 46 expanded, t=7.17s]
Best heuristic value: 66/55 [g=43, 50 evaluated, 49 expanded, t=7.17s]
Best heuristic value: 66/54 [g=42, 51 evaluated, 50 expanded, t=7.17s]
Best heuristic value: 65/54 [g=44, 55 evaluated, 54 expanded, t=7.18s]
Best heuristic value: 65/53 [g=43, 56 evaluated, 55 expanded, t=7.19s]
Best heuristic value: 64/53 [g=45, 60 evaluated, 59 expanded, t=7.2s]
Best heuristic value: 64/52 [g=44, 61 evaluated, 60 expanded, t=7.2s]
Best heuristic value: 63/52 [g=45, 62 evaluated, 61 expanded, t=7.2s]
Best heuristic value: 62/52 [g=46, 65 evaluated, 64 expanded, t=7.21s]
Best heuristic value: 62/51 [g=45, 66 evaluated, 65 expanded, t=7.21s]
Best heuristic value: 61/51 [g=47, 70 evaluated, 69 expanded, t=7.22s]
Best heuristic value: 61/50 [g=46, 71 evaluated, 70 expanded, t=7.22s]
Best heuristic value: 60/50 [g=48, 75 evaluated, 74 expanded, t=7.23s]
Best heuristic value: 60/49 [g=47, 76 evaluated, 75 expanded, t=7.23s]
Best heuristic value: 59/49 [g=48, 77 evaluated, 76 expanded, t=7.23s]
Best heuristic value: 58/49 [g=49, 80 evaluated, 79 expanded, t=7.24s]
Best heuristic value: 58/47 [g=48, 81 evaluated, 80 expanded, t=7.24s]
Best heuristic value: 57/47 [g=49, 82 evaluated, 81 expanded, t=7.25s]
Best heuristic value: 56/47 [g=50, 85 evaluated, 84 expanded, t=7.25s]
Best heuristic value: 56/46 [g=49, 87 evaluated, 86 expanded, t=7.26s]
Best heuristic value: 55/46 [g=50, 89 evaluated, 88 expanded, t=7.26s]
Best heuristic value: 54/46 [g=51, 92 evaluated, 91 expanded, t=7.27s]
Best heuristic value: 54/45 [g=50, 94 evaluated, 93 expanded, t=7.27s]
Best heuristic value: 53/45 [g=52, 99 evaluated, 98 expanded, t=7.28s]
Best heuristic value: 53/44 [g=51, 103 evaluated, 102 expanded, t=7.29s]
Best heuristic value: 52/44 [g=52, 105 evaluated, 104 expanded, t=7.29s]
Best heuristic value: 51/44 [g=53, 108 evaluated, 107 expanded, t=7.3s]
Best heuristic value: 51/43 [g=52, 112 evaluated, 111 expanded, t=7.31s]
Best heuristic value: 50/43 [g=54, 117 evaluated, 116 expanded, t=7.32s]
Best heuristic value: 50/42 [g=53, 121 evaluated, 120 expanded, t=7.33s]
Best heuristic value: 49/42 [g=55, 126 evaluated, 125 expanded, t=7.34s]
Best heuristic value: 49/41 [g=54, 130 evaluated, 129 expanded, t=7.35s]
Best heuristic value: 48/41 [g=56, 135 evaluated, 134 expanded, t=7.36s]
Best heuristic value: 48/40 [g=55, 139 evaluated, 138 expanded, t=7.36s]
Best heuristic value: 47/40 [g=57, 146 evaluated, 145 expanded, t=7.38s]
Best heuristic value: 47/39 [g=56, 151 evaluated, 150 expanded, t=7.39s]
Best heuristic value: 45/39 [g=58, 160 evaluated, 159 expanded, t=7.41s]
Best heuristic value: 45/38 [g=57, 163 evaluated, 162 expanded, t=7.41s]
Best heuristic value: 44/38 [g=59, 176 evaluated, 175 expanded, t=7.44s]
Best heuristic value: 44/37 [g=58, 177 evaluated, 176 expanded, t=7.44s]
Best heuristic value: 44/36 [g=59, 191 evaluated, 190 expanded, t=7.47s]
Best heuristic value: 42/36 [g=60, 192 evaluated, 191 expanded, t=7.47s]
Best heuristic value: 42/35 [g=60, 205 evaluated, 204 expanded, t=7.5s]
Best heuristic value: 40/35 [g=61, 206 evaluated, 205 expanded, t=7.5s]
Best heuristic value: 40/34 [g=61, 219 evaluated, 218 expanded, t=7.52s]
Best heuristic value: 38/34 [g=62, 220 evaluated, 219 expanded, t=7.52s]
Best heuristic value: 36/33 [g=63, 234 evaluated, 233 expanded, t=7.55s]
Best heuristic value: 35/32 [g=64, 241 evaluated, 240 expanded, t=7.56s]
Best heuristic value: 33/31 [g=65, 249 evaluated, 248 expanded, t=7.58s]
Best heuristic value: 32/30 [g=66, 257 evaluated, 256 expanded, t=7.59s]
Best heuristic value: 30/29 [g=67, 266 evaluated, 265 expanded, t=7.61s]
Best heuristic value: 28/27 [g=68, 275 evaluated, 274 expanded, t=7.63s]
Best heuristic value: 26/25 [g=69, 284 evaluated, 283 expanded, t=7.64s]
Best heuristic value: 25/24 [g=70, 293 evaluated, 292 expanded, t=7.66s]
Best heuristic value: 24/23 [g=71, 302 evaluated, 301 expanded, t=7.67s]
Best heuristic value: 22/22 [g=72, 312 evaluated, 311 expanded, t=7.69s]
Best heuristic value: 21/21 [g=73, 323 evaluated, 322 expanded, t=7.71s]
Best heuristic value: 19/20 [g=74, 334 evaluated, 333 expanded, t=7.72s]
Best heuristic value: 18/19 [g=75, 345 evaluated, 344 expanded, t=7.74s]
Best heuristic value: 17/18 [g=76, 357 evaluated, 356 expanded, t=7.76s]
Best heuristic value: 16/17 [g=77, 369 evaluated, 368 expanded, t=7.77s]
Best heuristic value: 16/16 [g=78, 381 evaluated, 380 expanded, t=7.79s]
Best heuristic value: 15/16 [g=78, 383 evaluated, 382 expanded, t=7.79s]
Best heuristic value: 13/14 [g=79, 408 evaluated, 407 expanded, t=7.83s]
Best heuristic value: 11/12 [g=80, 425 evaluated, 424 expanded, t=7.85s]
Best heuristic value: 10/11 [g=82, 437 evaluated, 436 expanded, t=7.87s]
Best heuristic value: 9/10 [g=84, 450 evaluated, 449 expanded, t=7.89s]
Best heuristic value: 8/9 [g=86, 463 evaluated, 462 expanded, t=7.9s]
Best heuristic value: 7/8 [g=88, 475 evaluated, 474 expanded, t=7.92s]
Best heuristic value: 6/7 [g=90, 486 evaluated, 485 expanded, t=7.94s]
Best heuristic value: 5/6 [g=92, 496 evaluated, 495 expanded, t=7.95s]
Best heuristic value: 4/5 [g=94, 507 evaluated, 506 expanded, t=7.96s]
Best heuristic value: 3/4 [g=96, 518 evaluated, 517 expanded, t=7.98s]
Best heuristic value: 2/3 [g=98, 532 evaluated, 531 expanded, t=8s]
Best heuristic value: 1/2 [g=100, 539 evaluated, 538 expanded, t=8.01s]
Solution found!
Actual search time: 37.2s [t=44.25s]
do-plane p8 planer0 smooth white varnished (20)
do-glaze p8 glazer0 blue (15)
do-grind p26 grinder0 verysmooth blue colourfragments untreated (15)
do-glaze p26 glazer0 white (10)
do-grind p25 grinder0 smooth blue colourfragments untreated (45)
do-glaze p25 glazer0 green (20)
do-grind p1 grinder0 verysmooth mauve glazed untreated (15)
do-glaze p1 glazer0 red (10)
do-saw-large b1 p0 saw0 cherry smooth s7 s5 s6 s4 (30)
do-saw-large b10 p14 saw0 beech smooth s7 s5 s6 s4 (30)
do-saw-large b9 p22 saw0 teak rough s7 s5 s6 s4 (30)
do-saw-large b3 p5 saw0 mahogany smooth s6 s4 s5 s3 (30)
do-saw-large b6 p6 saw0 pine rough s9 s7 s8 s6 (30)
do-saw-medium b8 p10 saw0 walnut rough s8 s7 s6 (30)
do-saw-medium b6 p11 saw0 pine rough s6 s5 s4 (30)
do-saw-medium b1 p16 saw0 cherry smooth s4 s3 s2 (30)
do-saw-medium b1 p17 saw0 cherry smooth s2 s1 s0 (30)
do-saw-medium b5 p29 saw0 oak rough s6 s5 s4 (30)
do-saw-medium b8 p30 saw0 walnut rough s6 s5 s4 (30)
do-saw-medium b8 p4 saw0 walnut rough s4 s3 s2 (30)
do-saw-medium b3 p7 saw0 mahogany smooth s3 s2 s1 (30)
do-saw-small b10 p13 saw0 beech smooth s4 s3 (30)
do-saw-small b9 p15 saw0 teak rough s4 s3 (30)
do-saw-small b1 p31 saw0 cherry smooth s2 s1 (30)
do-saw-small b6 p32 saw0 pine rough s4 s3 (30)
do-saw-medium b9 p9 saw0 teak rough s3 s2 s1 (30)
do-plane p9 planer0 rough natural untreated (20)
do-grind p9 grinder0 smooth natural untreated untreated (30)
do-grind p7 grinder0 smooth natural untreated untreated (30)
do-plane p6 planer0 rough natural untreated (30)
do-grind p6 grinder0 smooth natural untreated untreated (45)
do-glaze p5 glazer0 white (20)
do-plane p4 planer0 rough natural untreated (20)
do-grind p4 grinder0 smooth natural untreated untreated (30)
do-immersion-varnish p4 immersion-varnisher0 black verysmooth (10)
do-plane p32 planer0 rough natural untreated (10)
do-grind p31 grinder0 smooth natural untreated untreated (15)
do-immersion-varnish p31 immersion-varnisher0 black verysmooth (10)
do-glaze p30 glazer0 green (15)
do-saw-small b9 p3 saw0 teak rough s1 s0 (30)
do-glaze p3 glazer0 black (10)
do-plane p29 planer0 rough natural untreated (20)
do-glaze p29 glazer0 black (15)
do-saw-medium b9 p28 saw0 teak rough s3 s2 s1 (30)
do-plane p28 planer0 rough natural untreated (20)
do-glaze p28 glazer0 black (15)
do-saw-large b9 p27 saw0 teak rough s3 s1 s2 s0 (30)
do-glaze p27 glazer0 red (20)
do-saw-medium b9 p24 saw0 teak rough s3 s2 s1 (30)
do-glaze p24 glazer0 mauve (15)
do-saw-small b9 p23 saw0 teak rough s1 s0 (30)
do-plane p30 planer0 rough green glazed (20)
do-immersion-varnish p30 immersion-varnisher0 black smooth (10)
do-plane p23 planer0 rough natural untreated (10)
do-grind p23 grinder0 smooth natural untreated untreated (15)
do-glaze p23 glazer0 black (10)
do-plane p22 planer0 rough natural untreated (30)
do-saw-small b9 p21 saw0 teak rough s1 s0 (30)
do-plane p21 planer0 rough natural untreated (10)
do-immersion-varnish p21 immersion-varnisher0 black smooth (10)
do-saw-small b9 p20 saw0 teak rough s1 s0 (30)
do-glaze p20 glazer0 black (10)
do-saw-large b9 p2 saw0 teak rough s3 s1 s2 s0 (30)
do-glaze p2 glazer0 mauve (20)
do-saw-medium b9 p19 saw0 teak rough s3 s2 s1 (30)
do-glaze p19 glazer0 red (15)
do-saw-small b9 p18 saw0 teak rough s1 s0 (30)
do-glaze p18 glazer0 green (10)
do-glaze p17 glazer0 mauve (15)
do-immersion-varnish p16 immersion-varnisher0 black smooth (10)
do-glaze p15 glazer0 mauve (10)
do-glaze p14 glazer0 black (20)
do-glaze p13 glazer0 black (10)
do-saw-medium b9 p12 saw0 teak rough s3 s2 s1 (30)
do-glaze p12 glazer0 mauve (15)
do-glaze p11 glazer0 black (15)
do-glaze p10 glazer0 mauve (15)
do-grind p0 grinder0 smooth natural untreated untreated (45)
do-immersion-varnish p0 immersion-varnisher0 black verysmooth (10)
do-immersion-varnish p22 immersion-varnisher0 white smooth (10)
do-plane p3 planer0 rough black glazed (10)
do-glaze p3 glazer0 black (10)
do-plane p24 planer0 rough mauve glazed (20)
do-glaze p24 glazer0 mauve (15)
do-grind p24 grinder0 smooth mauve glazed untreated (30)
do-glaze p24 glazer0 mauve (15)
do-plane p2 planer0 rough mauve glazed (30)
do-glaze p2 glazer0 mauve (20)
do-plane p19 planer0 rough red glazed (20)
do-glaze p19 glazer0 red (15)
do-plane p15 planer0 rough mauve glazed (10)
do-glaze p15 glazer0 mauve (10)
do-plane p12 planer0 rough mauve glazed (20)
do-glaze p12 glazer0 mauve (15)
do-grind p12 grinder0 smooth mauve glazed untreated (30)
do-glaze p12 glazer0 mauve (15)
do-grind p14 grinder0 smooth black glazed untreated (45)
do-glaze p14 glazer0 black (20)
do-plane p27 planer0 rough red glazed (30)
do-glaze p27 glazer0 red (20)
do-plane p30 planer0 smooth black varnished (20)
do-immersion-varnish p30 immersion-varnisher0 green smooth (10)
Plan length: 102 step(s).
Plan cost: 2195
Initial state h value: 155/121.
Expanded 25538 state(s).
Reopened 0 state(s).
Evaluated 25539 state(s).
Evaluations: 51078
Generated 5107812 state(s).
Dead ends: 0 state(s).
Best solution cost so far: 2195
Solution found - keep searching
Starting search: lazy_greedy(list(hff2, hlm2), preferred = list(hff2, hlm2), reopen_closed = false)
Conducting lazy best first search, (real) bound = 2195
Best heuristic value: 1990/3102 [g=0, 1 evaluated, 0 expanded, t=44.26s]
Best heuristic value: 1969/3081 [g=20, 2 evaluated, 1 expanded, t=44.26s]
Best heuristic value: 1958/3070 [g=30, 3 evaluated, 2 expanded, t=44.26s]
Best heuristic value: 1947/3059 [g=40, 4 evaluated, 3 expanded, t=44.26s]
Best heuristic value: 1916/3028 [g=70, 7 evaluated, 6 expanded, t=44.27s]
Best heuristic value: 1870/2982 [g=115, 11 evaluated, 10 expanded, t=44.28s]
Best heuristic value: 1859/2971 [g=125, 16 evaluated, 15 expanded, t=44.29s]
Best heuristic value: 1853/2965 [g=130, 21 evaluated, 20 expanded, t=44.3s]
Best heuristic value: 1809/2851 [g=160, 26 evaluated, 25 expanded, t=44.31s]
Best heuristic value: 1765/2769 [g=190, 31 evaluated, 30 expanded, t=44.32s]
Best heuristic value: 1732/2738 [g=220, 36 evaluated, 35 expanded, t=44.33s]
Best heuristic value: 1688/2635 [g=250, 41 evaluated, 40 expanded, t=44.34s]
Best heuristic value: 1655/2573 [g=280, 46 evaluated, 45 expanded, t=44.36s]
Best heuristic value: 1622/2511 [g=310, 51 evaluated, 50 expanded, t=44.37s]
Best heuristic value: 1589/2449 [g=340, 56 evaluated, 55 expanded, t=44.38s]
Best heuristic value: 1545/2356 [g=370, 61 evaluated, 60 expanded, t=44.39s]
Best heuristic value: 1501/2258 [g=400, 66 evaluated, 65 expanded, t=44.4s]
Best heuristic value: 1468/2186 [g=430, 71 evaluated, 70 expanded, t=44.42s]
Best heuristic value: 1435/2114 [g=460, 76 evaluated, 75 expanded, t=44.43s]
Best heuristic value: 1402/2042 [g=490, 81 evaluated, 80 expanded, t=44.44s]
Best heuristic value: 1358/1949 [g=520, 86 evaluated, 85 expanded, t=44.45s]
Best heuristic value: 1325/1882 [g=550, 91 evaluated, 90 expanded, t=44.46s]
Best heuristic value: 1292/1831 [g=580, 96 evaluated, 95 expanded, t=44.47s]
Best heuristic value: 1248/1738 [g=610, 101 evaluated, 100 expanded, t=44.49s]
Best heuristic value: 1226/1656 [g=640, 106 evaluated, 105 expanded, t=44.5s]
Best heuristic value: 1193/1615 [g=670, 111 evaluated, 110 expanded, t=44.51s]
Best heuristic value: 1182/1594 [g=690, 116 evaluated, 115 expanded, t=44.52s]
Best heuristic value: 1151/1563 [g=720, 121 evaluated, 120 expanded, t=44.53s]
Best heuristic value: 1120/1532 [g=750, 126 evaluated, 125 expanded, t=44.54s]
Best heuristic value: 1109/1501 [g=780, 131 evaluated, 130 expanded, t=44.55s]
Best heuristic value: 1063/1455 [g=825, 136 evaluated, 135 expanded, t=44.56s]
Best heuristic value: 1053/1455 [g=845, 142 evaluated, 141 expanded, t=44.57s]
Best heuristic value: 1052/1434 [g=845, 144 evaluated, 143 expanded, t=44.58s]
Best heuristic value: 1042/1434 [g=865, 150 evaluated, 149 expanded, t=44.59s]
Best heuristic value: 1021/1403 [g=875, 152 evaluated, 151 expanded, t=44.6s]
Best heuristic value: 1011/1403 [g=895, 158 evaluated, 157 expanded, t=44.61s]
Best heuristic value: 1010/1392 [g=885, 160 evaluated, 159 expanded, t=44.61s]
Best heuristic value: 1000/1392 [g=905, 166 evaluated, 165 expanded, t=44.63s]
Best heuristic value: 999/1381 [g=895, 168 evaluated, 167 expanded, t=44.63s]
Best heuristic value: 989/1381 [g=915, 174 evaluated, 173 expanded, t=44.64s]
Best heuristic value: 983/1365 [g=910, 176 evaluated, 175 expanded, t=44.65s]
Best heuristic value: 973/1365 [g=930, 182 evaluated, 181 expanded, t=44.66s]
Best heuristic value: 973/1359 [g=915, 184 evaluated, 183 expanded, t=44.66s]
Best heuristic value: 967/1359 [g=935, 192 evaluated, 191 expanded, t=44.68s]
Best heuristic value: 967/1343 [g=930, 196 evaluated, 195 expanded, t=44.69s]
Best heuristic value: 956/1343 [g=955, 204 evaluated, 203 expanded, t=44.71s]
Best heuristic value: 956/1333 [g=950, 208 evaluated, 207 expanded, t=44.72s]
Best heuristic value: 934/1321 [g=965, 214 evaluated, 213 expanded, t=44.73s]
Best heuristic value: 934/1311 [g=995, 219 evaluated, 218 expanded, t=44.74s]
Best heuristic value: 912/1270 [g=995, 221 evaluated, 220 expanded, t=44.74s]
Best heuristic value: 912/1260 [g=1025, 226 evaluated, 225 expanded, t=44.76s]
Best heuristic value: 906/1259 [g=1005, 228 evaluated, 227 expanded, t=44.76s]
Best heuristic value: 906/1249 [g=1035, 233 evaluated, 232 expanded, t=44.77s]
Best heuristic value: 901/1249 [g=1015, 235 evaluated, 234 expanded, t=44.77s]
Best heuristic value: 901/1244 [g=1045, 244 evaluated, 243 expanded, t=44.79s]
Best heuristic value: 895/1244 [g=1020, 246 evaluated, 245 expanded, t=44.8s]
Best heuristic value: 895/1238 [g=1050, 255 evaluated, 254 expanded, t=44.82s]
Best heuristic value: 884/1227 [g=1040, 257 evaluated, 256 expanded, t=44.82s]
Best heuristic value: 884/1217 [g=1070, 262 evaluated, 261 expanded, t=44.83s]
Best heuristic value: 868/1211 [g=1055, 264 evaluated, 263 expanded, t=44.84s]
Best heuristic value: 868/1201 [g=1085, 269 evaluated, 268 expanded, t=44.85s]
Best heuristic value: 846/1170 [g=1085, 271 evaluated, 270 expanded, t=44.85s]
Best heuristic value: 846/1160 [g=1115, 276 evaluated, 275 expanded, t=44.86s]
Best heuristic value: 835/1149 [g=1105, 278 evaluated, 277 expanded, t=44.87s]
Best heuristic value: 835/1139 [g=1135, 283 evaluated, 282 expanded, t=44.88s]
Best heuristic value: 819/1133 [g=1120, 285 evaluated, 284 expanded, t=44.88s]
Best heuristic value: 819/1123 [g=1150, 290 evaluated, 289 expanded, t=44.89s]
Best heuristic value: 797/1102 [g=1150, 292 evaluated, 291 expanded, t=44.89s]
Best heuristic value: 797/1092 [g=1180, 297 evaluated, 296 expanded, t=44.9s]
Best heuristic value: 765/1060 [g=1170, 299 evaluated, 298 expanded, t=44.91s]
Best heuristic value: 765/1050 [g=1200, 304 evaluated, 303 expanded, t=44.92s]
Best heuristic value: 743/1019 [g=1200, 308 evaluated, 307 expanded, t=44.93s]
Best heuristic value: 743/1009 [g=1230, 313 evaluated, 312 expanded, t=44.94s]
Best heuristic value: 732/1003 [g=1215, 317 evaluated, 316 expanded, t=44.94s]
Best heuristic value: 732/993 [g=1245, 322 evaluated, 321 expanded, t=44.95s]
Best heuristic value: 710/952 [g=1245, 328 evaluated, 327 expanded, t=44.97s]
Best heuristic value: 710/942 [g=1275, 333 evaluated, 332 expanded, t=44.98s]
Best heuristic value: 699/941 [g=1255, 339 evaluated, 338 expanded, t=44.99s]
Best heuristic value: 699/931 [g=1285, 344 evaluated, 343 expanded, t=45s]
Best heuristic value: 683/925 [g=1270, 350 evaluated, 349 expanded, t=45.01s]
Best heuristic value: 683/915 [g=1300, 355 evaluated, 354 expanded, t=45.02s]
Best heuristic value: 672/914 [g=1280, 361 evaluated, 360 expanded, t=45.03s]
Best heuristic value: 672/904 [g=1310, 366 evaluated, 365 expanded, t=45.04s]
Best heuristic value: 672/893 [g=1300, 372 evaluated, 371 expanded, t=45.05s]
Best heuristic value: 661/873 [g=1310, 374 evaluated, 373 expanded, t=45.05s]
Best heuristic value: 661/863 [g=1340, 379 evaluated, 378 expanded, t=45.06s]
Best heuristic value: 639/851 [g=1320, 385 evaluated, 384 expanded, t=45.08s]
Best heuristic value: 639/841 [g=1350, 390 evaluated, 389 expanded, t=45.09s]
Best heuristic value: 617/800 [g=1350, 396 evaluated, 395 expanded, t=45.1s]
Best heuristic value: 617/790 [g=1380, 401 evaluated, 400 expanded, t=45.11s]
Best heuristic value: 617/789 [g=1360, 407 evaluated, 406 expanded, t=45.12s]
Best heuristic value: 606/778 [g=1360, 409 evaluated, 408 expanded, t=45.12s]
Best heuristic value: 606/768 [g=1390, 414 evaluated, 413 expanded, t=45.13s]
Best heuristic value: 594/768 [g=1365, 420 evaluated, 419 expanded, t=45.14s]
Best heuristic value: 594/758 [g=1410, 428 evaluated, 427 expanded, t=45.16s]
Best heuristic value: 572/741 [g=1395, 435 evaluated, 434 expanded, t=45.17s]
Best heuristic value: 572/731 [g=1425, 440 evaluated, 439 expanded, t=45.18s]
Best heuristic value: 555/730 [g=1405, 446 evaluated, 445 expanded, t=45.19s]
Best heuristic value: 555/720 [g=1435, 451 evaluated, 450 expanded, t=45.2s]
Best heuristic value: 533/699 [g=1435, 457 evaluated, 456 expanded, t=45.21s]
Best heuristic value: 533/689 [g=1465, 462 evaluated, 461 expanded, t=45.22s]
Best heuristic value: 522/678 [g=1455, 468 evaluated, 467 expanded, t=45.23s]
Best heuristic value: 522/668 [g=1485, 473 evaluated, 472 expanded, t=45.24s]
Best heuristic value: 522/658 [g=1485, 479 evaluated, 478 expanded, t=45.25s]
Best heuristic value: 500/637 [g=1485, 481 evaluated, 480 expanded, t=45.25s]
Best heuristic value: 500/627 [g=1515, 486 evaluated, 485 expanded, t=45.26s]
Best heuristic value: 500/617 [g=1515, 492 evaluated, 491 expanded, t=45.27s]
Best heuristic value: 489/617 [g=1500, 494 evaluated, 493 expanded, t=45.28s]
Best heuristic value: 489/607 [g=1545, 501 evaluated, 500 expanded, t=45.29s]
Best heuristic value: 489/601 [g=1530, 510 evaluated, 509 expanded, t=45.3s]
Best heuristic value: 467/590 [g=1530, 514 evaluated, 513 expanded, t=45.31s]
Best heuristic value: 467/580 [g=1560, 519 evaluated, 518 expanded, t=45.32s]
Best heuristic value: 467/570 [g=1560, 525 evaluated, 524 expanded, t=45.33s]
Best heuristic value: 450/568 [g=1540, 529 evaluated, 528 expanded, t=45.33s]
Best heuristic value: 450/558 [g=1570, 534 evaluated, 533 expanded, t=45.34s]
Best heuristic value: 450/548 [g=1570, 540 evaluated, 539 expanded, t=45.35s]
Best heuristic value: 445/548 [g=1555, 546 evaluated, 545 expanded, t=45.36s]
Best heuristic value: 445/538 [g=1600, 549 evaluated, 548 expanded, t=45.37s]
Best heuristic value: 445/528 [g=1620, 564 evaluated, 563 expanded, t=45.39s]
Best heuristic value: 434/528 [g=1565, 566 evaluated, 565 expanded, t=45.39s]
Best heuristic value: 434/517 [g=1630, 579 evaluated, 578 expanded, t=45.41s]
Best heuristic value: 428/517 [g=1575, 588 evaluated, 587 expanded, t=45.43s]
Best heuristic value: 428/506 [g=1640, 597 evaluated, 596 expanded, t=45.44s]
Best heuristic value: 427/506 [g=1650, 607 evaluated, 606 expanded, t=45.46s]
Best heuristic value: 418/506 [g=1670, 613 evaluated, 612 expanded, t=45.47s]
Best heuristic value: 418/496 [g=1660, 615 evaluated, 614 expanded, t=45.47s]
Best heuristic value: 407/496 [g=1680, 622 evaluated, 621 expanded, t=45.49s]
Best heuristic value: 407/485 [g=1670, 632 evaluated, 631 expanded, t=45.51s]
Best heuristic value: 402/485 [g=1695, 641 evaluated, 640 expanded, t=45.52s]
Best heuristic value: 402/474 [g=1680, 654 evaluated, 653 expanded, t=45.54s]
Best heuristic value: 391/474 [g=1705, 660 evaluated, 659 expanded, t=45.55s]
Best heuristic value: 391/463 [g=1690, 675 evaluated, 674 expanded, t=45.57s]
Best heuristic value: 385/463 [g=1715, 680 evaluated, 679 expanded, t=45.58s]
Best heuristic value: 385/458 [g=1700, 697 evaluated, 696 expanded, t=45.61s]
Best heuristic value: 380/458 [g=1725, 700 evaluated, 699 expanded, t=45.61s]
Best heuristic value: 380/452 [g=1705, 719 evaluated, 718 expanded, t=45.64s]
Best heuristic value: 374/452 [g=1730, 720 evaluated, 719 expanded, t=45.65s]
Best heuristic value: 328/452 [g=1775, 742 evaluated, 741 expanded, t=45.68s]
Best heuristic value: 328/406 [g=1750, 743 evaluated, 742 expanded, t=45.68s]
Best heuristic value: 296/406 [g=1795, 764 evaluated, 763 expanded, t=45.72s]
Best heuristic value: 296/374 [g=1770, 767 evaluated, 766 expanded, t=45.72s]
Best heuristic value: 290/374 [g=1800, 784 evaluated, 783 expanded, t=45.75s]
Best heuristic value: 290/368 [g=1775, 789 evaluated, 788 expanded, t=45.76s]
Best heuristic value: 268/368 [g=1830, 804 evaluated, 803 expanded, t=45.78s]
Best heuristic value: 268/327 [g=1805, 811 evaluated, 810 expanded, t=45.79s]
Best heuristic value: 257/327 [g=1845, 824 evaluated, 823 expanded, t=45.81s]
Best heuristic value: 257/311 [g=1820, 833 evaluated, 832 expanded, t=45.82s]
Best heuristic value: 246/311 [g=1860, 846 evaluated, 845 expanded, t=45.84s]
Best heuristic value: 246/301 [g=1840, 855 evaluated, 854 expanded, t=45.85s]
Best heuristic value: 235/301 [g=1875, 868 evaluated, 867 expanded, t=45.87s]
Best heuristic value: 235/290 [g=1850, 877 evaluated, 876 expanded, t=45.88s]
Best heuristic value: 213/290 [g=1885, 890 evaluated, 889 expanded, t=45.9s]
Best heuristic value: 213/274 [g=1865, 901 evaluated, 900 expanded, t=45.92s]
Best heuristic value: 189/274 [g=1930, 912 evaluated, 911 expanded, t=45.93s]
Best heuristic value: 189/258 [g=1880, 925 evaluated, 924 expanded, t=45.95s]
Best heuristic value: 157/258 [g=1950, 939 evaluated, 938 expanded, t=45.97s]
Best heuristic value: 157/247 [g=1890, 946 evaluated, 945 expanded, t=45.98s]
Best heuristic value: 157/243 [g=1935, 969 evaluated, 968 expanded, t=46.01s]
Best heuristic value: 140/243 [g=1960, 970 evaluated, 969 expanded, t=46.01s]
Best heuristic value: 140/242 [g=1990, 972 evaluated, 971 expanded, t=46.02s]
Best heuristic value: 130/242 [g=2010, 974 evaluated, 973 expanded, t=46.02s]
Best heuristic value: 130/232 [g=2010, 979 evaluated, 978 expanded, t=46.03s]
Best heuristic value: 130/221 [g=2020, 987 evaluated, 986 expanded, t=46.04s]
Best heuristic value: 129/221 [g=2030, 989 evaluated, 988 expanded, t=46.04s]
Best heuristic value: 119/221 [g=2040, 990 evaluated, 989 expanded, t=46.04s]
Best heuristic value: 119/216 [g=2040, 995 evaluated, 994 expanded, t=46.05s]
Best heuristic value: 119/211 [g=2090, 1001 evaluated, 1000 expanded, t=46.06s]
Best heuristic value: 108/210 [g=2070, 1008 evaluated, 1007 expanded, t=46.07s]
Best heuristic value: 108/200 [g=2100, 1009 evaluated, 1008 expanded, t=46.07s]
Best heuristic value: 88/200 [g=2100, 1016 evaluated, 1015 expanded, t=46.08s]
Best heuristic value: 88/195 [g=2120, 1017 evaluated, 1016 expanded, t=46.08s]
Best heuristic value: 82/195 [g=2130, 1031 evaluated, 1030 expanded, t=46.1s]
Best heuristic value: 82/168 [g=2135, 1032 evaluated, 1031 expanded, t=46.1s]
Best heuristic value: 66/168 [g=2185, 1048 evaluated, 1047 expanded, t=46.12s]
Best heuristic value: 66/167 [g=2165, 1057 evaluated, 1056 expanded, t=46.13s]
Best heuristic value: 66/147 [g=2185, 1063 evaluated, 1062 expanded, t=46.14s]
Best heuristic value: 55/147 [g=2135, 1210 evaluated, 1209 expanded, t=46.34s]
Best heuristic value: 55/137 [g=2165, 1211 evaluated, 1210 expanded, t=46.34s]
Best heuristic value: 55/126 [g=2185, 1221 evaluated, 1220 expanded, t=46.35s]
Best heuristic value: 54/125 [g=2185, 3607 evaluated, 3606 expanded, t=49.66s]
Best heuristic value: 44/125 [g=2190, 3647 evaluated, 3646 expanded, t=49.71s]
Best heuristic value: 44/117 [g=2180, 3652 evaluated, 3651 expanded, t=49.72s]
Best heuristic value: 44/106 [g=2190, 3653 evaluated, 3652 expanded, t=49.72s]
Best heuristic value: 43/106 [g=2170, 4233 evaluated, 4232 expanded, t=50.51s]
Best heuristic value: 43/105 [g=2175, 14955 evaluated, 14954 expanded, t=65.49s]
Best heuristic value: 33/84 [g=2190, 63268 evaluated, 63267 expanded, t=134.08s]
Best heuristic value: 33/73 [g=2135, 119323 evaluated, 119322 expanded, t=211.27s]
Best heuristic value: 33/62 [g=2145, 119328 evaluated, 119327 expanded, t=211.28s]
Best heuristic value: 22/62 [g=2175, 119330 evaluated, 119329 expanded, t=211.28s]
Best heuristic value: 22/42 [g=2185, 1173389 evaluated, 1173388 expanded, t=1596.66s]
terminate called after throwing an instance of 'std::bad_alloc'
  what():  std::bad_alloc
warning: could not determine peak memory
Peak memory: -1 KB
caught signal 6 -- exiting
../../downward/src/search/downward: line 184: 64786 Aborted                 "$PLANNER" --heuristic "hlm1,hff1=lm_ff_syn(lm_rhw(
                    reasonable_orders=true,lm_cost_type=1,cost_type=1))" --heuristic "hlm2,hff2=lm_ff_syn(lm_rhw(
                    reasonable_orders=true,lm_cost_type=2,cost_type=2))" --search "iterated([
                    lazy_greedy([hff1,hlm1],preferred=[hff1,hlm1],
                                cost_type=1,reopen_closed=false),
                    lazy_greedy([hff2,hlm2],preferred=[hff2,hlm2],
                                reopen_closed=false),
                    lazy_wastar([hff2,hlm2],preferred=[hff2,hlm2],w=5),
                    lazy_wastar([hff2,hlm2],preferred=[hff2,hlm2],w=3),
                    lazy_wastar([hff2,hlm2],preferred=[hff2,hlm2],w=2),
                    lazy_wastar([hff2,hlm2],preferred=[hff2,hlm2],w=1)],
                    repeat_last=true,continue_on_fail=true)" "$@" < $TEMPFILE
