1. Running translator
Second argument is a file name: use two translator arguments.
Parsing... [0.050s CPU, 0.109s wall-clock]
Instantiating...
Normalizing task... [0.000s CPU, 0.001s wall-clock]
Generating Datalog program... [0.020s CPU, 0.016s wall-clock]
Normalizing Datalog program...
Normalizing Datalog program: [0.000s CPU, 0.006s wall-clock]
Preparing model... [0.030s CPU, 0.030s wall-clock]
Generated 23 rules.
Computing model... [0.290s CPU, 0.297s wall-clock]
4336 relevant atoms
7399 auxiliary atoms
11735 final queue length
13900 total queue pushes
Completing instantiation... [0.210s CPU, 0.218s wall-clock]
Instantiating: [0.570s CPU, 0.576s wall-clock]
Computing fact groups...
Finding invariants...
9 initial candidates
Finding invariants: [0.010s CPU, 0.008s wall-clock]
Checking invariant weight... [0.000s CPU, 0.004s wall-clock]
Instantiating groups... [0.010s CPU, 0.007s wall-clock]
Collecting mutex groups... [0.000s CPU, 0.000s wall-clock]
Choosing groups...
0 uncovered facts
Choosing groups: [0.000s CPU, 0.001s wall-clock]
Building translation key... [0.000s CPU, 0.001s wall-clock]
Computing fact groups: [0.020s CPU, 0.023s wall-clock]
Building STRIPS to SAS dictionary... [0.000s CPU, 0.000s wall-clock]
Building dictionary for full mutex groups... [0.000s CPU, 0.000s wall-clock]
Building mutex information...
Building mutex information: [0.000s CPU, 0.001s wall-clock]
Translating task...
Processing axioms...
Simplifying axioms... [0.000s CPU, 0.000s wall-clock]
Processing axioms: [0.010s CPU, 0.008s wall-clock]
Translating task: [0.110s CPU, 0.110s wall-clock]
0 implied effects removed
0 effect conditions simplified
0 implied preconditions added
Detecting unreachable propositions...
0 operators removed
9 propositions removed
Detecting unreachable propositions: [0.020s CPU, 0.018s wall-clock]
Translator variables: 9
Translator derived variables: 0
Translator facts: 130
Translator mutex groups: 9
Translator total mutex groups size: 130
Translator operators: 1192
Translator task size: 6138
Translator peak memory: 148236 KB
Writing output... [0.020s CPU, 0.098s wall-clock]
Done! [0.800s CPU, 0.944s wall-clock]

2. Running preprocessor
Building causal graph...
The causal graph is not acyclic.
9 variables of 9 necessary
0 of 9 mutex groups necessary.
1192 of 1192 operators necessary.
0 of 0 axiom rules necessary.
Building domain transition graphs...
solveable in poly time 0
Building successor generator...
Preprocessor facts: 130
Preprocessor derived variables: 0
Preprocessor task size: 6008
Writing output...
done


3. Running search
Dispatcher selected state size 1.
This is a unit task.
Simplifying transitions... done!
Initializing Exploration...
Generating landmarks using the RPG/SAS+ approach
approx. reasonable orders
approx. obedient reasonable orders
Removed 0 reasonable or obedient reasonable orders
Landmarks generation time: 0.00909614s
Discovered 26 landmarks, of which 0 are disjunctive and 0 are conjunctive 
47 edges
Initializing LAMA-FF Synergy Object
Initializing landmarks count heuristic...
8 initial landmarks, 7 goal landmarks
Starting search: lazy_greedy(list(hff, hlm), preferred = list(hff, hlm))
Conducting lazy best first search, (real) bound = 2147483647
Best heuristic value: 18/18 [g=0, 1 evaluated, 0 expanded, t=0.03s]
Best heuristic value: 17/17 [g=1, 4 evaluated, 3 expanded, t=0.03s]
Best heuristic value: 16/17 [g=2, 6 evaluated, 5 expanded, t=0.03s]
Best heuristic value: 15/16 [g=3, 9 evaluated, 8 expanded, t=0.03s]
Best heuristic value: 14/15 [g=4, 12 evaluated, 11 expanded, t=0.03s]
Best heuristic value: 13/14 [g=5, 14 evaluated, 13 expanded, t=0.03s]
Best heuristic value: 12/13 [g=6, 17 evaluated, 16 expanded, t=0.03s]
Best heuristic value: 11/12 [g=7, 20 evaluated, 19 expanded, t=0.03s]
Best heuristic value: 11/11 [g=9, 23 evaluated, 22 expanded, t=0.03s]
Best heuristic value: 11/10 [g=10, 24 evaluated, 23 expanded, t=0.03s]
Best heuristic value: 11/9 [g=11, 28 evaluated, 27 expanded, t=0.04s]
Best heuristic value: 11/8 [g=12, 34 evaluated, 31 expanded, t=0.04s]
Best heuristic value: 10/8 [g=10, 50 evaluated, 42 expanded, t=0.04s]
Best heuristic value: 9/8 [g=11, 55 evaluated, 47 expanded, t=0.04s]
Best heuristic value: 8/8 [g=12, 61 evaluated, 51 expanded, t=0.04s]
Best heuristic value: 7/7 [g=14, 66 evaluated, 54 expanded, t=0.04s]
Best heuristic value: 6/7 [g=16, 1487 evaluated, 766 expanded, t=0.12s]
Best heuristic value: 5/6 [g=17, 1489 evaluated, 767 expanded, t=0.12s]
Best heuristic value: 5/5 [g=16, 15379 evaluated, 7053 expanded, t=0.88s]
Best heuristic value: 4/4 [g=17, 15381 evaluated, 7054 expanded, t=0.88s]
Best heuristic value: 3/3 [g=18, 15382 evaluated, 7055 expanded, t=0.88s]
Best heuristic value: 2/2 [g=19, 15384 evaluated, 7056 expanded, t=0.88s]
Best heuristic value: 1/1 [g=20, 15385 evaluated, 7057 expanded, t=0.88s]
Solution found!
Actual search time: 0.85s [t=0.88s]
load p5 t0 l5 (1)
drive t0 l5 l4 level60 level12 level72 (1)
load p6 t0 l4 (1)
load p2 t0 l4 (1)
drive t0 l4 l3 level52 level8 level60 (1)
load p1 t0 l3 (1)
load p0 t0 l3 (1)
drive t0 l3 l1 level40 level12 level52 (1)
drive t0 l1 l2 level37 level3 level40 (1)
load p3 t0 l2 (1)
unload p1 t0 l2 (1)
unload p0 t0 l2 (1)
drive t0 l2 l5 level24 level13 level37 (1)
drive t0 l5 l0 level18 level6 level24 (1)
unload p6 t0 l0 (1)
unload p5 t0 l0 (1)
load p4 t0 l0 (1)
unload p3 t0 l0 (1)
unload p2 t0 l0 (1)
drive t0 l0 l3 level0 level18 level18 (1)
unload p4 t0 l3 (1)
Plan length: 21 step(s).
Plan cost: 21
Initial state h value: 18/18.
Expanded 7058 state(s).
Reopened 0 state(s).
Evaluated 15386 state(s).
Evaluations: 30772
Generated 42530 state(s).
Dead ends: 8327 state(s).
Best solution cost so far: 21
Solution found - keep searching
Starting search: lazy_wastar(list(hff, hlm), preferred = list(hff, hlm), w = 5)
Conducting lazy best first search, (real) bound = 21
Best heuristic value: 18/18 [g=0, 1 evaluated, 0 expanded, t=0.88s]
Best heuristic value: 17/17 [g=1, 4 evaluated, 3 expanded, t=0.88s]
Best heuristic value: 16/17 [g=2, 6 evaluated, 5 expanded, t=0.88s]
Best heuristic value: 15/16 [g=3, 9 evaluated, 8 expanded, t=0.88s]
Best heuristic value: 14/15 [g=4, 12 evaluated, 11 expanded, t=0.88s]
Best heuristic value: 13/14 [g=5, 14 evaluated, 13 expanded, t=0.88s]
Best heuristic value: 12/13 [g=6, 17 evaluated, 16 expanded, t=0.88s]
Best heuristic value: 11/12 [g=7, 20 evaluated, 19 expanded, t=0.88s]
Best heuristic value: 11/11 [g=9, 23 evaluated, 22 expanded, t=0.88s]
Best heuristic value: 11/10 [g=10, 24 evaluated, 23 expanded, t=0.88s]
Best heuristic value: 11/9 [g=11, 28 evaluated, 27 expanded, t=0.88s]
Best heuristic value: 11/8 [g=12, 34 evaluated, 31 expanded, t=0.88s]
Best heuristic value: 10/8 [g=10, 50 evaluated, 42 expanded, t=0.88s]
Best heuristic value: 9/8 [g=11, 55 evaluated, 47 expanded, t=0.88s]
Best heuristic value: 8/8 [g=12, 61 evaluated, 50 expanded, t=0.88s]
Best heuristic value: 7/7 [g=14, 66 evaluated, 53 expanded, t=0.88s]
Best heuristic value: 6/7 [g=16, 1594 evaluated, 856 expanded, 28 reopened, t=0.97s]
Best heuristic value: 5/6 [g=17, 1596 evaluated, 857 expanded, 28 reopened, t=0.97s]
Best heuristic value: 5/5 [g=16, 15515 evaluated, 7427 expanded, 418 reopened, t=1.76s]
Best heuristic value: 4/4 [g=17, 15517 evaluated, 7428 expanded, 418 reopened, t=1.76s]
Best heuristic value: 3/3 [g=18, 15519 evaluated, 7429 expanded, 418 reopened, t=1.76s]
Best heuristic value: 2/2 [g=19, 15521 evaluated, 7430 expanded, 418 reopened, t=1.76s]
Best heuristic value: 1/1 [g=20, 15522 evaluated, 7431 expanded, 418 reopened, t=1.76s]
Completely explored state space -- no solution!
Actual search time: 327.48s [t=328.36s]
Initial state h value: 18/18.
Expanded 2123685 state(s).
Reopened 269786 state(s).
Evaluated 4842258 state(s).
Evaluations: 9684516
Generated 10733686 state(s).
Dead ends: 2718573 state(s).
Best solution cost so far: 21
No solution found - keep searching
Starting search: lazy_wastar(list(hff, hlm), preferred = list(hff, hlm), w = 3)
Conducting lazy best first search, (real) bound = 21
Best heuristic value: 18/18 [g=0, 1 evaluated, 0 expanded, t=328.36s]
Best heuristic value: 17/17 [g=1, 4 evaluated, 3 expanded, t=328.36s]
Best heuristic value: 16/17 [g=2, 6 evaluated, 5 expanded, t=328.36s]
Best heuristic value: 15/16 [g=3, 9 evaluated, 8 expanded, t=328.36s]
Best heuristic value: 14/15 [g=4, 12 evaluated, 11 expanded, t=328.36s]
Best heuristic value: 13/14 [g=5, 14 evaluated, 13 expanded, t=328.36s]
Best heuristic value: 12/13 [g=6, 17 evaluated, 16 expanded, t=328.36s]
Best heuristic value: 11/12 [g=7, 20 evaluated, 19 expanded, t=328.36s]
Best heuristic value: 11/11 [g=9, 23 evaluated, 22 expanded, t=328.36s]
Best heuristic value: 11/10 [g=10, 24 evaluated, 23 expanded, t=328.36s]
Best heuristic value: 11/9 [g=11, 28 evaluated, 27 expanded, t=328.36s]
Best heuristic value: 11/8 [g=12, 32 evaluated, 31 expanded, t=328.36s]
Best heuristic value: 10/8 [g=10, 57 evaluated, 47 expanded, t=328.36s]
Best heuristic value: 9/8 [g=11, 63 evaluated, 51 expanded, t=328.36s]
Best heuristic value: 8/8 [g=12, 68 evaluated, 56 expanded, t=328.36s]
Best heuristic value: 7/7 [g=14, 73 evaluated, 60 expanded, t=328.36s]
Best heuristic value: 6/7 [g=16, 1522 evaluated, 893 expanded, 19 reopened, t=328.46s]
Best heuristic value: 5/6 [g=17, 1524 evaluated, 894 expanded, 19 reopened, t=328.46s]
Best heuristic value: 5/5 [g=17, 15056 evaluated, 7360 expanded, 366 reopened, t=329.32s]
Best heuristic value: 4/5 [g=19, 16017 evaluated, 7897 expanded, 386 reopened, t=329.39s]
Best heuristic value: 4/4 [g=17, 16108 evaluated, 7934 expanded, 386 reopened, t=329.39s]
Best heuristic value: 3/3 [g=18, 16110 evaluated, 7935 expanded, 386 reopened, t=329.39s]
Best heuristic value: 2/2 [g=19, 16112 evaluated, 7936 expanded, 386 reopened, t=329.39s]
Best heuristic value: 1/1 [g=20, 16113 evaluated, 7937 expanded, 386 reopened, t=329.39s]
Completely explored state space -- no solution!
Actual search time: 336.8s [t=665.16s]
Initial state h value: 18/18.
Expanded 1981527 state(s).
Reopened 127628 state(s).
Evaluated 4700100 state(s).
Evaluations: 9400200
Generated 9975396 state(s).
Dead ends: 2718573 state(s).
Best solution cost so far: 21
No solution found - keep searching
Starting search: lazy_wastar(list(hff, hlm), preferred = list(hff, hlm), w = 2)
Conducting lazy best first search, (real) bound = 21
Best heuristic value: 18/18 [g=0, 1 evaluated, 0 expanded, t=665.16s]
Best heuristic value: 17/17 [g=1, 4 evaluated, 3 expanded, t=665.16s]
Best heuristic value: 16/17 [g=2, 6 evaluated, 5 expanded, t=665.16s]
Best heuristic value: 15/16 [g=3, 9 evaluated, 8 expanded, t=665.16s]
Best heuristic value: 14/15 [g=4, 12 evaluated, 11 expanded, t=665.16s]
Best heuristic value: 13/14 [g=5, 14 evaluated, 13 expanded, t=665.16s]
Best heuristic value: 12/13 [g=6, 17 evaluated, 16 expanded, t=665.16s]
Best heuristic value: 11/12 [g=7, 20 evaluated, 19 expanded, t=665.16s]
Best heuristic value: 11/11 [g=9, 23 evaluated, 22 expanded, t=665.16s]
Best heuristic value: 11/10 [g=10, 25 evaluated, 24 expanded, t=665.16s]
Best heuristic value: 11/9 [g=11, 29 evaluated, 28 expanded, t=665.16s]
Best heuristic value: 11/8 [g=12, 33 evaluated, 32 expanded, t=665.16s]
Best heuristic value: 10/8 [g=10, 56 evaluated, 47 expanded, t=665.16s]
Best heuristic value: 9/8 [g=11, 62 evaluated, 52 expanded, t=665.16s]
Best heuristic value: 8/8 [g=12, 67 evaluated, 57 expanded, t=665.16s]
Best heuristic value: 7/7 [g=14, 74 evaluated, 63 expanded, t=665.16s]
Best heuristic value: 6/7 [g=16, 1251 evaluated, 809 expanded, 6 reopened, t=665.25s]
Best heuristic value: 5/6 [g=17, 1253 evaluated, 810 expanded, 6 reopened, t=665.25s]
Best heuristic value: 5/5 [g=16, 5881 evaluated, 3123 expanded, 32 reopened, t=665.54s]
Best heuristic value: 4/4 [g=17, 5883 evaluated, 3124 expanded, 32 reopened, t=665.54s]
Best heuristic value: 3/3 [g=18, 5885 evaluated, 3125 expanded, 32 reopened, t=665.54s]
Best heuristic value: 2/2 [g=19, 5887 evaluated, 3126 expanded, 32 reopened, t=665.54s]
Best heuristic value: 1/1 [g=20, 5888 evaluated, 3127 expanded, 32 reopened, t=665.54s]
Completely explored state space -- no solution!
Actual search time: 348.12s [t=1013.28s]
Initial state h value: 18/18.
Expanded 1912418 state(s).
Reopened 58519 state(s).
Evaluated 4630991 state(s).
Evaluations: 9261982
Generated 9605000 state(s).
Dead ends: 2718573 state(s).
Best solution cost so far: 21
No solution found - keep searching
Starting search: lazy_wastar(list(hff, hlm), preferred = list(hff, hlm), w = 1)
Conducting lazy best first search, (real) bound = 21
Best heuristic value: 18/18 [g=0, 1 evaluated, 0 expanded, t=1013.28s]
Best heuristic value: 17/17 [g=1, 4 evaluated, 3 expanded, t=1013.28s]
Best heuristic value: 16/17 [g=2, 7 evaluated, 6 expanded, t=1013.28s]
Best heuristic value: 15/16 [g=3, 12 evaluated, 11 expanded, t=1013.28s]
Best heuristic value: 14/15 [g=4, 26 evaluated, 25 expanded, t=1013.28s]
Best heuristic value: 13/14 [g=5, 35 evaluated, 34 expanded, t=1013.28s]
Best heuristic value: 12/13 [g=6, 40 evaluated, 39 expanded, t=1013.28s]
Best heuristic value: 11/12 [g=7, 44 evaluated, 43 expanded, t=1013.29s]
Best heuristic value: 11/11 [g=9, 188 evaluated, 187 expanded, t=1013.3s]
Best heuristic value: 11/10 [g=10, 325 evaluated, 323 expanded, t=1013.31s]
Best heuristic value: 10/10 [g=10, 521 evaluated, 506 expanded, t=1013.33s]
Best heuristic value: 10/9 [g=11, 532 evaluated, 517 expanded, t=1013.33s]
Best heuristic value: 10/8 [g=12, 722 evaluated, 706 expanded, t=1013.34s]
Best heuristic value: 9/8 [g=11, 748 evaluated, 732 expanded, t=1013.35s]
Best heuristic value: 8/8 [g=12, 886 evaluated, 868 expanded, t=1013.36s]
Best heuristic value: 7/7 [g=14, 1634 evaluated, 1491 expanded, t=1013.42s]
Best heuristic value: 7/6 [g=15, 2675 evaluated, 2286 expanded, t=1013.5s]
Best heuristic value: 7/5 [g=16, 3096 evaluated, 2612 expanded, t=1013.53s]
Best heuristic value: 6/5 [g=15, 3656 evaluated, 3036 expanded, t=1013.57s]
Best heuristic value: 5/5 [g=16, 3665 evaluated, 3042 expanded, t=1013.57s]
Best heuristic value: 4/4 [g=17, 3681 evaluated, 3052 expanded, t=1013.58s]
Best heuristic value: 3/3 [g=18, 3701 evaluated, 3062 expanded, t=1013.58s]
Best heuristic value: 2/2 [g=19, 3716 evaluated, 3067 expanded, t=1013.58s]
Best heuristic value: 1/1 [g=20, 3721 evaluated, 3068 expanded, t=1013.58s]
Completely explored state space -- no solution!
Actual search time: 325.98s [t=1339.26s]
Initial state h value: 18/18.
Expanded 1862739 state(s).
Reopened 8840 state(s).
Evaluated 4581312 state(s).
Evaluations: 9162624
Generated 9322419 state(s).
Dead ends: 2718573 state(s).
Best solution cost so far: 21
No solution found - keep searching
Actual search time: 1339.23s [t=1339.26s]
Cumulative statistics:
Expanded 7887427 state(s).
Reopened 464773 state(s).
Evaluated 18770047 state(s).
Evaluations: 37540094
Generated 39679031 state(s).
Dead ends: 0 state(s).
Search time: 1339.23s
Total time: 1339.26s
Peak memory: 1279728 KB

