1. Running translator
Second argument is a file name: use two translator arguments.
Parsing... [0.020s CPU, 0.047s wall-clock]
Instantiating...
Normalizing task... [0.000s CPU, 0.001s wall-clock]
Generating Datalog program... [0.000s CPU, 0.003s wall-clock]
Normalizing Datalog program...
Normalizing Datalog program: [0.030s CPU, 0.018s wall-clock]
Preparing model... [0.010s CPU, 0.015s wall-clock]
Generated 212 rules.
Computing model... [0.120s CPU, 0.125s wall-clock]
2251 relevant atoms
1986 auxiliary atoms
4237 final queue length
6892 total queue pushes
Completing instantiation... [0.180s CPU, 0.187s wall-clock]
Instantiating: [0.350s CPU, 0.353s wall-clock]
Computing fact groups...
Finding invariants...
20 initial candidates
Finding invariants: [0.010s CPU, 0.014s wall-clock]
Checking invariant weight... [0.010s CPU, 0.003s wall-clock]
Instantiating groups... [0.000s CPU, 0.007s wall-clock]
Collecting mutex groups... [0.000s CPU, 0.001s wall-clock]
Choosing groups...
585 uncovered facts
Choosing groups: [0.000s CPU, 0.004s wall-clock]
Building translation key... [0.000s CPU, 0.004s wall-clock]
Computing fact groups: [0.050s CPU, 0.055s wall-clock]
Building STRIPS to SAS dictionary... [0.010s CPU, 0.003s wall-clock]
Building dictionary for full mutex groups... [0.000s CPU, 0.003s wall-clock]
Building mutex information...
Building mutex information: [0.000s CPU, 0.003s wall-clock]
Translating task...
Processing axioms...
Simplifying axioms... [0.000s CPU, 0.000s wall-clock]
Processing axioms: [0.010s CPU, 0.010s wall-clock]
Translating task: [0.180s CPU, 0.174s wall-clock]
1140 implied effects removed
0 effect conditions simplified
0 implied preconditions added
Detecting unreachable propositions...
0 operators removed
17 propositions removed
Detecting unreachable propositions: [0.050s CPU, 0.043s wall-clock]
Translator variables: 599
Translator derived variables: 0
Translator facts: 1438
Translator mutex groups: 15
Translator total mutex groups size: 270
Translator operators: 1141
Translator task size: 10961
Translator peak memory: 147104 KB
Writing output... [0.030s CPU, 0.046s wall-clock]
Done! [0.700s CPU, 0.738s wall-clock]

2. Running preprocessor
Building causal graph...
The causal graph is not acyclic.
149 variables of 599 necessary
0 of 15 mutex groups necessary.
1141 of 1141 operators necessary.
0 of 0 axiom rules necessary.
Building domain transition graphs...
solveable in poly time 0
Building successor generator...
Preprocessor facts: 538
Preprocessor derived variables: 0
Preprocessor task size: 8485
Writing output...
done


3. Running search
Dispatcher selected state size 1.
This is a nonunit task.
Simplifying transitions... done!
Initializing Exploration...
Generating landmarks using the RPG/SAS+ approach
approx. reasonable orders
approx. obedient reasonable orders
Removed 0 reasonable or obedient reasonable orders
Landmarks generation time: 0.0979077s
Discovered 276 landmarks, of which 53 are disjunctive and 0 are conjunctive 
2231 edges
Initializing LAMA-FF Synergy Object
Initializing landmarks count heuristic...
128 initial landmarks, 90 goal landmarks
Initializing Exploration...
Generating landmarks using the RPG/SAS+ approach
Switch from bucket-based to heap-based queue at key = 8002, num_pushes = 163
approx. reasonable orders
approx. obedient reasonable orders
Removed 0 reasonable or obedient reasonable orders
Landmarks generation time: 0.108358s
Discovered 276 landmarks, of which 53 are disjunctive and 0 are conjunctive 
2231 edges
Initializing LAMA-FF Synergy Object
Initializing landmarks count heuristic...
128 initial landmarks, 90 goal landmarks
Starting search: lazy_greedy(list(hff1, hlm1), preferred = list(hff1, hlm1), cost_type = 1, reopen_closed = false)
Conducting lazy best first search, (real) bound = 2147483647
Best heuristic value: 148/134 [g=0, 1 evaluated, 0 expanded, t=0.24s]
Best heuristic value: 142/134 [g=1, 2 evaluated, 1 expanded, t=0.24s]
Best heuristic value: 141/134 [g=2, 3 evaluated, 2 expanded, t=0.24s]
Best heuristic value: 140/134 [g=2, 5 evaluated, 4 expanded, t=0.24s]
Best heuristic value: 139/134 [g=3, 6 evaluated, 5 expanded, t=0.24s]
Best heuristic value: 138/134 [g=4, 7 evaluated, 6 expanded, t=0.24s]
Best heuristic value: 136/134 [g=5, 8 evaluated, 7 expanded, t=0.24s]
Best heuristic value: 135/134 [g=6, 9 evaluated, 8 expanded, t=0.24s]
Best heuristic value: 134/134 [g=7, 10 evaluated, 9 expanded, t=0.24s]
Best heuristic value: 132/133 [g=8, 11 evaluated, 10 expanded, t=0.24s]
Best heuristic value: 131/133 [g=9, 12 evaluated, 11 expanded, t=0.24s]
Best heuristic value: 130/131 [g=9, 14 evaluated, 13 expanded, t=0.24s]
Best heuristic value: 129/130 [g=10, 15 evaluated, 14 expanded, t=0.24s]
Best heuristic value: 128/129 [g=11, 16 evaluated, 15 expanded, t=0.24s]
Best heuristic value: 127/129 [g=12, 18 evaluated, 16 expanded, t=0.25s]
Best heuristic value: 126/127 [g=12, 20 evaluated, 17 expanded, t=0.25s]
Best heuristic value: 125/126 [g=13, 22 evaluated, 18 expanded, t=0.25s]
Best heuristic value: 124/125 [g=14, 24 evaluated, 19 expanded, t=0.25s]
Best heuristic value: 123/125 [g=15, 27 evaluated, 20 expanded, t=0.25s]
Best heuristic value: 122/123 [g=15, 29 evaluated, 21 expanded, t=0.25s]
Best heuristic value: 121/122 [g=16, 32 evaluated, 22 expanded, t=0.25s]
Best heuristic value: 120/121 [g=17, 35 evaluated, 23 expanded, t=0.25s]
Best heuristic value: 119/121 [g=18, 39 evaluated, 24 expanded, t=0.25s]
Best heuristic value: 118/119 [g=18, 41 evaluated, 25 expanded, t=0.25s]
Best heuristic value: 117/118 [g=19, 45 evaluated, 26 expanded, t=0.25s]
Best heuristic value: 116/117 [g=20, 49 evaluated, 27 expanded, t=0.25s]
Best heuristic value: 114/117 [g=21, 54 evaluated, 28 expanded, t=0.26s]
Best heuristic value: 114/114 [g=21, 56 evaluated, 29 expanded, t=0.26s]
Best heuristic value: 113/114 [g=22, 63 evaluated, 30 expanded, t=0.26s]
Best heuristic value: 113/113 [g=22, 66 evaluated, 31 expanded, t=0.26s]
Best heuristic value: 112/113 [g=23, 75 evaluated, 32 expanded, t=0.26s]
Best heuristic value: 112/112 [g=23, 76 evaluated, 33 expanded, t=0.26s]
Best heuristic value: 111/112 [g=24, 89 evaluated, 36 expanded, t=0.27s]
Best heuristic value: 111/110 [g=24, 90 evaluated, 37 expanded, t=0.27s]
Best heuristic value: 110/109 [g=25, 102 evaluated, 39 expanded, t=0.27s]
Best heuristic value: 109/108 [g=26, 108 evaluated, 40 expanded, t=0.27s]
Best heuristic value: 108/108 [g=27, 115 evaluated, 41 expanded, t=0.27s]
Best heuristic value: 107/106 [g=27, 117 evaluated, 42 expanded, t=0.27s]
Best heuristic value: 106/105 [g=28, 124 evaluated, 43 expanded, t=0.28s]
Best heuristic value: 105/104 [g=29, 131 evaluated, 44 expanded, t=0.28s]
Best heuristic value: 104/104 [g=30, 139 evaluated, 45 expanded, t=0.28s]
Best heuristic value: 103/102 [g=30, 141 evaluated, 46 expanded, t=0.28s]
Best heuristic value: 102/101 [g=31, 149 evaluated, 47 expanded, t=0.28s]
Best heuristic value: 101/100 [g=32, 157 evaluated, 48 expanded, t=0.29s]
Best heuristic value: 99/99 [g=33, 166 evaluated, 49 expanded, t=0.29s]
Best heuristic value: 98/98 [g=34, 175 evaluated, 50 expanded, t=0.29s]
Best heuristic value: 97/97 [g=35, 184 evaluated, 51 expanded, t=0.29s]
Best heuristic value: 97/96 [g=36, 193 evaluated, 52 expanded, t=0.3s]
Best heuristic value: 95/96 [g=36, 195 evaluated, 53 expanded, t=0.3s]
Best heuristic value: 95/95 [g=37, 210 evaluated, 54 expanded, t=0.3s]
Best heuristic value: 94/95 [g=37, 215 evaluated, 56 expanded, t=0.3s]
Best heuristic value: 94/94 [g=38, 228 evaluated, 57 expanded, t=0.31s]
Best heuristic value: 92/94 [g=38, 237 evaluated, 59 expanded, t=0.31s]
Best heuristic value: 92/93 [g=39, 246 evaluated, 60 expanded, t=0.31s]
Best heuristic value: 91/93 [g=39, 259 evaluated, 62 expanded, t=0.32s]
Best heuristic value: 91/92 [g=40, 264 evaluated, 63 expanded, t=0.32s]
Best heuristic value: 91/91 [g=41, 282 evaluated, 65 expanded, t=0.32s]
Best heuristic value: 89/91 [g=40, 283 evaluated, 66 expanded, t=0.32s]
Best heuristic value: 89/88 [g=42, 302 evaluated, 69 expanded, t=0.33s]
Best heuristic value: 88/88 [g=41, 307 evaluated, 70 expanded, t=0.33s]
Best heuristic value: 88/87 [g=43, 320 evaluated, 71 expanded, t=0.33s]
Best heuristic value: 86/87 [g=42, 333 evaluated, 73 expanded, t=0.34s]
Best heuristic value: 86/86 [g=44, 338 evaluated, 74 expanded, t=0.34s]
Best heuristic value: 85/86 [g=43, 359 evaluated, 77 expanded, t=0.35s]
Best heuristic value: 85/83 [g=45, 360 evaluated, 78 expanded, t=0.35s]
Best heuristic value: 85/82 [g=46, 380 evaluated, 80 expanded, t=0.35s]
Best heuristic value: 83/82 [g=44, 387 evaluated, 81 expanded, t=0.36s]
Best heuristic value: 83/81 [g=47, 400 evaluated, 82 expanded, t=0.36s]
Best heuristic value: 82/81 [g=45, 415 evaluated, 84 expanded, t=0.36s]
Best heuristic value: 82/78 [g=48, 424 evaluated, 86 expanded, t=0.37s]
Best heuristic value: 81/78 [g=46, 445 evaluated, 88 expanded, t=0.37s]
Best heuristic value: 81/77 [g=49, 446 evaluated, 89 expanded, t=0.37s]
Best heuristic value: 81/76 [g=50, 468 evaluated, 91 expanded, t=0.38s]
Best heuristic value: 80/76 [g=47, 475 evaluated, 93 expanded, t=0.38s]
Best heuristic value: 80/73 [g=51, 494 evaluated, 96 expanded, t=0.39s]
Best heuristic value: 79/73 [g=48, 505 evaluated, 99 expanded, t=0.39s]
Best heuristic value: 79/72 [g=52, 518 evaluated, 100 expanded, t=0.4s]
Best heuristic value: 78/72 [g=49, 535 evaluated, 105 expanded, t=0.4s]
Best heuristic value: 78/71 [g=53, 542 evaluated, 106 expanded, t=0.4s]
Best heuristic value: 77/71 [g=50, 565 evaluated, 112 expanded, t=0.41s]
Best heuristic value: 77/68 [g=54, 570 evaluated, 114 expanded, t=0.41s]
Best heuristic value: 75/68 [g=51, 595 evaluated, 121 expanded, t=0.42s]
Best heuristic value: 75/67 [g=55, 596 evaluated, 122 expanded, t=0.42s]
Best heuristic value: 74/67 [g=52, 611 evaluated, 123 expanded, t=0.42s]
Best heuristic value: 74/66 [g=56, 622 evaluated, 124 expanded, t=0.43s]
Best heuristic value: 73/66 [g=53, 627 evaluated, 125 expanded, t=0.43s]
Best heuristic value: 73/64 [g=57, 650 evaluated, 130 expanded, t=0.44s]
Best heuristic value: 71/64 [g=54, 655 evaluated, 133 expanded, t=0.44s]
Best heuristic value: 70/64 [g=55, 669 evaluated, 134 expanded, t=0.44s]
Best heuristic value: 70/63 [g=58, 676 evaluated, 135 expanded, t=0.44s]
Best heuristic value: 69/63 [g=56, 683 evaluated, 136 expanded, t=0.45s]
Best heuristic value: 69/62 [g=59, 702 evaluated, 140 expanded, t=0.45s]
Best heuristic value: 67/62 [g=57, 709 evaluated, 144 expanded, t=0.45s]
Best heuristic value: 66/62 [g=58, 721 evaluated, 145 expanded, t=0.46s]
Best heuristic value: 66/60 [g=60, 728 evaluated, 146 expanded, t=0.46s]
Best heuristic value: 65/60 [g=59, 733 evaluated, 147 expanded, t=0.46s]
Best heuristic value: 65/59 [g=61, 752 evaluated, 152 expanded, t=0.47s]
Best heuristic value: 63/59 [g=60, 757 evaluated, 155 expanded, t=0.47s]
Best heuristic value: 62/59 [g=61, 767 evaluated, 156 expanded, t=0.47s]
Best heuristic value: 62/58 [g=62, 776 evaluated, 157 expanded, t=0.47s]
Best heuristic value: 61/58 [g=62, 777 evaluated, 158 expanded, t=0.47s]
Best heuristic value: 59/58 [g=63, 799 evaluated, 165 expanded, t=0.48s]
Best heuristic value: 59/56 [g=63, 800 evaluated, 166 expanded, t=0.48s]
Best heuristic value: 58/56 [g=64, 807 evaluated, 167 expanded, t=0.48s]
Best heuristic value: 57/56 [g=65, 815 evaluated, 168 expanded, t=0.49s]
Best heuristic value: 57/55 [g=64, 822 evaluated, 169 expanded, t=0.49s]
Best heuristic value: 55/55 [g=66, 835 evaluated, 176 expanded, t=0.49s]
Best heuristic value: 54/55 [g=67, 841 evaluated, 177 expanded, t=0.49s]
Best heuristic value: 54/54 [g=65, 844 evaluated, 178 expanded, t=0.49s]
Best heuristic value: 53/54 [g=68, 847 evaluated, 179 expanded, t=0.49s]
Best heuristic value: 51/54 [g=69, 865 evaluated, 186 expanded, t=0.5s]
Best heuristic value: 51/52 [g=66, 866 evaluated, 187 expanded, t=0.5s]
Best heuristic value: 50/52 [g=70, 869 evaluated, 188 expanded, t=0.5s]
Best heuristic value: 49/52 [g=71, 873 evaluated, 189 expanded, t=0.5s]
Best heuristic value: 49/51 [g=67, 886 evaluated, 195 expanded, t=0.5s]
Best heuristic value: 47/51 [g=72, 889 evaluated, 197 expanded, t=0.51s]
Best heuristic value: 46/51 [g=73, 891 evaluated, 198 expanded, t=0.51s]
Best heuristic value: 45/50 [g=74, 893 evaluated, 199 expanded, t=0.51s]
Best heuristic value: 43/49 [g=75, 894 evaluated, 200 expanded, t=0.51s]
Best heuristic value: 41/48 [g=76, 895 evaluated, 201 expanded, t=0.51s]
Best heuristic value: 39/47 [g=77, 896 evaluated, 202 expanded, t=0.51s]
Best heuristic value: 37/46 [g=78, 897 evaluated, 203 expanded, t=0.51s]
Best heuristic value: 35/45 [g=79, 898 evaluated, 204 expanded, t=0.51s]
Best heuristic value: 33/44 [g=80, 899 evaluated, 205 expanded, t=0.51s]
Best heuristic value: 31/43 [g=81, 900 evaluated, 206 expanded, t=0.51s]
Best heuristic value: 29/42 [g=82, 901 evaluated, 207 expanded, t=0.51s]
Best heuristic value: 29/41 [g=83, 902 evaluated, 208 expanded, t=0.51s]
Best heuristic value: 29/40 [g=84, 903 evaluated, 209 expanded, t=0.51s]
Best heuristic value: 29/39 [g=85, 905 evaluated, 211 expanded, t=0.51s]
Best heuristic value: 28/38 [g=86, 907 evaluated, 213 expanded, t=0.51s]
Best heuristic value: 27/37 [g=87, 908 evaluated, 214 expanded, t=0.51s]
Best heuristic value: 26/36 [g=88, 909 evaluated, 215 expanded, t=0.51s]
Best heuristic value: 24/35 [g=89, 910 evaluated, 216 expanded, t=0.51s]
Best heuristic value: 24/34 [g=90, 911 evaluated, 217 expanded, t=0.51s]
Best heuristic value: 24/33 [g=91, 912 evaluated, 218 expanded, t=0.51s]
Best heuristic value: 24/32 [g=92, 914 evaluated, 220 expanded, t=0.51s]
Best heuristic value: 23/31 [g=93, 916 evaluated, 222 expanded, t=0.51s]
Best heuristic value: 22/30 [g=94, 917 evaluated, 223 expanded, t=0.51s]
Best heuristic value: 21/29 [g=95, 918 evaluated, 224 expanded, t=0.51s]
Best heuristic value: 19/28 [g=96, 919 evaluated, 225 expanded, t=0.51s]
Best heuristic value: 19/27 [g=97, 920 evaluated, 226 expanded, t=0.52s]
Best heuristic value: 19/26 [g=98, 921 evaluated, 227 expanded, t=0.52s]
Best heuristic value: 19/25 [g=99, 923 evaluated, 229 expanded, t=0.52s]
Best heuristic value: 18/24 [g=100, 925 evaluated, 231 expanded, t=0.52s]
Best heuristic value: 17/23 [g=101, 926 evaluated, 232 expanded, t=0.52s]
Best heuristic value: 16/22 [g=102, 927 evaluated, 233 expanded, t=0.52s]
Best heuristic value: 14/21 [g=103, 928 evaluated, 234 expanded, t=0.52s]
Best heuristic value: 14/20 [g=104, 929 evaluated, 235 expanded, t=0.52s]
Best heuristic value: 14/19 [g=105, 930 evaluated, 236 expanded, t=0.52s]
Best heuristic value: 14/18 [g=106, 932 evaluated, 238 expanded, t=0.52s]
Best heuristic value: 13/17 [g=107, 934 evaluated, 240 expanded, t=0.52s]
Best heuristic value: 12/16 [g=108, 935 evaluated, 241 expanded, t=0.52s]
Best heuristic value: 11/15 [g=109, 936 evaluated, 242 expanded, t=0.52s]
Best heuristic value: 9/14 [g=110, 937 evaluated, 243 expanded, t=0.52s]
Best heuristic value: 9/13 [g=111, 938 evaluated, 244 expanded, t=0.52s]
Best heuristic value: 9/12 [g=112, 939 evaluated, 245 expanded, t=0.52s]
Best heuristic value: 9/11 [g=113, 941 evaluated, 247 expanded, t=0.52s]
Best heuristic value: 8/10 [g=114, 942 evaluated, 248 expanded, t=0.52s]
Best heuristic value: 7/9 [g=115, 943 evaluated, 249 expanded, t=0.52s]
Best heuristic value: 6/8 [g=116, 944 evaluated, 250 expanded, t=0.52s]
Best heuristic value: 4/7 [g=117, 945 evaluated, 251 expanded, t=0.52s]
Best heuristic value: 4/6 [g=118, 946 evaluated, 252 expanded, t=0.52s]
Best heuristic value: 4/5 [g=119, 947 evaluated, 253 expanded, t=0.52s]
Best heuristic value: 4/4 [g=120, 948 evaluated, 254 expanded, t=0.52s]
Best heuristic value: 3/3 [g=121, 949 evaluated, 255 expanded, t=0.52s]
Best heuristic value: 2/2 [g=122, 950 evaluated, 256 expanded, t=0.52s]
Best heuristic value: 1/1 [g=123, 951 evaluated, 257 expanded, t=0.52s]
Solution found!
Actual search time: 0.28s [t=0.52s]
initialize  (0)
colorfeeder-feed-letter sheet1 (8000)
down-movebottom-letter sheet1 (2999)
colorcontainer-toime-letter sheet1 (8000)
colorprinter-simplex-letter sheet1 front image-1 (224040)
colorcontainer-fromime-letter sheet1 (8000)
up-moveup-letter sheet1 (9999)
finisher1-stack-letter sheet1 dummy-sheet (8000)
colorfeeder-feed-letter sheet2 (8000)
down-movebottom-letter sheet2 (2999)
colorcontainer-toime-letter sheet2 (8000)
colorfeeder-feed-letter sheet3 (8000)
down-movebottom-letter sheet3 (2999)
colorcontainer-toime-letter sheet3 (8000)
colorfeeder-feed-letter sheet4 (8000)
down-movebottom-letter sheet4 (2999)
colorcontainer-toime-letter sheet4 (8000)
colorfeeder-feed-letter sheet5 (8000)
down-movebottom-letter sheet5 (2999)
colorcontainer-toime-letter sheet5 (8000)
colorfeeder-feed-letter sheet6 (8000)
down-movebottom-letter sheet6 (2999)
colorcontainer-toime-letter sheet6 (8000)
colorfeeder-feed-letter sheet7 (8000)
down-movebottom-letter sheet7 (2999)
colorcontainer-toime-letter sheet7 (8000)
colorfeeder-feed-letter sheet8 (8000)
down-movebottom-letter sheet8 (2999)
colorcontainer-toime-letter sheet8 (8000)
colorfeeder-feed-letter sheet9 (8000)
down-movebottom-letter sheet9 (2999)
colorcontainer-toime-letter sheet9 (8000)
blackfeeder-feed-letter sheet10 (8000)
blackcontainer-toime-letter sheet10 (2000)
blackprinter-simplex-letter sheet10 front image-10 (113013)
blackfeeder-feed-letter sheet11 (8000)
blackcontainer-toime-letter sheet11 (2000)
blackfeeder-feed-letter sheet12 (8000)
blackcontainer-toime-letter sheet12 (2000)
blackfeeder-feed-letter sheet13 (8000)
blackcontainer-toime-letter sheet13 (2000)
blackfeeder-feed-letter sheet14 (8000)
blackcontainer-toime-letter sheet14 (2000)
blackfeeder-feed-letter sheet15 (8000)
blackcontainer-toime-letter sheet15 (2000)
blackprinter-simplex-letter sheet15 front image-15 (113013)
blackprinter-simplex-letter sheet14 front image-14 (113013)
blackprinter-simplex-letter sheet13 front image-13 (113013)
blackprinter-simplex-letter sheet12 front image-12 (113013)
blackprinter-simplex-letter sheet11 front image-11 (113013)
colorprinter-simplex-letter sheet9 front image-9 (224040)
colorcontainer-fromime-letter sheet9 (8000)
up-moveup-letter sheet9 (9999)
colorprinter-simplex-letter sheet8 front image-8 (224040)
colorcontainer-fromime-letter sheet8 (8000)
up-moveup-letter sheet8 (9999)
colorprinter-simplex-letter sheet7 front image-7 (224040)
colorcontainer-fromime-letter sheet7 (8000)
up-moveup-letter sheet7 (9999)
colorprinter-simplexmono-letter sheet6 front image-6 (224040)
colorcontainer-fromime-letter sheet6 (8000)
up-moveup-letter sheet6 (9999)
colorprinter-simplex-letter sheet5 front image-5 (224040)
colorcontainer-fromime-letter sheet5 (8000)
up-moveup-letter sheet5 (9999)
colorprinter-simplex-letter sheet4 front image-4 (224040)
colorcontainer-fromime-letter sheet4 (8000)
up-moveup-letter sheet4 (9999)
colorprinter-simplex-letter sheet3 front image-3 (224040)
colorcontainer-fromime-letter sheet3 (8000)
up-moveup-letter sheet3 (9999)
colorprinter-simplex-letter sheet2 front image-2 (224040)
colorcontainer-fromime-letter sheet2 (8000)
up-moveup-letter sheet2 (9999)
finisher1-stack-letter sheet2 sheet1 (8000)
finisher1-stack-letter sheet3 sheet2 (8000)
finisher1-stack-letter sheet4 sheet3 (8000)
finisher1-stack-letter sheet5 sheet4 (8000)
finisher1-stack-letter sheet6 sheet5 (8000)
finisher1-stack-letter sheet7 sheet6 (8000)
finisher1-stack-letter sheet8 sheet7 (8000)
finisher1-stack-letter sheet9 sheet8 (8000)
blackcontainer-fromime-letter sheet10 (2000)
endcap-move-letter sheet10 (2000)
htmoverblack-move-letter sheet10 (17999)
down-movetop-letter sheet10 (2999)
htmovercolor-move-letter sheet10 (9999)
up-movetop-letter sheet10 (2999)
finisher1-stack-letter sheet10 sheet9 (8000)
blackcontainer-fromime-letter sheet11 (2000)
endcap-move-letter sheet11 (2000)
htmoverblack-move-letter sheet11 (17999)
down-movetop-letter sheet11 (2999)
htmovercolor-move-letter sheet11 (9999)
up-movetop-letter sheet11 (2999)
finisher1-stack-letter sheet11 sheet10 (8000)
blackcontainer-fromime-letter sheet12 (2000)
endcap-move-letter sheet12 (2000)
htmoverblack-move-letter sheet12 (17999)
down-movetop-letter sheet12 (2999)
htmovercolor-move-letter sheet12 (9999)
up-movetop-letter sheet12 (2999)
finisher1-stack-letter sheet12 sheet11 (8000)
blackcontainer-fromime-letter sheet13 (2000)
endcap-move-letter sheet13 (2000)
htmoverblack-move-letter sheet13 (17999)
down-movetop-letter sheet13 (2999)
htmovercolor-move-letter sheet13 (9999)
up-movetop-letter sheet13 (2999)
finisher1-stack-letter sheet13 sheet12 (8000)
blackcontainer-fromime-letter sheet14 (2000)
endcap-move-letter sheet14 (2000)
htmoverblack-move-letter sheet14 (17999)
down-movetop-letter sheet14 (2999)
htmovercolor-move-letter sheet14 (9999)
up-movetop-letter sheet14 (2999)
finisher1-stack-letter sheet14 sheet13 (8000)
blackcontainer-fromime-letter sheet15 (2000)
endcap-move-letter sheet15 (2000)
htmoverblack-move-letter sheet15 (17999)
down-movetop-letter sheet15 (2999)
htmovercolor-move-letter sheet15 (9999)
up-movetop-letter sheet15 (2999)
finisher1-stack-letter sheet15 sheet14 (8000)
Plan length: 124 step(s).
Plan cost: 3435396
Initial state h value: 148/134.
Expanded 258 state(s).
Reopened 0 state(s).
Evaluated 952 state(s).
Evaluations: 1904
Generated 21053 state(s).
Dead ends: 693 state(s).
Best solution cost so far: 3435396
Solution found - keep searching
Starting search: lazy_greedy(list(hff2, hlm2), preferred = list(hff2, hlm2), reopen_closed = false)
Conducting lazy best first search, (real) bound = 3435396
Best heuristic value: 3332514/5213721 [g=0, 1 evaluated, 0 expanded, t=0.53s]
Best heuristic value: 3332508/5157713 [g=0, 2 evaluated, 1 expanded, t=0.53s]
Best heuristic value: 3324507/5148711 [g=8000, 3 evaluated, 2 expanded, t=0.53s]
Best heuristic value: 3324507/5146710 [g=10000, 4 evaluated, 3 expanded, t=0.53s]
Best heuristic value: 3316506/5139709 [g=16000, 6 evaluated, 4 expanded, t=0.53s]
Best heuristic value: 3316506/5137708 [g=18000, 7 evaluated, 5 expanded, t=0.53s]
Best heuristic value: 3316506/5135707 [g=20000, 10 evaluated, 7 expanded, t=0.53s]
Best heuristic value: 3308505/5130707 [g=24000, 11 evaluated, 8 expanded, t=0.53s]
Best heuristic value: 3308505/5128706 [g=26000, 12 evaluated, 9 expanded, t=0.53s]
Best heuristic value: 3308505/5126705 [g=28000, 15 evaluated, 11 expanded, t=0.53s]
Best heuristic value: 3300504/5121705 [g=32000, 18 evaluated, 13 expanded, t=0.53s]
Best heuristic value: 3300504/5119704 [g=34000, 19 evaluated, 14 expanded, t=0.53s]
Best heuristic value: 3300504/5117703 [g=36000, 22 evaluated, 16 expanded, t=0.53s]
Best heuristic value: 3292503/5112703 [g=40000, 27 evaluated, 19 expanded, t=0.53s]
Best heuristic value: 3292503/5110702 [g=42000, 28 evaluated, 20 expanded, t=0.53s]
Best heuristic value: 3292503/5108701 [g=44000, 31 evaluated, 22 expanded, t=0.53s]
Best heuristic value: 3292503/5106700 [g=46000, 37 evaluated, 26 expanded, t=0.54s]
Best heuristic value: 3281502/5104702 [g=48000, 38 evaluated, 27 expanded, t=0.54s]
Best heuristic value: 3281502/5102701 [g=50000, 39 evaluated, 28 expanded, t=0.54s]
Best heuristic value: 3281502/5100700 [g=52000, 42 evaluated, 30 expanded, t=0.54s]
Best heuristic value: 3281502/5098699 [g=54000, 48 evaluated, 34 expanded, t=0.54s]
Best heuristic value: 3279501/5098699 [g=50000, 49 evaluated, 35 expanded, t=0.54s]
Best heuristic value: 3279501/5096698 [g=56000, 56 evaluated, 39 expanded, t=0.54s]
Best heuristic value: 3271500/5093699 [g=58000, 63 evaluated, 42 expanded, t=0.55s]
Best heuristic value: 3271500/5091698 [g=60000, 64 evaluated, 43 expanded, t=0.55s]
Best heuristic value: 3271500/5089697 [g=62000, 67 evaluated, 45 expanded, t=0.55s]
Best heuristic value: 3271500/5087696 [g=64000, 73 evaluated, 49 expanded, t=0.55s]
Best heuristic value: 3263499/5084697 [g=66000, 78 evaluated, 51 expanded, t=0.55s]
Best heuristic value: 3263499/5082696 [g=68000, 79 evaluated, 52 expanded, t=0.55s]
Best heuristic value: 3263499/5080695 [g=70000, 82 evaluated, 54 expanded, t=0.55s]
Best heuristic value: 3263499/5078694 [g=72000, 88 evaluated, 58 expanded, t=0.55s]
Best heuristic value: 3255498/5075695 [g=74000, 95 evaluated, 61 expanded, t=0.56s]
Best heuristic value: 3255498/5073694 [g=76000, 96 evaluated, 62 expanded, t=0.56s]
Best heuristic value: 3255498/5071693 [g=78000, 99 evaluated, 64 expanded, t=0.56s]
Best heuristic value: 3255498/5069692 [g=80000, 105 evaluated, 68 expanded, t=0.56s]
Best heuristic value: 3255498/5067691 [g=82000, 113 evaluated, 72 expanded, t=0.56s]
Best heuristic value: 3244497/5067691 [g=82000, 114 evaluated, 73 expanded, t=0.56s]
Best heuristic value: 3244497/5065693 [g=84000, 116 evaluated, 74 expanded, t=0.56s]
Best heuristic value: 3244497/5063692 [g=86000, 119 evaluated, 76 expanded, t=0.56s]
Best heuristic value: 3244497/5061691 [g=88000, 125 evaluated, 80 expanded, t=0.57s]
Best heuristic value: 3244497/5059690 [g=90000, 133 evaluated, 84 expanded, t=0.57s]
Best heuristic value: 3242496/5059690 [g=84000, 134 evaluated, 85 expanded, t=0.57s]
Best heuristic value: 3242496/5057689 [g=92000, 143 evaluated, 90 expanded, t=0.57s]
Best heuristic value: 3129482/4952679 [g=197013, 154 evaluated, 95 expanded, t=0.57s]
Best heuristic value: 3129482/4950678 [g=199013, 155 evaluated, 96 expanded, t=0.58s]
Best heuristic value: 3129482/4948677 [g=201013, 158 evaluated, 98 expanded, t=0.58s]
Best heuristic value: 3129482/4946676 [g=203013, 164 evaluated, 102 expanded, t=0.58s]
Best heuristic value: 3129482/4944675 [g=205013, 172 evaluated, 106 expanded, t=0.58s]
Best heuristic value: 3118481/4944675 [g=205013, 175 evaluated, 108 expanded, t=0.58s]
Best heuristic value: 3118481/4942677 [g=207013, 177 evaluated, 109 expanded, t=0.58s]
Best heuristic value: 3118481/4940676 [g=209013, 180 evaluated, 111 expanded, t=0.58s]
Best heuristic value: 3118481/4938675 [g=211013, 186 evaluated, 115 expanded, t=0.59s]
Best heuristic value: 3118481/4936674 [g=213013, 194 evaluated, 119 expanded, t=0.59s]
Best heuristic value: 3116480/4936674 [g=207013, 197 evaluated, 121 expanded, t=0.59s]
Best heuristic value: 3116480/4934673 [g=215013, 204 evaluated, 125 expanded, t=0.59s]
Best heuristic value: 3116480/4932672 [g=217013, 218 evaluated, 132 expanded, t=0.6s]
Best heuristic value: 3105479/4932672 [g=215013, 221 evaluated, 133 expanded, t=0.6s]
Best heuristic value: 3105479/4930671 [g=219013, 234 evaluated, 139 expanded, t=0.6s]
Best heuristic value: 3103478/4930671 [g=217013, 245 evaluated, 144 expanded, t=0.6s]
Best heuristic value: 3103478/4928670 [g=221013, 252 evaluated, 148 expanded, t=0.61s]
Best heuristic value: 3092477/4924674 [g=225013, 271 evaluated, 155 expanded, t=0.61s]
Best heuristic value: 3092477/4922673 [g=227013, 272 evaluated, 156 expanded, t=0.61s]
Best heuristic value: 3092477/4920672 [g=229013, 275 evaluated, 158 expanded, t=0.61s]
Best heuristic value: 3092477/4918671 [g=231013, 281 evaluated, 162 expanded, t=0.61s]
Best heuristic value: 3092477/4916670 [g=233013, 289 evaluated, 166 expanded, t=0.62s]
Best heuristic value: 3090476/4916670 [g=227013, 296 evaluated, 168 expanded, t=0.62s]
Best heuristic value: 3090476/4914669 [g=235013, 299 evaluated, 170 expanded, t=0.62s]
Best heuristic value: 3090476/4912668 [g=237013, 313 evaluated, 177 expanded, t=0.62s]
Best heuristic value: 3079475/4912668 [g=235013, 324 evaluated, 180 expanded, t=0.63s]
Best heuristic value: 3079475/4910667 [g=239013, 329 evaluated, 183 expanded, t=0.63s]
Best heuristic value: 3079475/4908666 [g=241013, 347 evaluated, 191 expanded, t=0.63s]
Best heuristic value: 3077474/4908666 [g=237013, 352 evaluated, 192 expanded, t=0.64s]
Best heuristic value: 3077474/4906665 [g=243013, 367 evaluated, 199 expanded, t=0.64s]
Best heuristic value: 3066473/4904670 [g=245013, 382 evaluated, 203 expanded, t=0.65s]
Best heuristic value: 3066473/4902669 [g=247013, 383 evaluated, 204 expanded, t=0.65s]
Best heuristic value: 3066473/4900668 [g=249013, 386 evaluated, 206 expanded, t=0.65s]
Best heuristic value: 3066473/4898667 [g=251013, 392 evaluated, 210 expanded, t=0.65s]
Best heuristic value: 3066473/4896666 [g=253013, 400 evaluated, 214 expanded, t=0.65s]
Best heuristic value: 3066473/4894665 [g=255013, 410 evaluated, 216 expanded, t=0.65s]
Best heuristic value: 3064472/4894665 [g=247013, 411 evaluated, 217 expanded, t=0.65s]
Best heuristic value: 3064472/4892664 [g=257013, 424 evaluated, 223 expanded, t=0.66s]
Best heuristic value: 3064472/4890663 [g=259013, 440 evaluated, 228 expanded, t=0.66s]
Best heuristic value: 2951458/4676641 [g=360026, 443 evaluated, 229 expanded, t=0.66s]
Best heuristic value: 2951458/4674640 [g=362026, 444 evaluated, 230 expanded, t=0.66s]
Best heuristic value: 2951458/4672639 [g=364026, 447 evaluated, 232 expanded, t=0.67s]
Best heuristic value: 2951458/4670638 [g=366026, 453 evaluated, 236 expanded, t=0.67s]
Best heuristic value: 2951458/4668637 [g=368026, 461 evaluated, 240 expanded, t=0.67s]
Best heuristic value: 2951458/4666636 [g=370026, 471 evaluated, 242 expanded, t=0.67s]
Best heuristic value: 2838444/4450613 [g=473039, 474 evaluated, 244 expanded, t=0.67s]
Best heuristic value: 2838444/4448612 [g=475039, 475 evaluated, 245 expanded, t=0.67s]
Best heuristic value: 2838444/4446611 [g=477039, 478 evaluated, 247 expanded, t=0.68s]
Best heuristic value: 2838444/4444610 [g=479039, 484 evaluated, 251 expanded, t=0.68s]
Best heuristic value: 2838444/4442609 [g=481039, 492 evaluated, 255 expanded, t=0.68s]
Best heuristic value: 2838444/4440608 [g=483039, 502 evaluated, 258 expanded, t=0.68s]
Best heuristic value: 2725430/4224585 [g=586052, 505 evaluated, 260 expanded, t=0.68s]
Best heuristic value: 2725430/4222584 [g=588052, 506 evaluated, 261 expanded, t=0.68s]
Best heuristic value: 2725430/4220583 [g=590052, 509 evaluated, 263 expanded, t=0.69s]
Best heuristic value: 2725430/4218582 [g=592052, 515 evaluated, 267 expanded, t=0.69s]
Best heuristic value: 2725430/4216581 [g=594052, 523 evaluated, 271 expanded, t=0.69s]
Best heuristic value: 2725430/4214580 [g=596052, 533 evaluated, 275 expanded, t=0.69s]
Best heuristic value: 2612416/3998557 [g=699065, 536 evaluated, 277 expanded, t=0.69s]
Best heuristic value: 2612416/3996556 [g=701065, 537 evaluated, 278 expanded, t=0.69s]
Best heuristic value: 2612416/3994555 [g=703065, 540 evaluated, 280 expanded, t=0.7s]
Best heuristic value: 2612416/3992554 [g=705065, 546 evaluated, 284 expanded, t=0.7s]
Best heuristic value: 2612416/3990553 [g=707065, 554 evaluated, 288 expanded, t=0.7s]
Best heuristic value: 2612416/3988552 [g=709065, 564 evaluated, 293 expanded, t=0.7s]
Best heuristic value: 2499402/3772529 [g=812078, 567 evaluated, 295 expanded, t=0.7s]
Best heuristic value: 2499402/3770528 [g=814078, 568 evaluated, 296 expanded, t=0.7s]
Best heuristic value: 2499402/3768527 [g=816078, 571 evaluated, 298 expanded, t=0.7s]
Best heuristic value: 2499402/3766526 [g=818078, 577 evaluated, 302 expanded, t=0.71s]
Best heuristic value: 2499402/3764525 [g=820078, 585 evaluated, 306 expanded, t=0.71s]
Best heuristic value: 2499402/3762524 [g=822078, 595 evaluated, 312 expanded, t=0.71s]
Best heuristic value: 2386388/3546501 [g=925091, 598 evaluated, 314 expanded, t=0.71s]
Best heuristic value: 2386388/3544500 [g=927091, 599 evaluated, 315 expanded, t=0.71s]
Best heuristic value: 2386388/3542499 [g=929091, 602 evaluated, 317 expanded, t=0.72s]
Best heuristic value: 2386388/3540498 [g=931091, 608 evaluated, 321 expanded, t=0.72s]
Best heuristic value: 2386388/3538497 [g=933091, 616 evaluated, 326 expanded, t=0.72s]
Best heuristic value: 2386388/3536496 [g=935091, 626 evaluated, 332 expanded, t=0.72s]
Best heuristic value: 2386388/3534495 [g=937091, 636 evaluated, 337 expanded, t=0.73s]
Best heuristic value: 2386388/3532494 [g=939091, 648 evaluated, 344 expanded, t=0.73s]
Best heuristic value: 2386388/3514494 [g=957090, 659 evaluated, 349 expanded, t=0.74s]
Best heuristic value: 2383388/3511494 [g=960089, 671 evaluated, 356 expanded, t=0.74s]
Best heuristic value: 2375387/3501494 [g=970088, 677 evaluated, 357 expanded, t=0.74s]
Best heuristic value: 2372387/3498494 [g=973087, 683 evaluated, 358 expanded, t=0.75s]
Best heuristic value: 2372387/3496493 [g=975087, 689 evaluated, 359 expanded, t=0.75s]
Best heuristic value: 2372387/3494492 [g=977087, 702 evaluated, 366 expanded, t=0.75s]
Best heuristic value: 2372387/3492491 [g=979087, 712 evaluated, 369 expanded, t=0.76s]
Best heuristic value: 2372387/3490490 [g=981087, 729 evaluated, 377 expanded, t=0.76s]
Best heuristic value: 2372387/3488489 [g=983087, 746 evaluated, 381 expanded, t=0.77s]
Best heuristic value: 2372387/3470489 [g=1001086, 764 evaluated, 386 expanded, t=0.78s]
Best heuristic value: 2369387/3467489 [g=1004085, 780 evaluated, 393 expanded, t=0.78s]
Best heuristic value: 2361386/3457489 [g=1014084, 789 evaluated, 394 expanded, t=0.78s]
Best heuristic value: 2358386/3454489 [g=1017083, 798 evaluated, 395 expanded, t=0.79s]
Best heuristic value: 2358386/3452488 [g=1019083, 807 evaluated, 396 expanded, t=0.79s]
Best heuristic value: 2358386/3450487 [g=1021083, 820 evaluated, 401 expanded, t=0.79s]
Best heuristic value: 2358386/3432487 [g=1039082, 833 evaluated, 406 expanded, t=0.8s]
Best heuristic value: 2355386/3429487 [g=1042081, 850 evaluated, 407 expanded, t=0.8s]
Best heuristic value: 2347385/3419487 [g=1052080, 859 evaluated, 408 expanded, t=0.81s]
Best heuristic value: 2344385/3416487 [g=1055079, 868 evaluated, 409 expanded, t=0.81s]
Best heuristic value: 2344385/3414486 [g=1057079, 877 evaluated, 410 expanded, t=0.81s]
Best heuristic value: 2344385/3412485 [g=1059079, 889 evaluated, 414 expanded, t=0.82s]
Best heuristic value: 2344385/3394485 [g=1077078, 903 evaluated, 418 expanded, t=0.82s]
Best heuristic value: 2341385/3391485 [g=1080077, 920 evaluated, 421 expanded, t=0.83s]
Best heuristic value: 2333384/3381485 [g=1090076, 929 evaluated, 422 expanded, t=0.83s]
Best heuristic value: 2330384/3378485 [g=1093075, 938 evaluated, 423 expanded, t=0.83s]
Best heuristic value: 2330384/3376484 [g=1095075, 947 evaluated, 424 expanded, t=0.84s]
Best heuristic value: 2330384/3374483 [g=1097075, 958 evaluated, 427 expanded, t=0.84s]
Best heuristic value: 2330384/3356483 [g=1115074, 973 evaluated, 430 expanded, t=0.84s]
Best heuristic value: 2327384/3353483 [g=1118073, 990 evaluated, 433 expanded, t=0.85s]
Best heuristic value: 2319383/3343483 [g=1128072, 999 evaluated, 434 expanded, t=0.85s]
Best heuristic value: 2316383/3340483 [g=1131071, 1008 evaluated, 435 expanded, t=0.85s]
Best heuristic value: 2316383/3338482 [g=1133071, 1017 evaluated, 436 expanded, t=0.86s]
Best heuristic value: 2316383/3336481 [g=1135071, 1027 evaluated, 438 expanded, t=0.86s]
Best heuristic value: 2316383/3318481 [g=1153070, 1043 evaluated, 440 expanded, t=0.87s]
Best heuristic value: 2313383/3315481 [g=1156069, 1055 evaluated, 442 expanded, t=0.87s]
Best heuristic value: 2305382/3305481 [g=1166068, 1064 evaluated, 443 expanded, t=0.87s]
Best heuristic value: 2302382/3302481 [g=1169067, 1073 evaluated, 444 expanded, t=0.88s]
Best heuristic value: 2302382/3300480 [g=1171067, 1082 evaluated, 445 expanded, t=0.88s]
Best heuristic value: 2302382/3298479 [g=1173067, 1091 evaluated, 446 expanded, t=0.88s]
Best heuristic value: 2302382/3280479 [g=1191066, 1100 evaluated, 447 expanded, t=0.89s]
Best heuristic value: 2299382/3277479 [g=1194065, 1109 evaluated, 448 expanded, t=0.89s]
Best heuristic value: 2291381/3267479 [g=1204064, 1118 evaluated, 449 expanded, t=0.89s]
Best heuristic value: 2288381/3264479 [g=1207063, 1127 evaluated, 450 expanded, t=0.89s]
terminate called after throwing an instance of 'std::bad_alloc'
  what():  std::bad_alloc
warning: could not determine peak memory
Peak memory: -1 KB
caught signal 6 -- exiting
../../downward/src/search/downward: line 184:  6277 Aborted                 "$PLANNER" --heuristic "hlm1,hff1=lm_ff_syn(lm_rhw(
                    reasonable_orders=true,lm_cost_type=1,cost_type=1))" --heuristic "hlm2,hff2=lm_ff_syn(lm_rhw(
                    reasonable_orders=true,lm_cost_type=2,cost_type=2))" --search "iterated([
                    lazy_greedy([hff1,hlm1],preferred=[hff1,hlm1],
                                cost_type=1,reopen_closed=false),
                    lazy_greedy([hff2,hlm2],preferred=[hff2,hlm2],
                                reopen_closed=false),
                    lazy_wastar([hff2,hlm2],preferred=[hff2,hlm2],w=5),
                    lazy_wastar([hff2,hlm2],preferred=[hff2,hlm2],w=3),
                    lazy_wastar([hff2,hlm2],preferred=[hff2,hlm2],w=2),
                    lazy_wastar([hff2,hlm2],preferred=[hff2,hlm2],w=1)],
                    repeat_last=true,continue_on_fail=true)" "$@" < $TEMPFILE
