1. Running translator
Second argument is a file name: use two translator arguments.
Parsing... [0.010s CPU, 0.031s wall-clock]
Instantiating...
Normalizing task... [0.000s CPU, 0.001s wall-clock]
Generating Datalog program... [0.010s CPU, 0.005s wall-clock]
Normalizing Datalog program...
Normalizing Datalog program: [0.020s CPU, 0.023s wall-clock]
Preparing model... [0.010s CPU, 0.015s wall-clock]
Generated 198 rules.
Computing model... [1.140s CPU, 1.138s wall-clock]
11848 relevant atoms
8576 auxiliary atoms
20424 final queue length
61846 total queue pushes
Completing instantiation... [3.340s CPU, 3.345s wall-clock]
Instantiating: [4.540s CPU, 4.542s wall-clock]
Computing fact groups...
Finding invariants...
24 initial candidates
Finding invariants: [0.060s CPU, 0.062s wall-clock]
Checking invariant weight... [0.000s CPU, 0.002s wall-clock]
Instantiating groups... [0.040s CPU, 0.036s wall-clock]
Collecting mutex groups... [0.000s CPU, 0.001s wall-clock]
Choosing groups...
204 uncovered facts
Choosing groups: [0.000s CPU, 0.003s wall-clock]
Building translation key... [0.000s CPU, 0.002s wall-clock]
Computing fact groups: [0.110s CPU, 0.115s wall-clock]
Building STRIPS to SAS dictionary... [0.000s CPU, 0.001s wall-clock]
Building dictionary for full mutex groups... [0.010s CPU, 0.002s wall-clock]
Building mutex information...
Building mutex information: [0.000s CPU, 0.002s wall-clock]
Translating task...
Processing axioms...
Simplifying axioms... [0.000s CPU, 0.000s wall-clock]
Processing axioms: [0.090s CPU, 0.094s wall-clock]
Translating task: [2.340s CPU, 2.350s wall-clock]
5826 implied effects removed
580 effect conditions simplified
0 implied preconditions added
Detecting unreachable propositions...
120 operators removed
95 propositions removed
Detecting unreachable propositions: [0.350s CPU, 0.349s wall-clock]
Translator variables: 240
Translator derived variables: 0
Translator facts: 627
Translator mutex groups: 79
Translator total mutex groups size: 317
Translator operators: 10936
Translator task size: 91762
Translator peak memory: 223352 KB
Writing output... [0.310s CPU, 0.359s wall-clock]
Done! [7.760s CPU, 7.838s wall-clock]

2. Running preprocessor
Building causal graph...
The causal graph is not acyclic.
234 variables of 240 necessary
51 of 79 mutex groups necessary.
10936 of 10936 operators necessary.
0 of 0 axiom rules necessary.
Building domain transition graphs...
solveable in poly time 0
Building successor generator...
Preprocessor facts: 615
Preprocessor derived variables: 0
Preprocessor task size: 91076
Writing output...
done


3. Running search
Dispatcher selected state size 1.
This is a nonunit task.
Simplifying transitions... done!
Initializing Exploration...
Generating landmarks using the RPG/SAS+ approach
approx. reasonable orders
approx. obedient reasonable orders
Removed 0 reasonable or obedient reasonable orders
Landmarks generation time: 1.75687s
Discovered 186 landmarks, of which 5 are disjunctive and 0 are conjunctive 
268 edges
Initializing LAMA-FF Synergy Object
Initializing landmarks count heuristic...
81 initial landmarks, 65 goal landmarks
Initializing Exploration...
Generating landmarks using the RPG/SAS+ approach
approx. reasonable orders
approx. obedient reasonable orders
Removed 0 reasonable or obedient reasonable orders
Landmarks generation time: 1.63205s
Discovered 186 landmarks, of which 5 are disjunctive and 0 are conjunctive 
269 edges
Initializing LAMA-FF Synergy Object
Initializing landmarks count heuristic...
81 initial landmarks, 65 goal landmarks
Starting search: lazy_greedy(list(hff1, hlm1), preferred = list(hff1, hlm1), cost_type = 1, reopen_closed = false)
Conducting lazy best first search, (real) bound = 2147483647
Best heuristic value: 105/71 [g=0, 1 evaluated, 0 expanded, t=3.78s]
Best heuristic value: 104/70 [g=1, 2 evaluated, 1 expanded, t=3.79s]
Best heuristic value: 103/69 [g=2, 3 evaluated, 2 expanded, t=3.79s]
Best heuristic value: 102/68 [g=3, 4 evaluated, 3 expanded, t=3.8s]
Best heuristic value: 100/67 [g=4, 5 evaluated, 4 expanded, t=3.8s]
Best heuristic value: 99/66 [g=5, 10 evaluated, 9 expanded, t=3.82s]
Best heuristic value: 95/64 [g=6, 15 evaluated, 14 expanded, t=3.84s]
Best heuristic value: 91/62 [g=7, 20 evaluated, 19 expanded, t=3.85s]
Best heuristic value: 87/60 [g=8, 25 evaluated, 24 expanded, t=3.87s]
Best heuristic value: 83/58 [g=9, 30 evaluated, 29 expanded, t=3.89s]
Best heuristic value: 79/56 [g=10, 35 evaluated, 34 expanded, t=3.91s]
Best heuristic value: 75/55 [g=11, 40 evaluated, 39 expanded, t=3.93s]
Best heuristic value: 71/53 [g=12, 45 evaluated, 44 expanded, t=3.94s]
Best heuristic value: 68/51 [g=13, 50 evaluated, 49 expanded, t=3.96s]
Best heuristic value: 63/49 [g=14, 55 evaluated, 54 expanded, t=3.98s]
Best heuristic value: 60/47 [g=15, 60 evaluated, 59 expanded, t=4s]
Best heuristic value: 55/45 [g=16, 65 evaluated, 64 expanded, t=4.01s]
Best heuristic value: 52/44 [g=17, 70 evaluated, 69 expanded, t=4.03s]
Best heuristic value: 51/43 [g=18, 75 evaluated, 74 expanded, t=4.05s]
Best heuristic value: 50/42 [g=19, 80 evaluated, 79 expanded, t=4.06s]
Best heuristic value: 49/41 [g=20, 85 evaluated, 84 expanded, t=4.08s]
Best heuristic value: 48/40 [g=21, 90 evaluated, 89 expanded, t=4.09s]
Best heuristic value: 47/39 [g=22, 95 evaluated, 94 expanded, t=4.11s]
Best heuristic value: 46/38 [g=23, 101 evaluated, 100 expanded, t=4.13s]
Best heuristic value: 45/37 [g=24, 107 evaluated, 106 expanded, t=4.15s]
Best heuristic value: 41/36 [g=25, 114 evaluated, 113 expanded, t=4.17s]
Best heuristic value: 40/35 [g=26, 121 evaluated, 120 expanded, t=4.19s]
Best heuristic value: 39/34 [g=27, 128 evaluated, 127 expanded, t=4.21s]
Best heuristic value: 38/33 [g=28, 136 evaluated, 135 expanded, t=4.24s]
Best heuristic value: 37/32 [g=29, 144 evaluated, 143 expanded, t=4.26s]
Best heuristic value: 36/31 [g=30, 153 evaluated, 152 expanded, t=4.29s]
Best heuristic value: 35/30 [g=31, 162 evaluated, 161 expanded, t=4.32s]
Best heuristic value: 34/29 [g=32, 172 evaluated, 171 expanded, t=4.35s]
Best heuristic value: 33/28 [g=33, 182 evaluated, 181 expanded, t=4.38s]
Best heuristic value: 30/27 [g=34, 192 evaluated, 191 expanded, t=4.41s]
Best heuristic value: 28/26 [g=35, 202 evaluated, 201 expanded, t=4.44s]
Best heuristic value: 25/25 [g=36, 213 evaluated, 212 expanded, t=4.47s]
Best heuristic value: 24/24 [g=37, 224 evaluated, 223 expanded, t=4.5s]
Best heuristic value: 22/22 [g=38, 236 evaluated, 235 expanded, t=4.53s]
Best heuristic value: 21/21 [g=39, 249 evaluated, 248 expanded, t=4.57s]
Best heuristic value: 20/20 [g=40, 262 evaluated, 261 expanded, t=4.6s]
Best heuristic value: 19/19 [g=41, 275 evaluated, 274 expanded, t=4.64s]
Best heuristic value: 18/18 [g=42, 288 evaluated, 287 expanded, t=4.67s]
Best heuristic value: 17/17 [g=43, 301 evaluated, 300 expanded, t=4.71s]
Best heuristic value: 16/16 [g=44, 314 evaluated, 313 expanded, t=4.74s]
Best heuristic value: 15/15 [g=45, 325 evaluated, 324 expanded, t=4.77s]
Best heuristic value: 14/14 [g=46, 335 evaluated, 334 expanded, t=4.8s]
Best heuristic value: 13/13 [g=47, 339 evaluated, 338 expanded, t=4.8s]
Best heuristic value: 11/11 [g=48, 349 evaluated, 348 expanded, t=4.83s]
Best heuristic value: 10/10 [g=50, 356 evaluated, 355 expanded, t=4.85s]
Best heuristic value: 9/9 [g=51, 357 evaluated, 356 expanded, t=4.85s]
Best heuristic value: 8/8 [g=53, 363 evaluated, 362 expanded, t=4.87s]
Best heuristic value: 7/7 [g=55, 369 evaluated, 368 expanded, t=4.88s]
Best heuristic value: 6/6 [g=57, 374 evaluated, 373 expanded, t=4.9s]
Best heuristic value: 5/5 [g=59, 379 evaluated, 378 expanded, t=4.91s]
Best heuristic value: 4/4 [g=61, 383 evaluated, 382 expanded, t=4.92s]
Best heuristic value: 3/3 [g=63, 388 evaluated, 387 expanded, t=4.94s]
Best heuristic value: 2/2 [g=65, 391 evaluated, 390 expanded, t=4.94s]
Best heuristic value: 1/1 [g=67, 394 evaluated, 393 expanded, t=4.95s]
Solution found!
Actual search time: 1.18s [t=4.96s]
do-grind p8 grinder0 smooth red varnished colourfragments (15)
do-grind p8 grinder0 verysmooth natural colourfragments untreated (15)
do-glaze p8 glazer0 black (10)
do-plane p6 planer0 rough mauve glazed (10)
do-grind p0 grinder0 verysmooth white colourfragments untreated (45)
do-saw-large b4 p11 saw0 oak rough s3 s1 s2 s0 (30)
do-saw-large b2 p15 saw0 teak rough s7 s5 s6 s4 (30)
do-saw-medium b2 p1 saw0 teak rough s4 s3 s2 (30)
do-saw-medium b2 p3 saw0 teak rough s2 s1 s0 (30)
do-saw-medium b0 p7 saw0 beech rough s5 s4 s3 (30)
do-saw-small b5 p12 saw0 pine rough s9 s8 (30)
do-saw-small b4 p16 saw0 oak rough s3 s2 (30)
do-saw-small b0 p17 saw0 beech rough s3 s2 (30)
do-saw-small b4 p18 saw0 oak rough s2 s1 (30)
do-saw-small b2 p4 saw0 teak rough s2 s1 (30)
do-saw-small b2 p5 saw0 teak rough s1 s0 (30)
do-saw-small b5 p9 saw0 pine rough s8 s7 (30)
do-plane p9 planer0 rough natural untreated (10)
do-glaze p9 glazer0 black (10)
do-plane p7 planer0 rough natural untreated (20)
do-plane p5 planer0 rough natural untreated (10)
do-grind p5 grinder0 smooth natural untreated untreated (15)
do-glaze p4 glazer1 green (10)
do-glaze p3 glazer2 mauve (15)
do-saw-large b5 p2 saw0 pine rough s7 s5 s6 s4 (30)
do-plane p2 planer0 rough natural untreated (30)
do-grind p2 grinder0 smooth natural untreated untreated (45)
do-plane p18 planer0 rough natural untreated (10)
do-grind p18 grinder0 smooth natural untreated untreated (15)
do-glaze p17 glazer0 black (10)
do-glaze p16 glazer2 red (10)
do-plane p15 planer0 rough natural untreated (30)
do-immersion-varnish p15 immersion-varnisher0 blue smooth (10)
do-saw-large b5 p14 saw0 pine rough s4 s2 s3 s1 (30)
do-glaze p14 glazer0 black (20)
do-saw-medium b5 p13 saw0 pine rough s4 s3 s2 (30)
do-glaze p13 glazer0 blue (15)
do-glaze p12 glazer0 blue (10)
do-plane p11 planer0 rough natural untreated (30)
do-grind p11 grinder0 smooth natural untreated untreated (45)
do-plane p1 planer0 rough natural untreated (20)
do-grind p1 grinder0 smooth natural untreated untreated (30)
do-immersion-varnish p18 immersion-varnisher0 natural verysmooth (10)
do-glaze p2 glazer0 natural (20)
do-immersion-varnish p5 immersion-varnisher0 natural verysmooth (10)
do-plane p10 planer0 smooth green colourfragments (30)
do-glaze p10 glazer2 mauve (20)
do-immersion-varnish p6 immersion-varnisher0 red smooth (10)
do-plane p19 planer0 rough red varnished (30)
do-grind p19 grinder0 smooth natural untreated untreated (45)
do-immersion-varnish p19 immersion-varnisher0 blue verysmooth (10)
do-plane p3 planer0 rough mauve glazed (20)
do-glaze p3 glazer2 mauve (15)
do-grind p3 grinder0 smooth mauve glazed untreated (30)
do-glaze p3 glazer2 mauve (15)
do-plane p16 planer0 rough red glazed (10)
do-glaze p16 glazer2 red (10)
do-grind p16 grinder0 smooth red glazed untreated (15)
do-glaze p16 glazer2 red (10)
do-plane p14 planer0 rough black glazed (30)
do-glaze p14 glazer0 black (20)
do-grind p14 grinder0 smooth black glazed untreated (45)
do-glaze p14 glazer0 black (20)
do-plane p13 planer0 rough blue glazed (20)
do-glaze p13 glazer0 blue (15)
do-plane p12 planer0 rough blue glazed (10)
do-glaze p12 glazer0 blue (10)
do-grind p12 grinder0 smooth blue glazed untreated (15)
do-glaze p12 glazer0 blue (10)
Plan length: 69 step(s).
Plan cost: 1470
Initial state h value: 105/71.
Expanded 395 state(s).
Reopened 0 state(s).
Evaluated 396 state(s).
Evaluations: 792
Generated 122639 state(s).
Dead ends: 0 state(s).
Best solution cost so far: 1470
Solution found - keep searching
Starting search: lazy_greedy(list(hff2, hlm2), preferred = list(hff2, hlm2), reopen_closed = false)
Conducting lazy best first search, (real) bound = 1470
Best heuristic value: 1535/1681 [g=0, 1 evaluated, 0 expanded, t=4.96s]
Best heuristic value: 1519/1665 [g=15, 2 evaluated, 1 expanded, t=4.97s]
Best heuristic value: 1497/1649 [g=25, 4 evaluated, 3 expanded, t=4.98s]
Best heuristic value: 1485/1637 [g=30, 6 evaluated, 5 expanded, t=4.98s]
Best heuristic value: 1455/1617 [g=60, 8 evaluated, 7 expanded, t=4.99s]
Best heuristic value: 1409/1571 [g=105, 10 evaluated, 9 expanded, t=5s]
Best heuristic value: 1408/1560 [g=115, 12 evaluated, 11 expanded, t=5.01s]
Best heuristic value: 1377/1529 [g=145, 14 evaluated, 13 expanded, t=5.02s]
Best heuristic value: 1366/1518 [g=155, 16 evaluated, 15 expanded, t=5.02s]
Best heuristic value: 1336/1518 [g=185, 18 evaluated, 17 expanded, t=5.03s]
Best heuristic value: 1322/1456 [g=185, 20 evaluated, 19 expanded, t=5.04s]
Best heuristic value: 1292/1456 [g=215, 22 evaluated, 21 expanded, t=5.05s]
Best heuristic value: 1278/1394 [g=215, 24 evaluated, 23 expanded, t=5.06s]
Best heuristic value: 1248/1394 [g=245, 26 evaluated, 25 expanded, t=5.07s]
Best heuristic value: 1234/1332 [g=245, 28 evaluated, 27 expanded, t=5.08s]
Best heuristic value: 1204/1332 [g=275, 30 evaluated, 29 expanded, t=5.09s]
Best heuristic value: 1190/1270 [g=275, 32 evaluated, 31 expanded, t=5.09s]
Best heuristic value: 1160/1270 [g=305, 34 evaluated, 33 expanded, t=5.1s]
Best heuristic value: 1146/1208 [g=305, 36 evaluated, 35 expanded, t=5.11s]
Best heuristic value: 1116/1208 [g=335, 38 evaluated, 37 expanded, t=5.12s]
Best heuristic value: 1102/1177 [g=335, 40 evaluated, 39 expanded, t=5.13s]
Best heuristic value: 1072/1177 [g=365, 42 evaluated, 41 expanded, t=5.14s]
Best heuristic value: 1058/1115 [g=365, 44 evaluated, 43 expanded, t=5.14s]
Best heuristic value: 1028/1115 [g=395, 46 evaluated, 45 expanded, t=5.15s]
Best heuristic value: 1025/1053 [g=395, 48 evaluated, 47 expanded, t=5.16s]
Best heuristic value: 995/1053 [g=425, 50 evaluated, 49 expanded, t=5.17s]
Best heuristic value: 970/991 [g=425, 52 evaluated, 51 expanded, t=5.18s]
Best heuristic value: 940/991 [g=455, 54 evaluated, 53 expanded, t=5.19s]
Best heuristic value: 937/929 [g=455, 56 evaluated, 55 expanded, t=5.19s]
Best heuristic value: 907/929 [g=485, 58 evaluated, 57 expanded, t=5.2s]
Best heuristic value: 882/867 [g=485, 60 evaluated, 59 expanded, t=5.21s]
Best heuristic value: 852/867 [g=515, 62 evaluated, 61 expanded, t=5.22s]
Best heuristic value: 849/836 [g=515, 64 evaluated, 63 expanded, t=5.23s]
Best heuristic value: 819/836 [g=545, 66 evaluated, 65 expanded, t=5.23s]
Best heuristic value: 819/825 [g=525, 68 evaluated, 67 expanded, t=5.24s]
Best heuristic value: 818/805 [g=590, 69 evaluated, 68 expanded, t=5.24s]
Best heuristic value: 807/794 [g=600, 71 evaluated, 70 expanded, t=5.25s]
Best heuristic value: 796/783 [g=610, 73 evaluated, 72 expanded, t=5.26s]
Best heuristic value: 775/762 [g=630, 75 evaluated, 74 expanded, t=5.27s]
Best heuristic value: 764/751 [g=640, 77 evaluated, 76 expanded, t=5.27s]
Best heuristic value: 748/735 [g=655, 79 evaluated, 78 expanded, t=5.28s]
Best heuristic value: 742/724 [g=665, 82 evaluated, 81 expanded, t=5.29s]
Best heuristic value: 731/708 [g=680, 85 evaluated, 84 expanded, t=5.3s]
Best heuristic value: 721/698 [g=700, 88 evaluated, 87 expanded, t=5.31s]
Best heuristic value: 710/687 [g=710, 91 evaluated, 90 expanded, t=5.33s]
Best heuristic value: 690/687 [g=740, 94 evaluated, 93 expanded, t=5.34s]
Best heuristic value: 666/656 [g=740, 96 evaluated, 95 expanded, t=5.34s]
Best heuristic value: 646/656 [g=770, 99 evaluated, 98 expanded, t=5.35s]
Best heuristic value: 635/625 [g=770, 101 evaluated, 100 expanded, t=5.36s]
Best heuristic value: 615/625 [g=800, 104 evaluated, 103 expanded, t=5.37s]
Best heuristic value: 589/579 [g=815, 106 evaluated, 105 expanded, t=5.38s]
Best heuristic value: 569/579 [g=845, 109 evaluated, 108 expanded, t=5.39s]
Best heuristic value: 569/568 [g=825, 113 evaluated, 112 expanded, t=5.4s]
Best heuristic value: 559/568 [g=865, 116 evaluated, 115 expanded, t=5.42s]
Best heuristic value: 558/568 [g=855, 119 evaluated, 118 expanded, t=5.43s]
Best heuristic value: 558/552 [g=840, 123 evaluated, 122 expanded, t=5.44s]
Best heuristic value: 548/552 [g=875, 126 evaluated, 125 expanded, t=5.45s]
Best heuristic value: 542/552 [g=870, 129 evaluated, 128 expanded, t=5.46s]
Best heuristic value: 542/541 [g=850, 135 evaluated, 134 expanded, t=5.48s]
Best heuristic value: 532/541 [g=890, 136 evaluated, 135 expanded, t=5.49s]
Best heuristic value: 531/541 [g=880, 141 evaluated, 140 expanded, t=5.51s]
Best heuristic value: 531/530 [g=860, 147 evaluated, 146 expanded, t=5.53s]
Best heuristic value: 521/530 [g=900, 148 evaluated, 147 expanded, t=5.54s]
Best heuristic value: 521/525 [g=870, 159 evaluated, 158 expanded, t=5.58s]
Best heuristic value: 515/525 [g=910, 160 evaluated, 159 expanded, t=5.58s]
Best heuristic value: 515/519 [g=875, 171 evaluated, 170 expanded, t=5.62s]
Best heuristic value: 510/519 [g=920, 172 evaluated, 171 expanded, t=5.62s]
Best heuristic value: 504/519 [g=925, 184 evaluated, 183 expanded, t=5.66s]
Best heuristic value: 503/488 [g=905, 185 evaluated, 184 expanded, t=5.66s]
Best heuristic value: 483/488 [g=935, 188 evaluated, 187 expanded, t=5.67s]
Best heuristic value: 473/488 [g=955, 195 evaluated, 194 expanded, t=5.69s]
Best heuristic value: 473/477 [g=915, 196 evaluated, 195 expanded, t=5.7s]
Best heuristic value: 472/477 [g=945, 202 evaluated, 201 expanded, t=5.72s]
Best heuristic value: 462/477 [g=965, 209 evaluated, 208 expanded, t=5.74s]
Best heuristic value: 459/446 [g=945, 210 evaluated, 209 expanded, t=5.74s]
Best heuristic value: 439/446 [g=975, 213 evaluated, 212 expanded, t=5.75s]
Best heuristic value: 429/446 [g=995, 220 evaluated, 219 expanded, t=5.77s]
Best heuristic value: 417/425 [g=965, 221 evaluated, 220 expanded, t=5.77s]
Best heuristic value: 397/425 [g=995, 224 evaluated, 223 expanded, t=5.78s]
Best heuristic value: 387/425 [g=1015, 231 evaluated, 230 expanded, t=5.8s]
Best heuristic value: 387/415 [g=995, 232 evaluated, 231 expanded, t=5.8s]
Best heuristic value: 377/415 [g=1030, 243 evaluated, 242 expanded, t=5.83s]
Best heuristic value: 377/394 [g=1015, 246 evaluated, 245 expanded, t=5.84s]
Best heuristic value: 366/394 [g=1045, 252 evaluated, 251 expanded, t=5.86s]
Best heuristic value: 356/394 [g=1065, 259 evaluated, 258 expanded, t=5.88s]
Best heuristic value: 356/369 [g=1060, 260 evaluated, 259 expanded, t=5.88s]
Best heuristic value: 346/369 [g=1080, 271 evaluated, 270 expanded, t=5.91s]
Best heuristic value: 340/348 [g=1080, 274 evaluated, 273 expanded, t=5.92s]
Best heuristic value: 320/348 [g=1110, 277 evaluated, 276 expanded, t=5.93s]
Best heuristic value: 310/348 [g=1130, 284 evaluated, 283 expanded, t=5.95s]
Best heuristic value: 307/317 [g=1110, 285 evaluated, 284 expanded, t=5.95s]
Best heuristic value: 287/317 [g=1140, 288 evaluated, 287 expanded, t=5.96s]
Best heuristic value: 277/317 [g=1160, 295 evaluated, 294 expanded, t=5.97s]
Best heuristic value: 277/301 [g=1125, 296 evaluated, 295 expanded, t=5.98s]
Best heuristic value: 276/301 [g=1155, 302 evaluated, 301 expanded, t=5.99s]
Best heuristic value: 266/301 [g=1175, 309 evaluated, 308 expanded, t=6.01s]
Best heuristic value: 266/291 [g=1145, 310 evaluated, 309 expanded, t=6.01s]
Best heuristic value: 256/291 [g=1190, 321 evaluated, 320 expanded, t=6.04s]
Best heuristic value: 256/280 [g=1155, 324 evaluated, 323 expanded, t=6.05s]
Best heuristic value: 255/280 [g=1185, 330 evaluated, 329 expanded, t=6.07s]
Best heuristic value: 245/280 [g=1205, 337 evaluated, 336 expanded, t=6.08s]
Best heuristic value: 245/258 [g=1165, 338 evaluated, 337 expanded, t=6.09s]
Best heuristic value: 238/258 [g=1195, 344 evaluated, 343 expanded, t=6.1s]
Best heuristic value: 228/258 [g=1215, 351 evaluated, 350 expanded, t=6.12s]
Best heuristic value: 227/227 [g=1195, 354 evaluated, 353 expanded, t=6.13s]
Best heuristic value: 207/227 [g=1225, 357 evaluated, 356 expanded, t=6.14s]
Best heuristic value: 197/227 [g=1245, 364 evaluated, 363 expanded, t=6.15s]
Best heuristic value: 181/181 [g=1240, 367 evaluated, 366 expanded, t=6.16s]
Best heuristic value: 161/181 [g=1270, 370 evaluated, 369 expanded, t=6.17s]
Best heuristic value: 151/181 [g=1290, 377 evaluated, 376 expanded, t=6.19s]
Best heuristic value: 151/160 [g=1260, 380 evaluated, 379 expanded, t=6.19s]
Best heuristic value: 140/160 [g=1290, 386 evaluated, 385 expanded, t=6.21s]
Best heuristic value: 130/160 [g=1310, 393 evaluated, 392 expanded, t=6.23s]
Best heuristic value: 129/129 [g=1290, 396 evaluated, 395 expanded, t=6.23s]
Best heuristic value: 109/129 [g=1320, 399 evaluated, 398 expanded, t=6.24s]
Best heuristic value: 99/129 [g=1340, 406 evaluated, 405 expanded, t=6.26s]
Best heuristic value: 89/129 [g=1355, 414 evaluated, 413 expanded, t=6.27s]
Best heuristic value: 89/123 [g=1300, 415 evaluated, 414 expanded, t=6.28s]
Best heuristic value: 83/123 [g=1365, 430 evaluated, 429 expanded, t=6.31s]
Best heuristic value: 83/102 [g=1320, 433 evaluated, 432 expanded, t=6.32s]
Best heuristic value: 82/102 [g=1350, 439 evaluated, 438 expanded, t=6.33s]
Best heuristic value: 72/102 [g=1365, 445 evaluated, 444 expanded, t=6.35s]
Best heuristic value: 72/96 [g=1330, 452 evaluated, 451 expanded, t=6.36s]
Best heuristic value: 66/96 [g=1375, 456 evaluated, 455 expanded, t=6.37s]
Best heuristic value: 55/87 [g=1390, 463 evaluated, 462 expanded, t=6.39s]
Best heuristic value: 44/76 [g=1400, 464 evaluated, 463 expanded, t=6.39s]
Best heuristic value: 44/75 [g=1415, 471 evaluated, 470 expanded, t=6.41s]
Best heuristic value: 34/75 [g=1430, 477 evaluated, 476 expanded, t=6.42s]
Best heuristic value: 34/65 [g=1425, 480 evaluated, 479 expanded, t=6.43s]
Best heuristic value: 34/59 [g=1430, 482 evaluated, 481 expanded, t=6.43s]
Best heuristic value: 28/49 [g=1455, 489 evaluated, 488 expanded, t=6.45s]
Best heuristic value: 22/49 [g=1460, 490 evaluated, 489 expanded, t=6.45s]
Best heuristic value: 17/49 [g=1465, 491 evaluated, 490 expanded, t=6.45s]
Best heuristic value: 17/44 [g=1460, 1003 evaluated, 1002 expanded, t=7.75s]
Best heuristic value: 17/31 [g=1465, 34589 evaluated, 34588 expanded, t=76.24s]
Best heuristic value: 11/31 [g=1465, 35016 evaluated, 35015 expanded, t=77.06s]
Best heuristic value: 11/28 [g=1465, 566028 evaluated, 566027 expanded, t=1231.18s]
Best heuristic value: 11/27 [g=1465, 965293 evaluated, 965292 expanded, t=2111.06s]
Best heuristic value: 11/22 [g=1465, 1631496 evaluated, 1631495 expanded, t=3512.82s]
terminate called after throwing an instance of 'std::bad_alloc'
  what():  std::bad_alloc
Peak memory: 4041916 KB
caught signal 6 -- exiting
../../downward/src/search/downward: line 184:  3910 Aborted                 "$PLANNER" --heuristic "hlm1,hff1=lm_ff_syn(lm_rhw(
                    reasonable_orders=true,lm_cost_type=1,cost_type=1))" --heuristic "hlm2,hff2=lm_ff_syn(lm_rhw(
                    reasonable_orders=true,lm_cost_type=2,cost_type=2))" --search "iterated([
                    lazy_greedy([hff1,hlm1],preferred=[hff1,hlm1],
                                cost_type=1,reopen_closed=false),
                    lazy_greedy([hff2,hlm2],preferred=[hff2,hlm2],
                                reopen_closed=false),
                    lazy_wastar([hff2,hlm2],preferred=[hff2,hlm2],w=5),
                    lazy_wastar([hff2,hlm2],preferred=[hff2,hlm2],w=3),
                    lazy_wastar([hff2,hlm2],preferred=[hff2,hlm2],w=2),
                    lazy_wastar([hff2,hlm2],preferred=[hff2,hlm2],w=1)],
                    repeat_last=true,continue_on_fail=true)" "$@" < $TEMPFILE
