1. Running translator
Second argument is a file name: use two translator arguments.
Parsing... [0.360s CPU, 0.368s wall-clock]
Instantiating...
Normalizing task... [0.010s CPU, 0.008s wall-clock]
Generating Datalog program... [0.130s CPU, 0.128s wall-clock]
Normalizing Datalog program...
Normalizing Datalog program: [0.000s CPU, 0.005s wall-clock]
Preparing model... [0.160s CPU, 0.160s wall-clock]
Generated 23 rules.
Computing model... [2.320s CPU, 2.321s wall-clock]
41356 relevant atoms
73630 auxiliary atoms
114986 final queue length
135120 total queue pushes
Completing instantiation... [1.470s CPU, 1.467s wall-clock]
Instantiating: [4.140s CPU, 4.141s wall-clock]
Computing fact groups...
Finding invariants...
9 initial candidates
Finding invariants: [0.020s CPU, 0.022s wall-clock]
Checking invariant weight... [0.030s CPU, 0.028s wall-clock]
Instantiating groups... [0.030s CPU, 0.031s wall-clock]
Collecting mutex groups... [0.000s CPU, 0.001s wall-clock]
Choosing groups...
0 uncovered facts
Choosing groups: [0.000s CPU, 0.003s wall-clock]
Building translation key... [0.000s CPU, 0.001s wall-clock]
Computing fact groups: [0.090s CPU, 0.091s wall-clock]
Building STRIPS to SAS dictionary... [0.000s CPU, 0.001s wall-clock]
Building dictionary for full mutex groups... [0.000s CPU, 0.001s wall-clock]
Building mutex information...
Building mutex information: [0.000s CPU, 0.001s wall-clock]
Translating task...
Processing axioms...
Simplifying axioms... [0.000s CPU, 0.000s wall-clock]
Processing axioms: [0.040s CPU, 0.046s wall-clock]
Translating task: [0.800s CPU, 0.806s wall-clock]
0 implied effects removed
0 effect conditions simplified
0 implied preconditions added
Detecting unreachable propositions...
0 operators removed
17 propositions removed
Detecting unreachable propositions: [0.120s CPU, 0.111s wall-clock]
Translator variables: 17
Translator derived variables: 0
Translator facts: 497
Translator mutex groups: 17
Translator total mutex groups size: 497
Translator operators: 10532
Translator task size: 53236
Translator peak memory: 250796 KB
Writing output... [0.140s CPU, 0.153s wall-clock]
Done! [5.690s CPU, 5.716s wall-clock]

2. Running preprocessor
Building causal graph...
The causal graph is not acyclic.
17 variables of 17 necessary
0 of 17 mutex groups necessary.
10532 of 10532 operators necessary.
0 of 0 axiom rules necessary.
Building domain transition graphs...
solveable in poly time 0
Building successor generator...
Preprocessor facts: 497
Preprocessor derived variables: 0
Preprocessor task size: 52739
Writing output...
done


3. Running search
Dispatcher selected state size 1.
This is a unit task.
Simplifying transitions... done!
Initializing Exploration...
Generating landmarks using the RPG/SAS+ approach
approx. reasonable orders
approx. obedient reasonable orders
Removed 0 reasonable or obedient reasonable orders
Landmarks generation time: 0.138182s
Discovered 58 landmarks, of which 0 are disjunctive and 0 are conjunctive 
141 edges
Initializing LAMA-FF Synergy Object
Initializing landmarks count heuristic...
17 initial landmarks, 15 goal landmarks
Starting search: lazy_greedy(list(hff, hlm), preferred = list(hff, hlm))
Conducting lazy best first search, (real) bound = 2147483647
Best heuristic value: 41/42 [g=0, 1 evaluated, 0 expanded, t=0.36s]
Best heuristic value: 40/41 [g=1, 3 evaluated, 2 expanded, t=0.36s]
Best heuristic value: 39/40 [g=3, 8 evaluated, 7 expanded, t=0.36s]
Best heuristic value: 39/39 [g=4, 12 evaluated, 11 expanded, t=0.37s]
Best heuristic value: 38/39 [g=5, 18 evaluated, 17 expanded, t=0.37s]
Best heuristic value: 38/38 [g=7, 29 evaluated, 28 expanded, t=0.38s]
Best heuristic value: 37/38 [g=7, 34 evaluated, 33 expanded, t=0.38s]
Best heuristic value: 36/37 [g=9, 37 evaluated, 36 expanded, t=0.38s]
Best heuristic value: 35/36 [g=10, 41 evaluated, 40 expanded, t=0.38s]
Best heuristic value: 34/35 [g=11, 45 evaluated, 44 expanded, t=0.38s]
Best heuristic value: 33/34 [g=12, 49 evaluated, 48 expanded, t=0.39s]
Best heuristic value: 32/33 [g=13, 53 evaluated, 52 expanded, t=0.39s]
Best heuristic value: 31/32 [g=14, 57 evaluated, 56 expanded, t=0.39s]
Best heuristic value: 30/32 [g=15, 58 evaluated, 57 expanded, t=0.39s]
Best heuristic value: 29/31 [g=16, 59 evaluated, 58 expanded, t=0.39s]
Best heuristic value: 28/30 [g=17, 61 evaluated, 60 expanded, t=0.39s]
Best heuristic value: 28/29 [g=18, 62 evaluated, 61 expanded, t=0.39s]
Best heuristic value: 27/28 [g=19, 64 evaluated, 63 expanded, t=0.39s]
Best heuristic value: 26/27 [g=20, 67 evaluated, 66 expanded, t=0.4s]
Best heuristic value: 25/27 [g=21, 69 evaluated, 68 expanded, t=0.4s]
Best heuristic value: 25/26 [g=22, 70 evaluated, 69 expanded, t=0.4s]
Best heuristic value: 25/25 [g=22, 72 evaluated, 71 expanded, t=0.4s]
Best heuristic value: 24/25 [g=23, 77 evaluated, 76 expanded, t=0.4s]
Best heuristic value: 23/25 [g=24, 78 evaluated, 77 expanded, t=0.4s]
Best heuristic value: 22/24 [g=25, 79 evaluated, 78 expanded, t=0.4s]
Best heuristic value: 21/23 [g=26, 82 evaluated, 81 expanded, t=0.4s]
Best heuristic value: 20/22 [g=27, 85 evaluated, 84 expanded, t=0.4s]
Best heuristic value: 19/21 [g=28, 88 evaluated, 87 expanded, t=0.41s]
Best heuristic value: 18/20 [g=29, 89 evaluated, 88 expanded, t=0.41s]
Best heuristic value: 18/19 [g=30, 90 evaluated, 89 expanded, t=0.41s]
Best heuristic value: 17/18 [g=31, 91 evaluated, 90 expanded, t=0.41s]
Best heuristic value: 17/17 [g=32, 92 evaluated, 91 expanded, t=0.41s]
Best heuristic value: 16/17 [g=32, 94 evaluated, 93 expanded, t=0.41s]
Best heuristic value: 16/16 [g=33, 95 evaluated, 94 expanded, t=0.41s]
Best heuristic value: 15/16 [g=34, 97 evaluated, 96 expanded, t=0.41s]
Best heuristic value: 15/15 [g=34, 103 evaluated, 102 expanded, t=0.41s]
Best heuristic value: 14/15 [g=35, 105 evaluated, 104 expanded, t=0.41s]
Best heuristic value: 13/15 [g=36, 114 evaluated, 113 expanded, t=0.42s]
Best heuristic value: 13/14 [g=37, 122 evaluated, 121 expanded, t=0.42s]
Best heuristic value: 12/14 [g=38, 124 evaluated, 123 expanded, t=0.42s]
Best heuristic value: 11/14 [g=39, 126 evaluated, 125 expanded, t=0.42s]
Best heuristic value: 11/12 [g=40, 129 evaluated, 128 expanded, t=0.42s]
Best heuristic value: 10/12 [g=41, 135 evaluated, 134 expanded, t=0.42s]
Best heuristic value: 10/11 [g=43, 145 evaluated, 144 expanded, t=0.43s]
Best heuristic value: 9/11 [g=44, 153 evaluated, 151 expanded, t=0.43s]
Best heuristic value: 9/10 [g=45, 154 evaluated, 152 expanded, t=0.43s]
Best heuristic value: 8/10 [g=45, 156 evaluated, 153 expanded, t=0.43s]
Best heuristic value: 7/9 [g=46, 159 evaluated, 155 expanded, t=0.43s]
Best heuristic value: 6/8 [g=47, 161 evaluated, 156 expanded, t=0.43s]
Best heuristic value: 5/7 [g=48, 163 evaluated, 157 expanded, t=0.43s]
Best heuristic value: 5/6 [g=48, 676 evaluated, 419 expanded, t=0.55s]
Best heuristic value: 5/5 [g=51, 1033 evaluated, 632 expanded, t=0.64s]
Best heuristic value: 4/4 [g=52, 1035 evaluated, 634 expanded, t=0.64s]
Best heuristic value: 3/3 [g=53, 1037 evaluated, 635 expanded, t=0.64s]
Best heuristic value: 2/2 [g=54, 1038 evaluated, 636 expanded, t=0.64s]
Best heuristic value: 1/1 [g=55, 1039 evaluated, 637 expanded, t=0.64s]
Solution found!
Actual search time: 0.28s [t=0.64s]
load p6 t0 l3 (1)
drive t0 l3 l5 level239 level2 level241 (1)
load p7 t0 l5 (1)
drive t0 l5 l8 level232 level7 level239 (1)
load p9 t0 l8 (1)
drive t0 l8 l11 level227 level5 level232 (1)
load p10 t0 l11 (1)
drive t0 l11 l12 level220 level7 level227 (1)
drive t0 l12 l14 level205 level15 level220 (1)
load p5 t0 l14 (1)
load p4 t0 l14 (1)
load p2 t0 l14 (1)
load p13 t0 l14 (1)
load p12 t0 l14 (1)
drive t0 l14 l10 level195 level10 level205 (1)
unload p9 t0 l10 (1)
unload p7 t0 l10 (1)
drive t0 l10 l14 level185 level10 level195 (1)
drive t0 l14 l0 level165 level20 level185 (1)
unload p5 t0 l0 (1)
drive t0 l0 l5 level164 level1 level165 (1)
drive t0 l5 l9 level161 level3 level164 (1)
load p8 t0 l9 (1)
drive t0 l9 l6 level143 level18 level161 (1)
unload p8 t0 l6 (1)
load p3 t0 l6 (1)
unload p10 t0 l6 (1)
load p0 t0 l6 (1)
drive t0 l6 l1 level123 level20 level143 (1)
drive t0 l1 l13 level111 level12 level123 (1)
unload p6 t0 l13 (1)
unload p2 t0 l13 (1)
drive t0 l13 l2 level109 level2 level111 (1)
unload p3 t0 l2 (1)
drive t0 l2 l5 level84 level25 level109 (1)
unload p0 t0 l5 (1)
drive t0 l5 l3 level82 level2 level84 (1)
unload p4 t0 l3 (1)
drive t0 l3 l5 level80 level2 level82 (1)
drive t0 l5 l8 level73 level7 level80 (1)
unload p13 t0 l8 (1)
drive t0 l8 l11 level68 level5 level73 (1)
drive t0 l11 l12 level61 level7 level68 (1)
drive t0 l12 l1 level38 level23 level61 (1)
load p14 t0 l1 (1)
load p11 t0 l1 (1)
load p1 t0 l1 (1)
drive t0 l1 l13 level26 level12 level38 (1)
unload p12 t0 l13 (1)
drive t0 l13 l7 level15 level11 level26 (1)
drive t0 l7 l11 level13 level2 level15 (1)
drive t0 l11 l8 level8 level5 level13 (1)
unload p1 t0 l8 (1)
drive t0 l8 l5 level1 level7 level8 (1)
unload p14 t0 l5 (1)
unload p11 t0 l5 (1)
Plan length: 56 step(s).
Plan cost: 56
Initial state h value: 41/42.
Expanded 638 state(s).
Reopened 0 state(s).
Evaluated 1040 state(s).
Evaluations: 2080
Generated 3870 state(s).
Dead ends: 401 state(s).
Best solution cost so far: 56
Solution found - keep searching
Starting search: lazy_wastar(list(hff, hlm), preferred = list(hff, hlm), w = 5)
Conducting lazy best first search, (real) bound = 56
Best heuristic value: 41/42 [g=0, 1 evaluated, 0 expanded, t=0.64s]
Best heuristic value: 40/41 [g=1, 3 evaluated, 2 expanded, t=0.65s]
Best heuristic value: 39/40 [g=3, 8 evaluated, 7 expanded, t=0.65s]
Best heuristic value: 39/39 [g=4, 12 evaluated, 11 expanded, t=0.65s]
Best heuristic value: 38/39 [g=5, 18 evaluated, 17 expanded, t=0.66s]
Best heuristic value: 38/38 [g=7, 29 evaluated, 28 expanded, t=0.66s]
Best heuristic value: 37/38 [g=7, 34 evaluated, 33 expanded, t=0.67s]
Best heuristic value: 36/37 [g=9, 37 evaluated, 36 expanded, t=0.67s]
Best heuristic value: 35/36 [g=10, 41 evaluated, 40 expanded, t=0.67s]
Best heuristic value: 34/35 [g=11, 45 evaluated, 44 expanded, t=0.67s]
Best heuristic value: 33/34 [g=12, 49 evaluated, 48 expanded, t=0.68s]
Best heuristic value: 32/33 [g=13, 53 evaluated, 52 expanded, t=0.68s]
Best heuristic value: 31/32 [g=14, 57 evaluated, 56 expanded, t=0.68s]
Best heuristic value: 30/32 [g=15, 58 evaluated, 57 expanded, t=0.68s]
Best heuristic value: 29/31 [g=16, 59 evaluated, 58 expanded, t=0.68s]
Best heuristic value: 28/30 [g=17, 61 evaluated, 60 expanded, t=0.68s]
Best heuristic value: 28/29 [g=18, 62 evaluated, 61 expanded, t=0.68s]
Best heuristic value: 27/28 [g=19, 64 evaluated, 63 expanded, t=0.68s]
Best heuristic value: 26/27 [g=20, 67 evaluated, 66 expanded, t=0.68s]
Best heuristic value: 25/27 [g=21, 69 evaluated, 68 expanded, t=0.69s]
Best heuristic value: 25/26 [g=22, 70 evaluated, 69 expanded, t=0.69s]
Best heuristic value: 25/25 [g=22, 72 evaluated, 71 expanded, t=0.69s]
Best heuristic value: 24/25 [g=23, 77 evaluated, 76 expanded, t=0.69s]
Best heuristic value: 23/25 [g=24, 78 evaluated, 77 expanded, t=0.69s]
Best heuristic value: 22/24 [g=25, 79 evaluated, 78 expanded, t=0.69s]
Best heuristic value: 21/23 [g=26, 82 evaluated, 81 expanded, t=0.69s]
Best heuristic value: 20/22 [g=27, 85 evaluated, 84 expanded, t=0.69s]
Best heuristic value: 19/21 [g=28, 88 evaluated, 87 expanded, t=0.7s]
Best heuristic value: 18/20 [g=29, 89 evaluated, 88 expanded, t=0.7s]
Best heuristic value: 18/19 [g=30, 90 evaluated, 89 expanded, t=0.7s]
Best heuristic value: 17/18 [g=31, 91 evaluated, 90 expanded, t=0.7s]
Best heuristic value: 17/17 [g=32, 92 evaluated, 91 expanded, t=0.7s]
Best heuristic value: 16/17 [g=32, 94 evaluated, 93 expanded, t=0.7s]
Best heuristic value: 16/16 [g=33, 95 evaluated, 94 expanded, t=0.7s]
Best heuristic value: 15/16 [g=34, 97 evaluated, 96 expanded, t=0.7s]
Best heuristic value: 15/15 [g=34, 103 evaluated, 102 expanded, t=0.7s]
Best heuristic value: 14/15 [g=35, 105 evaluated, 104 expanded, t=0.7s]
Best heuristic value: 13/15 [g=36, 114 evaluated, 113 expanded, t=0.71s]
Best heuristic value: 13/14 [g=37, 122 evaluated, 121 expanded, t=0.71s]
Best heuristic value: 12/14 [g=38, 124 evaluated, 123 expanded, t=0.71s]
Best heuristic value: 11/14 [g=39, 126 evaluated, 125 expanded, t=0.71s]
Best heuristic value: 11/12 [g=40, 129 evaluated, 128 expanded, t=0.71s]
Best heuristic value: 10/12 [g=41, 135 evaluated, 134 expanded, t=0.71s]
Best heuristic value: 10/11 [g=43, 145 evaluated, 144 expanded, t=0.72s]
Best heuristic value: 9/11 [g=44, 153 evaluated, 151 expanded, t=0.72s]
Best heuristic value: 9/10 [g=45, 154 evaluated, 152 expanded, t=0.72s]
Best heuristic value: 8/10 [g=45, 156 evaluated, 153 expanded, t=0.72s]
Best heuristic value: 7/9 [g=46, 159 evaluated, 155 expanded, t=0.72s]
Best heuristic value: 6/8 [g=47, 161 evaluated, 156 expanded, t=0.72s]
Best heuristic value: 5/7 [g=48, 163 evaluated, 157 expanded, t=0.72s]
Best heuristic value: 5/6 [g=48, 509 evaluated, 341 expanded, 1 reopened, t=0.8s]
Best heuristic value: 5/5 [g=51, 751 evaluated, 489 expanded, 15 reopened, t=0.87s]
Best heuristic value: 4/4 [g=52, 753 evaluated, 491 expanded, 15 reopened, t=0.87s]
Best heuristic value: 3/3 [g=53, 755 evaluated, 492 expanded, 15 reopened, t=0.87s]
Best heuristic value: 2/2 [g=54, 756 evaluated, 493 expanded, 15 reopened, t=0.87s]
Best heuristic value: 1/1 [g=55, 757 evaluated, 494 expanded, 15 reopened, t=0.87s]
Solution found!
Actual search time: 0.43s [t=1.07s]
load p6 t0 l3 (1)
drive t0 l3 l5 level239 level2 level241 (1)
load p7 t0 l5 (1)
drive t0 l5 l8 level232 level7 level239 (1)
load p9 t0 l8 (1)
drive t0 l8 l11 level227 level5 level232 (1)
load p10 t0 l11 (1)
drive t0 l11 l12 level220 level7 level227 (1)
drive t0 l12 l14 level205 level15 level220 (1)
load p5 t0 l14 (1)
load p4 t0 l14 (1)
load p2 t0 l14 (1)
load p13 t0 l14 (1)
load p12 t0 l14 (1)
drive t0 l14 l10 level195 level10 level205 (1)
unload p9 t0 l10 (1)
unload p7 t0 l10 (1)
drive t0 l10 l14 level185 level10 level195 (1)
drive t0 l14 l0 level165 level20 level185 (1)
unload p5 t0 l0 (1)
drive t0 l0 l5 level164 level1 level165 (1)
drive t0 l5 l9 level161 level3 level164 (1)
load p8 t0 l9 (1)
drive t0 l9 l6 level143 level18 level161 (1)
unload p8 t0 l6 (1)
load p3 t0 l6 (1)
unload p10 t0 l6 (1)
load p0 t0 l6 (1)
drive t0 l6 l1 level123 level20 level143 (1)
drive t0 l1 l13 level111 level12 level123 (1)
unload p6 t0 l13 (1)
unload p2 t0 l13 (1)
drive t0 l13 l2 level109 level2 level111 (1)
unload p3 t0 l2 (1)
drive t0 l2 l5 level84 level25 level109 (1)
unload p0 t0 l5 (1)
drive t0 l5 l3 level82 level2 level84 (1)
unload p4 t0 l3 (1)
drive t0 l3 l5 level80 level2 level82 (1)
drive t0 l5 l2 level55 level25 level80 (1)
drive t0 l2 l13 level53 level2 level55 (1)
drive t0 l13 l1 level41 level12 level53 (1)
load p14 t0 l1 (1)
load p11 t0 l1 (1)
load p1 t0 l1 (1)
drive t0 l1 l13 level29 level12 level41 (1)
unload p12 t0 l13 (1)
drive t0 l13 l7 level18 level11 level29 (1)
drive t0 l7 l11 level16 level2 level18 (1)
drive t0 l11 l8 level11 level5 level16 (1)
unload p13 t0 l8 (1)
unload p1 t0 l8 (1)
drive t0 l8 l5 level4 level7 level11 (1)
unload p14 t0 l5 (1)
unload p11 t0 l5 (1)
Plan length: 55 step(s).
Plan cost: 55
Initial state h value: 41/42.
Expanded 1001 state(s).
Reopened 69 state(s).
Evaluated 1536 state(s).
Evaluations: 3072
Generated 5764 state(s).
Dead ends: 534 state(s).
Best solution cost so far: 55
Solution found - keep searching
Starting search: lazy_wastar(list(hff, hlm), preferred = list(hff, hlm), w = 3)
Conducting lazy best first search, (real) bound = 55
Best heuristic value: 41/42 [g=0, 1 evaluated, 0 expanded, t=1.07s]
Best heuristic value: 40/41 [g=1, 3 evaluated, 2 expanded, t=1.07s]
Best heuristic value: 39/40 [g=3, 8 evaluated, 7 expanded, t=1.07s]
Best heuristic value: 39/39 [g=4, 12 evaluated, 11 expanded, t=1.08s]
Best heuristic value: 38/39 [g=5, 18 evaluated, 17 expanded, t=1.08s]
Best heuristic value: 38/38 [g=7, 29 evaluated, 28 expanded, t=1.09s]
Best heuristic value: 37/38 [g=7, 34 evaluated, 33 expanded, t=1.09s]
Best heuristic value: 36/37 [g=9, 37 evaluated, 36 expanded, t=1.09s]
Best heuristic value: 35/36 [g=10, 41 evaluated, 40 expanded, t=1.09s]
Best heuristic value: 34/35 [g=11, 45 evaluated, 44 expanded, t=1.1s]
Best heuristic value: 33/34 [g=12, 49 evaluated, 48 expanded, t=1.1s]
Best heuristic value: 32/33 [g=13, 53 evaluated, 52 expanded, t=1.1s]
Best heuristic value: 31/32 [g=14, 57 evaluated, 56 expanded, t=1.1s]
Best heuristic value: 30/32 [g=15, 58 evaluated, 57 expanded, t=1.1s]
Best heuristic value: 29/31 [g=16, 59 evaluated, 58 expanded, t=1.1s]
Best heuristic value: 28/30 [g=17, 61 evaluated, 60 expanded, t=1.1s]
Best heuristic value: 28/29 [g=18, 62 evaluated, 61 expanded, t=1.11s]
Best heuristic value: 27/28 [g=19, 64 evaluated, 63 expanded, t=1.11s]
Best heuristic value: 26/27 [g=20, 67 evaluated, 66 expanded, t=1.11s]
Best heuristic value: 25/27 [g=21, 69 evaluated, 68 expanded, t=1.11s]
Best heuristic value: 25/26 [g=22, 70 evaluated, 69 expanded, t=1.11s]
Best heuristic value: 25/25 [g=22, 72 evaluated, 71 expanded, t=1.11s]
Best heuristic value: 24/25 [g=23, 77 evaluated, 76 expanded, t=1.11s]
Best heuristic value: 23/25 [g=24, 78 evaluated, 77 expanded, t=1.11s]
Best heuristic value: 22/24 [g=25, 79 evaluated, 78 expanded, t=1.11s]
Best heuristic value: 21/23 [g=26, 82 evaluated, 81 expanded, t=1.12s]
Best heuristic value: 20/22 [g=27, 85 evaluated, 84 expanded, t=1.12s]
Best heuristic value: 19/21 [g=28, 88 evaluated, 87 expanded, t=1.12s]
Best heuristic value: 18/20 [g=29, 89 evaluated, 88 expanded, t=1.12s]
Best heuristic value: 18/19 [g=30, 90 evaluated, 89 expanded, t=1.12s]
Best heuristic value: 17/18 [g=31, 91 evaluated, 90 expanded, t=1.12s]
Best heuristic value: 17/17 [g=32, 92 evaluated, 91 expanded, t=1.12s]
Best heuristic value: 16/17 [g=32, 94 evaluated, 93 expanded, t=1.12s]
Best heuristic value: 16/16 [g=33, 95 evaluated, 94 expanded, t=1.12s]
Best heuristic value: 15/16 [g=34, 97 evaluated, 96 expanded, t=1.12s]
Best heuristic value: 15/15 [g=34, 103 evaluated, 102 expanded, t=1.13s]
Best heuristic value: 14/15 [g=35, 105 evaluated, 104 expanded, t=1.13s]
Best heuristic value: 13/15 [g=36, 114 evaluated, 113 expanded, t=1.13s]
Best heuristic value: 13/14 [g=37, 121 evaluated, 120 expanded, t=1.13s]
Best heuristic value: 12/14 [g=38, 123 evaluated, 122 expanded, t=1.13s]
Best heuristic value: 11/14 [g=39, 125 evaluated, 124 expanded, t=1.13s]
Best heuristic value: 11/12 [g=40, 128 evaluated, 127 expanded, t=1.14s]
Best heuristic value: 10/12 [g=41, 134 evaluated, 133 expanded, t=1.14s]
Best heuristic value: 10/11 [g=43, 144 evaluated, 143 expanded, t=1.14s]
Best heuristic value: 9/11 [g=44, 154 evaluated, 152 expanded, t=1.14s]
Best heuristic value: 9/10 [g=45, 155 evaluated, 153 expanded, t=1.14s]
Best heuristic value: 8/10 [g=45, 157 evaluated, 154 expanded, t=1.15s]
Best heuristic value: 7/9 [g=46, 160 evaluated, 156 expanded, t=1.15s]
Best heuristic value: 6/8 [g=47, 162 evaluated, 157 expanded, t=1.15s]
Best heuristic value: 5/7 [g=48, 164 evaluated, 158 expanded, t=1.15s]
Best heuristic value: 5/6 [g=48, 221 evaluated, 196 expanded, t=1.16s]
Best heuristic value: 5/5 [g=51, 462 evaluated, 343 expanded, t=1.22s]
Best heuristic value: 4/4 [g=52, 464 evaluated, 345 expanded, t=1.22s]
Best heuristic value: 3/3 [g=53, 466 evaluated, 346 expanded, t=1.22s]
Best heuristic value: 2/2 [g=54, 467 evaluated, 347 expanded, t=1.22s]
Best heuristic value: 1/1 [g=54, 713 evaluated, 518 expanded, t=1.29s]
Solution found!
Actual search time: 0.78s [t=1.85s]
load p6 t0 l3 (1)
drive t0 l3 l5 level239 level2 level241 (1)
load p7 t0 l5 (1)
drive t0 l5 l8 level232 level7 level239 (1)
load p9 t0 l8 (1)
drive t0 l8 l11 level227 level5 level232 (1)
load p10 t0 l11 (1)
drive t0 l11 l12 level220 level7 level227 (1)
drive t0 l12 l14 level205 level15 level220 (1)
load p5 t0 l14 (1)
load p4 t0 l14 (1)
load p2 t0 l14 (1)
load p13 t0 l14 (1)
load p12 t0 l14 (1)
drive t0 l14 l10 level195 level10 level205 (1)
unload p9 t0 l10 (1)
unload p7 t0 l10 (1)
drive t0 l10 l14 level185 level10 level195 (1)
drive t0 l14 l0 level165 level20 level185 (1)
unload p5 t0 l0 (1)
drive t0 l0 l5 level164 level1 level165 (1)
drive t0 l5 l9 level161 level3 level164 (1)
load p8 t0 l9 (1)
drive t0 l9 l6 level143 level18 level161 (1)
unload p8 t0 l6 (1)
load p3 t0 l6 (1)
unload p10 t0 l6 (1)
load p0 t0 l6 (1)
drive t0 l6 l1 level123 level20 level143 (1)
drive t0 l1 l13 level111 level12 level123 (1)
unload p6 t0 l13 (1)
unload p2 t0 l13 (1)
drive t0 l13 l2 level109 level2 level111 (1)
unload p3 t0 l2 (1)
drive t0 l2 l13 level107 level2 level109 (1)
unload p12 t0 l13 (1)
drive t0 l13 l1 level95 level12 level107 (1)
load p14 t0 l1 (1)
load p11 t0 l1 (1)
load p1 t0 l1 (1)
drive t0 l1 l12 level72 level23 level95 (1)
drive t0 l12 l11 level65 level7 level72 (1)
drive t0 l11 l5 level48 level17 level65 (1)
unload p14 t0 l5 (1)
unload p11 t0 l5 (1)
unload p0 t0 l5 (1)
drive t0 l5 l3 level46 level2 level48 (1)
unload p4 t0 l3 (1)
drive t0 l3 l5 level44 level2 level46 (1)
drive t0 l5 l8 level37 level7 level44 (1)
unload p13 t0 l8 (1)
unload p1 t0 l8 (1)
Plan length: 52 step(s).
Plan cost: 52
Initial state h value: 41/42.
Expanded 1864 state(s).
Reopened 53 state(s).
Evaluated 2857 state(s).
Evaluations: 5714
Generated 11204 state(s).
Dead ends: 992 state(s).
Best solution cost so far: 52
Solution found - keep searching
Starting search: lazy_wastar(list(hff, hlm), preferred = list(hff, hlm), w = 2)
Conducting lazy best first search, (real) bound = 52
Best heuristic value: 41/42 [g=0, 1 evaluated, 0 expanded, t=1.85s]
Best heuristic value: 40/41 [g=1, 3 evaluated, 2 expanded, t=1.85s]
Best heuristic value: 39/40 [g=3, 8 evaluated, 7 expanded, t=1.85s]
Best heuristic value: 39/39 [g=4, 12 evaluated, 11 expanded, t=1.86s]
Best heuristic value: 38/39 [g=5, 23 evaluated, 22 expanded, t=1.86s]
Best heuristic value: 37/39 [g=6, 36 evaluated, 35 expanded, t=1.87s]
Best heuristic value: 37/38 [g=7, 37 evaluated, 36 expanded, t=1.87s]
Best heuristic value: 37/37 [g=7, 43 evaluated, 42 expanded, t=1.87s]
Best heuristic value: 36/37 [g=7, 53 evaluated, 52 expanded, t=1.88s]
Best heuristic value: 35/37 [g=8, 59 evaluated, 58 expanded, t=1.88s]
Best heuristic value: 35/36 [g=9, 61 evaluated, 60 expanded, t=1.88s]
Best heuristic value: 34/36 [g=9, 65 evaluated, 64 expanded, t=1.89s]
Best heuristic value: 34/35 [g=10, 66 evaluated, 65 expanded, t=1.89s]
Best heuristic value: 33/34 [g=11, 71 evaluated, 70 expanded, t=1.89s]
Best heuristic value: 32/33 [g=12, 75 evaluated, 74 expanded, t=1.89s]
Best heuristic value: 31/33 [g=13, 77 evaluated, 76 expanded, t=1.89s]
Best heuristic value: 30/33 [g=14, 81 evaluated, 80 expanded, t=1.9s]
Best heuristic value: 30/32 [g=15, 83 evaluated, 82 expanded, t=1.9s]
Best heuristic value: 30/31 [g=15, 87 evaluated, 86 expanded, t=1.9s]
Best heuristic value: 29/30 [g=16, 90 evaluated, 89 expanded, t=1.9s]
Best heuristic value: 28/30 [g=17, 91 evaluated, 90 expanded, t=1.9s]
Best heuristic value: 27/29 [g=18, 98 evaluated, 97 expanded, t=1.91s]
Best heuristic value: 26/28 [g=19, 103 evaluated, 102 expanded, t=1.91s]
Best heuristic value: 25/28 [g=21, 115 evaluated, 114 expanded, t=1.91s]
Best heuristic value: 25/27 [g=22, 119 evaluated, 118 expanded, t=1.92s]
Best heuristic value: 24/27 [g=22, 123 evaluated, 122 expanded, t=1.92s]
Best heuristic value: 24/26 [g=23, 127 evaluated, 126 expanded, t=1.92s]
Best heuristic value: 23/26 [g=24, 139 evaluated, 138 expanded, t=1.93s]
Best heuristic value: 23/25 [g=25, 141 evaluated, 140 expanded, t=1.93s]
Best heuristic value: 22/24 [g=26, 142 evaluated, 141 expanded, t=1.93s]
Best heuristic value: 21/23 [g=27, 153 evaluated, 152 expanded, t=1.93s]
Best heuristic value: 20/22 [g=28, 159 evaluated, 158 expanded, t=1.94s]
Best heuristic value: 19/21 [g=29, 163 evaluated, 162 expanded, t=1.94s]
Best heuristic value: 18/20 [g=30, 167 evaluated, 166 expanded, t=1.94s]
Best heuristic value: 17/19 [g=31, 171 evaluated, 170 expanded, t=1.94s]
Best heuristic value: 16/19 [g=32, 172 evaluated, 171 expanded, t=1.94s]
Best heuristic value: 15/18 [g=33, 173 evaluated, 172 expanded, t=1.94s]
Best heuristic value: 14/17 [g=34, 175 evaluated, 174 expanded, t=1.94s]
Best heuristic value: 14/16 [g=35, 176 evaluated, 175 expanded, t=1.94s]
Best heuristic value: 13/15 [g=36, 177 evaluated, 176 expanded, t=1.94s]
Best heuristic value: 12/14 [g=37, 178 evaluated, 177 expanded, t=1.95s]
Best heuristic value: 11/13 [g=38, 179 evaluated, 178 expanded, t=1.95s]
Best heuristic value: 10/12 [g=40, 185 evaluated, 184 expanded, t=1.95s]
Best heuristic value: 9/11 [g=41, 186 evaluated, 185 expanded, t=1.95s]
Best heuristic value: 8/10 [g=43, 192 evaluated, 191 expanded, t=1.95s]
Best heuristic value: 8/9 [g=44, 193 evaluated, 192 expanded, t=1.95s]
Best heuristic value: 7/9 [g=45, 194 evaluated, 193 expanded, t=1.95s]
Best heuristic value: 6/8 [g=46, 199 evaluated, 198 expanded, t=1.95s]
Best heuristic value: 5/7 [g=47, 200 evaluated, 199 expanded, t=1.95s]
Best heuristic value: 5/6 [g=50, 214 evaluated, 210 expanded, t=1.96s]
Best heuristic value: 4/6 [g=50, 256 evaluated, 240 expanded, t=1.97s]
Best heuristic value: 3/6 [g=51, 258 evaluated, 242 expanded, t=1.97s]
Best heuristic value: 3/5 [g=51, 261 evaluated, 245 expanded, t=1.97s]
Best heuristic value: 3/4 [g=51, 403 evaluated, 352 expanded, t=2.01s]
Best heuristic value: 3/3 [g=51, 880 evaluated, 686 expanded, t=2.16s]
terminate called after throwing an instance of 'std::bad_alloc'
  what():  std::bad_alloc
warning: could not determine peak memory
Peak memory: -1 KB
caught signal 6 -- exiting
../../downward/src/search/downward: line 184: 46774 Aborted                 "$PLANNER" --heuristic "hlm,hff=lm_ff_syn(lm_rhw(
                    reasonable_orders=true,lm_cost_type=2,cost_type=2))" --search "iterated([
                    lazy_greedy([hff,hlm],preferred=[hff,hlm]),
                    lazy_wastar([hff,hlm],preferred=[hff,hlm],w=5),
                    lazy_wastar([hff,hlm],preferred=[hff,hlm],w=3),
                    lazy_wastar([hff,hlm],preferred=[hff,hlm],w=2),
                    lazy_wastar([hff,hlm],preferred=[hff,hlm],w=1)],
                    repeat_last=true,continue_on_fail=true)" "$@" < $TEMPFILE
