1. Running translator
Second argument is a file name: use two translator arguments.
Parsing... [0.020s CPU, 0.036s wall-clock]
Instantiating...
Normalizing task... [0.000s CPU, 0.001s wall-clock]
Generating Datalog program... [0.010s CPU, 0.006s wall-clock]
Normalizing Datalog program...
Normalizing Datalog program: [0.030s CPU, 0.024s wall-clock]
Preparing model... [0.010s CPU, 0.017s wall-clock]
Generated 198 rules.
Computing model... [1.320s CPU, 1.318s wall-clock]
15312 relevant atoms
11440 auxiliary atoms
26752 final queue length
83665 total queue pushes
Completing instantiation... [5.030s CPU, 5.048s wall-clock]
Instantiating: [6.420s CPU, 6.429s wall-clock]
Computing fact groups...
Finding invariants...
24 initial candidates
Finding invariants: [0.080s CPU, 0.082s wall-clock]
Checking invariant weight... [0.000s CPU, 0.004s wall-clock]
Instantiating groups... [0.060s CPU, 0.055s wall-clock]
Collecting mutex groups... [0.000s CPU, 0.001s wall-clock]
Choosing groups...
244 uncovered facts
Choosing groups: [0.010s CPU, 0.005s wall-clock]
Building translation key... [0.000s CPU, 0.002s wall-clock]
Computing fact groups: [0.160s CPU, 0.163s wall-clock]
Building STRIPS to SAS dictionary... [0.000s CPU, 0.002s wall-clock]
Building dictionary for full mutex groups... [0.000s CPU, 0.002s wall-clock]
Building mutex information...
Building mutex information: [0.010s CPU, 0.004s wall-clock]
Translating task...
Processing axioms...
Simplifying axioms... [0.000s CPU, 0.000s wall-clock]
Processing axioms: [0.130s CPU, 0.130s wall-clock]
Translating task: [2.310s CPU, 2.320s wall-clock]
6762 implied effects removed
690 effect conditions simplified
0 implied preconditions added
Detecting unreachable propositions...
138 operators removed
107 propositions removed
Detecting unreachable propositions: [0.480s CPU, 0.479s wall-clock]
Translator variables: 289
Translator derived variables: 0
Translator facts: 811
Translator mutex groups: 98
Translator total mutex groups size: 447
Translator operators: 14211
Translator task size: 122393
Translator peak memory: 251076 KB
Writing output... [0.440s CPU, 0.488s wall-clock]
Done! [9.970s CPU, 10.058s wall-clock]

2. Running preprocessor
Building causal graph...
The causal graph is not acyclic.
280 variables of 289 necessary
69 of 98 mutex groups necessary.
14211 of 14211 operators necessary.
0 of 0 axiom rules necessary.
Building domain transition graphs...
solveable in poly time 0
Building successor generator...
Preprocessor facts: 793
Preprocessor derived variables: 0
Preprocessor task size: 121191
Writing output...
done


3. Running search
Dispatcher selected state size 1.
This is a nonunit task.
Simplifying transitions... done!
Initializing Exploration...
Generating landmarks using the RPG/SAS+ approach
approx. reasonable orders
approx. obedient reasonable orders
Removed 0 reasonable or obedient reasonable orders
Landmarks generation time: 2.06641s
Discovered 205 landmarks, of which 6 are disjunctive and 0 are conjunctive 
238 edges
Initializing LAMA-FF Synergy Object
Initializing landmarks count heuristic...
92 initial landmarks, 79 goal landmarks
Initializing Exploration...
Generating landmarks using the RPG/SAS+ approach
approx. reasonable orders
approx. obedient reasonable orders
Removed 0 reasonable or obedient reasonable orders
Landmarks generation time: 1.96373s
Discovered 205 landmarks, of which 6 are disjunctive and 0 are conjunctive 
238 edges
Initializing LAMA-FF Synergy Object
Initializing landmarks count heuristic...
92 initial landmarks, 79 goal landmarks
Starting search: lazy_greedy(list(hff1, hlm1), preferred = list(hff1, hlm1), cost_type = 1, reopen_closed = false)
Conducting lazy best first search, (real) bound = 2147483647
Best heuristic value: 113/67 [g=0, 1 evaluated, 0 expanded, t=4.62s]
Best heuristic value: 111/66 [g=1, 2 evaluated, 1 expanded, t=4.63s]
Best heuristic value: 110/65 [g=2, 3 evaluated, 2 expanded, t=4.63s]
Best heuristic value: 109/64 [g=3, 4 evaluated, 3 expanded, t=4.64s]
Best heuristic value: 107/63 [g=4, 5 evaluated, 4 expanded, t=4.64s]
Best heuristic value: 106/62 [g=5, 6 evaluated, 5 expanded, t=4.65s]
Best heuristic value: 105/61 [g=6, 7 evaluated, 6 expanded, t=4.65s]
Best heuristic value: 103/60 [g=7, 8 evaluated, 7 expanded, t=4.66s]
Best heuristic value: 100/59 [g=8, 9 evaluated, 8 expanded, t=4.67s]
Best heuristic value: 96/57 [g=9, 10 evaluated, 9 expanded, t=4.67s]
Best heuristic value: 92/56 [g=10, 11 evaluated, 10 expanded, t=4.68s]
Best heuristic value: 89/55 [g=11, 12 evaluated, 11 expanded, t=4.68s]
Best heuristic value: 85/53 [g=12, 13 evaluated, 12 expanded, t=4.69s]
Best heuristic value: 82/52 [g=13, 14 evaluated, 13 expanded, t=4.7s]
Best heuristic value: 79/50 [g=14, 15 evaluated, 14 expanded, t=4.7s]
Best heuristic value: 76/49 [g=15, 16 evaluated, 15 expanded, t=4.71s]
Best heuristic value: 73/48 [g=16, 17 evaluated, 16 expanded, t=4.71s]
Best heuristic value: 70/47 [g=17, 18 evaluated, 17 expanded, t=4.72s]
Best heuristic value: 66/46 [g=18, 19 evaluated, 18 expanded, t=4.72s]
Best heuristic value: 62/44 [g=19, 20 evaluated, 19 expanded, t=4.73s]
Best heuristic value: 57/42 [g=20, 21 evaluated, 20 expanded, t=4.73s]
Best heuristic value: 54/41 [g=21, 22 evaluated, 21 expanded, t=4.74s]
Best heuristic value: 53/40 [g=22, 23 evaluated, 22 expanded, t=4.74s]
Best heuristic value: 52/39 [g=23, 24 evaluated, 23 expanded, t=4.75s]
Best heuristic value: 49/38 [g=24, 25 evaluated, 24 expanded, t=4.75s]
Best heuristic value: 47/36 [g=25, 26 evaluated, 25 expanded, t=4.75s]
Best heuristic value: 46/35 [g=26, 27 evaluated, 26 expanded, t=4.76s]
Best heuristic value: 45/34 [g=27, 29 evaluated, 28 expanded, t=4.77s]
Best heuristic value: 44/33 [g=28, 32 evaluated, 31 expanded, t=4.78s]
Best heuristic value: 42/31 [g=29, 35 evaluated, 34 expanded, t=4.79s]
Best heuristic value: 39/30 [g=30, 39 evaluated, 38 expanded, t=4.81s]
Best heuristic value: 38/29 [g=31, 43 evaluated, 42 expanded, t=4.83s]
Best heuristic value: 37/28 [g=32, 47 evaluated, 46 expanded, t=4.85s]
Best heuristic value: 36/27 [g=33, 51 evaluated, 50 expanded, t=4.87s]
Best heuristic value: 35/26 [g=34, 55 evaluated, 54 expanded, t=4.89s]
Best heuristic value: 34/25 [g=35, 59 evaluated, 58 expanded, t=4.91s]
Best heuristic value: 33/24 [g=36, 63 evaluated, 62 expanded, t=4.92s]
Best heuristic value: 31/22 [g=37, 68 evaluated, 67 expanded, t=4.95s]
Best heuristic value: 28/21 [g=38, 72 evaluated, 71 expanded, t=4.97s]
Best heuristic value: 26/19 [g=39, 76 evaluated, 75 expanded, t=4.99s]
Best heuristic value: 25/18 [g=40, 80 evaluated, 79 expanded, t=5s]
Best heuristic value: 21/17 [g=41, 84 evaluated, 83 expanded, t=5.02s]
Best heuristic value: 20/16 [g=42, 88 evaluated, 87 expanded, t=5.04s]
Best heuristic value: 19/15 [g=43, 92 evaluated, 91 expanded, t=5.06s]
Best heuristic value: 18/14 [g=44, 96 evaluated, 95 expanded, t=5.07s]
Best heuristic value: 16/13 [g=45, 100 evaluated, 99 expanded, t=5.09s]
Best heuristic value: 15/12 [g=46, 105 evaluated, 104 expanded, t=5.11s]
Best heuristic value: 12/11 [g=47, 110 evaluated, 109 expanded, t=5.14s]
Best heuristic value: 10/9 [g=48, 115 evaluated, 114 expanded, t=5.16s]
Best heuristic value: 8/8 [g=49, 121 evaluated, 120 expanded, t=5.18s]
Best heuristic value: 6/6 [g=50, 127 evaluated, 126 expanded, t=5.2s]
Best heuristic value: 5/5 [g=51, 134 evaluated, 133 expanded, t=5.23s]
Best heuristic value: 4/4 [g=52, 140 evaluated, 139 expanded, t=5.25s]
Best heuristic value: 3/3 [g=54, 146 evaluated, 145 expanded, t=5.27s]
Best heuristic value: 2/2 [g=56, 149 evaluated, 148 expanded, t=5.28s]
Best heuristic value: 1/1 [g=58, 152 evaluated, 151 expanded, t=5.29s]
Solution found!
Actual search time: 0.67s [t=5.29s]
do-plane p6 planer0 rough red varnished (10)
do-grind p6 grinder0 smooth natural untreated untreated (15)
do-glaze p6 glazer0 black (10)
do-plane p21 planer0 rough mauve colourfragments (30)
do-grind p21 grinder0 smooth natural untreated untreated (45)
do-glaze p21 glazer0 black (20)
do-plane p19 planer0 rough green varnished (10)
do-saw-large b1 p12 saw0 mahogany rough s9 s7 s8 s6 (30)
do-saw-large b4 p14 saw0 oak smooth s5 s3 s4 s2 (30)
do-saw-large b8 p16 saw0 teak smooth s10 s8 s9 s7 (30)
do-saw-large b6 p17 saw0 walnut rough s8 s6 s7 s5 (30)
do-saw-large b5 p3 saw0 pine smooth s6 s4 s5 s3 (30)
do-saw-large b8 p8 saw0 teak smooth s10 s8 s9 s7 (30)
do-saw-medium b2 p10 saw0 mahogany rough s2 s1 s0 (30)
do-saw-medium b2 p18 saw0 mahogany rough s2 s1 s0 (30)
do-saw-medium b2 p20 saw0 mahogany rough s2 s1 s0 (30)
do-saw-medium b8 p22 saw0 teak smooth s10 s9 s8 (30)
do-saw-medium b7 p5 saw0 walnut rough s2 s1 s0 (30)
do-saw-small b4 p11 saw0 oak smooth s2 s1 (30)
do-saw-small b4 p4 saw0 oak smooth s1 s0 (30)
do-saw-small b8 p9 saw0 teak smooth s10 s9 (30)
do-glaze p9 glazer0 black (10)
do-glaze p8 glazer0 black (20)
do-saw-large b8 p7 saw0 teak smooth s10 s8 s9 s7 (30)
do-glaze p7 glazer0 red (20)
do-plane p5 planer0 rough natural untreated (20)
do-grind p4 grinder0 smooth natural untreated untreated (15)
do-glaze p3 glazer0 red (20)
do-glaze p20 glazer0 mauve (15)
do-saw-small b8 p2 saw0 teak smooth s10 s9 (30)
do-grind p2 grinder0 smooth natural untreated untreated (15)
do-glaze p2 glazer0 black (10)
do-plane p18 planer0 rough natural untreated (20)
do-grind p18 grinder0 smooth natural untreated untreated (30)
do-plane p17 planer0 rough natural untreated (30)
do-immersion-varnish p17 immersion-varnisher0 red smooth (10)
do-immersion-varnish p16 immersion-varnisher0 red smooth (10)
do-saw-large b8 p15 saw0 teak smooth s10 s8 s9 s7 (30)
do-immersion-varnish p15 immersion-varnisher1 white smooth (10)
do-glaze p14 glazer0 green (20)
do-saw-small b8 p13 saw0 teak smooth s10 s9 (30)
do-grind p13 grinder0 smooth natural untreated untreated (15)
do-plane p12 planer0 rough natural untreated (30)
do-glaze p12 glazer0 black (20)
do-glaze p11 glazer0 black (10)
do-glaze p10 glazer0 black (15)
do-saw-medium b8 p1 saw0 teak smooth s10 s9 s8 (30)
do-glaze p1 glazer0 green (15)
do-saw-medium b8 p0 saw0 teak smooth s10 s9 s8 (30)
do-glaze p0 glazer0 mauve (15)
do-immersion-varnish p4 immersion-varnisher1 natural verysmooth (10)
do-immersion-varnish p5 immersion-varnisher1 natural smooth (10)
do-grind p11 grinder0 smooth black glazed untreated (15)
do-glaze p11 glazer0 black (10)
do-plane p20 planer0 rough mauve glazed (20)
do-glaze p20 glazer0 mauve (15)
do-grind p20 grinder0 smooth mauve glazed untreated (30)
do-glaze p20 glazer0 mauve (15)
do-grind p1 grinder0 smooth green glazed untreated (30)
do-glaze p1 glazer0 green (15)
Plan length: 60 step(s).
Plan cost: 1305
Initial state h value: 113/67.
Expanded 153 state(s).
Reopened 0 state(s).
Evaluated 154 state(s).
Evaluations: 308
Generated 69289 state(s).
Dead ends: 0 state(s).
Best solution cost so far: 1305
Solution found - keep searching
Starting search: lazy_greedy(list(hff2, hlm2), preferred = list(hff2, hlm2), reopen_closed = false)
Conducting lazy best first search, (real) bound = 1305
Best heuristic value: 1468/1587 [g=0, 1 evaluated, 0 expanded, t=5.3s]
Best heuristic value: 1446/1576 [g=10, 2 evaluated, 1 expanded, t=5.3s]
Best heuristic value: 1430/1560 [g=25, 3 evaluated, 2 expanded, t=5.31s]
Best heuristic value: 1419/1549 [g=35, 4 evaluated, 3 expanded, t=5.31s]
Best heuristic value: 1357/1518 [g=65, 5 evaluated, 4 expanded, t=5.32s]
Best heuristic value: 1311/1472 [g=110, 6 evaluated, 5 expanded, t=5.32s]
Best heuristic value: 1290/1451 [g=130, 7 evaluated, 6 expanded, t=5.33s]
Best heuristic value: 1268/1440 [g=140, 8 evaluated, 7 expanded, t=5.33s]
Best heuristic value: 1235/1409 [g=170, 9 evaluated, 8 expanded, t=5.34s]
Best heuristic value: 1191/1337 [g=200, 10 evaluated, 9 expanded, t=5.35s]
Best heuristic value: 1147/1285 [g=230, 11 evaluated, 10 expanded, t=5.35s]
Best heuristic value: 1114/1254 [g=260, 12 evaluated, 11 expanded, t=5.36s]
Best heuristic value: 1070/1182 [g=290, 13 evaluated, 12 expanded, t=5.36s]
Best heuristic value: 1037/1151 [g=320, 14 evaluated, 13 expanded, t=5.37s]
Best heuristic value: 1004/1089 [g=350, 15 evaluated, 14 expanded, t=5.37s]
Best heuristic value: 971/1048 [g=380, 16 evaluated, 15 expanded, t=5.38s]
Best heuristic value: 938/1007 [g=410, 17 evaluated, 16 expanded, t=5.39s]
Best heuristic value: 905/976 [g=440, 18 evaluated, 17 expanded, t=5.39s]
Best heuristic value: 861/935 [g=470, 19 evaluated, 18 expanded, t=5.4s]
Best heuristic value: 817/873 [g=500, 20 evaluated, 19 expanded, t=5.4s]
Best heuristic value: 762/811 [g=530, 21 evaluated, 20 expanded, t=5.41s]
Best heuristic value: 729/780 [g=560, 22 evaluated, 21 expanded, t=5.42s]
Best heuristic value: 718/769 [g=570, 23 evaluated, 22 expanded, t=5.43s]
Best heuristic value: 697/748 [g=590, 24 evaluated, 23 expanded, t=5.43s]
Best heuristic value: 664/707 [g=620, 25 evaluated, 24 expanded, t=5.44s]
Best heuristic value: 654/707 [g=640, 27 evaluated, 26 expanded, t=5.45s]
Best heuristic value: 653/686 [g=640, 28 evaluated, 27 expanded, t=5.45s]
Best heuristic value: 643/686 [g=660, 30 evaluated, 29 expanded, t=5.46s]
Best heuristic value: 637/670 [g=655, 33 evaluated, 32 expanded, t=5.47s]
Best heuristic value: 627/670 [g=675, 35 evaluated, 34 expanded, t=5.48s]
Best heuristic value: 626/659 [g=665, 40 evaluated, 39 expanded, t=5.51s]
Best heuristic value: 616/659 [g=685, 42 evaluated, 41 expanded, t=5.52s]
Best heuristic value: 594/627 [g=680, 47 evaluated, 46 expanded, t=5.54s]
Best heuristic value: 584/627 [g=700, 49 evaluated, 48 expanded, t=5.55s]
Best heuristic value: 561/596 [g=710, 56 evaluated, 55 expanded, t=5.59s]
Best heuristic value: 551/596 [g=730, 58 evaluated, 57 expanded, t=5.59s]
Best heuristic value: 545/580 [g=725, 65 evaluated, 64 expanded, t=5.63s]
Best heuristic value: 535/580 [g=745, 67 evaluated, 66 expanded, t=5.64s]
Best heuristic value: 534/569 [g=735, 74 evaluated, 73 expanded, t=5.67s]
Best heuristic value: 524/569 [g=755, 76 evaluated, 75 expanded, t=5.68s]
Best heuristic value: 523/548 [g=755, 83 evaluated, 82 expanded, t=5.71s]
Best heuristic value: 513/548 [g=775, 85 evaluated, 84 expanded, t=5.72s]
Best heuristic value: 492/517 [g=785, 92 evaluated, 91 expanded, t=5.76s]
Best heuristic value: 482/517 [g=805, 94 evaluated, 93 expanded, t=5.77s]
Best heuristic value: 481/486 [g=815, 101 evaluated, 100 expanded, t=5.8s]
Best heuristic value: 471/486 [g=835, 103 evaluated, 102 expanded, t=5.81s]
Best heuristic value: 470/475 [g=825, 110 evaluated, 109 expanded, t=5.84s]
Best heuristic value: 460/475 [g=845, 112 evaluated, 111 expanded, t=5.85s]
Best heuristic value: 448/464 [g=835, 119 evaluated, 118 expanded, t=5.88s]
Best heuristic value: 438/464 [g=855, 121 evaluated, 120 expanded, t=5.89s]
Best heuristic value: 415/433 [g=865, 128 evaluated, 127 expanded, t=5.93s]
Best heuristic value: 405/433 [g=885, 130 evaluated, 129 expanded, t=5.93s]
Best heuristic value: 393/411 [g=875, 137 evaluated, 136 expanded, t=5.97s]
Best heuristic value: 383/411 [g=895, 139 evaluated, 138 expanded, t=5.98s]
Best heuristic value: 382/400 [g=885, 146 evaluated, 145 expanded, t=6.01s]
Best heuristic value: 372/400 [g=905, 148 evaluated, 147 expanded, t=6.02s]
Best heuristic value: 338/369 [g=915, 155 evaluated, 154 expanded, t=6.05s]
Best heuristic value: 328/369 [g=935, 157 evaluated, 156 expanded, t=6.06s]
Best heuristic value: 322/353 [g=930, 164 evaluated, 163 expanded, t=6.09s]
Best heuristic value: 312/353 [g=950, 166 evaluated, 165 expanded, t=6.1s]
Best heuristic value: 311/322 [g=960, 173 evaluated, 172 expanded, t=6.13s]
Best heuristic value: 301/322 [g=980, 175 evaluated, 174 expanded, t=6.13s]
Best heuristic value: 290/301 [g=980, 182 evaluated, 181 expanded, t=6.16s]
Best heuristic value: 280/301 [g=1000, 184 evaluated, 183 expanded, t=6.17s]
Best heuristic value: 268/290 [g=990, 191 evaluated, 190 expanded, t=6.2s]
Best heuristic value: 258/290 [g=1010, 193 evaluated, 192 expanded, t=6.21s]
Best heuristic value: 258/285 [g=1005, 200 evaluated, 199 expanded, t=6.24s]
Best heuristic value: 242/284 [g=1025, 203 evaluated, 202 expanded, t=6.25s]
Best heuristic value: 242/274 [g=1055, 204 evaluated, 203 expanded, t=6.26s]
Best heuristic value: 241/274 [g=1065, 205 evaluated, 204 expanded, t=6.26s]
Best heuristic value: 241/269 [g=1070, 213 evaluated, 212 expanded, t=6.29s]
Best heuristic value: 208/258 [g=1095, 214 evaluated, 213 expanded, t=6.3s]
Best heuristic value: 208/238 [g=1125, 215 evaluated, 214 expanded, t=6.3s]
Best heuristic value: 198/238 [g=1145, 217 evaluated, 216 expanded, t=6.31s]
Best heuristic value: 198/233 [g=1140, 224 evaluated, 223 expanded, t=6.34s]
Best heuristic value: 167/217 [g=1175, 228 evaluated, 227 expanded, t=6.36s]
Best heuristic value: 167/207 [g=1205, 229 evaluated, 228 expanded, t=6.36s]
Best heuristic value: 167/202 [g=1220, 239 evaluated, 238 expanded, t=6.4s]
Best heuristic value: 162/202 [g=1190, 240 evaluated, 239 expanded, t=6.41s]
Best heuristic value: 162/191 [g=1230, 250 evaluated, 249 expanded, t=6.45s]
Best heuristic value: 161/191 [g=1240, 251 evaluated, 250 expanded, t=6.45s]
Best heuristic value: 151/191 [g=1250, 252 evaluated, 251 expanded, t=6.46s]
Best heuristic value: 146/191 [g=1265, 262 evaluated, 261 expanded, t=6.5s]
Best heuristic value: 146/160 [g=1260, 263 evaluated, 262 expanded, t=6.5s]
Best heuristic value: 139/160 [g=1270, 264 evaluated, 263 expanded, t=6.51s]
Best heuristic value: 129/160 [g=1280, 265 evaluated, 264 expanded, t=6.51s]
Best heuristic value: 124/160 [g=1295, 274 evaluated, 273 expanded, t=6.54s]
Best heuristic value: 118/128 [g=1275, 277 evaluated, 276 expanded, t=6.55s]
Best heuristic value: 107/128 [g=1285, 278 evaluated, 277 expanded, t=6.56s]
Best heuristic value: 97/128 [g=1295, 280 evaluated, 279 expanded, t=6.56s]
Best heuristic value: 91/128 [g=1300, 285 evaluated, 284 expanded, t=6.58s]
Best heuristic value: 91/101 [g=1290, 290 evaluated, 289 expanded, t=6.6s]
Best heuristic value: 80/101 [g=1300, 291 evaluated, 290 expanded, t=6.6s]
Best heuristic value: 80/95 [g=1300, 296 evaluated, 295 expanded, t=6.62s]
Best heuristic value: 80/90 [g=1300, 298 evaluated, 297 expanded, t=6.63s]
Best heuristic value: 75/90 [g=1280, 179584 evaluated, 179583 expanded, t=611.57s]
Best heuristic value: 66/90 [g=1300, 208516 evaluated, 208515 expanded, t=692.43s]
Best heuristic value: 64/74 [g=1295, 843714 evaluated, 843713 expanded, t=2541.16s]
Best heuristic value: 58/68 [g=1300, 843717 evaluated, 843716 expanded, t=2541.17s]
Best heuristic value: 44/68 [g=1300, 887259 evaluated, 887258 expanded, t=2648.69s]
Best heuristic value: 44/64 [g=1295, 5896239 evaluated, 5896238 expanded, t=14517.6s]
terminate called after throwing an instance of 'std::bad_alloc'
  what():  std::bad_alloc
terminate called recursively
terminate called recursively
terminate called recursively
terminate called recursively
../../downward/src/search/downward: line 184: 61568 Segmentation fault      "$PLANNER" --heuristic "hlm1,hff1=lm_ff_syn(lm_rhw(
                    reasonable_orders=true,lm_cost_type=1,cost_type=1))" --heuristic "hlm2,hff2=lm_ff_syn(lm_rhw(
                    reasonable_orders=true,lm_cost_type=2,cost_type=2))" --search "iterated([
                    lazy_greedy([hff1,hlm1],preferred=[hff1,hlm1],
                                cost_type=1,reopen_closed=false),
                    lazy_greedy([hff2,hlm2],preferred=[hff2,hlm2],
                                reopen_closed=false),
                    lazy_wastar([hff2,hlm2],preferred=[hff2,hlm2],w=5),
                    lazy_wastar([hff2,hlm2],preferred=[hff2,hlm2],w=3),
                    lazy_wastar([hff2,hlm2],preferred=[hff2,hlm2],w=2),
                    lazy_wastar([hff2,hlm2],preferred=[hff2,hlm2],w=1)],
                    repeat_last=true,continue_on_fail=true)" "$@" < $TEMPFILE
