1. Running translator
Second argument is a file name: use two translator arguments.
Parsing... [0.020s CPU, 0.036s wall-clock]
Instantiating...
Normalizing task... [0.000s CPU, 0.002s wall-clock]
Generating Datalog program... [0.010s CPU, 0.004s wall-clock]
Normalizing Datalog program...
Normalizing Datalog program: [0.070s CPU, 0.070s wall-clock]
Preparing model... [0.020s CPU, 0.024s wall-clock]
Generated 400 rules.
Computing model... [3.770s CPU, 3.771s wall-clock]
45717 relevant atoms
39821 auxiliary atoms
85538 final queue length
236723 total queue pushes
Completing instantiation... [12.550s CPU, 12.583s wall-clock]
Instantiating: [16.470s CPU, 16.503s wall-clock]
Computing fact groups...
Finding invariants...
41 initial candidates
Finding invariants: [0.230s CPU, 0.234s wall-clock]
Checking invariant weight... [0.010s CPU, 0.000s wall-clock]
Instantiating groups... [0.000s CPU, 0.000s wall-clock]
Collecting mutex groups... [0.000s CPU, 0.000s wall-clock]
Choosing groups...
471 uncovered facts
Choosing groups: [0.000s CPU, 0.001s wall-clock]
Building translation key... [0.000s CPU, 0.002s wall-clock]
Computing fact groups: [0.250s CPU, 0.251s wall-clock]
Building STRIPS to SAS dictionary... [0.000s CPU, 0.002s wall-clock]
Building dictionary for full mutex groups... [0.000s CPU, 0.002s wall-clock]
Building mutex information...
Building mutex information: [0.010s CPU, 0.002s wall-clock]
Translating task...
Processing axioms...
Simplifying axioms... [0.000s CPU, 0.000s wall-clock]
Processing axioms: [0.640s CPU, 0.646s wall-clock]
Translating task: [10.700s CPU, 10.714s wall-clock]
0 implied effects removed
52488 effect conditions simplified
0 implied preconditions added
Detecting unreachable propositions...
0 operators removed
2 propositions removed
Detecting unreachable propositions: [1.880s CPU, 1.889s wall-clock]
Translator variables: 473
Translator derived variables: 0
Translator facts: 949
Translator mutex groups: 3
Translator total mutex groups size: 9
Translator operators: 45042
Translator task size: 549499
Translator peak memory: 540908 KB
Writing output... [1.610s CPU, 1.699s wall-clock]
Done! [31.380s CPU, 31.526s wall-clock]

2. Running preprocessor
Building causal graph...
The causal graph is not acyclic.
473 variables of 473 necessary
1 of 3 mutex groups necessary.
45042 of 45042 operators necessary.
0 of 0 axiom rules necessary.
Building domain transition graphs...
solveable in poly time 0
Building successor generator...
Preprocessor facts: 949
Preprocessor derived variables: 0
Preprocessor task size: 549492
Writing output...
done


3. Running search
Dispatcher selected state size 1.
This is a unit task.
Simplifying transitions... done!
Initializing Exploration...
Generating landmarks using the RPG/SAS+ approach
approx. reasonable orders
approx. obedient reasonable orders
Removed 0 reasonable or obedient reasonable orders
Landmarks generation time: 1.57395s
Discovered 24 landmarks, of which 3 are disjunctive and 0 are conjunctive 
38 edges
Initializing LAMA-FF Synergy Object
Initializing landmarks count heuristic...
12 initial landmarks, 4 goal landmarks
Starting search: lazy_greedy(list(hff, hlm), preferred = list(hff, hlm))
Conducting lazy best first search, (real) bound = 2147483647
Best heuristic value: 12/31 [g=0, 1 evaluated, 0 expanded, t=8.4s]
Best heuristic value: 12/30 [g=4, 10 evaluated, 9 expanded, t=8.7s]
Best heuristic value: 12/27 [g=5, 25 evaluated, 24 expanded, t=9.17s]
Best heuristic value: 12/26 [g=7, 76 evaluated, 75 expanded, t=10.65s]
Best heuristic value: 10/26 [g=15, 153 evaluated, 152 expanded, t=12.83s]
Best heuristic value: 10/25 [g=16, 154 evaluated, 153 expanded, t=12.86s]
Best heuristic value: 9/24 [g=17, 157 evaluated, 156 expanded, t=12.94s]
Best heuristic value: 9/22 [g=21, 169 evaluated, 168 expanded, t=13.3s]
Best heuristic value: 9/21 [g=23, 178 evaluated, 177 expanded, t=13.56s]
Best heuristic value: 9/17 [g=27, 223 evaluated, 222 expanded, t=14.78s]
Best heuristic value: 9/16 [g=27, 239 evaluated, 238 expanded, t=15.17s]
Best heuristic value: 9/15 [g=32, 254 evaluated, 253 expanded, t=15.55s]
Best heuristic value: 8/15 [g=42, 339 evaluated, 338 expanded, t=17.67s]
Best heuristic value: 8/14 [g=43, 340 evaluated, 339 expanded, t=17.7s]
Best heuristic value: 7/14 [g=44, 345 evaluated, 344 expanded, t=17.82s]
Best heuristic value: 6/14 [g=45, 347 evaluated, 346 expanded, t=17.87s]
Best heuristic value: 6/13 [g=46, 348 evaluated, 347 expanded, t=17.89s]
Best heuristic value: 5/13 [g=47, 350 evaluated, 349 expanded, t=17.94s]
Best heuristic value: 5/12 [g=47, 352 evaluated, 351 expanded, t=18s]
Best heuristic value: 4/11 [g=48, 353 evaluated, 352 expanded, t=18.04s]
Best heuristic value: 3/10 [g=49, 355 evaluated, 354 expanded, t=18.1s]
Best heuristic value: 3/9 [g=58, 373 evaluated, 372 expanded, t=18.57s]
Best heuristic value: 3/7 [g=60, 375 evaluated, 374 expanded, t=18.61s]
Best heuristic value: 3/6 [g=62, 378 evaluated, 377 expanded, t=18.7s]
Best heuristic value: 3/5 [g=63, 380 evaluated, 379 expanded, t=18.74s]
Best heuristic value: 3/3 [g=65, 383 evaluated, 382 expanded, t=18.8s]
Best heuristic value: 2/2 [g=66, 384 evaluated, 383 expanded, t=18.82s]
Best heuristic value: 1/1 [g=67, 385 evaluated, 384 expanded, t=18.84s]
Solution found!
Actual search time: 10.49s [t=18.86s]
unpark pr2 xrel0 yrel0 (1)
base-right pr2 x0 x1 y0 (1)
base-right pr2 x1 x2 y0 (1)
base-down pr2 x2 y0 y1 (1)
base-down pr2 x2 y1 y2 (1)
base-right pr2 x2 x3 y2 (1)
park pr2 (1)
get-right pr2 x3 y2 xrel0 x3 yrel0 y2 object2 x4 (1)
gripper-right pr2 x3 y2 xrel0 xrel1 x3 x4 yrel0 y2 (1)
put-right pr2 x3 y2 xrel1 x4 yrel0 y2 object2 x5 (1)
gripper-up pr2 x3 y2 xrel1 x4 yrel0 yrel-1 y2 y1 (1)
get-right pr2 x3 y2 xrel1 x4 yrel-1 y1 object3 x5 (1)
gripper-down pr2 x3 y2 xrel1 x4 yrel-1 yrel0 y1 y2 (1)
gripper-left pr2 x3 y2 xrel1 xrel0 x4 x3 yrel0 y2 (1)
put-right pr2 x3 y2 xrel0 x3 yrel0 y2 object3 x4 (1)
gripper-down pr2 x3 y2 xrel0 x3 yrel0 yrel1 y2 y3 (1)
finish-object object3 x4 y2 (1)
gripper-up pr2 x3 y2 xrel0 x3 yrel1 yrel0 y3 y2 (1)
unpark pr2 xrel0 yrel0 (1)
base-down pr2 x3 y2 y3 (1)
base-right pr2 x3 x4 y3 (1)
base-right pr2 x4 x5 y3 (1)
base-right pr2 x5 x6 y3 (1)
base-down pr2 x6 y3 y4 (1)
base-down pr2 x6 y4 y5 (1)
park pr2 (1)
gripper-left pr2 x6 y5 xrel0 xrel-1 x6 x5 yrel0 y5 (1)
gripper-down pr2 x6 y5 xrel-1 x5 yrel0 yrel1 y5 y6 (1)
gripper-right pr2 x6 y5 xrel-1 xrel0 x5 x6 yrel1 y6 (1)
get-right pr2 x6 y5 xrel0 x6 yrel1 y6 object1 x7 (1)
gripper-up pr2 x6 y5 xrel0 x6 yrel1 yrel0 y6 y5 (1)
unpark pr2 xrel0 yrel0 (1)
base-left pr2 x6 x5 y5 (1)
park pr2 (1)
gripper-left pr2 x5 y5 xrel0 xrel-1 x5 x4 yrel0 y5 (1)
put-down pr2 x5 y5 xrel-1 x4 yrel0 y5 object1 y6 (1)
gripper-right pr2 x5 y5 xrel-1 xrel0 x4 x5 yrel0 y5 (1)
unpark pr2 xrel0 yrel0 (1)
base-left pr2 x5 x4 y5 (1)
park pr2 (1)
gripper-left pr2 x4 y5 xrel0 xrel-1 x4 x3 yrel0 y5 (1)
get-down pr2 x4 y5 xrel-1 x3 yrel0 y5 object0 y6 (1)
gripper-down pr2 x4 y5 xrel-1 x3 yrel0 yrel1 y5 y6 (1)
put-up pr2 x4 y5 xrel-1 x3 yrel1 y6 object0 y5 (1)
get-right pr2 x4 y5 xrel-1 x3 yrel1 y6 object1 x4 (1)
gripper-right pr2 x4 y5 xrel-1 xrel0 x3 x4 yrel1 y6 (1)
put-left pr2 x4 y5 xrel0 x4 yrel1 y6 object1 x3 (1)
finish-object object0 x3 y5 (1)
finish-object object1 x3 y6 (1)
gripper-up pr2 x4 y5 xrel0 x4 yrel1 yrel0 y6 y5 (1)
unpark pr2 xrel0 yrel0 (1)
base-right pr2 x4 x5 y5 (1)
base-right pr2 x5 x6 y5 (1)
base-up pr2 x6 y5 y4 (1)
park pr2 (1)
gripper-up pr2 x6 y4 xrel0 x6 yrel0 yrel-1 y4 y3 (1)
gripper-left pr2 x6 y4 xrel0 xrel-1 x6 x5 yrel-1 y3 (1)
get-up pr2 x6 y4 xrel-1 x5 yrel-1 y3 object2 y2 (1)
gripper-right pr2 x6 y4 xrel-1 xrel0 x5 x6 yrel-1 y3 (1)
gripper-down pr2 x6 y4 xrel0 x6 yrel-1 yrel0 y3 y4 (1)
unpark pr2 xrel0 yrel0 (1)
base-down pr2 x6 y4 y5 (1)
base-left pr2 x6 x5 y5 (1)
base-left pr2 x5 x4 y5 (1)
park pr2 (1)
gripper-down pr2 x4 y5 xrel0 x4 yrel0 yrel1 y5 y6 (1)
put-up pr2 x4 y5 xrel0 x4 yrel1 y6 object2 y5 (1)
finish-object object2 x4 y5 (1)
Plan length: 68 step(s).
Plan cost: 68
Initial state h value: 12/31.
Expanded 385 state(s).
Reopened 0 state(s).
Evaluated 386 state(s).
Evaluations: 772
Generated 1293 state(s).
Dead ends: 0 state(s).
Best solution cost so far: 68
Solution found - keep searching
Starting search: lazy_wastar(list(hff, hlm), preferred = list(hff, hlm), w = 5)
Conducting lazy best first search, (real) bound = 68
Best heuristic value: 12/31 [g=0, 1 evaluated, 0 expanded, t=18.89s]
Best heuristic value: 12/30 [g=4, 10 evaluated, 9 expanded, t=19.19s]
Best heuristic value: 12/27 [g=5, 25 evaluated, 24 expanded, t=19.65s]
Best heuristic value: 12/26 [g=7, 79 evaluated, 78 expanded, t=21.26s]
Best heuristic value: 10/26 [g=13, 179 evaluated, 178 expanded, 1 reopened, t=24.16s]
Best heuristic value: 9/26 [g=14, 181 evaluated, 180 expanded, 1 reopened, t=24.22s]
Best heuristic value: 9/25 [g=16, 183 evaluated, 182 expanded, 1 reopened, t=24.28s]
Best heuristic value: 9/24 [g=17, 196 evaluated, 195 expanded, 1 reopened, t=24.66s]
Best heuristic value: 9/22 [g=19, 210 evaluated, 209 expanded, 1 reopened, t=25.1s]
Best heuristic value: 9/21 [g=21, 219 evaluated, 218 expanded, 1 reopened, t=25.39s]
Best heuristic value: 9/17 [g=25, 256 evaluated, 255 expanded, 1 reopened, t=26.44s]
Best heuristic value: 9/16 [g=25, 272 evaluated, 271 expanded, 1 reopened, t=26.84s]
Best heuristic value: 9/15 [g=30, 287 evaluated, 286 expanded, 1 reopened, t=27.22s]
Best heuristic value: 8/15 [g=30, 416 evaluated, 415 expanded, 19 reopened, t=30.63s]
Best heuristic value: 7/15 [g=31, 418 evaluated, 417 expanded, 19 reopened, t=30.68s]
Best heuristic value: 7/14 [g=31, 421 evaluated, 420 expanded, 19 reopened, t=30.75s]
Best heuristic value: 6/14 [g=32, 422 evaluated, 421 expanded, 19 reopened, t=30.77s]
Best heuristic value: 5/14 [g=35, 430 evaluated, 429 expanded, 19 reopened, t=30.96s]
Best heuristic value: 5/13 [g=36, 432 evaluated, 431 expanded, 19 reopened, t=31s]
Best heuristic value: 5/12 [g=37, 433 evaluated, 432 expanded, 19 reopened, t=31.02s]
Best heuristic value: 5/11 [g=39, 439 evaluated, 438 expanded, 19 reopened, t=31.16s]
Best heuristic value: 4/10 [g=38, 441 evaluated, 440 expanded, 20 reopened, t=31.2s]
Best heuristic value: 3/9 [g=39, 443 evaluated, 442 expanded, 20 reopened, t=31.25s]
Best heuristic value: 3/8 [g=41, 445 evaluated, 444 expanded, 20 reopened, t=31.29s]
Best heuristic value: 3/7 [g=47, 460 evaluated, 459 expanded, 20 reopened, t=31.64s]
Best heuristic value: 2/6 [g=48, 462 evaluated, 461 expanded, 20 reopened, t=31.68s]
Best heuristic value: 2/5 [g=51, 466 evaluated, 465 expanded, 20 reopened, t=31.77s]
Best heuristic value: 2/4 [g=52, 469 evaluated, 468 expanded, 20 reopened, t=31.83s]
Best heuristic value: 2/3 [g=53, 471 evaluated, 470 expanded, 20 reopened, t=31.88s]
Best heuristic value: 2/2 [g=54, 472 evaluated, 471 expanded, 20 reopened, t=31.9s]
Best heuristic value: 1/1 [g=55, 473 evaluated, 472 expanded, 20 reopened, t=31.92s]
Solution found!
Actual search time: 13.07s [t=31.93s]
unpark pr2 xrel0 yrel0 (1)
base-right pr2 x0 x1 y0 (1)
base-right pr2 x1 x2 y0 (1)
base-down pr2 x2 y0 y1 (1)
base-right pr2 x2 x3 y1 (1)
park pr2 (1)
gripper-down pr2 x3 y1 xrel0 x3 yrel0 yrel1 y1 y2 (1)
get-right pr2 x3 y1 xrel0 x3 yrel1 y2 object2 x4 (1)
gripper-right pr2 x3 y1 xrel0 xrel1 x3 x4 yrel1 y2 (1)
put-right pr2 x3 y1 xrel1 x4 yrel1 y2 object2 x5 (1)
gripper-up pr2 x3 y1 xrel1 x4 yrel1 yrel0 y2 y1 (1)
get-right pr2 x3 y1 xrel1 x4 yrel0 y1 object3 x5 (1)
put-down pr2 x3 y1 xrel1 x4 yrel0 y1 object3 y2 (1)
finish-object object3 x4 y2 (1)
gripper-left pr2 x3 y1 xrel1 xrel0 x4 x3 yrel0 y1 (1)
unpark pr2 xrel0 yrel0 (1)
base-down pr2 x3 y1 y2 (1)
base-down pr2 x3 y2 y3 (1)
base-right pr2 x3 x4 y3 (1)
base-right pr2 x4 x5 y3 (1)
base-right pr2 x5 x6 y3 (1)
base-down pr2 x6 y3 y4 (1)
base-down pr2 x6 y4 y5 (1)
base-left pr2 x6 x5 y5 (1)
park pr2 (1)
gripper-left pr2 x5 y5 xrel0 xrel-1 x5 x4 yrel0 y5 (1)
gripper-down pr2 x5 y5 xrel-1 x4 yrel0 yrel1 y5 y6 (1)
get-left pr2 x5 y5 xrel-1 x4 yrel1 y6 object0 x3 (1)
gripper-up pr2 x5 y5 xrel-1 x4 yrel1 yrel0 y6 y5 (1)
put-left pr2 x5 y5 xrel-1 x4 yrel0 y5 object0 x3 (1)
gripper-right pr2 x5 y5 xrel-1 xrel0 x4 x5 yrel0 y5 (1)
finish-object object0 x3 y5 (1)
gripper-right pr2 x5 y5 xrel0 xrel1 x5 x6 yrel0 y5 (1)
gripper-down pr2 x5 y5 xrel1 x6 yrel0 yrel1 y5 y6 (1)
get-right pr2 x5 y5 xrel1 x6 yrel1 y6 object1 x7 (1)
gripper-left pr2 x5 y5 xrel1 xrel0 x6 x5 yrel1 y6 (1)
gripper-left pr2 x5 y5 xrel0 xrel-1 x5 x4 yrel1 y6 (1)
put-left pr2 x5 y5 xrel-1 x4 yrel1 y6 object1 x3 (1)
finish-object object1 x3 y6 (1)
gripper-up pr2 x5 y5 xrel-1 x4 yrel1 yrel0 y6 y5 (1)
gripper-right pr2 x5 y5 xrel-1 xrel0 x4 x5 yrel0 y5 (1)
unpark pr2 xrel0 yrel0 (1)
base-right pr2 x5 x6 y5 (1)
base-up pr2 x6 y5 y4 (1)
base-up pr2 x6 y4 y3 (1)
park pr2 (1)
gripper-left pr2 x6 y3 xrel0 xrel-1 x6 x5 yrel0 y3 (1)
get-up pr2 x6 y3 xrel-1 x5 yrel0 y3 object2 y2 (1)
gripper-right pr2 x6 y3 xrel-1 xrel0 x5 x6 yrel0 y3 (1)
unpark pr2 xrel0 yrel0 (1)
base-down pr2 x6 y3 y4 (1)
base-down pr2 x6 y4 y5 (1)
base-left pr2 x6 x5 y5 (1)
park pr2 (1)
put-left pr2 x5 y5 xrel0 x5 yrel0 y5 object2 x4 (1)
finish-object object2 x4 y5 (1)
Plan length: 56 step(s).
Plan cost: 56
Initial state h value: 12/31.
Expanded 473 state(s).
Reopened 20 state(s).
Evaluated 474 state(s).
Evaluations: 948
Generated 1598 state(s).
Dead ends: 0 state(s).
Best solution cost so far: 56
Solution found - keep searching
Starting search: lazy_wastar(list(hff, hlm), preferred = list(hff, hlm), w = 3)
Conducting lazy best first search, (real) bound = 56
Best heuristic value: 12/31 [g=0, 1 evaluated, 0 expanded, t=31.96s]
Best heuristic value: 12/30 [g=4, 10 evaluated, 9 expanded, t=32.24s]
Best heuristic value: 12/27 [g=5, 24 evaluated, 23 expanded, t=32.65s]
Best heuristic value: 12/26 [g=7, 77 evaluated, 76 expanded, t=34.29s]
Best heuristic value: 10/26 [g=13, 144 evaluated, 143 expanded, t=36.23s]
Best heuristic value: 9/26 [g=14, 146 evaluated, 145 expanded, t=36.29s]
Best heuristic value: 9/25 [g=16, 148 evaluated, 147 expanded, t=36.35s]
Best heuristic value: 9/24 [g=12, 318 evaluated, 317 expanded, 3 reopened, t=41.22s]
Best heuristic value: 9/21 [g=14, 339 evaluated, 338 expanded, 3 reopened, t=41.76s]
Best heuristic value: 9/20 [g=14, 373 evaluated, 372 expanded, 3 reopened, t=42.65s]
Best heuristic value: 9/19 [g=19, 387 evaluated, 386 expanded, 3 reopened, t=43.01s]
Best heuristic value: 9/18 [g=20, 486 evaluated, 485 expanded, 14 reopened, t=45.69s]
Best heuristic value: 9/16 [g=26, 522 evaluated, 521 expanded, 14 reopened, t=46.66s]
Best heuristic value: 7/15 [g=29, 532 evaluated, 531 expanded, 14 reopened, t=46.95s]
Best heuristic value: 7/14 [g=30, 533 evaluated, 532 expanded, 14 reopened, t=46.99s]
Best heuristic value: 7/13 [g=31, 534 evaluated, 533 expanded, 14 reopened, t=47.03s]
Best heuristic value: 6/12 [g=32, 539 evaluated, 538 expanded, 14 reopened, t=47.18s]
Best heuristic value: 6/11 [g=36, 662 evaluated, 661 expanded, 47 reopened, t=50.59s]
Best heuristic value: 6/10 [g=41, 747 evaluated, 746 expanded, 47 reopened, t=52.85s]
Best heuristic value: 5/10 [g=42, 758 evaluated, 757 expanded, 47 reopened, t=53.13s]
Best heuristic value: 4/10 [g=45, 1135 evaluated, 1134 expanded, 51 reopened, t=63.7s]
Best heuristic value: 4/9 [g=46, 1137 evaluated, 1136 expanded, 51 reopened, t=63.77s]
Best heuristic value: 3/8 [g=49, 1144 evaluated, 1143 expanded, 51 reopened, t=63.98s]
Best heuristic value: 3/7 [g=53, 1155 evaluated, 1154 expanded, 52 reopened, t=64.27s]
Best heuristic value: 2/6 [g=54, 1195 evaluated, 1194 expanded, 63 reopened, t=65.38s]
Best heuristic value: 2/5 [g=51, 3547 evaluated, 3546 expanded, 105 reopened, t=137.69s]
Best heuristic value: 2/4 [g=52, 3549 evaluated, 3548 expanded, 105 reopened, t=137.74s]
Best heuristic value: 2/3 [g=53, 3553 evaluated, 3552 expanded, 105 reopened, t=137.85s]
Best heuristic value: 2/2 [g=54, 3554 evaluated, 3553 expanded, 105 reopened, t=137.87s]
Best heuristic value: 1/1 [g=55, 3555 evaluated, 3554 expanded, 105 reopened, t=137.89s]
Solution found!
Actual search time: 2329.73s [t=2361.66s]
unpark pr2 xrel0 yrel0 (1)
base-right pr2 x0 x1 y0 (1)
base-right pr2 x1 x2 y0 (1)
base-down pr2 x2 y0 y1 (1)
base-down pr2 x2 y1 y2 (1)
base-right pr2 x2 x3 y2 (1)
base-down pr2 x3 y2 y3 (1)
base-right pr2 x3 x4 y3 (1)
park pr2 (1)
get-up pr2 x4 y3 xrel0 x4 yrel0 y3 object2 y2 (1)
unpark pr2 xrel0 yrel0 (1)
base-right pr2 x4 x5 y3 (1)
base-right pr2 x5 x6 y3 (1)
base-down pr2 x6 y3 y4 (1)
base-down pr2 x6 y4 y5 (1)
park pr2 (1)
gripper-left pr2 x6 y5 xrel0 xrel-1 x6 x5 yrel0 y5 (1)
put-left pr2 x6 y5 xrel-1 x5 yrel0 y5 object2 x4 (1)
finish-object object2 x4 y5 (1)
gripper-right pr2 x6 y5 xrel-1 xrel0 x5 x6 yrel0 y5 (1)
unpark pr2 xrel0 yrel0 (1)
base-left pr2 x6 x5 y5 (1)
base-left pr2 x5 x4 y5 (1)
park pr2 (1)
gripper-left pr2 x4 y5 xrel0 xrel-1 x4 x3 yrel0 y5 (1)
get-down pr2 x4 y5 xrel-1 x3 yrel0 y5 object0 y6 (1)
gripper-right pr2 x4 y5 xrel-1 xrel0 x3 x4 yrel0 y5 (1)
put-left pr2 x4 y5 xrel0 x4 yrel0 y5 object0 x3 (1)
finish-object object0 x3 y5 (1)
unpark pr2 xrel0 yrel0 (1)
base-right pr2 x4 x5 y5 (1)
park pr2 (1)
gripper-down pr2 x5 y5 xrel0 x5 yrel0 yrel1 y5 y6 (1)
gripper-right pr2 x5 y5 xrel0 xrel1 x5 x6 yrel1 y6 (1)
get-right pr2 x5 y5 xrel1 x6 yrel1 y6 object1 x7 (1)
gripper-left pr2 x5 y5 xrel1 xrel0 x6 x5 yrel1 y6 (1)
gripper-left pr2 x5 y5 xrel0 xrel-1 x5 x4 yrel1 y6 (1)
put-left pr2 x5 y5 xrel-1 x4 yrel1 y6 object1 x3 (1)
finish-object object1 x3 y6 (1)
gripper-right pr2 x5 y5 xrel-1 xrel0 x4 x5 yrel1 y6 (1)
gripper-up pr2 x5 y5 xrel0 x5 yrel1 yrel0 y6 y5 (1)
unpark pr2 xrel0 yrel0 (1)
base-right pr2 x5 x6 y5 (1)
base-up pr2 x6 y5 y4 (1)
base-up pr2 x6 y4 y3 (1)
park pr2 (1)
gripper-up pr2 x6 y3 xrel0 x6 yrel0 yrel-1 y3 y2 (1)
gripper-left pr2 x6 y3 xrel0 xrel-1 x6 x5 yrel-1 y2 (1)
get-up pr2 x6 y3 xrel-1 x5 yrel-1 y2 object3 y1 (1)
put-left pr2 x6 y3 xrel-1 x5 yrel-1 y2 object3 x4 (1)
finish-object object3 x4 y2 (1)
Plan length: 51 step(s).
Plan cost: 51
Initial state h value: 12/31.
Expanded 74162 state(s).
Reopened 3928 state(s).
Evaluated 74172 state(s).
Evaluations: 148344
Generated 279381 state(s).
Dead ends: 9 state(s).
Best solution cost so far: 51
Solution found - keep searching
Starting search: lazy_wastar(list(hff, hlm), preferred = list(hff, hlm), w = 2)
Conducting lazy best first search, (real) bound = 51
Best heuristic value: 12/31 [g=0, 1 evaluated, 0 expanded, t=2361.71s]
Best heuristic value: 12/30 [g=4, 10 evaluated, 9 expanded, t=2362.08s]
Best heuristic value: 12/27 [g=5, 23 evaluated, 22 expanded, t=2362.56s]
Best heuristic value: 12/26 [g=7, 60 evaluated, 59 expanded, t=2363.9s]
Best heuristic value: 12/25 [g=11, 208 evaluated, 207 expanded, t=2369.31s]
Best heuristic value: 12/24 [g=12, 209 evaluated, 208 expanded, t=2369.34s]
Best heuristic value: 12/21 [g=14, 232 evaluated, 231 expanded, t=2370.12s]
Best heuristic value: 12/20 [g=14, 264 evaluated, 263 expanded, t=2371.21s]
Best heuristic value: 12/19 [g=17, 284 evaluated, 283 expanded, t=2371.9s]
Best heuristic value: 11/19 [g=19, 410 evaluated, 409 expanded, t=2376.25s]
Best heuristic value: 10/19 [g=20, 411 evaluated, 410 expanded, t=2376.28s]
Best heuristic value: 10/18 [g=20, 413 evaluated, 412 expanded, t=2376.34s]
Best heuristic value: 9/18 [g=21, 414 evaluated, 413 expanded, t=2376.37s]
Best heuristic value: 9/16 [g=26, 514 evaluated, 513 expanded, 3 reopened, t=2379.67s]
Best heuristic value: 7/15 [g=29, 524 evaluated, 523 expanded, 3 reopened, t=2380.05s]
Best heuristic value: 7/14 [g=30, 526 evaluated, 525 expanded, 3 reopened, t=2380.13s]
Best heuristic value: 7/13 [g=31, 527 evaluated, 526 expanded, 3 reopened, t=2380.18s]
Best heuristic value: 6/12 [g=32, 532 evaluated, 531 expanded, 3 reopened, t=2380.37s]
Best heuristic value: 6/11 [g=36, 1061 evaluated, 1060 expanded, 37 reopened, t=2399.41s]
Best heuristic value: 6/10 [g=41, 1151 evaluated, 1150 expanded, 37 reopened, t=2402.55s]
Best heuristic value: 5/10 [g=42, 1182 evaluated, 1181 expanded, 37 reopened, t=2403.63s]
Switch from bucket-based to heap-based queue at key = 1437, num_pushes = 1412
Best heuristic value: 4/10 [g=39, 4576 evaluated, 4567 expanded, 81 reopened, t=2528.84s]
Best heuristic value: 3/10 [g=43, 4582 evaluated, 4573 expanded, 81 reopened, t=2529.05s]
Best heuristic value: 3/9 [g=44, 7848 evaluated, 7835 expanded, 170 reopened, t=2649.17s]
Best heuristic value: 3/8 [g=47, 7872 evaluated, 7859 expanded, 170 reopened, t=2650.04s]
Best heuristic value: 3/7 [g=48, 7911 evaluated, 7898 expanded, 170 reopened, t=2651.46s]
Best heuristic value: 3/5 [g=44, 21868 evaluated, 21813 expanded, 354 reopened, t=3155.84s]
Best heuristic value: 3/4 [g=45, 21870 evaluated, 21815 expanded, 354 reopened, t=3155.9s]
Best heuristic value: 3/3 [g=46, 21871 evaluated, 21816 expanded, 354 reopened, t=3155.93s]
Best heuristic value: 2/2 [g=47, 21872 evaluated, 21817 expanded, 354 reopened, t=3155.95s]
Best heuristic value: 1/1 [g=48, 21873 evaluated, 21818 expanded, 354 reopened, t=3155.98s]
Solution found!
Actual search time: 794.39s [t=3156.06s]
unpark pr2 xrel0 yrel0 (1)
base-right pr2 x0 x1 y0 (1)
base-right pr2 x1 x2 y0 (1)
base-down pr2 x2 y0 y1 (1)
base-down pr2 x2 y1 y2 (1)
base-right pr2 x2 x3 y2 (1)
base-down pr2 x3 y2 y3 (1)
base-right pr2 x3 x4 y3 (1)
park pr2 (1)
get-up pr2 x4 y3 xrel0 x4 yrel0 y3 object2 y2 (1)
unpark pr2 xrel0 yrel0 (1)
base-right pr2 x4 x5 y3 (1)
base-right pr2 x5 x6 y3 (1)
base-down pr2 x6 y3 y4 (1)
base-down pr2 x6 y4 y5 (1)
base-left pr2 x6 x5 y5 (1)
park pr2 (1)
put-left pr2 x5 y5 xrel0 x5 yrel0 y5 object2 x4 (1)
finish-object object2 x4 y5 (1)
unpark pr2 xrel0 yrel0 (1)
base-left pr2 x5 x4 y5 (1)
park pr2 (1)
gripper-left pr2 x4 y5 xrel0 xrel-1 x4 x3 yrel0 y5 (1)
get-down pr2 x4 y5 xrel-1 x3 yrel0 y5 object0 y6 (1)
gripper-right pr2 x4 y5 xrel-1 xrel0 x3 x4 yrel0 y5 (1)
put-left pr2 x4 y5 xrel0 x4 yrel0 y5 object0 x3 (1)
finish-object object0 x3 y5 (1)
unpark pr2 xrel0 yrel0 (1)
base-right pr2 x4 x5 y5 (1)
base-down pr2 x5 y5 y6 (1)
park pr2 (1)
gripper-right pr2 x5 y6 xrel0 xrel1 x5 x6 yrel0 y6 (1)
get-right pr2 x5 y6 xrel1 x6 yrel0 y6 object1 x7 (1)
gripper-left pr2 x5 y6 xrel1 xrel0 x6 x5 yrel0 y6 (1)
gripper-left pr2 x5 y6 xrel0 xrel-1 x5 x4 yrel0 y6 (1)
put-left pr2 x5 y6 xrel-1 x4 yrel0 y6 object1 x3 (1)
finish-object object1 x3 y6 (1)
gripper-right pr2 x5 y6 xrel-1 xrel0 x4 x5 yrel0 y6 (1)
unpark pr2 xrel0 yrel0 (1)
base-right pr2 x5 x6 y6 (1)
base-up pr2 x6 y6 y5 (1)
base-up pr2 x6 y5 y4 (1)
base-up pr2 x6 y4 y3 (1)
park pr2 (1)
gripper-up pr2 x6 y3 xrel0 x6 yrel0 yrel-1 y3 y2 (1)
gripper-left pr2 x6 y3 xrel0 xrel-1 x6 x5 yrel-1 y2 (1)
get-up pr2 x6 y3 xrel-1 x5 yrel-1 y2 object3 y1 (1)
put-left pr2 x6 y3 xrel-1 x5 yrel-1 y2 object3 x4 (1)
finish-object object3 x4 y2 (1)
Plan length: 49 step(s).
Plan cost: 49
Initial state h value: 12/31.
Expanded 21820 state(s).
Reopened 354 state(s).
Evaluated 21875 state(s).
Evaluations: 43750
Generated 78346 state(s).
Dead ends: 54 state(s).
Best solution cost so far: 49
Solution found - keep searching
Starting search: lazy_wastar(list(hff, hlm), preferred = list(hff, hlm), w = 1)
Conducting lazy best first search, (real) bound = 49
Best heuristic value: 12/33 [g=0, 1 evaluated, 0 expanded, t=3156.1s]
Best heuristic value: 12/31 [g=3, 8 evaluated, 7 expanded, t=3156.39s]
Best heuristic value: 12/30 [g=4, 13 evaluated, 12 expanded, t=3156.59s]
Best heuristic value: 12/27 [g=5, 14 evaluated, 13 expanded, t=3156.62s]
Best heuristic value: 12/26 [g=6, 24 evaluated, 23 expanded, t=3157s]
Best heuristic value: 12/25 [g=9, 121 evaluated, 120 expanded, t=3160.63s]
Best heuristic value: 12/24 [g=12, 184 evaluated, 183 expanded, 1 reopened, t=3162.97s]
Best heuristic value: 12/21 [g=13, 330 evaluated, 329 expanded, 1 reopened, t=3168.29s]
Best heuristic value: 12/20 [g=14, 506 evaluated, 505 expanded, 1 reopened, t=3174.77s]
Best heuristic value: 12/19 [g=18, 524 evaluated, 523 expanded, 1 reopened, t=3175.35s]
Best heuristic value: 10/19 [g=13, 726 evaluated, 725 expanded, 2 reopened, t=3182.64s]
Best heuristic value: 9/19 [g=14, 1153 evaluated, 1152 expanded, 2 reopened, t=3198.26s]
Best heuristic value: 9/18 [g=19, 1300 evaluated, 1299 expanded, 2 reopened, t=3203.52s]
Best heuristic value: 9/17 [g=20, 1304 evaluated, 1303 expanded, 2 reopened, t=3203.64s]
Best heuristic value: 9/16 [g=23, 1406 evaluated, 1405 expanded, 2 reopened, t=3207.34s]
Best heuristic value: 8/16 [g=24, 3500 evaluated, 3499 expanded, 7 reopened, t=3283.71s]
Best heuristic value: 7/16 [g=24, 4795 evaluated, 4794 expanded, 9 reopened, t=3330.61s]
Best heuristic value: 6/16 [g=26, 7927 evaluated, 7924 expanded, 12 reopened, t=3442.62s]
Best heuristic value: 6/15 [g=26, 15336 evaluated, 15324 expanded, 258 reopened, t=3705.93s]
Best heuristic value: 6/14 [g=27, 15340 evaluated, 15328 expanded, 258 reopened, t=3706.09s]
Best heuristic value: 6/13 [g=28, 15343 evaluated, 15331 expanded, 258 reopened, t=3706.21s]
Best heuristic value: 6/12 [g=30, 17043 evaluated, 17031 expanded, 270 reopened, t=3768.65s]
Best heuristic value: 6/11 [g=34, 293693 evaluated, 293254 expanded, 4329 reopened, t=12174.7s]
Best heuristic value: 5/11 [g=33, 333775 evaluated, 333202 expanded, 4856 reopened, t=13170.3s]
Best heuristic value: 4/11 [g=34, 333780 evaluated, 333207 expanded, 4856 reopened, t=13170.4s]
Best heuristic value: 3/11 [g=35, 335277 evaluated, 334704 expanded, 4856 reopened, t=13208.1s]
Best heuristic value: 3/10 [g=35, 580171 evaluated, 578939 expanded, 7772 reopened, t=18275.6s]
Best heuristic value: 3/9 [g=34, 580724 evaluated, 579484 expanded, 7794 reopened, t=18285.9s]
Best heuristic value: 3/8 [g=35, 580728 evaluated, 579488 expanded, 7794 reopened, t=18286s]
Best heuristic value: 3/7 [g=36, 580736 evaluated, 579496 expanded, 7794 reopened, t=18286.2s]
Best heuristic value: 3/6 [g=37, 580751 evaluated, 579511 expanded, 7794 reopened, t=18286.5s]
Best heuristic value: 2/5 [g=42, 635668 evaluated, 634288 expanded, 8333 reopened, t=19360.8s]
Best heuristic value: 2/4 [g=43, 656773 evaluated, 655352 expanded, 8623 reopened, t=19774.8s]
../../downward/src/search/downward: line 184: 13424 Killed                  "$PLANNER" --heuristic "hlm,hff=lm_ff_syn(lm_rhw(
                    reasonable_orders=true,lm_cost_type=2,cost_type=2))" --search "iterated([
                    lazy_greedy([hff,hlm],preferred=[hff,hlm]),
                    lazy_wastar([hff,hlm],preferred=[hff,hlm],w=5),
                    lazy_wastar([hff,hlm],preferred=[hff,hlm],w=3),
                    lazy_wastar([hff,hlm],preferred=[hff,hlm],w=2),
                    lazy_wastar([hff,hlm],preferred=[hff,hlm],w=1)],
                    repeat_last=true,continue_on_fail=true)" "$@" < $TEMPFILE
